[2025-10-06T00:20:23.896+0000] {processor.py:186} INFO - Started process (PID=350) to work on /opt/airflow/dags/hw5.py
[2025-10-06T00:20:23.921+0000] {processor.py:914} INFO - Processing file /opt/airflow/dags/hw5.py for tasks to queue
[2025-10-06T00:20:24.003+0000] {logging_mixin.py:190} INFO - [2025-10-06T00:20:23.996+0000] {dagbag.py:587} INFO - Filling up the DagBag from /opt/airflow/dags/hw5.py
[2025-10-06T00:20:24.185+0000] {processor.py:925} INFO - DAG(s) 'stock_prices_dag_etl' retrieved from /opt/airflow/dags/hw5.py
[2025-10-06T00:20:25.580+0000] {logging_mixin.py:190} INFO - [2025-10-06T00:20:25.578+0000] {dag.py:3229} INFO - Sync 1 DAGs
[2025-10-06T00:20:25.812+0000] {logging_mixin.py:190} INFO - [2025-10-06T00:20:25.811+0000] {dag.py:4156} INFO - Setting next_dagrun for stock_prices_dag_etl to None, run_after=None
[2025-10-06T00:20:25.995+0000] {processor.py:208} INFO - Processing /opt/airflow/dags/hw5.py took 2.351 seconds
[2025-10-06T00:20:56.634+0000] {processor.py:186} INFO - Started process (PID=369) to work on /opt/airflow/dags/hw5.py
[2025-10-06T00:20:56.647+0000] {processor.py:914} INFO - Processing file /opt/airflow/dags/hw5.py for tasks to queue
[2025-10-06T00:20:56.660+0000] {logging_mixin.py:190} INFO - [2025-10-06T00:20:56.658+0000] {dagbag.py:587} INFO - Filling up the DagBag from /opt/airflow/dags/hw5.py
[2025-10-06T00:20:56.746+0000] {processor.py:925} INFO - DAG(s) 'stock_prices_dag_etl' retrieved from /opt/airflow/dags/hw5.py
[2025-10-06T00:20:56.936+0000] {logging_mixin.py:190} INFO - [2025-10-06T00:20:56.935+0000] {dag.py:3229} INFO - Sync 1 DAGs
[2025-10-06T00:20:57.047+0000] {logging_mixin.py:190} INFO - [2025-10-06T00:20:57.046+0000] {dag.py:4156} INFO - Setting next_dagrun for stock_prices_dag_etl to None, run_after=None
[2025-10-06T00:20:57.104+0000] {processor.py:208} INFO - Processing /opt/airflow/dags/hw5.py took 0.693 seconds
[2025-10-06T00:21:27.287+0000] {processor.py:186} INFO - Started process (PID=390) to work on /opt/airflow/dags/hw5.py
[2025-10-06T00:21:27.289+0000] {processor.py:914} INFO - Processing file /opt/airflow/dags/hw5.py for tasks to queue
[2025-10-06T00:21:27.299+0000] {logging_mixin.py:190} INFO - [2025-10-06T00:21:27.297+0000] {dagbag.py:587} INFO - Filling up the DagBag from /opt/airflow/dags/hw5.py
[2025-10-06T00:21:27.330+0000] {processor.py:925} INFO - DAG(s) 'stock_prices_dag_etl' retrieved from /opt/airflow/dags/hw5.py
[2025-10-06T00:21:27.683+0000] {logging_mixin.py:190} INFO - [2025-10-06T00:21:27.677+0000] {dag.py:3229} INFO - Sync 1 DAGs
[2025-10-06T00:21:28.046+0000] {logging_mixin.py:190} INFO - [2025-10-06T00:21:28.046+0000] {dag.py:4156} INFO - Setting next_dagrun for stock_prices_dag_etl to None, run_after=None
[2025-10-06T00:21:28.177+0000] {processor.py:208} INFO - Processing /opt/airflow/dags/hw5.py took 0.906 seconds
[2025-10-06T00:21:58.539+0000] {processor.py:186} INFO - Started process (PID=401) to work on /opt/airflow/dags/hw5.py
[2025-10-06T00:21:58.542+0000] {processor.py:914} INFO - Processing file /opt/airflow/dags/hw5.py for tasks to queue
[2025-10-06T00:21:58.548+0000] {logging_mixin.py:190} INFO - [2025-10-06T00:21:58.547+0000] {dagbag.py:587} INFO - Filling up the DagBag from /opt/airflow/dags/hw5.py
[2025-10-06T00:21:58.568+0000] {processor.py:925} INFO - DAG(s) 'stock_prices_dag_etl' retrieved from /opt/airflow/dags/hw5.py
[2025-10-06T00:21:58.674+0000] {logging_mixin.py:190} INFO - [2025-10-06T00:21:58.673+0000] {dag.py:3229} INFO - Sync 1 DAGs
[2025-10-06T00:21:58.757+0000] {logging_mixin.py:190} INFO - [2025-10-06T00:21:58.756+0000] {dag.py:4156} INFO - Setting next_dagrun for stock_prices_dag_etl to None, run_after=None
[2025-10-06T00:21:58.788+0000] {processor.py:208} INFO - Processing /opt/airflow/dags/hw5.py took 0.261 seconds
[2025-10-06T00:22:29.183+0000] {processor.py:186} INFO - Started process (PID=413) to work on /opt/airflow/dags/hw5.py
[2025-10-06T00:22:29.205+0000] {processor.py:914} INFO - Processing file /opt/airflow/dags/hw5.py for tasks to queue
[2025-10-06T00:22:29.210+0000] {logging_mixin.py:190} INFO - [2025-10-06T00:22:29.209+0000] {dagbag.py:587} INFO - Filling up the DagBag from /opt/airflow/dags/hw5.py
[2025-10-06T00:22:29.229+0000] {processor.py:925} INFO - DAG(s) 'stock_prices_dag_etl' retrieved from /opt/airflow/dags/hw5.py
[2025-10-06T00:22:29.344+0000] {logging_mixin.py:190} INFO - [2025-10-06T00:22:29.339+0000] {dag.py:3229} INFO - Sync 1 DAGs
[2025-10-06T00:22:30.015+0000] {logging_mixin.py:190} INFO - [2025-10-06T00:22:30.014+0000] {dag.py:4156} INFO - Setting next_dagrun for stock_prices_dag_etl to None, run_after=None
[2025-10-06T00:22:30.212+0000] {processor.py:208} INFO - Processing /opt/airflow/dags/hw5.py took 1.260 seconds
[2025-10-06T00:23:01.052+0000] {processor.py:186} INFO - Started process (PID=424) to work on /opt/airflow/dags/hw5.py
[2025-10-06T00:23:01.055+0000] {processor.py:914} INFO - Processing file /opt/airflow/dags/hw5.py for tasks to queue
[2025-10-06T00:23:01.060+0000] {logging_mixin.py:190} INFO - [2025-10-06T00:23:01.060+0000] {dagbag.py:587} INFO - Filling up the DagBag from /opt/airflow/dags/hw5.py
[2025-10-06T00:23:01.084+0000] {processor.py:925} INFO - DAG(s) 'stock_prices_dag_etl' retrieved from /opt/airflow/dags/hw5.py
[2025-10-06T00:23:01.213+0000] {logging_mixin.py:190} INFO - [2025-10-06T00:23:01.210+0000] {dag.py:3229} INFO - Sync 1 DAGs
[2025-10-06T00:23:01.543+0000] {logging_mixin.py:190} INFO - [2025-10-06T00:23:01.542+0000] {dag.py:4156} INFO - Setting next_dagrun for stock_prices_dag_etl to None, run_after=None
[2025-10-06T00:23:01.699+0000] {processor.py:208} INFO - Processing /opt/airflow/dags/hw5.py took 0.657 seconds
[2025-10-06T00:23:32.361+0000] {processor.py:186} INFO - Started process (PID=435) to work on /opt/airflow/dags/hw5.py
[2025-10-06T00:23:32.378+0000] {processor.py:914} INFO - Processing file /opt/airflow/dags/hw5.py for tasks to queue
[2025-10-06T00:23:32.430+0000] {logging_mixin.py:190} INFO - [2025-10-06T00:23:32.429+0000] {dagbag.py:587} INFO - Filling up the DagBag from /opt/airflow/dags/hw5.py
[2025-10-06T00:23:32.451+0000] {processor.py:925} INFO - DAG(s) 'stock_prices_dag_etl' retrieved from /opt/airflow/dags/hw5.py
[2025-10-06T00:23:32.584+0000] {logging_mixin.py:190} INFO - [2025-10-06T00:23:32.583+0000] {dag.py:3229} INFO - Sync 1 DAGs
[2025-10-06T00:23:32.667+0000] {logging_mixin.py:190} INFO - [2025-10-06T00:23:32.667+0000] {dag.py:4156} INFO - Setting next_dagrun for stock_prices_dag_etl to None, run_after=None
[2025-10-06T00:23:32.726+0000] {processor.py:208} INFO - Processing /opt/airflow/dags/hw5.py took 0.380 seconds
[2025-10-06T00:24:03.582+0000] {processor.py:186} INFO - Started process (PID=447) to work on /opt/airflow/dags/hw5.py
[2025-10-06T00:24:03.613+0000] {processor.py:914} INFO - Processing file /opt/airflow/dags/hw5.py for tasks to queue
[2025-10-06T00:24:03.619+0000] {logging_mixin.py:190} INFO - [2025-10-06T00:24:03.618+0000] {dagbag.py:587} INFO - Filling up the DagBag from /opt/airflow/dags/hw5.py
[2025-10-06T00:24:03.639+0000] {processor.py:925} INFO - DAG(s) 'stock_prices_dag_etl' retrieved from /opt/airflow/dags/hw5.py
[2025-10-06T00:24:03.849+0000] {logging_mixin.py:190} INFO - [2025-10-06T00:24:03.846+0000] {dag.py:3229} INFO - Sync 1 DAGs
[2025-10-06T00:24:04.181+0000] {logging_mixin.py:190} INFO - [2025-10-06T00:24:04.180+0000] {dag.py:4156} INFO - Setting next_dagrun for stock_prices_dag_etl to None, run_after=None
[2025-10-06T00:24:04.299+0000] {processor.py:208} INFO - Processing /opt/airflow/dags/hw5.py took 0.973 seconds
[2025-10-06T00:24:34.771+0000] {processor.py:186} INFO - Started process (PID=464) to work on /opt/airflow/dags/hw5.py
[2025-10-06T00:24:34.793+0000] {processor.py:914} INFO - Processing file /opt/airflow/dags/hw5.py for tasks to queue
[2025-10-06T00:24:34.798+0000] {logging_mixin.py:190} INFO - [2025-10-06T00:24:34.798+0000] {dagbag.py:587} INFO - Filling up the DagBag from /opt/airflow/dags/hw5.py
[2025-10-06T00:24:34.816+0000] {processor.py:925} INFO - DAG(s) 'stock_prices_dag_etl' retrieved from /opt/airflow/dags/hw5.py
[2025-10-06T00:24:34.948+0000] {logging_mixin.py:190} INFO - [2025-10-06T00:24:34.947+0000] {dag.py:3229} INFO - Sync 1 DAGs
[2025-10-06T00:24:35.032+0000] {logging_mixin.py:190} INFO - [2025-10-06T00:24:35.032+0000] {dag.py:4156} INFO - Setting next_dagrun for stock_prices_dag_etl to None, run_after=None
[2025-10-06T00:24:35.070+0000] {processor.py:208} INFO - Processing /opt/airflow/dags/hw5.py took 0.432 seconds
[2025-10-06T00:25:05.534+0000] {processor.py:186} INFO - Started process (PID=475) to work on /opt/airflow/dags/hw5.py
[2025-10-06T00:25:05.537+0000] {processor.py:914} INFO - Processing file /opt/airflow/dags/hw5.py for tasks to queue
[2025-10-06T00:25:05.546+0000] {logging_mixin.py:190} INFO - [2025-10-06T00:25:05.545+0000] {dagbag.py:587} INFO - Filling up the DagBag from /opt/airflow/dags/hw5.py
[2025-10-06T00:25:05.580+0000] {processor.py:925} INFO - DAG(s) 'stock_prices_dag_etl' retrieved from /opt/airflow/dags/hw5.py
[2025-10-06T00:25:05.660+0000] {logging_mixin.py:190} INFO - [2025-10-06T00:25:05.659+0000] {dag.py:3229} INFO - Sync 1 DAGs
[2025-10-06T00:25:05.725+0000] {logging_mixin.py:190} INFO - [2025-10-06T00:25:05.724+0000] {dag.py:4156} INFO - Setting next_dagrun for stock_prices_dag_etl to None, run_after=None
[2025-10-06T00:25:05.844+0000] {processor.py:208} INFO - Processing /opt/airflow/dags/hw5.py took 0.330 seconds
[2025-10-06T00:25:36.408+0000] {processor.py:186} INFO - Started process (PID=486) to work on /opt/airflow/dags/hw5.py
[2025-10-06T00:25:36.410+0000] {processor.py:914} INFO - Processing file /opt/airflow/dags/hw5.py for tasks to queue
[2025-10-06T00:25:36.414+0000] {logging_mixin.py:190} INFO - [2025-10-06T00:25:36.414+0000] {dagbag.py:587} INFO - Filling up the DagBag from /opt/airflow/dags/hw5.py
[2025-10-06T00:25:36.431+0000] {processor.py:925} INFO - DAG(s) 'stock_prices_dag_etl' retrieved from /opt/airflow/dags/hw5.py
[2025-10-06T00:25:36.482+0000] {logging_mixin.py:190} INFO - [2025-10-06T00:25:36.481+0000] {dag.py:3229} INFO - Sync 1 DAGs
[2025-10-06T00:25:36.521+0000] {logging_mixin.py:190} INFO - [2025-10-06T00:25:36.521+0000] {dag.py:4156} INFO - Setting next_dagrun for stock_prices_dag_etl to None, run_after=None
[2025-10-06T00:25:36.556+0000] {processor.py:208} INFO - Processing /opt/airflow/dags/hw5.py took 0.159 seconds
[2025-10-06T00:26:06.812+0000] {processor.py:186} INFO - Started process (PID=497) to work on /opt/airflow/dags/hw5.py
[2025-10-06T00:26:06.814+0000] {processor.py:914} INFO - Processing file /opt/airflow/dags/hw5.py for tasks to queue
[2025-10-06T00:26:06.818+0000] {logging_mixin.py:190} INFO - [2025-10-06T00:26:06.817+0000] {dagbag.py:587} INFO - Filling up the DagBag from /opt/airflow/dags/hw5.py
[2025-10-06T00:26:06.840+0000] {processor.py:925} INFO - DAG(s) 'stock_prices_dag_etl' retrieved from /opt/airflow/dags/hw5.py
[2025-10-06T00:26:06.891+0000] {logging_mixin.py:190} INFO - [2025-10-06T00:26:06.890+0000] {dag.py:3229} INFO - Sync 1 DAGs
[2025-10-06T00:26:06.931+0000] {logging_mixin.py:190} INFO - [2025-10-06T00:26:06.931+0000] {dag.py:4156} INFO - Setting next_dagrun for stock_prices_dag_etl to None, run_after=None
[2025-10-06T00:26:06.961+0000] {processor.py:208} INFO - Processing /opt/airflow/dags/hw5.py took 0.159 seconds
[2025-10-06T00:26:37.563+0000] {processor.py:186} INFO - Started process (PID=508) to work on /opt/airflow/dags/hw5.py
[2025-10-06T00:26:37.567+0000] {processor.py:914} INFO - Processing file /opt/airflow/dags/hw5.py for tasks to queue
[2025-10-06T00:26:37.574+0000] {logging_mixin.py:190} INFO - [2025-10-06T00:26:37.573+0000] {dagbag.py:587} INFO - Filling up the DagBag from /opt/airflow/dags/hw5.py
[2025-10-06T00:26:37.608+0000] {processor.py:925} INFO - DAG(s) 'stock_prices_dag_etl' retrieved from /opt/airflow/dags/hw5.py
[2025-10-06T00:26:37.713+0000] {logging_mixin.py:190} INFO - [2025-10-06T00:26:37.705+0000] {dag.py:3229} INFO - Sync 1 DAGs
[2025-10-06T00:26:37.804+0000] {logging_mixin.py:190} INFO - [2025-10-06T00:26:37.804+0000] {dag.py:4156} INFO - Setting next_dagrun for stock_prices_dag_etl to None, run_after=None
[2025-10-06T00:26:37.859+0000] {processor.py:208} INFO - Processing /opt/airflow/dags/hw5.py took 0.319 seconds
[2025-10-06T00:27:08.267+0000] {processor.py:186} INFO - Started process (PID=519) to work on /opt/airflow/dags/hw5.py
[2025-10-06T00:27:08.303+0000] {processor.py:914} INFO - Processing file /opt/airflow/dags/hw5.py for tasks to queue
[2025-10-06T00:27:08.312+0000] {logging_mixin.py:190} INFO - [2025-10-06T00:27:08.311+0000] {dagbag.py:587} INFO - Filling up the DagBag from /opt/airflow/dags/hw5.py
[2025-10-06T00:27:08.333+0000] {processor.py:925} INFO - DAG(s) 'stock_prices_dag_etl' retrieved from /opt/airflow/dags/hw5.py
[2025-10-06T00:27:08.540+0000] {logging_mixin.py:190} INFO - [2025-10-06T00:27:08.539+0000] {dag.py:3229} INFO - Sync 1 DAGs
[2025-10-06T00:27:08.626+0000] {logging_mixin.py:190} INFO - [2025-10-06T00:27:08.626+0000] {dag.py:4156} INFO - Setting next_dagrun for stock_prices_dag_etl to None, run_after=None
[2025-10-06T00:27:08.662+0000] {processor.py:208} INFO - Processing /opt/airflow/dags/hw5.py took 0.680 seconds
[2025-10-06T00:27:39.053+0000] {processor.py:186} INFO - Started process (PID=530) to work on /opt/airflow/dags/hw5.py
[2025-10-06T00:27:39.055+0000] {processor.py:914} INFO - Processing file /opt/airflow/dags/hw5.py for tasks to queue
[2025-10-06T00:27:39.059+0000] {logging_mixin.py:190} INFO - [2025-10-06T00:27:39.059+0000] {dagbag.py:587} INFO - Filling up the DagBag from /opt/airflow/dags/hw5.py
[2025-10-06T00:27:39.076+0000] {processor.py:925} INFO - DAG(s) 'stock_prices_dag_etl' retrieved from /opt/airflow/dags/hw5.py
[2025-10-06T00:27:39.121+0000] {logging_mixin.py:190} INFO - [2025-10-06T00:27:39.120+0000] {dag.py:3229} INFO - Sync 1 DAGs
[2025-10-06T00:27:39.159+0000] {logging_mixin.py:190} INFO - [2025-10-06T00:27:39.158+0000] {dag.py:4156} INFO - Setting next_dagrun for stock_prices_dag_etl to None, run_after=None
[2025-10-06T00:27:39.187+0000] {processor.py:208} INFO - Processing /opt/airflow/dags/hw5.py took 0.143 seconds
[2025-10-06T00:28:09.662+0000] {processor.py:186} INFO - Started process (PID=541) to work on /opt/airflow/dags/hw5.py
[2025-10-06T00:28:09.679+0000] {processor.py:914} INFO - Processing file /opt/airflow/dags/hw5.py for tasks to queue
[2025-10-06T00:28:09.701+0000] {logging_mixin.py:190} INFO - [2025-10-06T00:28:09.697+0000] {dagbag.py:587} INFO - Filling up the DagBag from /opt/airflow/dags/hw5.py
[2025-10-06T00:28:09.881+0000] {processor.py:925} INFO - DAG(s) 'stock_prices_dag_etl' retrieved from /opt/airflow/dags/hw5.py
[2025-10-06T00:28:10.138+0000] {logging_mixin.py:190} INFO - [2025-10-06T00:28:10.136+0000] {dag.py:3229} INFO - Sync 1 DAGs
[2025-10-06T00:28:10.238+0000] {logging_mixin.py:190} INFO - [2025-10-06T00:28:10.237+0000] {dag.py:4156} INFO - Setting next_dagrun for stock_prices_dag_etl to None, run_after=None
[2025-10-06T00:28:10.295+0000] {processor.py:208} INFO - Processing /opt/airflow/dags/hw5.py took 0.655 seconds
[2025-10-06T00:28:40.762+0000] {processor.py:186} INFO - Started process (PID=552) to work on /opt/airflow/dags/hw5.py
[2025-10-06T00:28:40.763+0000] {processor.py:914} INFO - Processing file /opt/airflow/dags/hw5.py for tasks to queue
[2025-10-06T00:28:40.767+0000] {logging_mixin.py:190} INFO - [2025-10-06T00:28:40.767+0000] {dagbag.py:587} INFO - Filling up the DagBag from /opt/airflow/dags/hw5.py
[2025-10-06T00:28:40.784+0000] {processor.py:925} INFO - DAG(s) 'stock_prices_dag_etl' retrieved from /opt/airflow/dags/hw5.py
[2025-10-06T00:28:40.832+0000] {logging_mixin.py:190} INFO - [2025-10-06T00:28:40.831+0000] {dag.py:3229} INFO - Sync 1 DAGs
[2025-10-06T00:28:40.868+0000] {logging_mixin.py:190} INFO - [2025-10-06T00:28:40.867+0000] {dag.py:4156} INFO - Setting next_dagrun for stock_prices_dag_etl to None, run_after=None
[2025-10-06T00:28:40.897+0000] {processor.py:208} INFO - Processing /opt/airflow/dags/hw5.py took 0.146 seconds
[2025-10-06T00:29:11.187+0000] {processor.py:186} INFO - Started process (PID=563) to work on /opt/airflow/dags/hw5.py
[2025-10-06T00:29:11.189+0000] {processor.py:914} INFO - Processing file /opt/airflow/dags/hw5.py for tasks to queue
[2025-10-06T00:29:11.195+0000] {logging_mixin.py:190} INFO - [2025-10-06T00:29:11.194+0000] {dagbag.py:587} INFO - Filling up the DagBag from /opt/airflow/dags/hw5.py
[2025-10-06T00:29:11.222+0000] {processor.py:925} INFO - DAG(s) 'stock_prices_dag_etl' retrieved from /opt/airflow/dags/hw5.py
[2025-10-06T00:29:11.310+0000] {logging_mixin.py:190} INFO - [2025-10-06T00:29:11.309+0000] {dag.py:3229} INFO - Sync 1 DAGs
[2025-10-06T00:29:11.436+0000] {logging_mixin.py:190} INFO - [2025-10-06T00:29:11.435+0000] {dag.py:4156} INFO - Setting next_dagrun for stock_prices_dag_etl to None, run_after=None
[2025-10-06T00:29:11.547+0000] {processor.py:208} INFO - Processing /opt/airflow/dags/hw5.py took 0.375 seconds
[2025-10-06T00:29:41.743+0000] {processor.py:186} INFO - Started process (PID=574) to work on /opt/airflow/dags/hw5.py
[2025-10-06T00:29:41.746+0000] {processor.py:914} INFO - Processing file /opt/airflow/dags/hw5.py for tasks to queue
[2025-10-06T00:29:41.753+0000] {logging_mixin.py:190} INFO - [2025-10-06T00:29:41.752+0000] {dagbag.py:587} INFO - Filling up the DagBag from /opt/airflow/dags/hw5.py
[2025-10-06T00:29:41.787+0000] {processor.py:925} INFO - DAG(s) 'stock_prices_dag_etl' retrieved from /opt/airflow/dags/hw5.py
[2025-10-06T00:29:41.881+0000] {logging_mixin.py:190} INFO - [2025-10-06T00:29:41.880+0000] {dag.py:3229} INFO - Sync 1 DAGs
[2025-10-06T00:29:41.956+0000] {logging_mixin.py:190} INFO - [2025-10-06T00:29:41.956+0000] {dag.py:4156} INFO - Setting next_dagrun for stock_prices_dag_etl to None, run_after=None
[2025-10-06T00:29:42.004+0000] {processor.py:208} INFO - Processing /opt/airflow/dags/hw5.py took 0.281 seconds
[2025-10-06T00:30:12.561+0000] {processor.py:186} INFO - Started process (PID=585) to work on /opt/airflow/dags/hw5.py
[2025-10-06T00:30:12.565+0000] {processor.py:914} INFO - Processing file /opt/airflow/dags/hw5.py for tasks to queue
[2025-10-06T00:30:12.585+0000] {logging_mixin.py:190} INFO - [2025-10-06T00:30:12.582+0000] {dagbag.py:587} INFO - Filling up the DagBag from /opt/airflow/dags/hw5.py
[2025-10-06T00:30:12.609+0000] {processor.py:925} INFO - DAG(s) 'stock_prices_dag_etl' retrieved from /opt/airflow/dags/hw5.py
[2025-10-06T00:30:12.670+0000] {logging_mixin.py:190} INFO - [2025-10-06T00:30:12.669+0000] {dag.py:3229} INFO - Sync 1 DAGs
[2025-10-06T00:30:12.713+0000] {logging_mixin.py:190} INFO - [2025-10-06T00:30:12.713+0000] {dag.py:4156} INFO - Setting next_dagrun for stock_prices_dag_etl to None, run_after=None
[2025-10-06T00:30:12.750+0000] {processor.py:208} INFO - Processing /opt/airflow/dags/hw5.py took 0.213 seconds
[2025-10-06T00:30:42.872+0000] {processor.py:186} INFO - Started process (PID=596) to work on /opt/airflow/dags/hw5.py
[2025-10-06T00:30:42.874+0000] {processor.py:914} INFO - Processing file /opt/airflow/dags/hw5.py for tasks to queue
[2025-10-06T00:30:42.878+0000] {logging_mixin.py:190} INFO - [2025-10-06T00:30:42.877+0000] {dagbag.py:587} INFO - Filling up the DagBag from /opt/airflow/dags/hw5.py
[2025-10-06T00:30:42.894+0000] {processor.py:925} INFO - DAG(s) 'stock_prices_dag_etl' retrieved from /opt/airflow/dags/hw5.py
[2025-10-06T00:30:42.942+0000] {logging_mixin.py:190} INFO - [2025-10-06T00:30:42.941+0000] {dag.py:3229} INFO - Sync 1 DAGs
[2025-10-06T00:30:42.991+0000] {logging_mixin.py:190} INFO - [2025-10-06T00:30:42.991+0000] {dag.py:4156} INFO - Setting next_dagrun for stock_prices_dag_etl to None, run_after=None
[2025-10-06T00:30:43.046+0000] {processor.py:208} INFO - Processing /opt/airflow/dags/hw5.py took 0.183 seconds
[2025-10-06T00:31:13.369+0000] {processor.py:186} INFO - Started process (PID=607) to work on /opt/airflow/dags/hw5.py
[2025-10-06T00:31:13.370+0000] {processor.py:914} INFO - Processing file /opt/airflow/dags/hw5.py for tasks to queue
[2025-10-06T00:31:13.376+0000] {logging_mixin.py:190} INFO - [2025-10-06T00:31:13.376+0000] {dagbag.py:587} INFO - Filling up the DagBag from /opt/airflow/dags/hw5.py
[2025-10-06T00:31:13.397+0000] {processor.py:925} INFO - DAG(s) 'stock_prices_dag_etl' retrieved from /opt/airflow/dags/hw5.py
[2025-10-06T00:31:13.447+0000] {logging_mixin.py:190} INFO - [2025-10-06T00:31:13.446+0000] {dag.py:3229} INFO - Sync 1 DAGs
[2025-10-06T00:31:13.488+0000] {logging_mixin.py:190} INFO - [2025-10-06T00:31:13.488+0000] {dag.py:4156} INFO - Setting next_dagrun for stock_prices_dag_etl to None, run_after=None
[2025-10-06T00:31:13.522+0000] {processor.py:208} INFO - Processing /opt/airflow/dags/hw5.py took 0.163 seconds
[2025-10-06T00:31:43.884+0000] {processor.py:186} INFO - Started process (PID=618) to work on /opt/airflow/dags/hw5.py
[2025-10-06T00:31:43.886+0000] {processor.py:914} INFO - Processing file /opt/airflow/dags/hw5.py for tasks to queue
[2025-10-06T00:31:43.893+0000] {logging_mixin.py:190} INFO - [2025-10-06T00:31:43.892+0000] {dagbag.py:587} INFO - Filling up the DagBag from /opt/airflow/dags/hw5.py
[2025-10-06T00:31:43.923+0000] {processor.py:925} INFO - DAG(s) 'stock_prices_dag_etl' retrieved from /opt/airflow/dags/hw5.py
[2025-10-06T00:31:43.984+0000] {logging_mixin.py:190} INFO - [2025-10-06T00:31:43.982+0000] {dag.py:3229} INFO - Sync 1 DAGs
[2025-10-06T00:31:44.030+0000] {logging_mixin.py:190} INFO - [2025-10-06T00:31:44.029+0000] {dag.py:4156} INFO - Setting next_dagrun for stock_prices_dag_etl to None, run_after=None
[2025-10-06T00:31:44.062+0000] {processor.py:208} INFO - Processing /opt/airflow/dags/hw5.py took 0.201 seconds
[2025-10-06T00:32:14.509+0000] {processor.py:186} INFO - Started process (PID=629) to work on /opt/airflow/dags/hw5.py
[2025-10-06T00:32:14.513+0000] {processor.py:914} INFO - Processing file /opt/airflow/dags/hw5.py for tasks to queue
[2025-10-06T00:32:14.518+0000] {logging_mixin.py:190} INFO - [2025-10-06T00:32:14.517+0000] {dagbag.py:587} INFO - Filling up the DagBag from /opt/airflow/dags/hw5.py
[2025-10-06T00:32:14.540+0000] {processor.py:925} INFO - DAG(s) 'stock_prices_dag_etl' retrieved from /opt/airflow/dags/hw5.py
[2025-10-06T00:32:14.589+0000] {logging_mixin.py:190} INFO - [2025-10-06T00:32:14.588+0000] {dag.py:3229} INFO - Sync 1 DAGs
[2025-10-06T00:32:14.629+0000] {logging_mixin.py:190} INFO - [2025-10-06T00:32:14.629+0000] {dag.py:4156} INFO - Setting next_dagrun for stock_prices_dag_etl to None, run_after=None
[2025-10-06T00:32:14.671+0000] {processor.py:208} INFO - Processing /opt/airflow/dags/hw5.py took 0.176 seconds
[2025-10-06T00:32:44.928+0000] {processor.py:186} INFO - Started process (PID=640) to work on /opt/airflow/dags/hw5.py
[2025-10-06T00:32:44.930+0000] {processor.py:914} INFO - Processing file /opt/airflow/dags/hw5.py for tasks to queue
[2025-10-06T00:32:44.934+0000] {logging_mixin.py:190} INFO - [2025-10-06T00:32:44.933+0000] {dagbag.py:587} INFO - Filling up the DagBag from /opt/airflow/dags/hw5.py
[2025-10-06T00:32:44.952+0000] {processor.py:925} INFO - DAG(s) 'stock_prices_dag_etl' retrieved from /opt/airflow/dags/hw5.py
[2025-10-06T00:32:45.000+0000] {logging_mixin.py:190} INFO - [2025-10-06T00:32:44.999+0000] {dag.py:3229} INFO - Sync 1 DAGs
[2025-10-06T00:32:45.043+0000] {logging_mixin.py:190} INFO - [2025-10-06T00:32:45.043+0000] {dag.py:4156} INFO - Setting next_dagrun for stock_prices_dag_etl to None, run_after=None
[2025-10-06T00:32:45.076+0000] {processor.py:208} INFO - Processing /opt/airflow/dags/hw5.py took 0.163 seconds
[2025-10-06T00:33:15.542+0000] {processor.py:186} INFO - Started process (PID=651) to work on /opt/airflow/dags/hw5.py
[2025-10-06T00:33:15.548+0000] {processor.py:914} INFO - Processing file /opt/airflow/dags/hw5.py for tasks to queue
[2025-10-06T00:33:15.553+0000] {logging_mixin.py:190} INFO - [2025-10-06T00:33:15.553+0000] {dagbag.py:587} INFO - Filling up the DagBag from /opt/airflow/dags/hw5.py
[2025-10-06T00:33:15.574+0000] {processor.py:925} INFO - DAG(s) 'stock_prices_dag_etl' retrieved from /opt/airflow/dags/hw5.py
[2025-10-06T00:33:15.637+0000] {logging_mixin.py:190} INFO - [2025-10-06T00:33:15.636+0000] {dag.py:3229} INFO - Sync 1 DAGs
[2025-10-06T00:33:15.700+0000] {logging_mixin.py:190} INFO - [2025-10-06T00:33:15.699+0000] {dag.py:4156} INFO - Setting next_dagrun for stock_prices_dag_etl to None, run_after=None
[2025-10-06T00:33:15.738+0000] {processor.py:208} INFO - Processing /opt/airflow/dags/hw5.py took 0.216 seconds
[2025-10-06T00:33:45.953+0000] {processor.py:186} INFO - Started process (PID=662) to work on /opt/airflow/dags/hw5.py
[2025-10-06T00:33:45.955+0000] {processor.py:914} INFO - Processing file /opt/airflow/dags/hw5.py for tasks to queue
[2025-10-06T00:33:45.960+0000] {logging_mixin.py:190} INFO - [2025-10-06T00:33:45.960+0000] {dagbag.py:587} INFO - Filling up the DagBag from /opt/airflow/dags/hw5.py
[2025-10-06T00:33:45.979+0000] {processor.py:925} INFO - DAG(s) 'stock_prices_dag_etl' retrieved from /opt/airflow/dags/hw5.py
[2025-10-06T00:33:46.032+0000] {logging_mixin.py:190} INFO - [2025-10-06T00:33:46.031+0000] {dag.py:3229} INFO - Sync 1 DAGs
[2025-10-06T00:33:46.072+0000] {logging_mixin.py:190} INFO - [2025-10-06T00:33:46.072+0000] {dag.py:4156} INFO - Setting next_dagrun for stock_prices_dag_etl to None, run_after=None
[2025-10-06T00:33:46.108+0000] {processor.py:208} INFO - Processing /opt/airflow/dags/hw5.py took 0.166 seconds
[2025-10-06T00:34:16.403+0000] {processor.py:186} INFO - Started process (PID=674) to work on /opt/airflow/dags/hw5.py
[2025-10-06T00:34:16.408+0000] {processor.py:914} INFO - Processing file /opt/airflow/dags/hw5.py for tasks to queue
[2025-10-06T00:34:16.415+0000] {logging_mixin.py:190} INFO - [2025-10-06T00:34:16.414+0000] {dagbag.py:587} INFO - Filling up the DagBag from /opt/airflow/dags/hw5.py
[2025-10-06T00:34:16.449+0000] {processor.py:925} INFO - DAG(s) 'stock_prices_dag_etl' retrieved from /opt/airflow/dags/hw5.py
[2025-10-06T00:34:16.524+0000] {logging_mixin.py:190} INFO - [2025-10-06T00:34:16.523+0000] {dag.py:3229} INFO - Sync 1 DAGs
[2025-10-06T00:34:16.564+0000] {logging_mixin.py:190} INFO - [2025-10-06T00:34:16.563+0000] {dag.py:4156} INFO - Setting next_dagrun for stock_prices_dag_etl to None, run_after=None
[2025-10-06T00:34:16.593+0000] {processor.py:208} INFO - Processing /opt/airflow/dags/hw5.py took 0.211 seconds
[2025-10-06T00:34:46.875+0000] {processor.py:186} INFO - Started process (PID=685) to work on /opt/airflow/dags/hw5.py
[2025-10-06T00:34:46.877+0000] {processor.py:914} INFO - Processing file /opt/airflow/dags/hw5.py for tasks to queue
[2025-10-06T00:34:46.882+0000] {logging_mixin.py:190} INFO - [2025-10-06T00:34:46.881+0000] {dagbag.py:587} INFO - Filling up the DagBag from /opt/airflow/dags/hw5.py
[2025-10-06T00:34:46.905+0000] {processor.py:925} INFO - DAG(s) 'stock_prices_dag_etl' retrieved from /opt/airflow/dags/hw5.py
[2025-10-06T00:34:46.952+0000] {logging_mixin.py:190} INFO - [2025-10-06T00:34:46.951+0000] {dag.py:3229} INFO - Sync 1 DAGs
[2025-10-06T00:34:46.994+0000] {logging_mixin.py:190} INFO - [2025-10-06T00:34:46.994+0000] {dag.py:4156} INFO - Setting next_dagrun for stock_prices_dag_etl to None, run_after=None
[2025-10-06T00:34:47.023+0000] {processor.py:208} INFO - Processing /opt/airflow/dags/hw5.py took 0.160 seconds
[2025-10-06T00:35:17.587+0000] {processor.py:186} INFO - Started process (PID=696) to work on /opt/airflow/dags/hw5.py
[2025-10-06T00:35:17.590+0000] {processor.py:914} INFO - Processing file /opt/airflow/dags/hw5.py for tasks to queue
[2025-10-06T00:35:17.595+0000] {logging_mixin.py:190} INFO - [2025-10-06T00:35:17.594+0000] {dagbag.py:587} INFO - Filling up the DagBag from /opt/airflow/dags/hw5.py
[2025-10-06T00:35:17.620+0000] {processor.py:925} INFO - DAG(s) 'stock_prices_dag_etl' retrieved from /opt/airflow/dags/hw5.py
[2025-10-06T00:35:17.683+0000] {logging_mixin.py:190} INFO - [2025-10-06T00:35:17.682+0000] {dag.py:3229} INFO - Sync 1 DAGs
[2025-10-06T00:35:17.757+0000] {logging_mixin.py:190} INFO - [2025-10-06T00:35:17.756+0000] {dag.py:4156} INFO - Setting next_dagrun for stock_prices_dag_etl to None, run_after=None
[2025-10-06T00:35:17.825+0000] {processor.py:208} INFO - Processing /opt/airflow/dags/hw5.py took 0.263 seconds
[2025-10-06T00:35:48.002+0000] {processor.py:186} INFO - Started process (PID=707) to work on /opt/airflow/dags/hw5.py
[2025-10-06T00:35:48.004+0000] {processor.py:914} INFO - Processing file /opt/airflow/dags/hw5.py for tasks to queue
[2025-10-06T00:35:48.008+0000] {logging_mixin.py:190} INFO - [2025-10-06T00:35:48.008+0000] {dagbag.py:587} INFO - Filling up the DagBag from /opt/airflow/dags/hw5.py
[2025-10-06T00:35:48.024+0000] {processor.py:925} INFO - DAG(s) 'stock_prices_dag_etl' retrieved from /opt/airflow/dags/hw5.py
[2025-10-06T00:35:48.070+0000] {logging_mixin.py:190} INFO - [2025-10-06T00:35:48.069+0000] {dag.py:3229} INFO - Sync 1 DAGs
[2025-10-06T00:35:48.107+0000] {logging_mixin.py:190} INFO - [2025-10-06T00:35:48.107+0000] {dag.py:4156} INFO - Setting next_dagrun for stock_prices_dag_etl to None, run_after=None
[2025-10-06T00:35:48.137+0000] {processor.py:208} INFO - Processing /opt/airflow/dags/hw5.py took 0.146 seconds
[2025-10-06T00:36:18.373+0000] {processor.py:186} INFO - Started process (PID=717) to work on /opt/airflow/dags/hw5.py
[2025-10-06T00:36:18.374+0000] {processor.py:914} INFO - Processing file /opt/airflow/dags/hw5.py for tasks to queue
[2025-10-06T00:36:18.379+0000] {logging_mixin.py:190} INFO - [2025-10-06T00:36:18.378+0000] {dagbag.py:587} INFO - Filling up the DagBag from /opt/airflow/dags/hw5.py
[2025-10-06T00:36:18.395+0000] {processor.py:925} INFO - DAG(s) 'stock_prices_dag_etl' retrieved from /opt/airflow/dags/hw5.py
[2025-10-06T00:36:18.441+0000] {logging_mixin.py:190} INFO - [2025-10-06T00:36:18.439+0000] {dag.py:3229} INFO - Sync 1 DAGs
[2025-10-06T00:36:18.479+0000] {logging_mixin.py:190} INFO - [2025-10-06T00:36:18.479+0000] {dag.py:4156} INFO - Setting next_dagrun for stock_prices_dag_etl to None, run_after=None
[2025-10-06T00:36:18.508+0000] {processor.py:208} INFO - Processing /opt/airflow/dags/hw5.py took 0.145 seconds
[2025-10-06T00:36:48.860+0000] {processor.py:186} INFO - Started process (PID=728) to work on /opt/airflow/dags/hw5.py
[2025-10-06T00:36:48.862+0000] {processor.py:914} INFO - Processing file /opt/airflow/dags/hw5.py for tasks to queue
[2025-10-06T00:36:48.866+0000] {logging_mixin.py:190} INFO - [2025-10-06T00:36:48.866+0000] {dagbag.py:587} INFO - Filling up the DagBag from /opt/airflow/dags/hw5.py
[2025-10-06T00:36:48.882+0000] {processor.py:925} INFO - DAG(s) 'stock_prices_dag_etl' retrieved from /opt/airflow/dags/hw5.py
[2025-10-06T00:36:48.926+0000] {logging_mixin.py:190} INFO - [2025-10-06T00:36:48.925+0000] {dag.py:3229} INFO - Sync 1 DAGs
[2025-10-06T00:36:48.962+0000] {logging_mixin.py:190} INFO - [2025-10-06T00:36:48.962+0000] {dag.py:4156} INFO - Setting next_dagrun for stock_prices_dag_etl to None, run_after=None
[2025-10-06T00:36:48.992+0000] {processor.py:208} INFO - Processing /opt/airflow/dags/hw5.py took 0.141 seconds
[2025-10-06T00:37:19.258+0000] {processor.py:186} INFO - Started process (PID=739) to work on /opt/airflow/dags/hw5.py
[2025-10-06T00:37:19.260+0000] {processor.py:914} INFO - Processing file /opt/airflow/dags/hw5.py for tasks to queue
[2025-10-06T00:37:19.264+0000] {logging_mixin.py:190} INFO - [2025-10-06T00:37:19.263+0000] {dagbag.py:587} INFO - Filling up the DagBag from /opt/airflow/dags/hw5.py
[2025-10-06T00:37:19.280+0000] {processor.py:925} INFO - DAG(s) 'stock_prices_dag_etl' retrieved from /opt/airflow/dags/hw5.py
[2025-10-06T00:37:19.330+0000] {logging_mixin.py:190} INFO - [2025-10-06T00:37:19.329+0000] {dag.py:3229} INFO - Sync 1 DAGs
[2025-10-06T00:37:19.369+0000] {logging_mixin.py:190} INFO - [2025-10-06T00:37:19.369+0000] {dag.py:4156} INFO - Setting next_dagrun for stock_prices_dag_etl to None, run_after=None
[2025-10-06T00:37:19.400+0000] {processor.py:208} INFO - Processing /opt/airflow/dags/hw5.py took 0.152 seconds
[2025-10-06T00:37:49.724+0000] {processor.py:186} INFO - Started process (PID=750) to work on /opt/airflow/dags/hw5.py
[2025-10-06T00:37:49.725+0000] {processor.py:914} INFO - Processing file /opt/airflow/dags/hw5.py for tasks to queue
[2025-10-06T00:37:49.729+0000] {logging_mixin.py:190} INFO - [2025-10-06T00:37:49.729+0000] {dagbag.py:587} INFO - Filling up the DagBag from /opt/airflow/dags/hw5.py
[2025-10-06T00:37:49.749+0000] {processor.py:925} INFO - DAG(s) 'stock_prices_dag_etl' retrieved from /opt/airflow/dags/hw5.py
[2025-10-06T00:37:50.106+0000] {logging_mixin.py:190} INFO - [2025-10-06T00:37:50.104+0000] {dag.py:3229} INFO - Sync 1 DAGs
[2025-10-06T00:37:50.275+0000] {logging_mixin.py:190} INFO - [2025-10-06T00:37:50.274+0000] {dag.py:4156} INFO - Setting next_dagrun for stock_prices_dag_etl to None, run_after=None
[2025-10-06T00:37:50.315+0000] {processor.py:208} INFO - Processing /opt/airflow/dags/hw5.py took 0.601 seconds
[2025-10-06T00:38:20.754+0000] {processor.py:186} INFO - Started process (PID=761) to work on /opt/airflow/dags/hw5.py
[2025-10-06T00:38:20.761+0000] {processor.py:914} INFO - Processing file /opt/airflow/dags/hw5.py for tasks to queue
[2025-10-06T00:38:20.765+0000] {logging_mixin.py:190} INFO - [2025-10-06T00:38:20.764+0000] {dagbag.py:587} INFO - Filling up the DagBag from /opt/airflow/dags/hw5.py
[2025-10-06T00:38:20.785+0000] {processor.py:925} INFO - DAG(s) 'stock_prices_dag_etl' retrieved from /opt/airflow/dags/hw5.py
[2025-10-06T00:38:20.841+0000] {logging_mixin.py:190} INFO - [2025-10-06T00:38:20.840+0000] {dag.py:3229} INFO - Sync 1 DAGs
[2025-10-06T00:38:20.885+0000] {logging_mixin.py:190} INFO - [2025-10-06T00:38:20.885+0000] {dag.py:4156} INFO - Setting next_dagrun for stock_prices_dag_etl to None, run_after=None
[2025-10-06T00:38:20.923+0000] {processor.py:208} INFO - Processing /opt/airflow/dags/hw5.py took 0.182 seconds
[2025-10-06T00:38:51.144+0000] {processor.py:186} INFO - Started process (PID=772) to work on /opt/airflow/dags/hw5.py
[2025-10-06T00:38:51.145+0000] {processor.py:914} INFO - Processing file /opt/airflow/dags/hw5.py for tasks to queue
[2025-10-06T00:38:51.150+0000] {logging_mixin.py:190} INFO - [2025-10-06T00:38:51.149+0000] {dagbag.py:587} INFO - Filling up the DagBag from /opt/airflow/dags/hw5.py
[2025-10-06T00:38:51.167+0000] {processor.py:925} INFO - DAG(s) 'stock_prices_dag_etl' retrieved from /opt/airflow/dags/hw5.py
[2025-10-06T00:38:51.212+0000] {logging_mixin.py:190} INFO - [2025-10-06T00:38:51.211+0000] {dag.py:3229} INFO - Sync 1 DAGs
[2025-10-06T00:38:51.251+0000] {logging_mixin.py:190} INFO - [2025-10-06T00:38:51.251+0000] {dag.py:4156} INFO - Setting next_dagrun for stock_prices_dag_etl to None, run_after=None
[2025-10-06T00:38:51.282+0000] {processor.py:208} INFO - Processing /opt/airflow/dags/hw5.py took 0.149 seconds
[2025-10-06T00:39:22.142+0000] {processor.py:186} INFO - Started process (PID=783) to work on /opt/airflow/dags/hw5.py
[2025-10-06T00:39:22.175+0000] {processor.py:914} INFO - Processing file /opt/airflow/dags/hw5.py for tasks to queue
[2025-10-06T00:39:22.196+0000] {logging_mixin.py:190} INFO - [2025-10-06T00:39:22.193+0000] {dagbag.py:587} INFO - Filling up the DagBag from /opt/airflow/dags/hw5.py
[2025-10-06T00:39:22.298+0000] {processor.py:925} INFO - DAG(s) 'stock_prices_dag_etl' retrieved from /opt/airflow/dags/hw5.py
[2025-10-06T00:39:22.423+0000] {logging_mixin.py:190} INFO - [2025-10-06T00:39:22.421+0000] {dag.py:3229} INFO - Sync 1 DAGs
[2025-10-06T00:39:22.539+0000] {logging_mixin.py:190} INFO - [2025-10-06T00:39:22.538+0000] {dag.py:4156} INFO - Setting next_dagrun for stock_prices_dag_etl to None, run_after=None
[2025-10-06T00:39:22.598+0000] {processor.py:208} INFO - Processing /opt/airflow/dags/hw5.py took 0.741 seconds
[2025-10-06T00:39:53.798+0000] {processor.py:186} INFO - Started process (PID=794) to work on /opt/airflow/dags/hw5.py
[2025-10-06T00:39:53.824+0000] {processor.py:914} INFO - Processing file /opt/airflow/dags/hw5.py for tasks to queue
[2025-10-06T00:39:53.845+0000] {logging_mixin.py:190} INFO - [2025-10-06T00:39:53.844+0000] {dagbag.py:587} INFO - Filling up the DagBag from /opt/airflow/dags/hw5.py
[2025-10-06T00:39:54.016+0000] {processor.py:925} INFO - DAG(s) 'stock_prices_dag_etl' retrieved from /opt/airflow/dags/hw5.py
[2025-10-06T00:39:54.357+0000] {logging_mixin.py:190} INFO - [2025-10-06T00:39:54.354+0000] {dag.py:3229} INFO - Sync 1 DAGs
[2025-10-06T00:39:54.544+0000] {logging_mixin.py:190} INFO - [2025-10-06T00:39:54.542+0000] {dag.py:4156} INFO - Setting next_dagrun for stock_prices_dag_etl to None, run_after=None
[2025-10-06T00:39:54.629+0000] {processor.py:208} INFO - Processing /opt/airflow/dags/hw5.py took 0.891 seconds
[2025-10-06T00:40:25.284+0000] {processor.py:186} INFO - Started process (PID=805) to work on /opt/airflow/dags/hw5.py
[2025-10-06T00:40:25.287+0000] {processor.py:914} INFO - Processing file /opt/airflow/dags/hw5.py for tasks to queue
[2025-10-06T00:40:25.294+0000] {logging_mixin.py:190} INFO - [2025-10-06T00:40:25.293+0000] {dagbag.py:587} INFO - Filling up the DagBag from /opt/airflow/dags/hw5.py
[2025-10-06T00:40:25.321+0000] {processor.py:925} INFO - DAG(s) 'stock_prices_dag_etl' retrieved from /opt/airflow/dags/hw5.py
[2025-10-06T00:40:25.398+0000] {logging_mixin.py:190} INFO - [2025-10-06T00:40:25.398+0000] {dag.py:3229} INFO - Sync 1 DAGs
[2025-10-06T00:40:25.456+0000] {logging_mixin.py:190} INFO - [2025-10-06T00:40:25.456+0000] {dag.py:4156} INFO - Setting next_dagrun for stock_prices_dag_etl to None, run_after=None
[2025-10-06T00:40:25.517+0000] {processor.py:208} INFO - Processing /opt/airflow/dags/hw5.py took 0.253 seconds
[2025-10-06T00:40:55.626+0000] {processor.py:186} INFO - Started process (PID=816) to work on /opt/airflow/dags/hw5.py
[2025-10-06T00:40:55.628+0000] {processor.py:914} INFO - Processing file /opt/airflow/dags/hw5.py for tasks to queue
[2025-10-06T00:40:55.632+0000] {logging_mixin.py:190} INFO - [2025-10-06T00:40:55.631+0000] {dagbag.py:587} INFO - Filling up the DagBag from /opt/airflow/dags/hw5.py
[2025-10-06T00:40:55.648+0000] {processor.py:925} INFO - DAG(s) 'stock_prices_dag_etl' retrieved from /opt/airflow/dags/hw5.py
[2025-10-06T00:40:55.695+0000] {logging_mixin.py:190} INFO - [2025-10-06T00:40:55.694+0000] {dag.py:3229} INFO - Sync 1 DAGs
[2025-10-06T00:40:55.733+0000] {logging_mixin.py:190} INFO - [2025-10-06T00:40:55.732+0000] {dag.py:4156} INFO - Setting next_dagrun for stock_prices_dag_etl to None, run_after=None
[2025-10-06T00:40:55.763+0000] {processor.py:208} INFO - Processing /opt/airflow/dags/hw5.py took 0.156 seconds
[2025-10-06T00:41:25.972+0000] {processor.py:186} INFO - Started process (PID=827) to work on /opt/airflow/dags/hw5.py
[2025-10-06T00:41:25.974+0000] {processor.py:914} INFO - Processing file /opt/airflow/dags/hw5.py for tasks to queue
[2025-10-06T00:41:25.978+0000] {logging_mixin.py:190} INFO - [2025-10-06T00:41:25.977+0000] {dagbag.py:587} INFO - Filling up the DagBag from /opt/airflow/dags/hw5.py
[2025-10-06T00:41:25.995+0000] {processor.py:925} INFO - DAG(s) 'stock_prices_dag_etl' retrieved from /opt/airflow/dags/hw5.py
[2025-10-06T00:41:26.060+0000] {logging_mixin.py:190} INFO - [2025-10-06T00:41:26.058+0000] {dag.py:3229} INFO - Sync 1 DAGs
[2025-10-06T00:41:26.606+0000] {logging_mixin.py:190} INFO - [2025-10-06T00:41:26.606+0000] {dag.py:4156} INFO - Setting next_dagrun for stock_prices_dag_etl to None, run_after=None
[2025-10-06T00:41:26.765+0000] {processor.py:208} INFO - Processing /opt/airflow/dags/hw5.py took 0.802 seconds
[2025-10-06T00:41:57.357+0000] {processor.py:186} INFO - Started process (PID=838) to work on /opt/airflow/dags/hw5.py
[2025-10-06T00:41:57.367+0000] {processor.py:914} INFO - Processing file /opt/airflow/dags/hw5.py for tasks to queue
[2025-10-06T00:41:57.371+0000] {logging_mixin.py:190} INFO - [2025-10-06T00:41:57.370+0000] {dagbag.py:587} INFO - Filling up the DagBag from /opt/airflow/dags/hw5.py
[2025-10-06T00:41:57.387+0000] {processor.py:925} INFO - DAG(s) 'stock_prices_dag_etl' retrieved from /opt/airflow/dags/hw5.py
[2025-10-06T00:41:57.471+0000] {logging_mixin.py:190} INFO - [2025-10-06T00:41:57.470+0000] {dag.py:3229} INFO - Sync 1 DAGs
[2025-10-06T00:41:57.517+0000] {logging_mixin.py:190} INFO - [2025-10-06T00:41:57.517+0000] {dag.py:4156} INFO - Setting next_dagrun for stock_prices_dag_etl to None, run_after=None
[2025-10-06T00:41:57.550+0000] {processor.py:208} INFO - Processing /opt/airflow/dags/hw5.py took 0.275 seconds
[2025-10-06T00:42:27.884+0000] {processor.py:186} INFO - Started process (PID=849) to work on /opt/airflow/dags/hw5.py
[2025-10-06T00:42:27.887+0000] {processor.py:914} INFO - Processing file /opt/airflow/dags/hw5.py for tasks to queue
[2025-10-06T00:42:27.893+0000] {logging_mixin.py:190} INFO - [2025-10-06T00:42:27.892+0000] {dagbag.py:587} INFO - Filling up the DagBag from /opt/airflow/dags/hw5.py
[2025-10-06T00:42:27.926+0000] {processor.py:925} INFO - DAG(s) 'stock_prices_dag_etl' retrieved from /opt/airflow/dags/hw5.py
[2025-10-06T00:42:28.004+0000] {logging_mixin.py:190} INFO - [2025-10-06T00:42:28.003+0000] {dag.py:3229} INFO - Sync 1 DAGs
[2025-10-06T00:42:28.065+0000] {logging_mixin.py:190} INFO - [2025-10-06T00:42:28.065+0000] {dag.py:4156} INFO - Setting next_dagrun for stock_prices_dag_etl to None, run_after=None
[2025-10-06T00:42:28.119+0000] {processor.py:208} INFO - Processing /opt/airflow/dags/hw5.py took 0.259 seconds
[2025-10-06T00:42:58.339+0000] {processor.py:186} INFO - Started process (PID=860) to work on /opt/airflow/dags/hw5.py
[2025-10-06T00:42:58.342+0000] {processor.py:914} INFO - Processing file /opt/airflow/dags/hw5.py for tasks to queue
[2025-10-06T00:42:58.346+0000] {logging_mixin.py:190} INFO - [2025-10-06T00:42:58.345+0000] {dagbag.py:587} INFO - Filling up the DagBag from /opt/airflow/dags/hw5.py
[2025-10-06T00:42:58.366+0000] {processor.py:925} INFO - DAG(s) 'stock_prices_dag_etl' retrieved from /opt/airflow/dags/hw5.py
[2025-10-06T00:42:58.414+0000] {logging_mixin.py:190} INFO - [2025-10-06T00:42:58.413+0000] {dag.py:3229} INFO - Sync 1 DAGs
[2025-10-06T00:42:58.455+0000] {logging_mixin.py:190} INFO - [2025-10-06T00:42:58.454+0000] {dag.py:4156} INFO - Setting next_dagrun for stock_prices_dag_etl to None, run_after=None
[2025-10-06T00:42:58.487+0000] {processor.py:208} INFO - Processing /opt/airflow/dags/hw5.py took 0.158 seconds
[2025-10-06T00:43:28.919+0000] {processor.py:186} INFO - Started process (PID=871) to work on /opt/airflow/dags/hw5.py
[2025-10-06T00:43:28.922+0000] {processor.py:914} INFO - Processing file /opt/airflow/dags/hw5.py for tasks to queue
[2025-10-06T00:43:28.927+0000] {logging_mixin.py:190} INFO - [2025-10-06T00:43:28.927+0000] {dagbag.py:587} INFO - Filling up the DagBag from /opt/airflow/dags/hw5.py
[2025-10-06T00:43:28.957+0000] {processor.py:925} INFO - DAG(s) 'stock_prices_dag_etl' retrieved from /opt/airflow/dags/hw5.py
[2025-10-06T00:43:29.036+0000] {logging_mixin.py:190} INFO - [2025-10-06T00:43:29.035+0000] {dag.py:3229} INFO - Sync 1 DAGs
[2025-10-06T00:43:29.096+0000] {logging_mixin.py:190} INFO - [2025-10-06T00:43:29.096+0000] {dag.py:4156} INFO - Setting next_dagrun for stock_prices_dag_etl to None, run_after=None
[2025-10-06T00:43:29.260+0000] {processor.py:208} INFO - Processing /opt/airflow/dags/hw5.py took 0.364 seconds
[2025-10-06T00:43:59.746+0000] {processor.py:186} INFO - Started process (PID=882) to work on /opt/airflow/dags/hw5.py
[2025-10-06T00:43:59.751+0000] {processor.py:914} INFO - Processing file /opt/airflow/dags/hw5.py for tasks to queue
[2025-10-06T00:43:59.759+0000] {logging_mixin.py:190} INFO - [2025-10-06T00:43:59.758+0000] {dagbag.py:587} INFO - Filling up the DagBag from /opt/airflow/dags/hw5.py
[2025-10-06T00:43:59.781+0000] {processor.py:925} INFO - DAG(s) 'stock_prices_dag_etl' retrieved from /opt/airflow/dags/hw5.py
[2025-10-06T00:43:59.843+0000] {logging_mixin.py:190} INFO - [2025-10-06T00:43:59.842+0000] {dag.py:3229} INFO - Sync 1 DAGs
[2025-10-06T00:43:59.886+0000] {logging_mixin.py:190} INFO - [2025-10-06T00:43:59.886+0000] {dag.py:4156} INFO - Setting next_dagrun for stock_prices_dag_etl to None, run_after=None
[2025-10-06T00:43:59.921+0000] {processor.py:208} INFO - Processing /opt/airflow/dags/hw5.py took 0.208 seconds
[2025-10-06T00:44:30.084+0000] {processor.py:186} INFO - Started process (PID=893) to work on /opt/airflow/dags/hw5.py
[2025-10-06T00:44:30.086+0000] {processor.py:914} INFO - Processing file /opt/airflow/dags/hw5.py for tasks to queue
[2025-10-06T00:44:30.091+0000] {logging_mixin.py:190} INFO - [2025-10-06T00:44:30.090+0000] {dagbag.py:587} INFO - Filling up the DagBag from /opt/airflow/dags/hw5.py
[2025-10-06T00:44:30.130+0000] {processor.py:925} INFO - DAG(s) 'stock_prices_dag_etl' retrieved from /opt/airflow/dags/hw5.py
[2025-10-06T00:44:30.204+0000] {logging_mixin.py:190} INFO - [2025-10-06T00:44:30.203+0000] {dag.py:3229} INFO - Sync 1 DAGs
[2025-10-06T00:44:30.243+0000] {logging_mixin.py:190} INFO - [2025-10-06T00:44:30.242+0000] {dag.py:4156} INFO - Setting next_dagrun for stock_prices_dag_etl to None, run_after=None
[2025-10-06T00:44:30.274+0000] {processor.py:208} INFO - Processing /opt/airflow/dags/hw5.py took 0.201 seconds
[2025-10-06T00:45:00.671+0000] {processor.py:186} INFO - Started process (PID=904) to work on /opt/airflow/dags/hw5.py
[2025-10-06T00:45:00.675+0000] {processor.py:914} INFO - Processing file /opt/airflow/dags/hw5.py for tasks to queue
[2025-10-06T00:45:00.678+0000] {logging_mixin.py:190} INFO - [2025-10-06T00:45:00.678+0000] {dagbag.py:587} INFO - Filling up the DagBag from /opt/airflow/dags/hw5.py
[2025-10-06T00:45:00.695+0000] {processor.py:925} INFO - DAG(s) 'stock_prices_dag_etl' retrieved from /opt/airflow/dags/hw5.py
[2025-10-06T00:45:00.739+0000] {logging_mixin.py:190} INFO - [2025-10-06T00:45:00.738+0000] {dag.py:3229} INFO - Sync 1 DAGs
[2025-10-06T00:45:00.787+0000] {logging_mixin.py:190} INFO - [2025-10-06T00:45:00.787+0000] {dag.py:4156} INFO - Setting next_dagrun for stock_prices_dag_etl to None, run_after=None
[2025-10-06T00:45:00.828+0000] {processor.py:208} INFO - Processing /opt/airflow/dags/hw5.py took 0.173 seconds
[2025-10-06T00:45:31.112+0000] {processor.py:186} INFO - Started process (PID=915) to work on /opt/airflow/dags/hw5.py
[2025-10-06T00:45:31.117+0000] {processor.py:914} INFO - Processing file /opt/airflow/dags/hw5.py for tasks to queue
[2025-10-06T00:45:31.122+0000] {logging_mixin.py:190} INFO - [2025-10-06T00:45:31.121+0000] {dagbag.py:587} INFO - Filling up the DagBag from /opt/airflow/dags/hw5.py
[2025-10-06T00:45:31.143+0000] {processor.py:925} INFO - DAG(s) 'stock_prices_dag_etl' retrieved from /opt/airflow/dags/hw5.py
[2025-10-06T00:45:31.201+0000] {logging_mixin.py:190} INFO - [2025-10-06T00:45:31.201+0000] {dag.py:3229} INFO - Sync 1 DAGs
[2025-10-06T00:45:31.250+0000] {logging_mixin.py:190} INFO - [2025-10-06T00:45:31.250+0000] {dag.py:4156} INFO - Setting next_dagrun for stock_prices_dag_etl to None, run_after=None
[2025-10-06T00:45:31.289+0000] {processor.py:208} INFO - Processing /opt/airflow/dags/hw5.py took 0.203 seconds
[2025-10-06T00:46:01.698+0000] {processor.py:186} INFO - Started process (PID=926) to work on /opt/airflow/dags/hw5.py
[2025-10-06T00:46:01.702+0000] {processor.py:914} INFO - Processing file /opt/airflow/dags/hw5.py for tasks to queue
[2025-10-06T00:46:01.711+0000] {logging_mixin.py:190} INFO - [2025-10-06T00:46:01.709+0000] {dagbag.py:587} INFO - Filling up the DagBag from /opt/airflow/dags/hw5.py
[2025-10-06T00:46:01.732+0000] {processor.py:925} INFO - DAG(s) 'stock_prices_dag_etl' retrieved from /opt/airflow/dags/hw5.py
[2025-10-06T00:46:01.791+0000] {logging_mixin.py:190} INFO - [2025-10-06T00:46:01.790+0000] {dag.py:3229} INFO - Sync 1 DAGs
[2025-10-06T00:46:01.834+0000] {logging_mixin.py:190} INFO - [2025-10-06T00:46:01.834+0000] {dag.py:4156} INFO - Setting next_dagrun for stock_prices_dag_etl to None, run_after=None
[2025-10-06T00:46:01.872+0000] {processor.py:208} INFO - Processing /opt/airflow/dags/hw5.py took 0.194 seconds
[2025-10-06T00:46:32.060+0000] {processor.py:186} INFO - Started process (PID=937) to work on /opt/airflow/dags/hw5.py
[2025-10-06T00:46:32.065+0000] {processor.py:914} INFO - Processing file /opt/airflow/dags/hw5.py for tasks to queue
[2025-10-06T00:46:32.074+0000] {logging_mixin.py:190} INFO - [2025-10-06T00:46:32.073+0000] {dagbag.py:587} INFO - Filling up the DagBag from /opt/airflow/dags/hw5.py
[2025-10-06T00:46:32.095+0000] {processor.py:925} INFO - DAG(s) 'stock_prices_dag_etl' retrieved from /opt/airflow/dags/hw5.py
[2025-10-06T00:46:32.146+0000] {logging_mixin.py:190} INFO - [2025-10-06T00:46:32.144+0000] {dag.py:3229} INFO - Sync 1 DAGs
[2025-10-06T00:46:32.191+0000] {logging_mixin.py:190} INFO - [2025-10-06T00:46:32.190+0000] {dag.py:4156} INFO - Setting next_dagrun for stock_prices_dag_etl to None, run_after=None
[2025-10-06T00:46:32.224+0000] {processor.py:208} INFO - Processing /opt/airflow/dags/hw5.py took 0.176 seconds
[2025-10-06T00:47:02.610+0000] {processor.py:186} INFO - Started process (PID=948) to work on /opt/airflow/dags/hw5.py
[2025-10-06T00:47:02.612+0000] {processor.py:914} INFO - Processing file /opt/airflow/dags/hw5.py for tasks to queue
[2025-10-06T00:47:02.616+0000] {logging_mixin.py:190} INFO - [2025-10-06T00:47:02.615+0000] {dagbag.py:587} INFO - Filling up the DagBag from /opt/airflow/dags/hw5.py
[2025-10-06T00:47:02.632+0000] {processor.py:925} INFO - DAG(s) 'stock_prices_dag_etl' retrieved from /opt/airflow/dags/hw5.py
[2025-10-06T00:47:02.678+0000] {logging_mixin.py:190} INFO - [2025-10-06T00:47:02.677+0000] {dag.py:3229} INFO - Sync 1 DAGs
[2025-10-06T00:47:02.730+0000] {logging_mixin.py:190} INFO - [2025-10-06T00:47:02.730+0000] {dag.py:4156} INFO - Setting next_dagrun for stock_prices_dag_etl to None, run_after=None
[2025-10-06T00:47:02.775+0000] {processor.py:208} INFO - Processing /opt/airflow/dags/hw5.py took 0.174 seconds
[2025-10-06T00:47:32.995+0000] {processor.py:186} INFO - Started process (PID=959) to work on /opt/airflow/dags/hw5.py
[2025-10-06T00:47:32.998+0000] {processor.py:914} INFO - Processing file /opt/airflow/dags/hw5.py for tasks to queue
[2025-10-06T00:47:33.002+0000] {logging_mixin.py:190} INFO - [2025-10-06T00:47:33.001+0000] {dagbag.py:587} INFO - Filling up the DagBag from /opt/airflow/dags/hw5.py
[2025-10-06T00:47:33.018+0000] {processor.py:925} INFO - DAG(s) 'stock_prices_dag_etl' retrieved from /opt/airflow/dags/hw5.py
[2025-10-06T00:47:33.060+0000] {logging_mixin.py:190} INFO - [2025-10-06T00:47:33.059+0000] {dag.py:3229} INFO - Sync 1 DAGs
[2025-10-06T00:47:33.096+0000] {logging_mixin.py:190} INFO - [2025-10-06T00:47:33.096+0000] {dag.py:4156} INFO - Setting next_dagrun for stock_prices_dag_etl to None, run_after=None
[2025-10-06T00:47:33.126+0000] {processor.py:208} INFO - Processing /opt/airflow/dags/hw5.py took 0.141 seconds
[2025-10-06T00:48:03.512+0000] {processor.py:186} INFO - Started process (PID=970) to work on /opt/airflow/dags/hw5.py
[2025-10-06T00:48:03.514+0000] {processor.py:914} INFO - Processing file /opt/airflow/dags/hw5.py for tasks to queue
[2025-10-06T00:48:03.517+0000] {logging_mixin.py:190} INFO - [2025-10-06T00:48:03.517+0000] {dagbag.py:587} INFO - Filling up the DagBag from /opt/airflow/dags/hw5.py
[2025-10-06T00:48:03.533+0000] {processor.py:925} INFO - DAG(s) 'stock_prices_dag_etl' retrieved from /opt/airflow/dags/hw5.py
[2025-10-06T00:48:03.575+0000] {logging_mixin.py:190} INFO - [2025-10-06T00:48:03.574+0000] {dag.py:3229} INFO - Sync 1 DAGs
[2025-10-06T00:48:03.611+0000] {logging_mixin.py:190} INFO - [2025-10-06T00:48:03.611+0000] {dag.py:4156} INFO - Setting next_dagrun for stock_prices_dag_etl to None, run_after=None
[2025-10-06T00:48:03.640+0000] {processor.py:208} INFO - Processing /opt/airflow/dags/hw5.py took 0.137 seconds
[2025-10-06T00:48:33.899+0000] {processor.py:186} INFO - Started process (PID=981) to work on /opt/airflow/dags/hw5.py
[2025-10-06T00:48:33.901+0000] {processor.py:914} INFO - Processing file /opt/airflow/dags/hw5.py for tasks to queue
[2025-10-06T00:48:33.905+0000] {logging_mixin.py:190} INFO - [2025-10-06T00:48:33.904+0000] {dagbag.py:587} INFO - Filling up the DagBag from /opt/airflow/dags/hw5.py
[2025-10-06T00:48:33.922+0000] {processor.py:925} INFO - DAG(s) 'stock_prices_dag_etl' retrieved from /opt/airflow/dags/hw5.py
[2025-10-06T00:48:33.965+0000] {logging_mixin.py:190} INFO - [2025-10-06T00:48:33.964+0000] {dag.py:3229} INFO - Sync 1 DAGs
[2025-10-06T00:48:34.001+0000] {logging_mixin.py:190} INFO - [2025-10-06T00:48:34.001+0000] {dag.py:4156} INFO - Setting next_dagrun for stock_prices_dag_etl to None, run_after=None
[2025-10-06T00:48:34.030+0000] {processor.py:208} INFO - Processing /opt/airflow/dags/hw5.py took 0.140 seconds
[2025-10-06T00:49:04.327+0000] {processor.py:186} INFO - Started process (PID=992) to work on /opt/airflow/dags/hw5.py
[2025-10-06T00:49:04.329+0000] {processor.py:914} INFO - Processing file /opt/airflow/dags/hw5.py for tasks to queue
[2025-10-06T00:49:04.332+0000] {logging_mixin.py:190} INFO - [2025-10-06T00:49:04.332+0000] {dagbag.py:587} INFO - Filling up the DagBag from /opt/airflow/dags/hw5.py
[2025-10-06T00:49:04.349+0000] {processor.py:925} INFO - DAG(s) 'stock_prices_dag_etl' retrieved from /opt/airflow/dags/hw5.py
[2025-10-06T00:49:04.398+0000] {logging_mixin.py:190} INFO - [2025-10-06T00:49:04.397+0000] {dag.py:3229} INFO - Sync 1 DAGs
[2025-10-06T00:49:04.436+0000] {logging_mixin.py:190} INFO - [2025-10-06T00:49:04.436+0000] {dag.py:4156} INFO - Setting next_dagrun for stock_prices_dag_etl to None, run_after=None
[2025-10-06T00:49:04.485+0000] {processor.py:208} INFO - Processing /opt/airflow/dags/hw5.py took 0.169 seconds
[2025-10-06T00:49:34.784+0000] {processor.py:186} INFO - Started process (PID=1003) to work on /opt/airflow/dags/hw5.py
[2025-10-06T00:49:34.787+0000] {processor.py:914} INFO - Processing file /opt/airflow/dags/hw5.py for tasks to queue
[2025-10-06T00:49:34.794+0000] {logging_mixin.py:190} INFO - [2025-10-06T00:49:34.793+0000] {dagbag.py:587} INFO - Filling up the DagBag from /opt/airflow/dags/hw5.py
[2025-10-06T00:49:34.828+0000] {processor.py:925} INFO - DAG(s) 'stock_prices_dag_etl' retrieved from /opt/airflow/dags/hw5.py
[2025-10-06T00:49:34.907+0000] {logging_mixin.py:190} INFO - [2025-10-06T00:49:34.906+0000] {dag.py:3229} INFO - Sync 1 DAGs
[2025-10-06T00:49:34.975+0000] {logging_mixin.py:190} INFO - [2025-10-06T00:49:34.974+0000] {dag.py:4156} INFO - Setting next_dagrun for stock_prices_dag_etl to None, run_after=None
[2025-10-06T00:49:35.031+0000] {processor.py:208} INFO - Processing /opt/airflow/dags/hw5.py took 0.262 seconds
[2025-10-06T00:50:05.215+0000] {processor.py:186} INFO - Started process (PID=1014) to work on /opt/airflow/dags/hw5.py
[2025-10-06T00:50:05.217+0000] {processor.py:914} INFO - Processing file /opt/airflow/dags/hw5.py for tasks to queue
[2025-10-06T00:50:05.221+0000] {logging_mixin.py:190} INFO - [2025-10-06T00:50:05.220+0000] {dagbag.py:587} INFO - Filling up the DagBag from /opt/airflow/dags/hw5.py
[2025-10-06T00:50:05.236+0000] {processor.py:925} INFO - DAG(s) 'stock_prices_dag_etl' retrieved from /opt/airflow/dags/hw5.py
[2025-10-06T00:50:05.281+0000] {logging_mixin.py:190} INFO - [2025-10-06T00:50:05.280+0000] {dag.py:3229} INFO - Sync 1 DAGs
[2025-10-06T00:50:05.317+0000] {logging_mixin.py:190} INFO - [2025-10-06T00:50:05.317+0000] {dag.py:4156} INFO - Setting next_dagrun for stock_prices_dag_etl to None, run_after=None
[2025-10-06T00:50:05.347+0000] {processor.py:208} INFO - Processing /opt/airflow/dags/hw5.py took 0.141 seconds
[2025-10-06T00:50:35.896+0000] {processor.py:186} INFO - Started process (PID=1025) to work on /opt/airflow/dags/hw5.py
[2025-10-06T00:50:35.907+0000] {processor.py:914} INFO - Processing file /opt/airflow/dags/hw5.py for tasks to queue
[2025-10-06T00:50:35.912+0000] {logging_mixin.py:190} INFO - [2025-10-06T00:50:35.912+0000] {dagbag.py:587} INFO - Filling up the DagBag from /opt/airflow/dags/hw5.py
[2025-10-06T00:50:35.976+0000] {processor.py:925} INFO - DAG(s) 'stock_prices_dag_etl' retrieved from /opt/airflow/dags/hw5.py
[2025-10-06T00:50:36.046+0000] {logging_mixin.py:190} INFO - [2025-10-06T00:50:36.046+0000] {dag.py:3229} INFO - Sync 1 DAGs
[2025-10-06T00:50:36.088+0000] {logging_mixin.py:190} INFO - [2025-10-06T00:50:36.088+0000] {dag.py:4156} INFO - Setting next_dagrun for stock_prices_dag_etl to None, run_after=None
[2025-10-06T00:50:36.120+0000] {processor.py:208} INFO - Processing /opt/airflow/dags/hw5.py took 0.236 seconds
[2025-10-06T00:51:06.250+0000] {processor.py:186} INFO - Started process (PID=1036) to work on /opt/airflow/dags/hw5.py
[2025-10-06T00:51:06.254+0000] {processor.py:914} INFO - Processing file /opt/airflow/dags/hw5.py for tasks to queue
[2025-10-06T00:51:06.265+0000] {logging_mixin.py:190} INFO - [2025-10-06T00:51:06.263+0000] {dagbag.py:587} INFO - Filling up the DagBag from /opt/airflow/dags/hw5.py
[2025-10-06T00:51:06.319+0000] {processor.py:925} INFO - DAG(s) 'stock_prices_dag_etl' retrieved from /opt/airflow/dags/hw5.py
[2025-10-06T00:51:06.400+0000] {logging_mixin.py:190} INFO - [2025-10-06T00:51:06.399+0000] {dag.py:3229} INFO - Sync 1 DAGs
[2025-10-06T00:51:06.443+0000] {logging_mixin.py:190} INFO - [2025-10-06T00:51:06.443+0000] {dag.py:4156} INFO - Setting next_dagrun for stock_prices_dag_etl to None, run_after=None
[2025-10-06T00:51:06.474+0000] {processor.py:208} INFO - Processing /opt/airflow/dags/hw5.py took 0.242 seconds
[2025-10-06T00:51:36.648+0000] {processor.py:186} INFO - Started process (PID=1047) to work on /opt/airflow/dags/hw5.py
[2025-10-06T00:51:36.650+0000] {processor.py:914} INFO - Processing file /opt/airflow/dags/hw5.py for tasks to queue
[2025-10-06T00:51:36.654+0000] {logging_mixin.py:190} INFO - [2025-10-06T00:51:36.653+0000] {dagbag.py:587} INFO - Filling up the DagBag from /opt/airflow/dags/hw5.py
[2025-10-06T00:51:36.670+0000] {processor.py:925} INFO - DAG(s) 'stock_prices_dag_etl' retrieved from /opt/airflow/dags/hw5.py
[2025-10-06T00:51:36.716+0000] {logging_mixin.py:190} INFO - [2025-10-06T00:51:36.715+0000] {dag.py:3229} INFO - Sync 1 DAGs
[2025-10-06T00:51:36.768+0000] {logging_mixin.py:190} INFO - [2025-10-06T00:51:36.768+0000] {dag.py:4156} INFO - Setting next_dagrun for stock_prices_dag_etl to None, run_after=None
[2025-10-06T00:51:36.836+0000] {processor.py:208} INFO - Processing /opt/airflow/dags/hw5.py took 0.197 seconds
[2025-10-06T00:52:07.218+0000] {processor.py:186} INFO - Started process (PID=1059) to work on /opt/airflow/dags/hw5.py
[2025-10-06T00:52:07.230+0000] {processor.py:914} INFO - Processing file /opt/airflow/dags/hw5.py for tasks to queue
[2025-10-06T00:52:07.234+0000] {logging_mixin.py:190} INFO - [2025-10-06T00:52:07.233+0000] {dagbag.py:587} INFO - Filling up the DagBag from /opt/airflow/dags/hw5.py
[2025-10-06T00:52:07.262+0000] {processor.py:925} INFO - DAG(s) 'stock_prices_dag_etl' retrieved from /opt/airflow/dags/hw5.py
[2025-10-06T00:52:07.327+0000] {logging_mixin.py:190} INFO - [2025-10-06T00:52:07.326+0000] {dag.py:3229} INFO - Sync 1 DAGs
[2025-10-06T00:52:07.375+0000] {logging_mixin.py:190} INFO - [2025-10-06T00:52:07.375+0000] {dag.py:4156} INFO - Setting next_dagrun for stock_prices_dag_etl to None, run_after=None
[2025-10-06T00:52:07.409+0000] {processor.py:208} INFO - Processing /opt/airflow/dags/hw5.py took 0.223 seconds
[2025-10-06T00:52:37.609+0000] {processor.py:186} INFO - Started process (PID=1070) to work on /opt/airflow/dags/hw5.py
[2025-10-06T00:52:37.622+0000] {processor.py:914} INFO - Processing file /opt/airflow/dags/hw5.py for tasks to queue
[2025-10-06T00:52:37.626+0000] {logging_mixin.py:190} INFO - [2025-10-06T00:52:37.626+0000] {dagbag.py:587} INFO - Filling up the DagBag from /opt/airflow/dags/hw5.py
[2025-10-06T00:52:37.642+0000] {processor.py:925} INFO - DAG(s) 'stock_prices_dag_etl' retrieved from /opt/airflow/dags/hw5.py
[2025-10-06T00:52:37.690+0000] {logging_mixin.py:190} INFO - [2025-10-06T00:52:37.688+0000] {dag.py:3229} INFO - Sync 1 DAGs
[2025-10-06T00:52:37.727+0000] {logging_mixin.py:190} INFO - [2025-10-06T00:52:37.727+0000] {dag.py:4156} INFO - Setting next_dagrun for stock_prices_dag_etl to None, run_after=None
[2025-10-06T00:52:37.756+0000] {processor.py:208} INFO - Processing /opt/airflow/dags/hw5.py took 0.168 seconds
[2025-10-06T00:53:07.942+0000] {processor.py:186} INFO - Started process (PID=1081) to work on /opt/airflow/dags/hw5.py
[2025-10-06T00:53:07.943+0000] {processor.py:914} INFO - Processing file /opt/airflow/dags/hw5.py for tasks to queue
[2025-10-06T00:53:07.947+0000] {logging_mixin.py:190} INFO - [2025-10-06T00:53:07.947+0000] {dagbag.py:587} INFO - Filling up the DagBag from /opt/airflow/dags/hw5.py
[2025-10-06T00:53:07.963+0000] {processor.py:925} INFO - DAG(s) 'stock_prices_dag_etl' retrieved from /opt/airflow/dags/hw5.py
[2025-10-06T00:53:08.007+0000] {logging_mixin.py:190} INFO - [2025-10-06T00:53:08.006+0000] {dag.py:3229} INFO - Sync 1 DAGs
[2025-10-06T00:53:08.044+0000] {logging_mixin.py:190} INFO - [2025-10-06T00:53:08.043+0000] {dag.py:4156} INFO - Setting next_dagrun for stock_prices_dag_etl to None, run_after=None
[2025-10-06T00:53:08.080+0000] {processor.py:208} INFO - Processing /opt/airflow/dags/hw5.py took 0.145 seconds
[2025-10-06T00:53:38.579+0000] {processor.py:186} INFO - Started process (PID=1092) to work on /opt/airflow/dags/hw5.py
[2025-10-06T00:53:38.593+0000] {processor.py:914} INFO - Processing file /opt/airflow/dags/hw5.py for tasks to queue
[2025-10-06T00:53:38.603+0000] {logging_mixin.py:190} INFO - [2025-10-06T00:53:38.602+0000] {dagbag.py:587} INFO - Filling up the DagBag from /opt/airflow/dags/hw5.py
[2025-10-06T00:53:38.669+0000] {processor.py:925} INFO - DAG(s) 'stock_prices_dag_etl' retrieved from /opt/airflow/dags/hw5.py
[2025-10-06T00:53:38.748+0000] {logging_mixin.py:190} INFO - [2025-10-06T00:53:38.746+0000] {dag.py:3229} INFO - Sync 1 DAGs
[2025-10-06T00:53:38.803+0000] {logging_mixin.py:190} INFO - [2025-10-06T00:53:38.803+0000] {dag.py:4156} INFO - Setting next_dagrun for stock_prices_dag_etl to None, run_after=None
[2025-10-06T00:53:38.850+0000] {processor.py:208} INFO - Processing /opt/airflow/dags/hw5.py took 0.285 seconds
[2025-10-06T00:54:08.930+0000] {processor.py:186} INFO - Started process (PID=1103) to work on /opt/airflow/dags/hw5.py
[2025-10-06T00:54:08.935+0000] {processor.py:914} INFO - Processing file /opt/airflow/dags/hw5.py for tasks to queue
[2025-10-06T00:54:08.939+0000] {logging_mixin.py:190} INFO - [2025-10-06T00:54:08.938+0000] {dagbag.py:587} INFO - Filling up the DagBag from /opt/airflow/dags/hw5.py
[2025-10-06T00:54:08.955+0000] {processor.py:925} INFO - DAG(s) 'stock_prices_dag_etl' retrieved from /opt/airflow/dags/hw5.py
[2025-10-06T00:54:09.010+0000] {logging_mixin.py:190} INFO - [2025-10-06T00:54:09.009+0000] {dag.py:3229} INFO - Sync 1 DAGs
[2025-10-06T00:54:09.052+0000] {logging_mixin.py:190} INFO - [2025-10-06T00:54:09.052+0000] {dag.py:4156} INFO - Setting next_dagrun for stock_prices_dag_etl to None, run_after=None
[2025-10-06T00:54:09.084+0000] {processor.py:208} INFO - Processing /opt/airflow/dags/hw5.py took 0.182 seconds
[2025-10-06T00:54:39.252+0000] {processor.py:186} INFO - Started process (PID=1114) to work on /opt/airflow/dags/hw5.py
[2025-10-06T00:54:39.254+0000] {processor.py:914} INFO - Processing file /opt/airflow/dags/hw5.py for tasks to queue
[2025-10-06T00:54:39.259+0000] {logging_mixin.py:190} INFO - [2025-10-06T00:54:39.258+0000] {dagbag.py:587} INFO - Filling up the DagBag from /opt/airflow/dags/hw5.py
[2025-10-06T00:54:39.275+0000] {processor.py:925} INFO - DAG(s) 'stock_prices_dag_etl' retrieved from /opt/airflow/dags/hw5.py
[2025-10-06T00:54:39.322+0000] {logging_mixin.py:190} INFO - [2025-10-06T00:54:39.321+0000] {dag.py:3229} INFO - Sync 1 DAGs
[2025-10-06T00:54:39.363+0000] {logging_mixin.py:190} INFO - [2025-10-06T00:54:39.363+0000] {dag.py:4156} INFO - Setting next_dagrun for stock_prices_dag_etl to None, run_after=None
[2025-10-06T00:54:39.393+0000] {processor.py:208} INFO - Processing /opt/airflow/dags/hw5.py took 0.151 seconds
[2025-10-06T00:55:09.640+0000] {processor.py:186} INFO - Started process (PID=1125) to work on /opt/airflow/dags/hw5.py
[2025-10-06T00:55:09.643+0000] {processor.py:914} INFO - Processing file /opt/airflow/dags/hw5.py for tasks to queue
[2025-10-06T00:55:09.649+0000] {logging_mixin.py:190} INFO - [2025-10-06T00:55:09.648+0000] {dagbag.py:587} INFO - Filling up the DagBag from /opt/airflow/dags/hw5.py
[2025-10-06T00:55:09.667+0000] {processor.py:925} INFO - DAG(s) 'stock_prices_dag_etl' retrieved from /opt/airflow/dags/hw5.py
[2025-10-06T00:55:09.716+0000] {logging_mixin.py:190} INFO - [2025-10-06T00:55:09.715+0000] {dag.py:3229} INFO - Sync 1 DAGs
[2025-10-06T00:55:09.766+0000] {logging_mixin.py:190} INFO - [2025-10-06T00:55:09.766+0000] {dag.py:4156} INFO - Setting next_dagrun for stock_prices_dag_etl to None, run_after=None
[2025-10-06T00:55:09.795+0000] {processor.py:208} INFO - Processing /opt/airflow/dags/hw5.py took 0.169 seconds
[2025-10-06T00:55:40.124+0000] {processor.py:186} INFO - Started process (PID=1136) to work on /opt/airflow/dags/hw5.py
[2025-10-06T00:55:40.131+0000] {processor.py:914} INFO - Processing file /opt/airflow/dags/hw5.py for tasks to queue
[2025-10-06T00:55:40.137+0000] {logging_mixin.py:190} INFO - [2025-10-06T00:55:40.136+0000] {dagbag.py:587} INFO - Filling up the DagBag from /opt/airflow/dags/hw5.py
[2025-10-06T00:55:40.154+0000] {processor.py:925} INFO - DAG(s) 'stock_prices_dag_etl' retrieved from /opt/airflow/dags/hw5.py
[2025-10-06T00:55:40.221+0000] {logging_mixin.py:190} INFO - [2025-10-06T00:55:40.221+0000] {dag.py:3229} INFO - Sync 1 DAGs
[2025-10-06T00:55:40.315+0000] {logging_mixin.py:190} INFO - [2025-10-06T00:55:40.314+0000] {dag.py:4156} INFO - Setting next_dagrun for stock_prices_dag_etl to None, run_after=None
[2025-10-06T00:55:40.379+0000] {processor.py:208} INFO - Processing /opt/airflow/dags/hw5.py took 0.279 seconds
[2025-10-06T00:56:10.505+0000] {processor.py:186} INFO - Started process (PID=1147) to work on /opt/airflow/dags/hw5.py
[2025-10-06T00:56:10.508+0000] {processor.py:914} INFO - Processing file /opt/airflow/dags/hw5.py for tasks to queue
[2025-10-06T00:56:10.515+0000] {logging_mixin.py:190} INFO - [2025-10-06T00:56:10.514+0000] {dagbag.py:587} INFO - Filling up the DagBag from /opt/airflow/dags/hw5.py
[2025-10-06T00:56:10.545+0000] {processor.py:925} INFO - DAG(s) 'stock_prices_dag_etl' retrieved from /opt/airflow/dags/hw5.py
[2025-10-06T00:56:10.629+0000] {logging_mixin.py:190} INFO - [2025-10-06T00:56:10.628+0000] {dag.py:3229} INFO - Sync 1 DAGs
[2025-10-06T00:56:10.683+0000] {logging_mixin.py:190} INFO - [2025-10-06T00:56:10.683+0000] {dag.py:4156} INFO - Setting next_dagrun for stock_prices_dag_etl to None, run_after=None
[2025-10-06T00:56:10.718+0000] {processor.py:208} INFO - Processing /opt/airflow/dags/hw5.py took 0.225 seconds
[2025-10-06T00:56:40.829+0000] {processor.py:186} INFO - Started process (PID=1158) to work on /opt/airflow/dags/hw5.py
[2025-10-06T00:56:40.831+0000] {processor.py:914} INFO - Processing file /opt/airflow/dags/hw5.py for tasks to queue
[2025-10-06T00:56:40.835+0000] {logging_mixin.py:190} INFO - [2025-10-06T00:56:40.835+0000] {dagbag.py:587} INFO - Filling up the DagBag from /opt/airflow/dags/hw5.py
[2025-10-06T00:56:40.852+0000] {processor.py:925} INFO - DAG(s) 'stock_prices_dag_etl' retrieved from /opt/airflow/dags/hw5.py
[2025-10-06T00:56:40.895+0000] {logging_mixin.py:190} INFO - [2025-10-06T00:56:40.894+0000] {dag.py:3229} INFO - Sync 1 DAGs
[2025-10-06T00:56:40.932+0000] {logging_mixin.py:190} INFO - [2025-10-06T00:56:40.931+0000] {dag.py:4156} INFO - Setting next_dagrun for stock_prices_dag_etl to None, run_after=None
[2025-10-06T00:56:40.963+0000] {processor.py:208} INFO - Processing /opt/airflow/dags/hw5.py took 0.143 seconds
[2025-10-06T00:57:11.195+0000] {processor.py:186} INFO - Started process (PID=1170) to work on /opt/airflow/dags/hw5.py
[2025-10-06T00:57:11.197+0000] {processor.py:914} INFO - Processing file /opt/airflow/dags/hw5.py for tasks to queue
[2025-10-06T00:57:11.201+0000] {logging_mixin.py:190} INFO - [2025-10-06T00:57:11.201+0000] {dagbag.py:587} INFO - Filling up the DagBag from /opt/airflow/dags/hw5.py
[2025-10-06T00:57:11.218+0000] {processor.py:925} INFO - DAG(s) 'stock_prices_dag_etl' retrieved from /opt/airflow/dags/hw5.py
[2025-10-06T00:57:11.262+0000] {logging_mixin.py:190} INFO - [2025-10-06T00:57:11.261+0000] {dag.py:3229} INFO - Sync 1 DAGs
[2025-10-06T00:57:11.303+0000] {logging_mixin.py:190} INFO - [2025-10-06T00:57:11.302+0000] {dag.py:4156} INFO - Setting next_dagrun for stock_prices_dag_etl to None, run_after=None
[2025-10-06T00:57:11.332+0000] {processor.py:208} INFO - Processing /opt/airflow/dags/hw5.py took 0.146 seconds
[2025-10-06T00:57:41.695+0000] {processor.py:186} INFO - Started process (PID=1181) to work on /opt/airflow/dags/hw5.py
[2025-10-06T00:57:41.697+0000] {processor.py:914} INFO - Processing file /opt/airflow/dags/hw5.py for tasks to queue
[2025-10-06T00:57:41.701+0000] {logging_mixin.py:190} INFO - [2025-10-06T00:57:41.700+0000] {dagbag.py:587} INFO - Filling up the DagBag from /opt/airflow/dags/hw5.py
[2025-10-06T00:57:41.717+0000] {processor.py:925} INFO - DAG(s) 'stock_prices_dag_etl' retrieved from /opt/airflow/dags/hw5.py
[2025-10-06T00:57:41.762+0000] {logging_mixin.py:190} INFO - [2025-10-06T00:57:41.761+0000] {dag.py:3229} INFO - Sync 1 DAGs
[2025-10-06T00:57:41.800+0000] {logging_mixin.py:190} INFO - [2025-10-06T00:57:41.799+0000] {dag.py:4156} INFO - Setting next_dagrun for stock_prices_dag_etl to None, run_after=None
[2025-10-06T00:57:41.831+0000] {processor.py:208} INFO - Processing /opt/airflow/dags/hw5.py took 0.145 seconds
[2025-10-06T00:58:12.059+0000] {processor.py:186} INFO - Started process (PID=1192) to work on /opt/airflow/dags/hw5.py
[2025-10-06T00:58:12.061+0000] {processor.py:914} INFO - Processing file /opt/airflow/dags/hw5.py for tasks to queue
[2025-10-06T00:58:12.065+0000] {logging_mixin.py:190} INFO - [2025-10-06T00:58:12.064+0000] {dagbag.py:587} INFO - Filling up the DagBag from /opt/airflow/dags/hw5.py
[2025-10-06T00:58:12.081+0000] {processor.py:925} INFO - DAG(s) 'stock_prices_dag_etl' retrieved from /opt/airflow/dags/hw5.py
[2025-10-06T00:58:12.124+0000] {logging_mixin.py:190} INFO - [2025-10-06T00:58:12.123+0000] {dag.py:3229} INFO - Sync 1 DAGs
[2025-10-06T00:58:12.161+0000] {logging_mixin.py:190} INFO - [2025-10-06T00:58:12.161+0000] {dag.py:4156} INFO - Setting next_dagrun for stock_prices_dag_etl to None, run_after=None
[2025-10-06T00:58:12.192+0000] {processor.py:208} INFO - Processing /opt/airflow/dags/hw5.py took 0.143 seconds
[2025-10-06T00:58:42.550+0000] {processor.py:186} INFO - Started process (PID=1203) to work on /opt/airflow/dags/hw5.py
[2025-10-06T00:58:42.552+0000] {processor.py:914} INFO - Processing file /opt/airflow/dags/hw5.py for tasks to queue
[2025-10-06T00:58:42.557+0000] {logging_mixin.py:190} INFO - [2025-10-06T00:58:42.556+0000] {dagbag.py:587} INFO - Filling up the DagBag from /opt/airflow/dags/hw5.py
[2025-10-06T00:58:42.573+0000] {processor.py:925} INFO - DAG(s) 'stock_prices_dag_etl' retrieved from /opt/airflow/dags/hw5.py
[2025-10-06T00:58:42.616+0000] {logging_mixin.py:190} INFO - [2025-10-06T00:58:42.615+0000] {dag.py:3229} INFO - Sync 1 DAGs
[2025-10-06T00:58:42.653+0000] {logging_mixin.py:190} INFO - [2025-10-06T00:58:42.652+0000] {dag.py:4156} INFO - Setting next_dagrun for stock_prices_dag_etl to None, run_after=None
[2025-10-06T00:58:42.682+0000] {processor.py:208} INFO - Processing /opt/airflow/dags/hw5.py took 0.142 seconds
[2025-10-06T00:59:12.923+0000] {processor.py:186} INFO - Started process (PID=1214) to work on /opt/airflow/dags/hw5.py
[2025-10-06T00:59:12.925+0000] {processor.py:914} INFO - Processing file /opt/airflow/dags/hw5.py for tasks to queue
[2025-10-06T00:59:12.929+0000] {logging_mixin.py:190} INFO - [2025-10-06T00:59:12.929+0000] {dagbag.py:587} INFO - Filling up the DagBag from /opt/airflow/dags/hw5.py
[2025-10-06T00:59:12.947+0000] {processor.py:925} INFO - DAG(s) 'stock_prices_dag_etl' retrieved from /opt/airflow/dags/hw5.py
[2025-10-06T00:59:12.991+0000] {logging_mixin.py:190} INFO - [2025-10-06T00:59:12.990+0000] {dag.py:3229} INFO - Sync 1 DAGs
[2025-10-06T00:59:13.029+0000] {logging_mixin.py:190} INFO - [2025-10-06T00:59:13.029+0000] {dag.py:4156} INFO - Setting next_dagrun for stock_prices_dag_etl to None, run_after=None
[2025-10-06T00:59:13.059+0000] {processor.py:208} INFO - Processing /opt/airflow/dags/hw5.py took 0.145 seconds
[2025-10-06T00:59:43.693+0000] {processor.py:186} INFO - Started process (PID=1225) to work on /opt/airflow/dags/hw5.py
[2025-10-06T00:59:43.696+0000] {processor.py:914} INFO - Processing file /opt/airflow/dags/hw5.py for tasks to queue
[2025-10-06T00:59:43.702+0000] {logging_mixin.py:190} INFO - [2025-10-06T00:59:43.701+0000] {dagbag.py:587} INFO - Filling up the DagBag from /opt/airflow/dags/hw5.py
[2025-10-06T00:59:43.722+0000] {processor.py:925} INFO - DAG(s) 'stock_prices_dag_etl' retrieved from /opt/airflow/dags/hw5.py
[2025-10-06T00:59:43.767+0000] {logging_mixin.py:190} INFO - [2025-10-06T00:59:43.766+0000] {dag.py:3229} INFO - Sync 1 DAGs
[2025-10-06T00:59:43.806+0000] {logging_mixin.py:190} INFO - [2025-10-06T00:59:43.806+0000] {dag.py:4156} INFO - Setting next_dagrun for stock_prices_dag_etl to None, run_after=None
[2025-10-06T00:59:43.836+0000] {processor.py:208} INFO - Processing /opt/airflow/dags/hw5.py took 0.280 seconds
[2025-10-06T01:00:14.490+0000] {processor.py:186} INFO - Started process (PID=1236) to work on /opt/airflow/dags/hw5.py
[2025-10-06T01:00:14.492+0000] {processor.py:914} INFO - Processing file /opt/airflow/dags/hw5.py for tasks to queue
[2025-10-06T01:00:14.497+0000] {logging_mixin.py:190} INFO - [2025-10-06T01:00:14.496+0000] {dagbag.py:587} INFO - Filling up the DagBag from /opt/airflow/dags/hw5.py
[2025-10-06T01:00:14.514+0000] {processor.py:925} INFO - DAG(s) 'stock_prices_dag_etl' retrieved from /opt/airflow/dags/hw5.py
[2025-10-06T01:00:14.560+0000] {logging_mixin.py:190} INFO - [2025-10-06T01:00:14.559+0000] {dag.py:3229} INFO - Sync 1 DAGs
[2025-10-06T01:00:14.599+0000] {logging_mixin.py:190} INFO - [2025-10-06T01:00:14.598+0000] {dag.py:4156} INFO - Setting next_dagrun for stock_prices_dag_etl to None, run_after=None
[2025-10-06T01:00:14.629+0000] {processor.py:208} INFO - Processing /opt/airflow/dags/hw5.py took 0.149 seconds
[2025-10-06T01:01:03.297+0000] {processor.py:186} INFO - Started process (PID=1253) to work on /opt/airflow/dags/hw5.py
[2025-10-06T01:01:03.299+0000] {processor.py:914} INFO - Processing file /opt/airflow/dags/hw5.py for tasks to queue
[2025-10-06T01:01:03.308+0000] {logging_mixin.py:190} INFO - [2025-10-06T01:01:03.307+0000] {dagbag.py:587} INFO - Filling up the DagBag from /opt/airflow/dags/hw5.py
[2025-10-06T01:01:03.433+0000] {processor.py:925} INFO - DAG(s) 'stock_prices_dag_etl' retrieved from /opt/airflow/dags/hw5.py
[2025-10-06T01:01:03.738+0000] {logging_mixin.py:190} INFO - [2025-10-06T01:01:03.705+0000] {dag.py:3229} INFO - Sync 1 DAGs
[2025-10-06T01:01:03.911+0000] {logging_mixin.py:190} INFO - [2025-10-06T01:01:03.909+0000] {dag.py:4156} INFO - Setting next_dagrun for stock_prices_dag_etl to None, run_after=None
[2025-10-06T01:01:03.968+0000] {processor.py:208} INFO - Processing /opt/airflow/dags/hw5.py took 0.739 seconds
[2025-10-06T01:01:35.617+0000] {processor.py:186} INFO - Started process (PID=1264) to work on /opt/airflow/dags/hw5.py
[2025-10-06T01:01:35.619+0000] {processor.py:914} INFO - Processing file /opt/airflow/dags/hw5.py for tasks to queue
[2025-10-06T01:01:35.625+0000] {logging_mixin.py:190} INFO - [2025-10-06T01:01:35.624+0000] {dagbag.py:587} INFO - Filling up the DagBag from /opt/airflow/dags/hw5.py
[2025-10-06T01:01:35.655+0000] {processor.py:925} INFO - DAG(s) 'stock_prices_dag_etl' retrieved from /opt/airflow/dags/hw5.py
[2025-10-06T01:01:35.713+0000] {logging_mixin.py:190} INFO - [2025-10-06T01:01:35.711+0000] {dag.py:3229} INFO - Sync 1 DAGs
[2025-10-06T01:01:35.768+0000] {logging_mixin.py:190} INFO - [2025-10-06T01:01:35.768+0000] {dag.py:4156} INFO - Setting next_dagrun for stock_prices_dag_etl to None, run_after=None
[2025-10-06T01:01:35.808+0000] {processor.py:208} INFO - Processing /opt/airflow/dags/hw5.py took 0.203 seconds
[2025-10-06T01:02:05.951+0000] {processor.py:186} INFO - Started process (PID=1275) to work on /opt/airflow/dags/hw5.py
[2025-10-06T01:02:05.953+0000] {processor.py:914} INFO - Processing file /opt/airflow/dags/hw5.py for tasks to queue
[2025-10-06T01:02:05.958+0000] {logging_mixin.py:190} INFO - [2025-10-06T01:02:05.957+0000] {dagbag.py:587} INFO - Filling up the DagBag from /opt/airflow/dags/hw5.py
[2025-10-06T01:02:05.980+0000] {processor.py:925} INFO - DAG(s) 'stock_prices_dag_etl' retrieved from /opt/airflow/dags/hw5.py
[2025-10-06T01:02:06.039+0000] {logging_mixin.py:190} INFO - [2025-10-06T01:02:06.038+0000] {dag.py:3229} INFO - Sync 1 DAGs
[2025-10-06T01:02:06.090+0000] {logging_mixin.py:190} INFO - [2025-10-06T01:02:06.089+0000] {dag.py:4156} INFO - Setting next_dagrun for stock_prices_dag_etl to None, run_after=None
[2025-10-06T01:02:06.123+0000] {processor.py:208} INFO - Processing /opt/airflow/dags/hw5.py took 0.187 seconds
[2025-10-06T01:02:36.571+0000] {processor.py:186} INFO - Started process (PID=1286) to work on /opt/airflow/dags/hw5.py
[2025-10-06T01:02:36.573+0000] {processor.py:914} INFO - Processing file /opt/airflow/dags/hw5.py for tasks to queue
[2025-10-06T01:02:36.577+0000] {logging_mixin.py:190} INFO - [2025-10-06T01:02:36.577+0000] {dagbag.py:587} INFO - Filling up the DagBag from /opt/airflow/dags/hw5.py
[2025-10-06T01:02:36.596+0000] {processor.py:925} INFO - DAG(s) 'stock_prices_dag_etl' retrieved from /opt/airflow/dags/hw5.py
[2025-10-06T01:02:36.654+0000] {logging_mixin.py:190} INFO - [2025-10-06T01:02:36.653+0000] {dag.py:3229} INFO - Sync 1 DAGs
[2025-10-06T01:02:36.711+0000] {logging_mixin.py:190} INFO - [2025-10-06T01:02:36.711+0000] {dag.py:4156} INFO - Setting next_dagrun for stock_prices_dag_etl to None, run_after=None
[2025-10-06T01:02:36.765+0000] {processor.py:208} INFO - Processing /opt/airflow/dags/hw5.py took 0.205 seconds
[2025-10-06T01:03:06.963+0000] {processor.py:186} INFO - Started process (PID=1298) to work on /opt/airflow/dags/hw5.py
[2025-10-06T01:03:06.966+0000] {processor.py:914} INFO - Processing file /opt/airflow/dags/hw5.py for tasks to queue
[2025-10-06T01:03:06.971+0000] {logging_mixin.py:190} INFO - [2025-10-06T01:03:06.970+0000] {dagbag.py:587} INFO - Filling up the DagBag from /opt/airflow/dags/hw5.py
[2025-10-06T01:03:06.990+0000] {processor.py:925} INFO - DAG(s) 'stock_prices_dag_etl' retrieved from /opt/airflow/dags/hw5.py
[2025-10-06T01:03:07.041+0000] {logging_mixin.py:190} INFO - [2025-10-06T01:03:07.040+0000] {dag.py:3229} INFO - Sync 1 DAGs
[2025-10-06T01:03:07.083+0000] {logging_mixin.py:190} INFO - [2025-10-06T01:03:07.083+0000] {dag.py:4156} INFO - Setting next_dagrun for stock_prices_dag_etl to None, run_after=None
[2025-10-06T01:03:07.112+0000] {processor.py:208} INFO - Processing /opt/airflow/dags/hw5.py took 0.164 seconds
[2025-10-06T01:03:37.429+0000] {processor.py:186} INFO - Started process (PID=1309) to work on /opt/airflow/dags/hw5.py
[2025-10-06T01:03:37.434+0000] {processor.py:914} INFO - Processing file /opt/airflow/dags/hw5.py for tasks to queue
[2025-10-06T01:03:37.441+0000] {logging_mixin.py:190} INFO - [2025-10-06T01:03:37.441+0000] {dagbag.py:587} INFO - Filling up the DagBag from /opt/airflow/dags/hw5.py
[2025-10-06T01:03:37.473+0000] {processor.py:925} INFO - DAG(s) 'stock_prices_dag_etl' retrieved from /opt/airflow/dags/hw5.py
[2025-10-06T01:03:37.548+0000] {logging_mixin.py:190} INFO - [2025-10-06T01:03:37.546+0000] {dag.py:3229} INFO - Sync 1 DAGs
[2025-10-06T01:03:37.609+0000] {logging_mixin.py:190} INFO - [2025-10-06T01:03:37.608+0000] {dag.py:4156} INFO - Setting next_dagrun for stock_prices_dag_etl to None, run_after=None
[2025-10-06T01:03:37.649+0000] {processor.py:208} INFO - Processing /opt/airflow/dags/hw5.py took 0.249 seconds
[2025-10-06T01:04:07.898+0000] {processor.py:186} INFO - Started process (PID=1320) to work on /opt/airflow/dags/hw5.py
[2025-10-06T01:04:07.901+0000] {processor.py:914} INFO - Processing file /opt/airflow/dags/hw5.py for tasks to queue
[2025-10-06T01:04:07.909+0000] {logging_mixin.py:190} INFO - [2025-10-06T01:04:07.908+0000] {dagbag.py:587} INFO - Filling up the DagBag from /opt/airflow/dags/hw5.py
[2025-10-06T01:04:07.941+0000] {processor.py:925} INFO - DAG(s) 'stock_prices_dag_etl' retrieved from /opt/airflow/dags/hw5.py
[2025-10-06T01:04:08.000+0000] {logging_mixin.py:190} INFO - [2025-10-06T01:04:07.999+0000] {dag.py:3229} INFO - Sync 1 DAGs
[2025-10-06T01:04:08.045+0000] {logging_mixin.py:190} INFO - [2025-10-06T01:04:08.045+0000] {dag.py:4156} INFO - Setting next_dagrun for stock_prices_dag_etl to None, run_after=None
[2025-10-06T01:04:08.087+0000] {processor.py:208} INFO - Processing /opt/airflow/dags/hw5.py took 0.204 seconds
[2025-10-06T01:04:38.398+0000] {processor.py:186} INFO - Started process (PID=1331) to work on /opt/airflow/dags/hw5.py
[2025-10-06T01:04:38.401+0000] {processor.py:914} INFO - Processing file /opt/airflow/dags/hw5.py for tasks to queue
[2025-10-06T01:04:38.406+0000] {logging_mixin.py:190} INFO - [2025-10-06T01:04:38.405+0000] {dagbag.py:587} INFO - Filling up the DagBag from /opt/airflow/dags/hw5.py
[2025-10-06T01:04:38.424+0000] {processor.py:925} INFO - DAG(s) 'stock_prices_dag_etl' retrieved from /opt/airflow/dags/hw5.py
[2025-10-06T01:04:38.473+0000] {logging_mixin.py:190} INFO - [2025-10-06T01:04:38.472+0000] {dag.py:3229} INFO - Sync 1 DAGs
[2025-10-06T01:04:38.515+0000] {logging_mixin.py:190} INFO - [2025-10-06T01:04:38.515+0000] {dag.py:4156} INFO - Setting next_dagrun for stock_prices_dag_etl to None, run_after=None
[2025-10-06T01:04:38.548+0000] {processor.py:208} INFO - Processing /opt/airflow/dags/hw5.py took 0.160 seconds
[2025-10-06T01:05:08.796+0000] {processor.py:186} INFO - Started process (PID=1348) to work on /opt/airflow/dags/hw5.py
[2025-10-06T01:05:08.798+0000] {processor.py:914} INFO - Processing file /opt/airflow/dags/hw5.py for tasks to queue
[2025-10-06T01:05:08.803+0000] {logging_mixin.py:190} INFO - [2025-10-06T01:05:08.803+0000] {dagbag.py:587} INFO - Filling up the DagBag from /opt/airflow/dags/hw5.py
[2025-10-06T01:05:08.824+0000] {processor.py:925} INFO - DAG(s) 'stock_prices_dag_etl' retrieved from /opt/airflow/dags/hw5.py
[2025-10-06T01:05:08.874+0000] {logging_mixin.py:190} INFO - [2025-10-06T01:05:08.873+0000] {dag.py:3229} INFO - Sync 1 DAGs
[2025-10-06T01:05:08.914+0000] {logging_mixin.py:190} INFO - [2025-10-06T01:05:08.913+0000] {dag.py:4156} INFO - Setting next_dagrun for stock_prices_dag_etl to None, run_after=None
[2025-10-06T01:05:08.951+0000] {processor.py:208} INFO - Processing /opt/airflow/dags/hw5.py took 0.178 seconds
[2025-10-06T01:05:39.371+0000] {processor.py:186} INFO - Started process (PID=1359) to work on /opt/airflow/dags/hw5.py
[2025-10-06T01:05:39.373+0000] {processor.py:914} INFO - Processing file /opt/airflow/dags/hw5.py for tasks to queue
[2025-10-06T01:05:39.377+0000] {logging_mixin.py:190} INFO - [2025-10-06T01:05:39.377+0000] {dagbag.py:587} INFO - Filling up the DagBag from /opt/airflow/dags/hw5.py
[2025-10-06T01:05:39.394+0000] {processor.py:925} INFO - DAG(s) 'stock_prices_dag_etl' retrieved from /opt/airflow/dags/hw5.py
[2025-10-06T01:05:39.441+0000] {logging_mixin.py:190} INFO - [2025-10-06T01:05:39.440+0000] {dag.py:3229} INFO - Sync 1 DAGs
[2025-10-06T01:05:39.481+0000] {logging_mixin.py:190} INFO - [2025-10-06T01:05:39.481+0000] {dag.py:4156} INFO - Setting next_dagrun for stock_prices_dag_etl to None, run_after=None
[2025-10-06T01:05:39.511+0000] {processor.py:208} INFO - Processing /opt/airflow/dags/hw5.py took 0.161 seconds
[2025-10-06T01:06:09.717+0000] {processor.py:186} INFO - Started process (PID=1370) to work on /opt/airflow/dags/hw5.py
[2025-10-06T01:06:09.723+0000] {processor.py:914} INFO - Processing file /opt/airflow/dags/hw5.py for tasks to queue
[2025-10-06T01:06:09.728+0000] {logging_mixin.py:190} INFO - [2025-10-06T01:06:09.727+0000] {dagbag.py:587} INFO - Filling up the DagBag from /opt/airflow/dags/hw5.py
[2025-10-06T01:06:09.751+0000] {processor.py:925} INFO - DAG(s) 'stock_prices_dag_etl' retrieved from /opt/airflow/dags/hw5.py
[2025-10-06T01:06:09.803+0000] {logging_mixin.py:190} INFO - [2025-10-06T01:06:09.802+0000] {dag.py:3229} INFO - Sync 1 DAGs
[2025-10-06T01:06:09.849+0000] {logging_mixin.py:190} INFO - [2025-10-06T01:06:09.848+0000] {dag.py:4156} INFO - Setting next_dagrun for stock_prices_dag_etl to None, run_after=None
[2025-10-06T01:06:09.879+0000] {processor.py:208} INFO - Processing /opt/airflow/dags/hw5.py took 0.181 seconds
[2025-10-06T01:06:40.244+0000] {processor.py:186} INFO - Started process (PID=1381) to work on /opt/airflow/dags/hw5.py
[2025-10-06T01:06:40.248+0000] {processor.py:914} INFO - Processing file /opt/airflow/dags/hw5.py for tasks to queue
[2025-10-06T01:06:40.252+0000] {logging_mixin.py:190} INFO - [2025-10-06T01:06:40.252+0000] {dagbag.py:587} INFO - Filling up the DagBag from /opt/airflow/dags/hw5.py
[2025-10-06T01:06:40.269+0000] {processor.py:925} INFO - DAG(s) 'stock_prices_dag_etl' retrieved from /opt/airflow/dags/hw5.py
[2025-10-06T01:06:40.315+0000] {logging_mixin.py:190} INFO - [2025-10-06T01:06:40.314+0000] {dag.py:3229} INFO - Sync 1 DAGs
[2025-10-06T01:06:40.353+0000] {logging_mixin.py:190} INFO - [2025-10-06T01:06:40.353+0000] {dag.py:4156} INFO - Setting next_dagrun for stock_prices_dag_etl to None, run_after=None
[2025-10-06T01:06:40.382+0000] {processor.py:208} INFO - Processing /opt/airflow/dags/hw5.py took 0.154 seconds
