[2025-10-06T06:56:44.078+0000] {processor.py:186} INFO - Started process (PID=6407) to work on /opt/airflow/dags/lab1_pipeline.py
[2025-10-06T06:56:44.079+0000] {processor.py:914} INFO - Processing file /opt/airflow/dags/lab1_pipeline.py for tasks to queue
[2025-10-06T06:56:44.082+0000] {logging_mixin.py:190} INFO - [2025-10-06T06:56:44.081+0000] {dagbag.py:587} INFO - Filling up the DagBag from /opt/airflow/dags/lab1_pipeline.py
[2025-10-06T06:56:45.846+0000] {processor.py:925} INFO - DAG(s) 'stock_prices_dag_etl_lab1' retrieved from /opt/airflow/dags/lab1_pipeline.py
[2025-10-06T06:56:46.542+0000] {logging_mixin.py:190} INFO - [2025-10-06T06:56:46.540+0000] {dag.py:3229} INFO - Sync 1 DAGs
[2025-10-06T06:56:46.641+0000] {logging_mixin.py:190} INFO - [2025-10-06T06:56:46.640+0000] {dag.py:4156} INFO - Setting next_dagrun for stock_prices_dag_etl_lab1 to 2025-10-05 09:00:00+00:00, run_after=2025-10-06 09:00:00+00:00
[2025-10-06T06:56:46.704+0000] {processor.py:208} INFO - Processing /opt/airflow/dags/lab1_pipeline.py took 2.687 seconds
[2025-10-06T06:57:17.573+0000] {processor.py:186} INFO - Started process (PID=6433) to work on /opt/airflow/dags/lab1_pipeline.py
[2025-10-06T06:57:17.576+0000] {processor.py:914} INFO - Processing file /opt/airflow/dags/lab1_pipeline.py for tasks to queue
[2025-10-06T06:57:17.580+0000] {logging_mixin.py:190} INFO - [2025-10-06T06:57:17.578+0000] {dagbag.py:587} INFO - Filling up the DagBag from /opt/airflow/dags/lab1_pipeline.py
[2025-10-06T06:57:18.688+0000] {processor.py:925} INFO - DAG(s) 'stock_prices_dag_etl_lab1' retrieved from /opt/airflow/dags/lab1_pipeline.py
[2025-10-06T06:57:18.737+0000] {logging_mixin.py:190} INFO - [2025-10-06T06:57:18.736+0000] {dag.py:3229} INFO - Sync 1 DAGs
[2025-10-06T06:57:18.773+0000] {logging_mixin.py:190} INFO - [2025-10-06T06:57:18.773+0000] {dag.py:4156} INFO - Setting next_dagrun for stock_prices_dag_etl_lab1 to 2025-10-05 09:00:00+00:00, run_after=2025-10-06 09:00:00+00:00
[2025-10-06T06:57:18.816+0000] {processor.py:208} INFO - Processing /opt/airflow/dags/lab1_pipeline.py took 1.257 seconds
[2025-10-06T06:57:49.157+0000] {processor.py:186} INFO - Started process (PID=6449) to work on /opt/airflow/dags/lab1_pipeline.py
[2025-10-06T06:57:49.159+0000] {processor.py:914} INFO - Processing file /opt/airflow/dags/lab1_pipeline.py for tasks to queue
[2025-10-06T06:57:49.161+0000] {logging_mixin.py:190} INFO - [2025-10-06T06:57:49.160+0000] {dagbag.py:587} INFO - Filling up the DagBag from /opt/airflow/dags/lab1_pipeline.py
[2025-10-06T06:57:50.063+0000] {processor.py:925} INFO - DAG(s) 'stock_prices_dag_etl_lab1' retrieved from /opt/airflow/dags/lab1_pipeline.py
[2025-10-06T06:57:50.130+0000] {logging_mixin.py:190} INFO - [2025-10-06T06:57:50.128+0000] {dag.py:3229} INFO - Sync 1 DAGs
[2025-10-06T06:57:50.165+0000] {logging_mixin.py:190} INFO - [2025-10-06T06:57:50.165+0000] {dag.py:4156} INFO - Setting next_dagrun for stock_prices_dag_etl_lab1 to 2025-10-05 09:00:00+00:00, run_after=2025-10-06 09:00:00+00:00
[2025-10-06T06:57:50.192+0000] {processor.py:208} INFO - Processing /opt/airflow/dags/lab1_pipeline.py took 1.045 seconds
[2025-10-06T06:58:20.560+0000] {processor.py:186} INFO - Started process (PID=6465) to work on /opt/airflow/dags/lab1_pipeline.py
[2025-10-06T06:58:20.563+0000] {processor.py:914} INFO - Processing file /opt/airflow/dags/lab1_pipeline.py for tasks to queue
[2025-10-06T06:58:20.565+0000] {logging_mixin.py:190} INFO - [2025-10-06T06:58:20.564+0000] {dagbag.py:587} INFO - Filling up the DagBag from /opt/airflow/dags/lab1_pipeline.py
[2025-10-06T06:58:21.290+0000] {processor.py:925} INFO - DAG(s) 'stock_prices_dag_etl_lab1' retrieved from /opt/airflow/dags/lab1_pipeline.py
[2025-10-06T06:58:21.325+0000] {logging_mixin.py:190} INFO - [2025-10-06T06:58:21.324+0000] {dag.py:3229} INFO - Sync 1 DAGs
[2025-10-06T06:58:21.353+0000] {logging_mixin.py:190} INFO - [2025-10-06T06:58:21.353+0000] {dag.py:4156} INFO - Setting next_dagrun for stock_prices_dag_etl_lab1 to 2025-10-05 09:00:00+00:00, run_after=2025-10-06 09:00:00+00:00
[2025-10-06T06:58:21.374+0000] {processor.py:208} INFO - Processing /opt/airflow/dags/lab1_pipeline.py took 0.823 seconds
[2025-10-06T06:58:51.971+0000] {processor.py:186} INFO - Started process (PID=6481) to work on /opt/airflow/dags/lab1_pipeline.py
[2025-10-06T06:58:51.973+0000] {processor.py:914} INFO - Processing file /opt/airflow/dags/lab1_pipeline.py for tasks to queue
[2025-10-06T06:58:51.975+0000] {logging_mixin.py:190} INFO - [2025-10-06T06:58:51.975+0000] {dagbag.py:587} INFO - Filling up the DagBag from /opt/airflow/dags/lab1_pipeline.py
[2025-10-06T06:58:52.661+0000] {processor.py:925} INFO - DAG(s) 'stock_prices_dag_etl_lab1' retrieved from /opt/airflow/dags/lab1_pipeline.py
[2025-10-06T06:58:52.735+0000] {logging_mixin.py:190} INFO - [2025-10-06T06:58:52.734+0000] {dag.py:3229} INFO - Sync 1 DAGs
[2025-10-06T06:58:52.788+0000] {logging_mixin.py:190} INFO - [2025-10-06T06:58:52.787+0000] {dag.py:4156} INFO - Setting next_dagrun for stock_prices_dag_etl_lab1 to 2025-10-05 09:00:00+00:00, run_after=2025-10-06 09:00:00+00:00
[2025-10-06T06:58:52.814+0000] {processor.py:208} INFO - Processing /opt/airflow/dags/lab1_pipeline.py took 0.854 seconds
[2025-10-06T06:59:23.312+0000] {processor.py:186} INFO - Started process (PID=6497) to work on /opt/airflow/dags/lab1_pipeline.py
[2025-10-06T06:59:23.313+0000] {processor.py:914} INFO - Processing file /opt/airflow/dags/lab1_pipeline.py for tasks to queue
[2025-10-06T06:59:23.315+0000] {logging_mixin.py:190} INFO - [2025-10-06T06:59:23.314+0000] {dagbag.py:587} INFO - Filling up the DagBag from /opt/airflow/dags/lab1_pipeline.py
[2025-10-06T06:59:23.872+0000] {processor.py:925} INFO - DAG(s) 'stock_prices_dag_etl_lab1' retrieved from /opt/airflow/dags/lab1_pipeline.py
[2025-10-06T06:59:23.911+0000] {logging_mixin.py:190} INFO - [2025-10-06T06:59:23.911+0000] {dag.py:3229} INFO - Sync 1 DAGs
[2025-10-06T06:59:23.942+0000] {logging_mixin.py:190} INFO - [2025-10-06T06:59:23.942+0000] {dag.py:4156} INFO - Setting next_dagrun for stock_prices_dag_etl_lab1 to 2025-10-05 09:00:00+00:00, run_after=2025-10-06 09:00:00+00:00
[2025-10-06T06:59:23.967+0000] {processor.py:208} INFO - Processing /opt/airflow/dags/lab1_pipeline.py took 0.666 seconds
[2025-10-06T06:59:54.267+0000] {processor.py:186} INFO - Started process (PID=6513) to work on /opt/airflow/dags/lab1_pipeline.py
[2025-10-06T06:59:54.269+0000] {processor.py:914} INFO - Processing file /opt/airflow/dags/lab1_pipeline.py for tasks to queue
[2025-10-06T06:59:54.271+0000] {logging_mixin.py:190} INFO - [2025-10-06T06:59:54.270+0000] {dagbag.py:587} INFO - Filling up the DagBag from /opt/airflow/dags/lab1_pipeline.py
[2025-10-06T06:59:54.797+0000] {processor.py:925} INFO - DAG(s) 'stock_prices_dag_etl_lab1' retrieved from /opt/airflow/dags/lab1_pipeline.py
[2025-10-06T06:59:54.831+0000] {logging_mixin.py:190} INFO - [2025-10-06T06:59:54.830+0000] {dag.py:3229} INFO - Sync 1 DAGs
[2025-10-06T06:59:54.865+0000] {logging_mixin.py:190} INFO - [2025-10-06T06:59:54.865+0000] {dag.py:4156} INFO - Setting next_dagrun for stock_prices_dag_etl_lab1 to 2025-10-05 09:00:00+00:00, run_after=2025-10-06 09:00:00+00:00
[2025-10-06T06:59:54.888+0000] {processor.py:208} INFO - Processing /opt/airflow/dags/lab1_pipeline.py took 0.631 seconds
[2025-10-06T07:00:25.622+0000] {processor.py:186} INFO - Started process (PID=6529) to work on /opt/airflow/dags/lab1_pipeline.py
[2025-10-06T07:00:25.624+0000] {processor.py:914} INFO - Processing file /opt/airflow/dags/lab1_pipeline.py for tasks to queue
[2025-10-06T07:00:25.633+0000] {logging_mixin.py:190} INFO - [2025-10-06T07:00:25.630+0000] {dagbag.py:587} INFO - Filling up the DagBag from /opt/airflow/dags/lab1_pipeline.py
[2025-10-06T07:00:26.407+0000] {processor.py:925} INFO - DAG(s) 'stock_prices_dag_etl_lab1' retrieved from /opt/airflow/dags/lab1_pipeline.py
[2025-10-06T07:00:26.446+0000] {logging_mixin.py:190} INFO - [2025-10-06T07:00:26.445+0000] {dag.py:3229} INFO - Sync 1 DAGs
[2025-10-06T07:00:26.477+0000] {logging_mixin.py:190} INFO - [2025-10-06T07:00:26.477+0000] {dag.py:4156} INFO - Setting next_dagrun for stock_prices_dag_etl_lab1 to 2025-10-05 09:00:00+00:00, run_after=2025-10-06 09:00:00+00:00
[2025-10-06T07:00:26.503+0000] {processor.py:208} INFO - Processing /opt/airflow/dags/lab1_pipeline.py took 0.895 seconds
[2025-10-06T07:00:57.001+0000] {processor.py:186} INFO - Started process (PID=6551) to work on /opt/airflow/dags/lab1_pipeline.py
[2025-10-06T07:00:57.004+0000] {processor.py:914} INFO - Processing file /opt/airflow/dags/lab1_pipeline.py for tasks to queue
[2025-10-06T07:00:57.009+0000] {logging_mixin.py:190} INFO - [2025-10-06T07:00:57.007+0000] {dagbag.py:587} INFO - Filling up the DagBag from /opt/airflow/dags/lab1_pipeline.py
[2025-10-06T07:00:57.833+0000] {processor.py:925} INFO - DAG(s) 'stock_prices_dag_etl_lab1' retrieved from /opt/airflow/dags/lab1_pipeline.py
[2025-10-06T07:00:57.919+0000] {logging_mixin.py:190} INFO - [2025-10-06T07:00:57.917+0000] {dag.py:3229} INFO - Sync 1 DAGs
[2025-10-06T07:00:58.029+0000] {logging_mixin.py:190} INFO - [2025-10-06T07:00:58.028+0000] {dag.py:4156} INFO - Setting next_dagrun for stock_prices_dag_etl_lab1 to 2025-10-05 09:00:00+00:00, run_after=2025-10-06 09:00:00+00:00
[2025-10-06T07:00:58.109+0000] {processor.py:208} INFO - Processing /opt/airflow/dags/lab1_pipeline.py took 1.132 seconds
[2025-10-06T07:01:28.720+0000] {processor.py:186} INFO - Started process (PID=6567) to work on /opt/airflow/dags/lab1_pipeline.py
[2025-10-06T07:01:28.722+0000] {processor.py:914} INFO - Processing file /opt/airflow/dags/lab1_pipeline.py for tasks to queue
[2025-10-06T07:01:28.725+0000] {logging_mixin.py:190} INFO - [2025-10-06T07:01:28.724+0000] {dagbag.py:587} INFO - Filling up the DagBag from /opt/airflow/dags/lab1_pipeline.py
[2025-10-06T07:01:29.577+0000] {processor.py:925} INFO - DAG(s) 'stock_prices_dag_etl_lab1' retrieved from /opt/airflow/dags/lab1_pipeline.py
[2025-10-06T07:01:29.629+0000] {logging_mixin.py:190} INFO - [2025-10-06T07:01:29.628+0000] {dag.py:3229} INFO - Sync 1 DAGs
[2025-10-06T07:01:29.664+0000] {logging_mixin.py:190} INFO - [2025-10-06T07:01:29.664+0000] {dag.py:4156} INFO - Setting next_dagrun for stock_prices_dag_etl_lab1 to 2025-10-05 09:00:00+00:00, run_after=2025-10-06 09:00:00+00:00
[2025-10-06T07:01:29.693+0000] {processor.py:208} INFO - Processing /opt/airflow/dags/lab1_pipeline.py took 1.020 seconds
[2025-10-06T07:02:00.090+0000] {processor.py:186} INFO - Started process (PID=6588) to work on /opt/airflow/dags/lab1_pipeline.py
[2025-10-06T07:02:00.094+0000] {processor.py:914} INFO - Processing file /opt/airflow/dags/lab1_pipeline.py for tasks to queue
[2025-10-06T07:02:00.097+0000] {logging_mixin.py:190} INFO - [2025-10-06T07:02:00.096+0000] {dagbag.py:587} INFO - Filling up the DagBag from /opt/airflow/dags/lab1_pipeline.py
[2025-10-06T07:02:00.939+0000] {processor.py:925} INFO - DAG(s) 'stock_prices_dag_etl_lab1' retrieved from /opt/airflow/dags/lab1_pipeline.py
[2025-10-06T07:02:01.046+0000] {logging_mixin.py:190} INFO - [2025-10-06T07:02:01.044+0000] {dag.py:3229} INFO - Sync 1 DAGs
[2025-10-06T07:02:01.108+0000] {logging_mixin.py:190} INFO - [2025-10-06T07:02:01.108+0000] {dag.py:4156} INFO - Setting next_dagrun for stock_prices_dag_etl_lab1 to 2025-10-05 09:00:00+00:00, run_after=2025-10-06 09:00:00+00:00
[2025-10-06T07:02:01.145+0000] {processor.py:208} INFO - Processing /opt/airflow/dags/lab1_pipeline.py took 1.077 seconds
[2025-10-06T07:02:31.548+0000] {processor.py:186} INFO - Started process (PID=6605) to work on /opt/airflow/dags/lab1_pipeline.py
[2025-10-06T07:02:31.551+0000] {processor.py:914} INFO - Processing file /opt/airflow/dags/lab1_pipeline.py for tasks to queue
[2025-10-06T07:02:31.555+0000] {logging_mixin.py:190} INFO - [2025-10-06T07:02:31.554+0000] {dagbag.py:587} INFO - Filling up the DagBag from /opt/airflow/dags/lab1_pipeline.py
[2025-10-06T07:02:32.536+0000] {processor.py:925} INFO - DAG(s) 'stock_prices_dag_etl_lab1' retrieved from /opt/airflow/dags/lab1_pipeline.py
[2025-10-06T07:02:32.932+0000] {logging_mixin.py:190} INFO - [2025-10-06T07:02:32.930+0000] {dag.py:3229} INFO - Sync 1 DAGs
[2025-10-06T07:02:33.009+0000] {logging_mixin.py:190} INFO - [2025-10-06T07:02:33.008+0000] {dag.py:4156} INFO - Setting next_dagrun for stock_prices_dag_etl_lab1 to 2025-10-05 09:00:00+00:00, run_after=2025-10-06 09:00:00+00:00
[2025-10-06T07:02:33.029+0000] {processor.py:208} INFO - Processing /opt/airflow/dags/lab1_pipeline.py took 1.505 seconds
[2025-10-06T07:03:03.345+0000] {processor.py:186} INFO - Started process (PID=6621) to work on /opt/airflow/dags/lab1_pipeline.py
[2025-10-06T07:03:03.347+0000] {processor.py:914} INFO - Processing file /opt/airflow/dags/lab1_pipeline.py for tasks to queue
[2025-10-06T07:03:03.349+0000] {logging_mixin.py:190} INFO - [2025-10-06T07:03:03.348+0000] {dagbag.py:587} INFO - Filling up the DagBag from /opt/airflow/dags/lab1_pipeline.py
[2025-10-06T07:03:03.857+0000] {processor.py:925} INFO - DAG(s) 'stock_prices_dag_etl_lab1' retrieved from /opt/airflow/dags/lab1_pipeline.py
[2025-10-06T07:03:03.900+0000] {logging_mixin.py:190} INFO - [2025-10-06T07:03:03.897+0000] {dag.py:3229} INFO - Sync 1 DAGs
[2025-10-06T07:03:03.927+0000] {logging_mixin.py:190} INFO - [2025-10-06T07:03:03.927+0000] {dag.py:4156} INFO - Setting next_dagrun for stock_prices_dag_etl_lab1 to 2025-10-05 09:00:00+00:00, run_after=2025-10-06 09:00:00+00:00
[2025-10-06T07:03:03.949+0000] {processor.py:208} INFO - Processing /opt/airflow/dags/lab1_pipeline.py took 0.612 seconds
[2025-10-06T07:03:34.357+0000] {processor.py:186} INFO - Started process (PID=6642) to work on /opt/airflow/dags/lab1_pipeline.py
[2025-10-06T07:03:34.359+0000] {processor.py:914} INFO - Processing file /opt/airflow/dags/lab1_pipeline.py for tasks to queue
[2025-10-06T07:03:34.362+0000] {logging_mixin.py:190} INFO - [2025-10-06T07:03:34.361+0000] {dagbag.py:587} INFO - Filling up the DagBag from /opt/airflow/dags/lab1_pipeline.py
[2025-10-06T07:03:34.842+0000] {processor.py:925} INFO - DAG(s) 'stock_prices_dag_etl_lab1' retrieved from /opt/airflow/dags/lab1_pipeline.py
[2025-10-06T07:03:34.877+0000] {logging_mixin.py:190} INFO - [2025-10-06T07:03:34.876+0000] {dag.py:3229} INFO - Sync 1 DAGs
[2025-10-06T07:03:34.905+0000] {logging_mixin.py:190} INFO - [2025-10-06T07:03:34.904+0000] {dag.py:4156} INFO - Setting next_dagrun for stock_prices_dag_etl_lab1 to 2025-10-05 09:00:00+00:00, run_after=2025-10-06 09:00:00+00:00
[2025-10-06T07:03:34.928+0000] {processor.py:208} INFO - Processing /opt/airflow/dags/lab1_pipeline.py took 0.580 seconds
[2025-10-06T07:04:05.456+0000] {processor.py:186} INFO - Started process (PID=6656) to work on /opt/airflow/dags/lab1_pipeline.py
[2025-10-06T07:04:05.460+0000] {processor.py:914} INFO - Processing file /opt/airflow/dags/lab1_pipeline.py for tasks to queue
[2025-10-06T07:04:05.463+0000] {logging_mixin.py:190} INFO - [2025-10-06T07:04:05.462+0000] {dagbag.py:587} INFO - Filling up the DagBag from /opt/airflow/dags/lab1_pipeline.py
[2025-10-06T07:04:06.301+0000] {processor.py:925} INFO - DAG(s) 'stock_prices_dag_etl_lab1' retrieved from /opt/airflow/dags/lab1_pipeline.py
[2025-10-06T07:04:06.341+0000] {logging_mixin.py:190} INFO - [2025-10-06T07:04:06.340+0000] {dag.py:3229} INFO - Sync 1 DAGs
[2025-10-06T07:04:06.375+0000] {logging_mixin.py:190} INFO - [2025-10-06T07:04:06.375+0000] {dag.py:4156} INFO - Setting next_dagrun for stock_prices_dag_etl_lab1 to 2025-10-05 09:00:00+00:00, run_after=2025-10-06 09:00:00+00:00
[2025-10-06T07:04:06.400+0000] {processor.py:208} INFO - Processing /opt/airflow/dags/lab1_pipeline.py took 0.966 seconds
[2025-10-06T07:04:36.893+0000] {processor.py:186} INFO - Started process (PID=6673) to work on /opt/airflow/dags/lab1_pipeline.py
[2025-10-06T07:04:36.895+0000] {processor.py:914} INFO - Processing file /opt/airflow/dags/lab1_pipeline.py for tasks to queue
[2025-10-06T07:04:36.898+0000] {logging_mixin.py:190} INFO - [2025-10-06T07:04:36.897+0000] {dagbag.py:587} INFO - Filling up the DagBag from /opt/airflow/dags/lab1_pipeline.py
[2025-10-06T07:04:37.499+0000] {processor.py:925} INFO - DAG(s) 'stock_prices_dag_etl_lab1' retrieved from /opt/airflow/dags/lab1_pipeline.py
[2025-10-06T07:04:37.545+0000] {logging_mixin.py:190} INFO - [2025-10-06T07:04:37.544+0000] {dag.py:3229} INFO - Sync 1 DAGs
[2025-10-06T07:04:37.574+0000] {logging_mixin.py:190} INFO - [2025-10-06T07:04:37.574+0000] {dag.py:4156} INFO - Setting next_dagrun for stock_prices_dag_etl_lab1 to 2025-10-05 09:00:00+00:00, run_after=2025-10-06 09:00:00+00:00
[2025-10-06T07:04:37.597+0000] {processor.py:208} INFO - Processing /opt/airflow/dags/lab1_pipeline.py took 0.720 seconds
[2025-10-06T07:05:08.014+0000] {processor.py:186} INFO - Started process (PID=6691) to work on /opt/airflow/dags/lab1_pipeline.py
[2025-10-06T07:05:08.016+0000] {processor.py:914} INFO - Processing file /opt/airflow/dags/lab1_pipeline.py for tasks to queue
[2025-10-06T07:05:08.018+0000] {logging_mixin.py:190} INFO - [2025-10-06T07:05:08.017+0000] {dagbag.py:587} INFO - Filling up the DagBag from /opt/airflow/dags/lab1_pipeline.py
[2025-10-06T07:05:08.561+0000] {processor.py:925} INFO - DAG(s) 'stock_prices_dag_etl_lab1' retrieved from /opt/airflow/dags/lab1_pipeline.py
[2025-10-06T07:05:08.595+0000] {logging_mixin.py:190} INFO - [2025-10-06T07:05:08.594+0000] {dag.py:3229} INFO - Sync 1 DAGs
[2025-10-06T07:05:08.624+0000] {logging_mixin.py:190} INFO - [2025-10-06T07:05:08.624+0000] {dag.py:4156} INFO - Setting next_dagrun for stock_prices_dag_etl_lab1 to 2025-10-05 09:00:00+00:00, run_after=2025-10-06 09:00:00+00:00
[2025-10-06T07:05:08.647+0000] {processor.py:208} INFO - Processing /opt/airflow/dags/lab1_pipeline.py took 0.641 seconds
[2025-10-06T07:05:39.076+0000] {processor.py:186} INFO - Started process (PID=6707) to work on /opt/airflow/dags/lab1_pipeline.py
[2025-10-06T07:05:39.078+0000] {processor.py:914} INFO - Processing file /opt/airflow/dags/lab1_pipeline.py for tasks to queue
[2025-10-06T07:05:39.080+0000] {logging_mixin.py:190} INFO - [2025-10-06T07:05:39.079+0000] {dagbag.py:587} INFO - Filling up the DagBag from /opt/airflow/dags/lab1_pipeline.py
[2025-10-06T07:05:39.587+0000] {processor.py:925} INFO - DAG(s) 'stock_prices_dag_etl_lab1' retrieved from /opt/airflow/dags/lab1_pipeline.py
[2025-10-06T07:05:39.619+0000] {logging_mixin.py:190} INFO - [2025-10-06T07:05:39.618+0000] {dag.py:3229} INFO - Sync 1 DAGs
[2025-10-06T07:05:39.648+0000] {logging_mixin.py:190} INFO - [2025-10-06T07:05:39.648+0000] {dag.py:4156} INFO - Setting next_dagrun for stock_prices_dag_etl_lab1 to 2025-10-05 09:00:00+00:00, run_after=2025-10-06 09:00:00+00:00
[2025-10-06T07:05:39.670+0000] {processor.py:208} INFO - Processing /opt/airflow/dags/lab1_pipeline.py took 0.604 seconds
[2025-10-06T07:06:10.083+0000] {processor.py:186} INFO - Started process (PID=6723) to work on /opt/airflow/dags/lab1_pipeline.py
[2025-10-06T07:06:10.085+0000] {processor.py:914} INFO - Processing file /opt/airflow/dags/lab1_pipeline.py for tasks to queue
[2025-10-06T07:06:10.087+0000] {logging_mixin.py:190} INFO - [2025-10-06T07:06:10.086+0000] {dagbag.py:587} INFO - Filling up the DagBag from /opt/airflow/dags/lab1_pipeline.py
[2025-10-06T07:06:10.631+0000] {processor.py:925} INFO - DAG(s) 'stock_prices_dag_etl_lab1' retrieved from /opt/airflow/dags/lab1_pipeline.py
[2025-10-06T07:06:10.666+0000] {logging_mixin.py:190} INFO - [2025-10-06T07:06:10.666+0000] {dag.py:3229} INFO - Sync 1 DAGs
[2025-10-06T07:06:10.699+0000] {logging_mixin.py:190} INFO - [2025-10-06T07:06:10.699+0000] {dag.py:4156} INFO - Setting next_dagrun for stock_prices_dag_etl_lab1 to 2025-10-05 09:00:00+00:00, run_after=2025-10-06 09:00:00+00:00
[2025-10-06T07:06:10.721+0000] {processor.py:208} INFO - Processing /opt/airflow/dags/lab1_pipeline.py took 0.648 seconds
[2025-10-06T07:06:41.160+0000] {processor.py:186} INFO - Started process (PID=6739) to work on /opt/airflow/dags/lab1_pipeline.py
[2025-10-06T07:06:41.161+0000] {processor.py:914} INFO - Processing file /opt/airflow/dags/lab1_pipeline.py for tasks to queue
[2025-10-06T07:06:41.163+0000] {logging_mixin.py:190} INFO - [2025-10-06T07:06:41.163+0000] {dagbag.py:587} INFO - Filling up the DagBag from /opt/airflow/dags/lab1_pipeline.py
[2025-10-06T07:06:41.663+0000] {processor.py:925} INFO - DAG(s) 'stock_prices_dag_etl_lab1' retrieved from /opt/airflow/dags/lab1_pipeline.py
[2025-10-06T07:06:41.700+0000] {logging_mixin.py:190} INFO - [2025-10-06T07:06:41.699+0000] {dag.py:3229} INFO - Sync 1 DAGs
[2025-10-06T07:06:41.729+0000] {logging_mixin.py:190} INFO - [2025-10-06T07:06:41.729+0000] {dag.py:4156} INFO - Setting next_dagrun for stock_prices_dag_etl_lab1 to 2025-10-05 09:00:00+00:00, run_after=2025-10-06 09:00:00+00:00
[2025-10-06T07:06:41.756+0000] {processor.py:208} INFO - Processing /opt/airflow/dags/lab1_pipeline.py took 0.605 seconds
[2025-10-06T07:07:12.252+0000] {processor.py:186} INFO - Started process (PID=6755) to work on /opt/airflow/dags/lab1_pipeline.py
[2025-10-06T07:07:12.254+0000] {processor.py:914} INFO - Processing file /opt/airflow/dags/lab1_pipeline.py for tasks to queue
[2025-10-06T07:07:12.255+0000] {logging_mixin.py:190} INFO - [2025-10-06T07:07:12.255+0000] {dagbag.py:587} INFO - Filling up the DagBag from /opt/airflow/dags/lab1_pipeline.py
[2025-10-06T07:07:12.754+0000] {processor.py:925} INFO - DAG(s) 'stock_prices_dag_etl_lab1' retrieved from /opt/airflow/dags/lab1_pipeline.py
[2025-10-06T07:07:12.787+0000] {logging_mixin.py:190} INFO - [2025-10-06T07:07:12.786+0000] {dag.py:3229} INFO - Sync 1 DAGs
[2025-10-06T07:07:12.815+0000] {logging_mixin.py:190} INFO - [2025-10-06T07:07:12.815+0000] {dag.py:4156} INFO - Setting next_dagrun for stock_prices_dag_etl_lab1 to 2025-10-05 09:00:00+00:00, run_after=2025-10-06 09:00:00+00:00
[2025-10-06T07:07:12.839+0000] {processor.py:208} INFO - Processing /opt/airflow/dags/lab1_pipeline.py took 0.597 seconds
[2025-10-06T07:07:43.253+0000] {processor.py:186} INFO - Started process (PID=6771) to work on /opt/airflow/dags/lab1_pipeline.py
[2025-10-06T07:07:43.255+0000] {processor.py:914} INFO - Processing file /opt/airflow/dags/lab1_pipeline.py for tasks to queue
[2025-10-06T07:07:43.258+0000] {logging_mixin.py:190} INFO - [2025-10-06T07:07:43.257+0000] {dagbag.py:587} INFO - Filling up the DagBag from /opt/airflow/dags/lab1_pipeline.py
[2025-10-06T07:07:43.742+0000] {processor.py:925} INFO - DAG(s) 'stock_prices_dag_etl_lab1' retrieved from /opt/airflow/dags/lab1_pipeline.py
[2025-10-06T07:07:43.774+0000] {logging_mixin.py:190} INFO - [2025-10-06T07:07:43.773+0000] {dag.py:3229} INFO - Sync 1 DAGs
[2025-10-06T07:07:43.801+0000] {logging_mixin.py:190} INFO - [2025-10-06T07:07:43.801+0000] {dag.py:4156} INFO - Setting next_dagrun for stock_prices_dag_etl_lab1 to 2025-10-05 09:00:00+00:00, run_after=2025-10-06 09:00:00+00:00
[2025-10-06T07:07:43.827+0000] {processor.py:208} INFO - Processing /opt/airflow/dags/lab1_pipeline.py took 0.583 seconds
[2025-10-06T07:08:14.527+0000] {processor.py:186} INFO - Started process (PID=6787) to work on /opt/airflow/dags/lab1_pipeline.py
[2025-10-06T07:08:14.550+0000] {processor.py:914} INFO - Processing file /opt/airflow/dags/lab1_pipeline.py for tasks to queue
[2025-10-06T07:08:14.554+0000] {logging_mixin.py:190} INFO - [2025-10-06T07:08:14.553+0000] {dagbag.py:587} INFO - Filling up the DagBag from /opt/airflow/dags/lab1_pipeline.py
[2025-10-06T07:08:16.107+0000] {processor.py:925} INFO - DAG(s) 'stock_prices_dag_etl_lab1' retrieved from /opt/airflow/dags/lab1_pipeline.py
[2025-10-06T07:08:16.164+0000] {logging_mixin.py:190} INFO - [2025-10-06T07:08:16.163+0000] {dag.py:3229} INFO - Sync 1 DAGs
[2025-10-06T07:08:16.280+0000] {logging_mixin.py:190} INFO - [2025-10-06T07:08:16.278+0000] {dag.py:4156} INFO - Setting next_dagrun for stock_prices_dag_etl_lab1 to 2025-10-05 09:00:00+00:00, run_after=2025-10-06 09:00:00+00:00
[2025-10-06T07:08:16.370+0000] {processor.py:208} INFO - Processing /opt/airflow/dags/lab1_pipeline.py took 1.857 seconds
[2025-10-06T07:08:46.864+0000] {processor.py:186} INFO - Started process (PID=6803) to work on /opt/airflow/dags/lab1_pipeline.py
[2025-10-06T07:08:46.866+0000] {processor.py:914} INFO - Processing file /opt/airflow/dags/lab1_pipeline.py for tasks to queue
[2025-10-06T07:08:46.869+0000] {logging_mixin.py:190} INFO - [2025-10-06T07:08:46.868+0000] {dagbag.py:587} INFO - Filling up the DagBag from /opt/airflow/dags/lab1_pipeline.py
[2025-10-06T07:08:47.725+0000] {processor.py:925} INFO - DAG(s) 'stock_prices_dag_etl_lab1' retrieved from /opt/airflow/dags/lab1_pipeline.py
[2025-10-06T07:08:47.818+0000] {logging_mixin.py:190} INFO - [2025-10-06T07:08:47.817+0000] {dag.py:3229} INFO - Sync 1 DAGs
[2025-10-06T07:08:47.893+0000] {logging_mixin.py:190} INFO - [2025-10-06T07:08:47.893+0000] {dag.py:4156} INFO - Setting next_dagrun for stock_prices_dag_etl_lab1 to 2025-10-05 09:00:00+00:00, run_after=2025-10-06 09:00:00+00:00
[2025-10-06T07:08:47.928+0000] {processor.py:208} INFO - Processing /opt/airflow/dags/lab1_pipeline.py took 1.075 seconds
[2025-10-06T07:09:18.362+0000] {processor.py:186} INFO - Started process (PID=6819) to work on /opt/airflow/dags/lab1_pipeline.py
[2025-10-06T07:09:18.364+0000] {processor.py:914} INFO - Processing file /opt/airflow/dags/lab1_pipeline.py for tasks to queue
[2025-10-06T07:09:18.366+0000] {logging_mixin.py:190} INFO - [2025-10-06T07:09:18.365+0000] {dagbag.py:587} INFO - Filling up the DagBag from /opt/airflow/dags/lab1_pipeline.py
[2025-10-06T07:09:18.886+0000] {processor.py:925} INFO - DAG(s) 'stock_prices_dag_etl_lab1' retrieved from /opt/airflow/dags/lab1_pipeline.py
[2025-10-06T07:09:18.928+0000] {logging_mixin.py:190} INFO - [2025-10-06T07:09:18.927+0000] {dag.py:3229} INFO - Sync 1 DAGs
[2025-10-06T07:09:18.971+0000] {logging_mixin.py:190} INFO - [2025-10-06T07:09:18.971+0000] {dag.py:4156} INFO - Setting next_dagrun for stock_prices_dag_etl_lab1 to 2025-10-05 09:00:00+00:00, run_after=2025-10-06 09:00:00+00:00
[2025-10-06T07:09:19.001+0000] {processor.py:208} INFO - Processing /opt/airflow/dags/lab1_pipeline.py took 0.648 seconds
[2025-10-06T07:09:49.432+0000] {processor.py:186} INFO - Started process (PID=6835) to work on /opt/airflow/dags/lab1_pipeline.py
[2025-10-06T07:09:49.434+0000] {processor.py:914} INFO - Processing file /opt/airflow/dags/lab1_pipeline.py for tasks to queue
[2025-10-06T07:09:49.436+0000] {logging_mixin.py:190} INFO - [2025-10-06T07:09:49.436+0000] {dagbag.py:587} INFO - Filling up the DagBag from /opt/airflow/dags/lab1_pipeline.py
[2025-10-06T07:09:50.180+0000] {processor.py:925} INFO - DAG(s) 'stock_prices_dag_etl_lab1' retrieved from /opt/airflow/dags/lab1_pipeline.py
[2025-10-06T07:09:50.220+0000] {logging_mixin.py:190} INFO - [2025-10-06T07:09:50.219+0000] {dag.py:3229} INFO - Sync 1 DAGs
[2025-10-06T07:09:50.247+0000] {logging_mixin.py:190} INFO - [2025-10-06T07:09:50.247+0000] {dag.py:4156} INFO - Setting next_dagrun for stock_prices_dag_etl_lab1 to 2025-10-05 09:00:00+00:00, run_after=2025-10-06 09:00:00+00:00
[2025-10-06T07:09:50.268+0000] {processor.py:208} INFO - Processing /opt/airflow/dags/lab1_pipeline.py took 0.847 seconds
[2025-10-06T07:10:20.701+0000] {processor.py:186} INFO - Started process (PID=6851) to work on /opt/airflow/dags/lab1_pipeline.py
[2025-10-06T07:10:20.703+0000] {processor.py:914} INFO - Processing file /opt/airflow/dags/lab1_pipeline.py for tasks to queue
[2025-10-06T07:10:20.706+0000] {logging_mixin.py:190} INFO - [2025-10-06T07:10:20.705+0000] {dagbag.py:587} INFO - Filling up the DagBag from /opt/airflow/dags/lab1_pipeline.py
[2025-10-06T07:10:21.265+0000] {processor.py:925} INFO - DAG(s) 'stock_prices_dag_etl_lab1' retrieved from /opt/airflow/dags/lab1_pipeline.py
[2025-10-06T07:10:21.304+0000] {logging_mixin.py:190} INFO - [2025-10-06T07:10:21.303+0000] {dag.py:3229} INFO - Sync 1 DAGs
[2025-10-06T07:10:21.335+0000] {logging_mixin.py:190} INFO - [2025-10-06T07:10:21.335+0000] {dag.py:4156} INFO - Setting next_dagrun for stock_prices_dag_etl_lab1 to 2025-10-05 09:00:00+00:00, run_after=2025-10-06 09:00:00+00:00
[2025-10-06T07:10:21.361+0000] {processor.py:208} INFO - Processing /opt/airflow/dags/lab1_pipeline.py took 0.670 seconds
[2025-10-06T07:10:51.916+0000] {processor.py:186} INFO - Started process (PID=6867) to work on /opt/airflow/dags/lab1_pipeline.py
[2025-10-06T07:10:51.918+0000] {processor.py:914} INFO - Processing file /opt/airflow/dags/lab1_pipeline.py for tasks to queue
[2025-10-06T07:10:51.923+0000] {logging_mixin.py:190} INFO - [2025-10-06T07:10:51.923+0000] {dagbag.py:587} INFO - Filling up the DagBag from /opt/airflow/dags/lab1_pipeline.py
[2025-10-06T07:10:52.522+0000] {processor.py:925} INFO - DAG(s) 'stock_prices_dag_etl_lab1' retrieved from /opt/airflow/dags/lab1_pipeline.py
[2025-10-06T07:10:52.562+0000] {logging_mixin.py:190} INFO - [2025-10-06T07:10:52.561+0000] {dag.py:3229} INFO - Sync 1 DAGs
[2025-10-06T07:10:52.605+0000] {logging_mixin.py:190} INFO - [2025-10-06T07:10:52.604+0000] {dag.py:4156} INFO - Setting next_dagrun for stock_prices_dag_etl_lab1 to 2025-10-05 09:00:00+00:00, run_after=2025-10-06 09:00:00+00:00
[2025-10-06T07:10:52.631+0000] {processor.py:208} INFO - Processing /opt/airflow/dags/lab1_pipeline.py took 0.726 seconds
[2025-10-06T07:11:23.111+0000] {processor.py:186} INFO - Started process (PID=6883) to work on /opt/airflow/dags/lab1_pipeline.py
[2025-10-06T07:11:23.113+0000] {processor.py:914} INFO - Processing file /opt/airflow/dags/lab1_pipeline.py for tasks to queue
[2025-10-06T07:11:23.115+0000] {logging_mixin.py:190} INFO - [2025-10-06T07:11:23.114+0000] {dagbag.py:587} INFO - Filling up the DagBag from /opt/airflow/dags/lab1_pipeline.py
[2025-10-06T07:11:23.699+0000] {processor.py:925} INFO - DAG(s) 'stock_prices_dag_etl_lab1' retrieved from /opt/airflow/dags/lab1_pipeline.py
[2025-10-06T07:11:23.736+0000] {logging_mixin.py:190} INFO - [2025-10-06T07:11:23.735+0000] {dag.py:3229} INFO - Sync 1 DAGs
[2025-10-06T07:11:23.813+0000] {logging_mixin.py:190} INFO - [2025-10-06T07:11:23.812+0000] {dag.py:4156} INFO - Setting next_dagrun for stock_prices_dag_etl_lab1 to 2025-10-05 09:00:00+00:00, run_after=2025-10-06 09:00:00+00:00
[2025-10-06T07:11:23.847+0000] {processor.py:208} INFO - Processing /opt/airflow/dags/lab1_pipeline.py took 0.746 seconds
[2025-10-06T07:11:54.546+0000] {processor.py:186} INFO - Started process (PID=6899) to work on /opt/airflow/dags/lab1_pipeline.py
[2025-10-06T07:11:54.549+0000] {processor.py:914} INFO - Processing file /opt/airflow/dags/lab1_pipeline.py for tasks to queue
[2025-10-06T07:11:54.551+0000] {logging_mixin.py:190} INFO - [2025-10-06T07:11:54.551+0000] {dagbag.py:587} INFO - Filling up the DagBag from /opt/airflow/dags/lab1_pipeline.py
[2025-10-06T07:11:55.166+0000] {processor.py:925} INFO - DAG(s) 'stock_prices_dag_etl_lab1' retrieved from /opt/airflow/dags/lab1_pipeline.py
[2025-10-06T07:11:55.211+0000] {logging_mixin.py:190} INFO - [2025-10-06T07:11:55.210+0000] {dag.py:3229} INFO - Sync 1 DAGs
[2025-10-06T07:11:55.243+0000] {logging_mixin.py:190} INFO - [2025-10-06T07:11:55.242+0000] {dag.py:4156} INFO - Setting next_dagrun for stock_prices_dag_etl_lab1 to 2025-10-05 09:00:00+00:00, run_after=2025-10-06 09:00:00+00:00
[2025-10-06T07:11:55.268+0000] {processor.py:208} INFO - Processing /opt/airflow/dags/lab1_pipeline.py took 0.733 seconds
[2025-10-06T07:12:25.755+0000] {processor.py:186} INFO - Started process (PID=6915) to work on /opt/airflow/dags/lab1_pipeline.py
[2025-10-06T07:12:25.760+0000] {processor.py:914} INFO - Processing file /opt/airflow/dags/lab1_pipeline.py for tasks to queue
[2025-10-06T07:12:25.765+0000] {logging_mixin.py:190} INFO - [2025-10-06T07:12:25.763+0000] {dagbag.py:587} INFO - Filling up the DagBag from /opt/airflow/dags/lab1_pipeline.py
[2025-10-06T07:12:26.870+0000] {processor.py:925} INFO - DAG(s) 'stock_prices_dag_etl_lab1' retrieved from /opt/airflow/dags/lab1_pipeline.py
[2025-10-06T07:12:26.953+0000] {logging_mixin.py:190} INFO - [2025-10-06T07:12:26.952+0000] {dag.py:3229} INFO - Sync 1 DAGs
[2025-10-06T07:12:27.073+0000] {logging_mixin.py:190} INFO - [2025-10-06T07:12:27.073+0000] {dag.py:4156} INFO - Setting next_dagrun for stock_prices_dag_etl_lab1 to 2025-10-05 09:00:00+00:00, run_after=2025-10-06 09:00:00+00:00
[2025-10-06T07:12:27.117+0000] {processor.py:208} INFO - Processing /opt/airflow/dags/lab1_pipeline.py took 1.377 seconds
[2025-10-06T07:52:19.330+0000] {processor.py:186} INFO - Started process (PID=6937) to work on /opt/airflow/dags/lab1_pipeline.py
[2025-10-06T07:52:19.332+0000] {processor.py:914} INFO - Processing file /opt/airflow/dags/lab1_pipeline.py for tasks to queue
[2025-10-06T07:52:19.343+0000] {logging_mixin.py:190} INFO - [2025-10-06T07:52:19.342+0000] {dagbag.py:587} INFO - Filling up the DagBag from /opt/airflow/dags/lab1_pipeline.py
[2025-10-06T07:52:22.057+0000] {processor.py:925} INFO - DAG(s) 'stock_prices_dag_etl_lab1' retrieved from /opt/airflow/dags/lab1_pipeline.py
[2025-10-06T07:52:22.186+0000] {logging_mixin.py:190} INFO - [2025-10-06T07:52:22.184+0000] {dag.py:3229} INFO - Sync 1 DAGs
[2025-10-06T07:52:22.316+0000] {logging_mixin.py:190} INFO - [2025-10-06T07:52:22.315+0000] {dag.py:4156} INFO - Setting next_dagrun for stock_prices_dag_etl_lab1 to 2025-10-05 09:00:00+00:00, run_after=2025-10-06 09:00:00+00:00
[2025-10-06T07:52:22.381+0000] {processor.py:208} INFO - Processing /opt/airflow/dags/lab1_pipeline.py took 3.110 seconds
[2025-10-06T07:52:55.787+0000] {processor.py:186} INFO - Started process (PID=6953) to work on /opt/airflow/dags/lab1_pipeline.py
[2025-10-06T07:52:55.906+0000] {processor.py:914} INFO - Processing file /opt/airflow/dags/lab1_pipeline.py for tasks to queue
[2025-10-06T07:52:56.009+0000] {logging_mixin.py:190} INFO - [2025-10-06T07:52:55.987+0000] {dagbag.py:587} INFO - Filling up the DagBag from /opt/airflow/dags/lab1_pipeline.py
[2025-10-06T08:46:24.758+0000] {logging_mixin.py:190} INFO - [2025-10-06T08:46:24.757+0000] {timeout.py:68} ERROR - Process timed out, PID: 6953
[2025-10-06T09:13:15.396+0000] {processor.py:186} INFO - Started process (PID=6979) to work on /opt/airflow/dags/lab1_pipeline.py
[2025-10-06T09:13:15.410+0000] {processor.py:914} INFO - Processing file /opt/airflow/dags/lab1_pipeline.py for tasks to queue
[2025-10-06T09:13:15.447+0000] {logging_mixin.py:190} INFO - [2025-10-06T09:13:15.443+0000] {dagbag.py:587} INFO - Filling up the DagBag from /opt/airflow/dags/lab1_pipeline.py
[2025-10-06T09:13:46.825+0000] {processor.py:186} INFO - Started process (PID=6994) to work on /opt/airflow/dags/lab1_pipeline.py
[2025-10-06T09:13:46.850+0000] {processor.py:914} INFO - Processing file /opt/airflow/dags/lab1_pipeline.py for tasks to queue
[2025-10-06T09:13:46.873+0000] {logging_mixin.py:190} INFO - [2025-10-06T09:13:46.867+0000] {dagbag.py:587} INFO - Filling up the DagBag from /opt/airflow/dags/lab1_pipeline.py
[2025-10-06T11:13:28.622+0000] {logging_mixin.py:190} INFO - [2025-10-06T11:13:28.621+0000] {timeout.py:68} ERROR - Process timed out, PID: 6994
[2025-10-06T11:14:23.611+0000] {processor.py:186} INFO - Started process (PID=7025) to work on /opt/airflow/dags/lab1_pipeline.py
[2025-10-06T11:14:23.722+0000] {processor.py:914} INFO - Processing file /opt/airflow/dags/lab1_pipeline.py for tasks to queue
[2025-10-06T11:14:23.855+0000] {logging_mixin.py:190} INFO - [2025-10-06T11:14:23.751+0000] {dagbag.py:587} INFO - Filling up the DagBag from /opt/airflow/dags/lab1_pipeline.py
[2025-10-06T11:14:32.646+0000] {processor.py:925} INFO - DAG(s) 'stock_prices_dag_etl_lab1' retrieved from /opt/airflow/dags/lab1_pipeline.py
[2025-10-06T13:01:01.177+0000] {processor.py:186} INFO - Started process (PID=7045) to work on /opt/airflow/dags/lab1_pipeline.py
[2025-10-06T13:01:01.338+0000] {processor.py:914} INFO - Processing file /opt/airflow/dags/lab1_pipeline.py for tasks to queue
[2025-10-06T13:01:01.399+0000] {logging_mixin.py:190} INFO - [2025-10-06T13:01:01.394+0000] {dagbag.py:587} INFO - Filling up the DagBag from /opt/airflow/dags/lab1_pipeline.py
[2025-10-06T13:01:40.511+0000] {processor.py:186} INFO - Started process (PID=7063) to work on /opt/airflow/dags/lab1_pipeline.py
[2025-10-06T13:01:40.545+0000] {processor.py:914} INFO - Processing file /opt/airflow/dags/lab1_pipeline.py for tasks to queue
[2025-10-06T13:01:40.883+0000] {logging_mixin.py:190} INFO - [2025-10-06T13:01:40.684+0000] {dagbag.py:587} INFO - Filling up the DagBag from /opt/airflow/dags/lab1_pipeline.py
[2025-10-06T13:02:10.616+0000] {processor.py:925} INFO - DAG(s) 'stock_prices_dag_etl_lab1' retrieved from /opt/airflow/dags/lab1_pipeline.py
[2025-10-06T13:02:13.315+0000] {logging_mixin.py:190} INFO - [2025-10-06T13:02:13.270+0000] {dag.py:3229} INFO - Sync 1 DAGs
[2025-10-06T13:02:13.796+0000] {logging_mixin.py:190} INFO - [2025-10-06T13:02:13.794+0000] {dag.py:4156} INFO - Setting next_dagrun for stock_prices_dag_etl_lab1 to 2025-10-05 09:00:00+00:00, run_after=2025-10-06 09:00:00+00:00
[2025-10-06T13:02:14.198+0000] {processor.py:208} INFO - Processing /opt/airflow/dags/lab1_pipeline.py took 34.823 seconds
[2025-10-06T15:02:07.120+0000] {processor.py:186} INFO - Started process (PID=7092) to work on /opt/airflow/dags/lab1_pipeline.py
[2025-10-06T15:02:07.124+0000] {processor.py:914} INFO - Processing file /opt/airflow/dags/lab1_pipeline.py for tasks to queue
[2025-10-06T15:02:07.147+0000] {logging_mixin.py:190} INFO - [2025-10-06T15:02:07.145+0000] {dagbag.py:587} INFO - Filling up the DagBag from /opt/airflow/dags/lab1_pipeline.py
[2025-10-06T15:02:32.686+0000] {processor.py:925} INFO - DAG(s) 'stock_prices_dag_etl_lab1' retrieved from /opt/airflow/dags/lab1_pipeline.py
[2025-10-06T15:02:35.404+0000] {logging_mixin.py:190} INFO - [2025-10-06T15:02:35.387+0000] {dag.py:3229} INFO - Sync 1 DAGs
[2025-10-06T15:02:36.663+0000] {logging_mixin.py:190} INFO - [2025-10-06T15:02:36.655+0000] {dag.py:4156} INFO - Setting next_dagrun for stock_prices_dag_etl_lab1 to 2025-10-06 09:00:00+00:00, run_after=2025-10-07 09:00:00+00:00
[2025-10-06T15:02:37.451+0000] {processor.py:208} INFO - Processing /opt/airflow/dags/lab1_pipeline.py took 30.394 seconds
[2025-10-06T16:03:05.048+0000] {processor.py:186} INFO - Started process (PID=7110) to work on /opt/airflow/dags/lab1_pipeline.py
[2025-10-06T16:03:05.052+0000] {processor.py:914} INFO - Processing file /opt/airflow/dags/lab1_pipeline.py for tasks to queue
[2025-10-06T16:03:05.057+0000] {logging_mixin.py:190} INFO - [2025-10-06T16:03:05.056+0000] {dagbag.py:587} INFO - Filling up the DagBag from /opt/airflow/dags/lab1_pipeline.py
[2025-10-06T16:03:07.484+0000] {processor.py:925} INFO - DAG(s) 'stock_prices_dag_etl_lab1' retrieved from /opt/airflow/dags/lab1_pipeline.py
[2025-10-06T16:03:07.669+0000] {logging_mixin.py:190} INFO - [2025-10-06T16:03:07.667+0000] {dag.py:3229} INFO - Sync 1 DAGs
[2025-10-06T16:03:07.823+0000] {logging_mixin.py:190} INFO - [2025-10-06T16:03:07.822+0000] {dag.py:4156} INFO - Setting next_dagrun for stock_prices_dag_etl_lab1 to 2025-10-06 09:00:00+00:00, run_after=2025-10-07 09:00:00+00:00
[2025-10-06T16:03:07.952+0000] {processor.py:208} INFO - Processing /opt/airflow/dags/lab1_pipeline.py took 2.986 seconds
[2025-10-06T16:03:39.823+0000] {processor.py:186} INFO - Started process (PID=7126) to work on /opt/airflow/dags/lab1_pipeline.py
[2025-10-06T16:03:39.926+0000] {processor.py:914} INFO - Processing file /opt/airflow/dags/lab1_pipeline.py for tasks to queue
[2025-10-06T16:03:39.987+0000] {logging_mixin.py:190} INFO - [2025-10-06T16:03:39.972+0000] {dagbag.py:587} INFO - Filling up the DagBag from /opt/airflow/dags/lab1_pipeline.py
[2025-10-06T17:04:04.115+0000] {logging_mixin.py:190} INFO - [2025-10-06T17:04:04.114+0000] {timeout.py:68} ERROR - Process timed out, PID: 7126
[2025-10-06T23:10:20.416+0000] {processor.py:186} INFO - Started process (PID=7299) to work on /opt/airflow/dags/lab1_pipeline.py
[2025-10-06T23:10:20.420+0000] {processor.py:914} INFO - Processing file /opt/airflow/dags/lab1_pipeline.py for tasks to queue
[2025-10-06T23:10:20.428+0000] {logging_mixin.py:190} INFO - [2025-10-06T23:10:20.427+0000] {dagbag.py:587} INFO - Filling up the DagBag from /opt/airflow/dags/lab1_pipeline.py
[2025-10-06T23:10:22.697+0000] {processor.py:925} INFO - DAG(s) 'stock_prices_dag_etl_lab1' retrieved from /opt/airflow/dags/lab1_pipeline.py
[2025-10-06T23:10:22.869+0000] {logging_mixin.py:190} INFO - [2025-10-06T23:10:22.866+0000] {dag.py:3229} INFO - Sync 1 DAGs
[2025-10-06T23:10:24.000+0000] {logging_mixin.py:190} INFO - [2025-10-06T23:10:23.907+0000] {dag.py:4156} INFO - Setting next_dagrun for stock_prices_dag_etl_lab1 to 2025-10-06 09:00:00+00:00, run_after=2025-10-07 09:00:00+00:00
[2025-10-06T23:10:27.070+0000] {processor.py:208} INFO - Processing /opt/airflow/dags/lab1_pipeline.py took 6.666 seconds
[2025-10-06T23:54:55.577+0000] {processor.py:186} INFO - Started process (PID=7327) to work on /opt/airflow/dags/lab1_pipeline.py
[2025-10-06T23:54:55.589+0000] {processor.py:914} INFO - Processing file /opt/airflow/dags/lab1_pipeline.py for tasks to queue
[2025-10-06T23:54:55.685+0000] {logging_mixin.py:190} INFO - [2025-10-06T23:54:55.677+0000] {dagbag.py:587} INFO - Filling up the DagBag from /opt/airflow/dags/lab1_pipeline.py
[2025-10-06T23:55:01.944+0000] {processor.py:925} INFO - DAG(s) 'stock_prices_dag_etl_lab1' retrieved from /opt/airflow/dags/lab1_pipeline.py
[2025-10-06T23:55:02.681+0000] {logging_mixin.py:190} INFO - [2025-10-06T23:55:02.665+0000] {dag.py:3229} INFO - Sync 1 DAGs
[2025-10-06T23:55:13.529+0000] {logging_mixin.py:190} INFO - [2025-10-06T23:55:13.519+0000] {dag.py:4156} INFO - Setting next_dagrun for stock_prices_dag_etl_lab1 to 2025-10-06 09:00:00+00:00, run_after=2025-10-07 09:00:00+00:00
[2025-10-06T23:55:16.403+0000] {processor.py:208} INFO - Processing /opt/airflow/dags/lab1_pipeline.py took 20.857 seconds
[2025-10-06T23:55:48.673+0000] {processor.py:186} INFO - Started process (PID=7343) to work on /opt/airflow/dags/lab1_pipeline.py
[2025-10-06T23:55:48.678+0000] {processor.py:914} INFO - Processing file /opt/airflow/dags/lab1_pipeline.py for tasks to queue
[2025-10-06T23:55:48.694+0000] {logging_mixin.py:190} INFO - [2025-10-06T23:55:48.692+0000] {dagbag.py:587} INFO - Filling up the DagBag from /opt/airflow/dags/lab1_pipeline.py
[2025-10-07T00:11:12.484+0000] {logging_mixin.py:190} INFO - [2025-10-07T00:11:12.483+0000] {timeout.py:68} ERROR - Process timed out, PID: 7343
