[2025-11-25T05:04:27.677+0000] {local_task_job_runner.py:123} INFO - ::group::Pre task execution logs
[2025-11-25T05:04:27.702+0000] {taskinstance.py:2612} INFO - Dependencies all met for dep_context=non-requeueable deps ti=<TaskInstance: BuildELT_dbt.dbt_snapshot manual__2025-11-25T05:03:59.974354+00:00 [queued]>
[2025-11-25T05:04:27.715+0000] {taskinstance.py:2612} INFO - Dependencies all met for dep_context=requeueable deps ti=<TaskInstance: BuildELT_dbt.dbt_snapshot manual__2025-11-25T05:03:59.974354+00:00 [queued]>
[2025-11-25T05:04:27.715+0000] {taskinstance.py:2865} INFO - Starting attempt 1 of 1
[2025-11-25T05:04:27.734+0000] {taskinstance.py:2888} INFO - Executing <Task(BashOperator): dbt_snapshot> on 2025-11-25 05:03:59.974354+00:00
[2025-11-25T05:04:27.742+0000] {standard_task_runner.py:104} INFO - Running: ['***', 'tasks', 'run', 'BuildELT_dbt', 'dbt_snapshot', 'manual__2025-11-25T05:03:59.974354+00:00', '--job-id', '157', '--raw', '--subdir', 'DAGS_FOLDER/build_elt_with_dbt.py', '--cfg-path', '/tmp/tmptv2getpv']
[2025-11-25T05:04:27.746+0000] {standard_task_runner.py:105} INFO - Job 157: Subtask dbt_snapshot
[2025-11-25T05:04:27.748+0000] {logging_mixin.py:190} WARNING - /home/***/.local/lib/python3.12/site-packages/***/task/task_runner/standard_task_runner.py:70 DeprecationWarning: This process (pid=41600) is multi-threaded, use of fork() may lead to deadlocks in the child.
[2025-11-25T05:04:27.749+0000] {standard_task_runner.py:72} INFO - Started process 41601 to run task
[2025-11-25T05:04:27.801+0000] {task_command.py:467} INFO - Running <TaskInstance: BuildELT_dbt.dbt_snapshot manual__2025-11-25T05:03:59.974354+00:00 [running]> on host b29649a78690
[2025-11-25T05:04:27.919+0000] {taskinstance.py:3131} INFO - Exporting env vars: AIRFLOW_CTX_DAG_OWNER='***' AIRFLOW_CTX_DAG_ID='BuildELT_dbt' AIRFLOW_CTX_TASK_ID='dbt_snapshot' AIRFLOW_CTX_EXECUTION_DATE='2025-11-25T05:03:59.974354+00:00' AIRFLOW_CTX_TRY_NUMBER='1' AIRFLOW_CTX_DAG_RUN_ID='manual__2025-11-25T05:03:59.974354+00:00'
[2025-11-25T05:04:27.920+0000] {taskinstance.py:731} INFO - ::endgroup::
[2025-11-25T05:04:27.949+0000] {subprocess.py:63} INFO - Tmp dir root location: /tmp
[2025-11-25T05:04:27.950+0000] {subprocess.py:75} INFO - Running command: ['/usr/bin/bash', '-c', '/home/***/.local/bin/dbt snapshot --profiles-dir /opt/***/dbt --project-dir /opt/***/dbt']
[2025-11-25T05:04:27.961+0000] {subprocess.py:86} INFO - Output:
[2025-11-25T05:04:31.569+0000] {subprocess.py:93} INFO - [0m05:04:31  Running with dbt=1.7.19
[2025-11-25T05:04:32.911+0000] {subprocess.py:93} INFO - [0m05:04:32  Registered adapter: snowflake=1.7.5
[2025-11-25T05:04:33.004+0000] {subprocess.py:93} INFO - [0m05:04:33  Found 2 models, 1 snapshot, 1 source, 0 exposures, 0 metrics, 431 macros, 0 groups, 0 semantic models
[2025-11-25T05:04:33.007+0000] {subprocess.py:93} INFO - [0m05:04:33
[2025-11-25T05:04:35.643+0000] {subprocess.py:93} INFO - [0m05:04:35  Concurrency: 1 threads (target='dev')
[2025-11-25T05:04:35.644+0000] {subprocess.py:93} INFO - [0m05:04:35
[2025-11-25T05:04:35.659+0000] {subprocess.py:93} INFO - [0m05:04:35  1 of 1 START snapshot SNAPSHOT.fct_stock_abstract_snapshot ..................... [RUN]
[2025-11-25T05:04:42.113+0000] {subprocess.py:93} INFO - [0m05:04:42  1 of 1 OK snapshotted SNAPSHOT.fct_stock_abstract_snapshot ..................... [[32mSUCCESS 0[0m in 6.45s]
[2025-11-25T05:04:42.120+0000] {subprocess.py:93} INFO - [0m05:04:42
[2025-11-25T05:04:42.121+0000] {subprocess.py:93} INFO - [0m05:04:42  Finished running 1 snapshot in 0 hours 0 minutes and 9.11 seconds (9.11s).
[2025-11-25T05:04:42.137+0000] {subprocess.py:93} INFO - [0m05:04:42
[2025-11-25T05:04:42.137+0000] {subprocess.py:93} INFO - [0m05:04:42  [32mCompleted successfully[0m
[2025-11-25T05:04:42.138+0000] {subprocess.py:93} INFO - [0m05:04:42
[2025-11-25T05:04:42.139+0000] {subprocess.py:93} INFO - [0m05:04:42  Done. PASS=1 WARN=0 ERROR=0 SKIP=0 TOTAL=1
[2025-11-25T05:04:43.020+0000] {subprocess.py:97} INFO - Command exited with return code 0
[2025-11-25T05:04:43.053+0000] {taskinstance.py:340} INFO - ::group::Post task execution logs
[2025-11-25T05:04:43.054+0000] {taskinstance.py:352} INFO - Marking task as SUCCESS. dag_id=BuildELT_dbt, task_id=dbt_snapshot, run_id=manual__2025-11-25T05:03:59.974354+00:00, execution_date=20251125T050359, start_date=20251125T050427, end_date=20251125T050443
[2025-11-25T05:04:43.077+0000] {local_task_job_runner.py:266} INFO - Task exited with return code 0
[2025-11-25T05:04:43.107+0000] {taskinstance.py:3900} INFO - 0 downstream tasks scheduled from follow-on schedule check
[2025-11-25T05:04:43.109+0000] {local_task_job_runner.py:245} INFO - ::endgroup::
