[2025-11-25T05:38:11.838+0000] {local_task_job_runner.py:123} INFO - ::group::Pre task execution logs
[2025-11-25T05:38:11.859+0000] {taskinstance.py:2612} INFO - Dependencies all met for dep_context=non-requeueable deps ti=<TaskInstance: stock_prices_dag_etl_lab1.transform scheduled__2025-11-23T09:00:00+00:00 [queued]>
[2025-11-25T05:38:11.877+0000] {taskinstance.py:2612} INFO - Dependencies all met for dep_context=requeueable deps ti=<TaskInstance: stock_prices_dag_etl_lab1.transform scheduled__2025-11-23T09:00:00+00:00 [queued]>
[2025-11-25T05:38:11.878+0000] {taskinstance.py:2865} INFO - Starting attempt 1 of 1
[2025-11-25T05:38:11.894+0000] {taskinstance.py:2888} INFO - Executing <Task(_PythonDecoratedOperator): transform> on 2025-11-23 09:00:00+00:00
[2025-11-25T05:38:11.909+0000] {logging_mixin.py:190} WARNING - /home/***/.local/lib/python3.12/site-packages/***/task/task_runner/standard_task_runner.py:70 DeprecationWarning: This process (pid=43699) is multi-threaded, use of fork() may lead to deadlocks in the child.
[2025-11-25T05:38:11.911+0000] {standard_task_runner.py:72} INFO - Started process 43719 to run task
[2025-11-25T05:38:11.908+0000] {standard_task_runner.py:104} INFO - Running: ['***', 'tasks', 'run', 'stock_prices_dag_etl_lab1', 'transform', 'scheduled__2025-11-23T09:00:00+00:00', '--job-id', '162', '--raw', '--subdir', 'DAGS_FOLDER/lab1_pipeline.py', '--cfg-path', '/tmp/tmp115uili0']
[2025-11-25T05:38:11.913+0000] {standard_task_runner.py:105} INFO - Job 162: Subtask transform
[2025-11-25T05:38:11.984+0000] {task_command.py:467} INFO - Running <TaskInstance: stock_prices_dag_etl_lab1.transform scheduled__2025-11-23T09:00:00+00:00 [running]> on host b29649a78690
[2025-11-25T05:38:12.650+0000] {taskinstance.py:3131} INFO - Exporting env vars: AIRFLOW_CTX_DAG_OWNER='***' AIRFLOW_CTX_DAG_ID='stock_prices_dag_etl_lab1' AIRFLOW_CTX_TASK_ID='transform' AIRFLOW_CTX_EXECUTION_DATE='2025-11-23T09:00:00+00:00' AIRFLOW_CTX_TRY_NUMBER='1' AIRFLOW_CTX_DAG_RUN_ID='scheduled__2025-11-23T09:00:00+00:00'
[2025-11-25T05:38:12.652+0000] {taskinstance.py:731} INFO - ::endgroup::
[2025-11-25T05:38:12.658+0000] {python.py:240} INFO - Done. Returned value was:     symbol        date       open      close        low       high    volume
0     SOFI  2025-03-11  11.060000  11.260000  10.850000  11.497000  54907900
1     SOFI  2025-03-12  11.860000  11.920000  11.440000  12.120000  54143700
2     SOFI  2025-03-13  12.000000  11.390000  11.310000  12.090000  38157700
3     SOFI  2025-03-14  11.690000  12.090000  11.610000  12.120000  37484500
4     SOFI  2025-03-17  12.080000  12.320000  11.960000  12.470000  45612600
..     ...         ...        ...        ...        ...        ...       ...
175   SOFI  2025-11-18  26.510000  26.240000  25.709999  27.000000  66837600
176   SOFI  2025-11-19  26.475000  26.719999  25.559999  26.850000  63026400
177   SOFI  2025-11-20  27.879999  24.910000  24.745001  28.575001  98241000
178   SOFI  2025-11-21  24.629999  25.190001  23.520000  25.445000  90228900
179   SOFI  2025-11-24  25.830000  27.400000  25.655001  27.610001  63488000

[180 rows x 7 columns]
[2025-11-25T05:38:12.726+0000] {taskinstance.py:340} INFO - ::group::Post task execution logs
[2025-11-25T05:38:12.727+0000] {taskinstance.py:352} INFO - Marking task as SUCCESS. dag_id=stock_prices_dag_etl_lab1, task_id=transform, run_id=scheduled__2025-11-23T09:00:00+00:00, execution_date=20251123T090000, start_date=20251125T053811, end_date=20251125T053812
[2025-11-25T05:38:12.798+0000] {local_task_job_runner.py:266} INFO - Task exited with return code 0
[2025-11-25T05:38:12.849+0000] {taskinstance.py:3900} INFO - 1 downstream tasks scheduled from follow-on schedule check
[2025-11-25T05:38:12.862+0000] {local_task_job_runner.py:245} INFO - ::endgroup::
[2025-11-25T06:54:32.377+0000] {local_task_job_runner.py:123} INFO - ::group::Pre task execution logs
[2025-11-25T06:54:32.397+0000] {taskinstance.py:2612} INFO - Dependencies all met for dep_context=non-requeueable deps ti=<TaskInstance: stock_prices_dag_etl_lab1.transform scheduled__2025-11-23T09:00:00+00:00 [queued]>
[2025-11-25T06:54:32.410+0000] {taskinstance.py:2612} INFO - Dependencies all met for dep_context=requeueable deps ti=<TaskInstance: stock_prices_dag_etl_lab1.transform scheduled__2025-11-23T09:00:00+00:00 [queued]>
[2025-11-25T06:54:32.410+0000] {taskinstance.py:2865} INFO - Starting attempt 1 of 1
[2025-11-25T06:54:32.425+0000] {taskinstance.py:2888} INFO - Executing <Task(_PythonDecoratedOperator): transform> on 2025-11-23 09:00:00+00:00
[2025-11-25T06:54:32.435+0000] {logging_mixin.py:190} WARNING - /home/***/.local/lib/python3.12/site-packages/***/task/task_runner/standard_task_runner.py:70 DeprecationWarning: This process (pid=49048) is multi-threaded, use of fork() may lead to deadlocks in the child.
[2025-11-25T06:54:32.437+0000] {standard_task_runner.py:72} INFO - Started process 49054 to run task
[2025-11-25T06:54:32.435+0000] {standard_task_runner.py:104} INFO - Running: ['***', 'tasks', 'run', 'stock_prices_dag_etl_lab1', 'transform', 'scheduled__2025-11-23T09:00:00+00:00', '--job-id', '218', '--raw', '--subdir', 'DAGS_FOLDER/lab1_pipeline.py', '--cfg-path', '/tmp/tmpwevm9qks']
[2025-11-25T06:54:32.440+0000] {standard_task_runner.py:105} INFO - Job 218: Subtask transform
[2025-11-25T06:54:32.497+0000] {task_command.py:467} INFO - Running <TaskInstance: stock_prices_dag_etl_lab1.transform scheduled__2025-11-23T09:00:00+00:00 [running]> on host b29649a78690
[2025-11-25T06:54:32.968+0000] {taskinstance.py:3131} INFO - Exporting env vars: AIRFLOW_CTX_DAG_OWNER='***' AIRFLOW_CTX_DAG_ID='stock_prices_dag_etl_lab1' AIRFLOW_CTX_TASK_ID='transform' AIRFLOW_CTX_EXECUTION_DATE='2025-11-23T09:00:00+00:00' AIRFLOW_CTX_TRY_NUMBER='1' AIRFLOW_CTX_DAG_RUN_ID='scheduled__2025-11-23T09:00:00+00:00'
[2025-11-25T06:54:32.969+0000] {taskinstance.py:731} INFO - ::endgroup::
[2025-11-25T06:54:32.975+0000] {python.py:240} INFO - Done. Returned value was:     symbol        date       open      close        low       high    volume
0     SOFI  2025-03-11  11.060000  11.260000  10.850000  11.497000  54907900
1     SOFI  2025-03-12  11.860000  11.920000  11.440000  12.120000  54143700
2     SOFI  2025-03-13  12.000000  11.390000  11.310000  12.090000  38157700
3     SOFI  2025-03-14  11.690000  12.090000  11.610000  12.120000  37484500
4     SOFI  2025-03-17  12.080000  12.320000  11.960000  12.470000  45612600
..     ...         ...        ...        ...        ...        ...       ...
175   SOFI  2025-11-18  26.510000  26.240000  25.709999  27.000000  66837600
176   SOFI  2025-11-19  26.475000  26.719999  25.559999  26.850000  63026400
177   SOFI  2025-11-20  27.879999  24.910000  24.745001  28.575001  98241000
178   SOFI  2025-11-21  24.629999  25.190001  23.520000  25.445000  90228900
179   SOFI  2025-11-24  25.830000  27.400000  25.655001  27.610001  63488000

[180 rows x 7 columns]
[2025-11-25T06:54:33.018+0000] {taskinstance.py:340} INFO - ::group::Post task execution logs
[2025-11-25T06:54:33.018+0000] {taskinstance.py:352} INFO - Marking task as SUCCESS. dag_id=stock_prices_dag_etl_lab1, task_id=transform, run_id=scheduled__2025-11-23T09:00:00+00:00, execution_date=20251123T090000, start_date=20251125T065432, end_date=20251125T065433
[2025-11-25T06:54:33.070+0000] {local_task_job_runner.py:266} INFO - Task exited with return code 0
[2025-11-25T06:54:33.089+0000] {local_task_job_runner.py:245} INFO - ::endgroup::
