[2025-10-07T20:43:32.820+0000] {local_task_job_runner.py:123} INFO - ::group::Pre task execution logs
[2025-10-07T20:43:32.887+0000] {taskinstance.py:2612} INFO - Dependencies all met for dep_context=non-requeueable deps ti=<TaskInstance: stock_prices_dag_etl_lab1.extract scheduled__2025-10-06T09:00:00+00:00 [queued]>
[2025-10-07T20:43:32.923+0000] {taskinstance.py:2612} INFO - Dependencies all met for dep_context=requeueable deps ti=<TaskInstance: stock_prices_dag_etl_lab1.extract scheduled__2025-10-06T09:00:00+00:00 [queued]>
[2025-10-07T20:43:32.924+0000] {taskinstance.py:2865} INFO - Starting attempt 1 of 1
[2025-10-07T20:43:33.104+0000] {taskinstance.py:2888} INFO - Executing <Task(_PythonDecoratedOperator): extract> on 2025-10-06 09:00:00+00:00
[2025-10-07T20:43:33.155+0000] {logging_mixin.py:190} WARNING - /home/***/.local/lib/python3.12/site-packages/***/task/task_runner/standard_task_runner.py:70 DeprecationWarning: This process (pid=22916) is multi-threaded, use of fork() may lead to deadlocks in the child.
[2025-10-07T20:43:33.195+0000] {standard_task_runner.py:72} INFO - Started process 22923 to run task
[2025-10-07T20:43:33.248+0000] {standard_task_runner.py:104} INFO - Running: ['***', 'tasks', 'run', 'stock_prices_dag_etl_lab1', 'extract', 'scheduled__2025-10-06T09:00:00+00:00', '--job-id', '83', '--raw', '--subdir', 'DAGS_FOLDER/lab1_pipeline.py', '--cfg-path', '/tmp/tmp7pkvph34']
[2025-10-07T20:43:33.287+0000] {standard_task_runner.py:105} INFO - Job 83: Subtask extract
[2025-10-07T20:43:34.141+0000] {task_command.py:467} INFO - Running <TaskInstance: stock_prices_dag_etl_lab1.extract scheduled__2025-10-06T09:00:00+00:00 [running]> on host 09b8d9c0c3f2
[2025-10-07T20:43:34.774+0000] {taskinstance.py:3131} INFO - Exporting env vars: AIRFLOW_CTX_DAG_OWNER='***' AIRFLOW_CTX_DAG_ID='stock_prices_dag_etl_lab1' AIRFLOW_CTX_TASK_ID='extract' AIRFLOW_CTX_EXECUTION_DATE='2025-10-06T09:00:00+00:00' AIRFLOW_CTX_TRY_NUMBER='1' AIRFLOW_CTX_DAG_RUN_ID='scheduled__2025-10-06T09:00:00+00:00'
[2025-10-07T20:43:34.795+0000] {taskinstance.py:731} INFO - ::endgroup::
[2025-10-07T20:43:34.845+0000] {logging_mixin.py:190} WARNING - /opt/***/dags/lab1_pipeline.py:16 FutureWarning: YF.download() has changed argument auto_adjust default to True
[2025-10-07T20:43:36.951+0000] {logging_mixin.py:190} WARNING - [*********************100%***********************]  1 of 1 completed
[2025-10-07T20:43:37.553+0000] {python.py:240} INFO - Done. Returned value was:           Date      Close       High        Low       Open     Volume
0   2025-01-21  17.900000  18.100000  16.889999  17.000000   67982600
1   2025-01-22  17.590000  18.059999  17.264999  18.059999   51349800
2   2025-01-23  18.030001  18.209999  17.280001  17.400000   43826700
3   2025-01-24  17.920000  18.420000  17.860001  18.150000   55232000
4   2025-01-27  16.080000  16.980000  15.550000  15.930000  107334200
..         ...        ...        ...        ...        ...        ...
175 2025-10-01  25.760000  27.330000  25.639999  26.730000   81148100
176 2025-10-02  25.969999  26.350000  25.450001  26.330000   65256700
177 2025-10-03  25.240000  26.180000  24.840000  26.100000   78751700
178 2025-10-06  26.360001  27.139999  25.309999  25.770000   97325600
179 2025-10-07  28.139999  28.840000  26.680000  27.100000  112981452

[180 rows x 6 columns]
[2025-10-07T20:43:39.170+0000] {taskinstance.py:340} INFO - ::group::Post task execution logs
[2025-10-07T20:43:39.180+0000] {taskinstance.py:352} INFO - Marking task as SUCCESS. dag_id=stock_prices_dag_etl_lab1, task_id=extract, run_id=scheduled__2025-10-06T09:00:00+00:00, execution_date=20251006T090000, start_date=20251007T204332, end_date=20251007T204339
[2025-10-07T20:43:39.348+0000] {local_task_job_runner.py:266} INFO - Task exited with return code 0
[2025-10-07T20:43:39.454+0000] {taskinstance.py:3900} INFO - 1 downstream tasks scheduled from follow-on schedule check
[2025-10-07T20:43:39.460+0000] {local_task_job_runner.py:245} INFO - ::endgroup::
