[2025-10-06T03:13:47.136+0000] {local_task_job_runner.py:123} INFO - ::group::Pre task execution logs
[2025-10-06T03:13:47.202+0000] {taskinstance.py:2612} INFO - Dependencies all met for dep_context=non-requeueable deps ti=<TaskInstance: stock_prices_dag_etl_lab1.transform manual__2025-10-06T03:13:35.796972+00:00 [queued]>
[2025-10-06T03:13:47.213+0000] {taskinstance.py:2612} INFO - Dependencies all met for dep_context=requeueable deps ti=<TaskInstance: stock_prices_dag_etl_lab1.transform manual__2025-10-06T03:13:35.796972+00:00 [queued]>
[2025-10-06T03:13:47.214+0000] {taskinstance.py:2865} INFO - Starting attempt 1 of 1
[2025-10-06T03:13:47.236+0000] {taskinstance.py:2888} INFO - Executing <Task(_PythonDecoratedOperator): transform> on 2025-10-06 03:13:35.796972+00:00
[2025-10-06T03:13:47.255+0000] {logging_mixin.py:190} WARNING - /home/***/.local/lib/python3.12/site-packages/***/task/task_runner/standard_task_runner.py:70 DeprecationWarning: This process (pid=3550) is multi-threaded, use of fork() may lead to deadlocks in the child.
[2025-10-06T03:13:47.257+0000] {standard_task_runner.py:72} INFO - Started process 3559 to run task
[2025-10-06T03:13:47.256+0000] {standard_task_runner.py:104} INFO - Running: ['***', 'tasks', 'run', 'stock_prices_dag_etl_lab1', 'transform', 'manual__2025-10-06T03:13:35.796972+00:00', '--job-id', '53', '--raw', '--subdir', 'DAGS_FOLDER/lab1.py', '--cfg-path', '/tmp/tmpdrsqc6o6']
[2025-10-06T03:13:47.261+0000] {standard_task_runner.py:105} INFO - Job 53: Subtask transform
[2025-10-06T03:13:47.559+0000] {task_command.py:467} INFO - Running <TaskInstance: stock_prices_dag_etl_lab1.transform manual__2025-10-06T03:13:35.796972+00:00 [running]> on host 09b8d9c0c3f2
[2025-10-06T03:13:47.740+0000] {taskinstance.py:3131} INFO - Exporting env vars: AIRFLOW_CTX_DAG_OWNER='***' AIRFLOW_CTX_DAG_ID='stock_prices_dag_etl_lab1' AIRFLOW_CTX_TASK_ID='transform' AIRFLOW_CTX_EXECUTION_DATE='2025-10-06T03:13:35.796972+00:00' AIRFLOW_CTX_TRY_NUMBER='1' AIRFLOW_CTX_DAG_RUN_ID='manual__2025-10-06T03:13:35.796972+00:00'
[2025-10-06T03:13:47.742+0000] {taskinstance.py:731} INFO - ::endgroup::
[2025-10-06T03:13:47.749+0000] {python.py:240} INFO - Done. Returned value was:     symbol       date       open      close        low       high    volume
0     SOFI 2025-01-16  15.700000  16.299999  15.570000  16.379999  43586900
1     SOFI 2025-01-17  16.420000  16.500000  16.180000  16.730000  40496500
2     SOFI 2025-01-21  17.000000  17.900000  16.889999  18.100000  67982600
3     SOFI 2025-01-22  18.059999  17.590000  17.264999  18.059999  51349800
4     SOFI 2025-01-23  17.400000  18.030001  17.280001  18.209999  43826700
..     ...        ...        ...        ...        ...        ...       ...
175   SOFI 2025-09-29  28.360001  27.549999  27.110001  28.629999  60395300
176   SOFI 2025-09-30  27.469999  26.420000  25.700001  27.610001  94402900
177   SOFI 2025-10-01  26.730000  25.760000  25.639999  27.330000  81148100
178   SOFI 2025-10-02  26.330000  25.969999  25.450001  26.350000  65256700
179   SOFI 2025-10-03  26.100000  25.240000  24.840000  26.180000  78201600

[180 rows x 7 columns]
[2025-10-06T03:13:47.813+0000] {taskinstance.py:340} INFO - ::group::Post task execution logs
[2025-10-06T03:13:47.814+0000] {taskinstance.py:352} INFO - Marking task as SUCCESS. dag_id=stock_prices_dag_etl_lab1, task_id=transform, run_id=manual__2025-10-06T03:13:35.796972+00:00, execution_date=20251006T031335, start_date=20251006T031347, end_date=20251006T031347
[2025-10-06T03:13:47.854+0000] {local_task_job_runner.py:266} INFO - Task exited with return code 0
[2025-10-06T03:13:47.870+0000] {local_task_job_runner.py:245} INFO - ::endgroup::
