[2025-10-07T14:39:32.419+0000] {local_task_job_runner.py:123} INFO - ::group::Pre task execution logs
[2025-10-07T14:39:32.465+0000] {taskinstance.py:2612} INFO - Dependencies all met for dep_context=non-requeueable deps ti=<TaskInstance: TrainPredict.predict manual__2025-10-07T14:37:33.982927+00:00 [queued]>
[2025-10-07T14:39:32.488+0000] {taskinstance.py:2612} INFO - Dependencies all met for dep_context=requeueable deps ti=<TaskInstance: TrainPredict.predict manual__2025-10-07T14:37:33.982927+00:00 [queued]>
[2025-10-07T14:39:32.489+0000] {taskinstance.py:2865} INFO - Starting attempt 1 of 1
[2025-10-07T14:39:32.532+0000] {taskinstance.py:2888} INFO - Executing <Task(_PythonDecoratedOperator): predict> on 2025-10-07 14:37:33.982927+00:00
[2025-10-07T14:39:32.553+0000] {logging_mixin.py:190} WARNING - /home/***/.local/lib/python3.12/site-packages/***/task/task_runner/standard_task_runner.py:70 DeprecationWarning: This process (pid=19519) is multi-threaded, use of fork() may lead to deadlocks in the child.
[2025-10-07T14:39:32.554+0000] {standard_task_runner.py:104} INFO - Running: ['***', 'tasks', 'run', 'TrainPredict', 'predict', 'manual__2025-10-07T14:37:33.982927+00:00', '--job-id', '81', '--raw', '--subdir', 'DAGS_FOLDER/lab1_forecast.py', '--cfg-path', '/tmp/tmpxo8iipaz']
[2025-10-07T14:39:32.556+0000] {standard_task_runner.py:72} INFO - Started process 19522 to run task
[2025-10-07T14:39:32.556+0000] {standard_task_runner.py:105} INFO - Job 81: Subtask predict
[2025-10-07T14:39:32.655+0000] {task_command.py:467} INFO - Running <TaskInstance: TrainPredict.predict manual__2025-10-07T14:37:33.982927+00:00 [running]> on host 09b8d9c0c3f2
[2025-10-07T14:39:32.836+0000] {taskinstance.py:3131} INFO - Exporting env vars: AIRFLOW_CTX_DAG_OWNER='***' AIRFLOW_CTX_DAG_ID='TrainPredict' AIRFLOW_CTX_TASK_ID='predict' AIRFLOW_CTX_EXECUTION_DATE='2025-10-07T14:37:33.982927+00:00' AIRFLOW_CTX_TRY_NUMBER='1' AIRFLOW_CTX_DAG_RUN_ID='manual__2025-10-07T14:37:33.982927+00:00'
[2025-10-07T14:39:32.838+0000] {taskinstance.py:731} INFO - ::endgroup::
[2025-10-07T14:39:56.040+0000] {cursor.py:1156} INFO - Number of results in first chunk: 1
[2025-10-07T14:39:57.314+0000] {cursor.py:1156} INFO - Number of results in first chunk: 1
[2025-10-07T14:39:57.315+0000] {python.py:240} INFO - Done. Returned value was: None
[2025-10-07T14:39:57.340+0000] {taskinstance.py:340} INFO - ::group::Post task execution logs
[2025-10-07T14:39:57.342+0000] {taskinstance.py:352} INFO - Marking task as SUCCESS. dag_id=TrainPredict, task_id=predict, run_id=manual__2025-10-07T14:37:33.982927+00:00, execution_date=20251007T143733, start_date=20251007T143932, end_date=20251007T143957
[2025-10-07T14:39:57.413+0000] {local_task_job_runner.py:266} INFO - Task exited with return code 0
[2025-10-07T14:39:57.446+0000] {taskinstance.py:3900} INFO - 0 downstream tasks scheduled from follow-on schedule check
[2025-10-07T14:39:57.448+0000] {local_task_job_runner.py:245} INFO - ::endgroup::
