[2025-10-04T16:39:01.325+0000] {processor.py:186} INFO - Started process (PID=1907) to work on /opt/airflow/dags/hw5.py
[2025-10-04T16:39:01.332+0000] {processor.py:914} INFO - Processing file /opt/airflow/dags/hw5.py for tasks to queue
[2025-10-04T16:39:01.350+0000] {logging_mixin.py:190} INFO - [2025-10-04T16:39:01.348+0000] {dagbag.py:587} INFO - Filling up the DagBag from /opt/airflow/dags/hw5.py
[2025-10-04T16:39:01.495+0000] {processor.py:925} INFO - DAG(s) 'stock_prices_dag_etl' retrieved from /opt/airflow/dags/hw5.py
[2025-10-04T16:39:01.633+0000] {logging_mixin.py:190} INFO - [2025-10-04T16:39:01.632+0000] {dag.py:3229} INFO - Sync 1 DAGs
[2025-10-04T16:39:01.715+0000] {logging_mixin.py:190} INFO - [2025-10-04T16:39:01.714+0000] {dag.py:4156} INFO - Setting next_dagrun for stock_prices_dag_etl to None, run_after=None
[2025-10-04T16:39:01.784+0000] {processor.py:208} INFO - Processing /opt/airflow/dags/hw5.py took 0.496 seconds
[2025-10-04T17:40:32.199+0000] {processor.py:186} INFO - Started process (PID=204) to work on /opt/airflow/dags/hw5.py
[2025-10-04T17:40:32.272+0000] {processor.py:914} INFO - Processing file /opt/airflow/dags/hw5.py for tasks to queue
[2025-10-04T17:40:32.281+0000] {logging_mixin.py:190} INFO - [2025-10-04T17:40:32.280+0000] {dagbag.py:587} INFO - Filling up the DagBag from /opt/airflow/dags/hw5.py
[2025-10-04T17:40:32.544+0000] {processor.py:925} INFO - DAG(s) 'stock_prices_dag_etl' retrieved from /opt/airflow/dags/hw5.py
[2025-10-04T17:40:34.021+0000] {logging_mixin.py:190} INFO - [2025-10-04T17:40:34.019+0000] {dag.py:3229} INFO - Sync 1 DAGs
[2025-10-04T17:40:34.976+0000] {logging_mixin.py:190} INFO - [2025-10-04T17:40:34.974+0000] {dag.py:4156} INFO - Setting next_dagrun for stock_prices_dag_etl to None, run_after=None
[2025-10-04T17:40:35.250+0000] {processor.py:208} INFO - Processing /opt/airflow/dags/hw5.py took 3.525 seconds
[2025-10-04T17:41:14.166+0000] {processor.py:186} INFO - Started process (PID=215) to work on /opt/airflow/dags/hw5.py
[2025-10-04T17:41:14.173+0000] {processor.py:914} INFO - Processing file /opt/airflow/dags/hw5.py for tasks to queue
[2025-10-04T17:41:14.202+0000] {logging_mixin.py:190} INFO - [2025-10-04T17:41:14.198+0000] {dagbag.py:587} INFO - Filling up the DagBag from /opt/airflow/dags/hw5.py
[2025-10-04T17:41:14.408+0000] {processor.py:925} INFO - DAG(s) 'stock_prices_dag_etl' retrieved from /opt/airflow/dags/hw5.py
[2025-10-04T17:41:14.579+0000] {logging_mixin.py:190} INFO - [2025-10-04T17:41:14.576+0000] {dag.py:3229} INFO - Sync 1 DAGs
[2025-10-04T17:41:14.732+0000] {logging_mixin.py:190} INFO - [2025-10-04T17:41:14.731+0000] {dag.py:4156} INFO - Setting next_dagrun for stock_prices_dag_etl to None, run_after=None
[2025-10-04T17:41:14.817+0000] {processor.py:208} INFO - Processing /opt/airflow/dags/hw5.py took 0.733 seconds
[2025-10-04T18:41:01.751+0000] {processor.py:186} INFO - Started process (PID=228) to work on /opt/airflow/dags/hw5.py
[2025-10-04T18:41:01.753+0000] {processor.py:914} INFO - Processing file /opt/airflow/dags/hw5.py for tasks to queue
[2025-10-04T18:41:01.759+0000] {logging_mixin.py:190} INFO - [2025-10-04T18:41:01.758+0000] {dagbag.py:587} INFO - Filling up the DagBag from /opt/airflow/dags/hw5.py
[2025-10-04T18:41:01.780+0000] {processor.py:925} INFO - DAG(s) 'stock_prices_dag_etl' retrieved from /opt/airflow/dags/hw5.py
[2025-10-04T18:41:01.861+0000] {logging_mixin.py:190} INFO - [2025-10-04T18:41:01.860+0000] {dag.py:3229} INFO - Sync 1 DAGs
[2025-10-04T18:41:01.931+0000] {logging_mixin.py:190} INFO - [2025-10-04T18:41:01.930+0000] {dag.py:4156} INFO - Setting next_dagrun for stock_prices_dag_etl to None, run_after=None
[2025-10-04T18:41:01.976+0000] {processor.py:208} INFO - Processing /opt/airflow/dags/hw5.py took 0.239 seconds
[2025-10-04T18:41:42.508+0000] {processor.py:186} INFO - Started process (PID=250) to work on /opt/airflow/dags/hw5.py
[2025-10-04T18:41:42.523+0000] {processor.py:914} INFO - Processing file /opt/airflow/dags/hw5.py for tasks to queue
[2025-10-04T18:41:42.567+0000] {logging_mixin.py:190} INFO - [2025-10-04T18:41:42.563+0000] {dagbag.py:587} INFO - Filling up the DagBag from /opt/airflow/dags/hw5.py
[2025-10-04T18:41:42.713+0000] {processor.py:925} INFO - DAG(s) 'stock_prices_dag_etl' retrieved from /opt/airflow/dags/hw5.py
[2025-10-04T18:41:42.916+0000] {logging_mixin.py:190} INFO - [2025-10-04T18:41:42.915+0000] {dag.py:3229} INFO - Sync 1 DAGs
[2025-10-04T18:41:43.033+0000] {logging_mixin.py:190} INFO - [2025-10-04T18:41:43.033+0000] {dag.py:4156} INFO - Setting next_dagrun for stock_prices_dag_etl to None, run_after=None
[2025-10-04T18:41:43.120+0000] {processor.py:208} INFO - Processing /opt/airflow/dags/hw5.py took 0.735 seconds
[2025-10-04T19:42:21.435+0000] {processor.py:186} INFO - Started process (PID=261) to work on /opt/airflow/dags/hw5.py
[2025-10-04T19:42:21.437+0000] {processor.py:914} INFO - Processing file /opt/airflow/dags/hw5.py for tasks to queue
[2025-10-04T19:42:21.441+0000] {logging_mixin.py:190} INFO - [2025-10-04T19:42:21.440+0000] {dagbag.py:587} INFO - Filling up the DagBag from /opt/airflow/dags/hw5.py
[2025-10-04T19:42:21.457+0000] {processor.py:925} INFO - DAG(s) 'stock_prices_dag_etl' retrieved from /opt/airflow/dags/hw5.py
[2025-10-04T19:42:21.511+0000] {logging_mixin.py:190} INFO - [2025-10-04T19:42:21.510+0000] {dag.py:3229} INFO - Sync 1 DAGs
[2025-10-04T19:42:21.556+0000] {logging_mixin.py:190} INFO - [2025-10-04T19:42:21.555+0000] {dag.py:4156} INFO - Setting next_dagrun for stock_prices_dag_etl to None, run_after=None
[2025-10-04T19:42:21.583+0000] {processor.py:208} INFO - Processing /opt/airflow/dags/hw5.py took 0.159 seconds
[2025-10-04T20:43:11.217+0000] {processor.py:186} INFO - Started process (PID=272) to work on /opt/airflow/dags/hw5.py
[2025-10-04T20:43:11.233+0000] {processor.py:914} INFO - Processing file /opt/airflow/dags/hw5.py for tasks to queue
[2025-10-04T20:43:11.254+0000] {logging_mixin.py:190} INFO - [2025-10-04T20:43:11.252+0000] {dagbag.py:587} INFO - Filling up the DagBag from /opt/airflow/dags/hw5.py
[2025-10-04T20:43:11.317+0000] {processor.py:925} INFO - DAG(s) 'stock_prices_dag_etl' retrieved from /opt/airflow/dags/hw5.py
[2025-10-04T20:43:11.427+0000] {logging_mixin.py:190} INFO - [2025-10-04T20:43:11.426+0000] {dag.py:3229} INFO - Sync 1 DAGs
[2025-10-04T20:43:11.511+0000] {logging_mixin.py:190} INFO - [2025-10-04T20:43:11.510+0000] {dag.py:4156} INFO - Setting next_dagrun for stock_prices_dag_etl to None, run_after=None
[2025-10-04T20:43:11.564+0000] {processor.py:208} INFO - Processing /opt/airflow/dags/hw5.py took 0.380 seconds
[2025-10-04T20:43:42.011+0000] {processor.py:186} INFO - Started process (PID=283) to work on /opt/airflow/dags/hw5.py
[2025-10-04T20:43:42.014+0000] {processor.py:914} INFO - Processing file /opt/airflow/dags/hw5.py for tasks to queue
[2025-10-04T20:43:42.018+0000] {logging_mixin.py:190} INFO - [2025-10-04T20:43:42.017+0000] {dagbag.py:587} INFO - Filling up the DagBag from /opt/airflow/dags/hw5.py
[2025-10-04T20:43:42.034+0000] {processor.py:925} INFO - DAG(s) 'stock_prices_dag_etl' retrieved from /opt/airflow/dags/hw5.py
[2025-10-04T20:43:42.093+0000] {logging_mixin.py:190} INFO - [2025-10-04T20:43:42.091+0000] {dag.py:3229} INFO - Sync 1 DAGs
[2025-10-04T20:43:42.133+0000] {logging_mixin.py:190} INFO - [2025-10-04T20:43:42.133+0000] {dag.py:4156} INFO - Setting next_dagrun for stock_prices_dag_etl to None, run_after=None
[2025-10-04T20:43:42.172+0000] {processor.py:208} INFO - Processing /opt/airflow/dags/hw5.py took 0.196 seconds
[2025-10-04T21:44:33.116+0000] {processor.py:186} INFO - Started process (PID=294) to work on /opt/airflow/dags/hw5.py
[2025-10-04T21:44:33.142+0000] {processor.py:914} INFO - Processing file /opt/airflow/dags/hw5.py for tasks to queue
[2025-10-04T21:44:33.216+0000] {logging_mixin.py:190} INFO - [2025-10-04T21:44:33.205+0000] {dagbag.py:587} INFO - Filling up the DagBag from /opt/airflow/dags/hw5.py
[2025-10-04T21:44:33.394+0000] {processor.py:925} INFO - DAG(s) 'stock_prices_dag_etl' retrieved from /opt/airflow/dags/hw5.py
[2025-10-04T21:44:33.671+0000] {logging_mixin.py:190} INFO - [2025-10-04T21:44:33.669+0000] {dag.py:3229} INFO - Sync 1 DAGs
[2025-10-04T21:44:33.844+0000] {logging_mixin.py:190} INFO - [2025-10-04T21:44:33.844+0000] {dag.py:4156} INFO - Setting next_dagrun for stock_prices_dag_etl to None, run_after=None
[2025-10-04T21:44:33.910+0000] {processor.py:208} INFO - Processing /opt/airflow/dags/hw5.py took 0.836 seconds
[2025-10-04T21:45:12.851+0000] {processor.py:186} INFO - Started process (PID=305) to work on /opt/airflow/dags/hw5.py
[2025-10-04T21:45:12.883+0000] {processor.py:914} INFO - Processing file /opt/airflow/dags/hw5.py for tasks to queue
[2025-10-04T21:45:12.912+0000] {logging_mixin.py:190} INFO - [2025-10-04T21:45:12.908+0000] {dagbag.py:587} INFO - Filling up the DagBag from /opt/airflow/dags/hw5.py
[2025-10-04T21:45:13.004+0000] {processor.py:925} INFO - DAG(s) 'stock_prices_dag_etl' retrieved from /opt/airflow/dags/hw5.py
[2025-10-04T21:45:13.158+0000] {logging_mixin.py:190} INFO - [2025-10-04T21:45:13.156+0000] {dag.py:3229} INFO - Sync 1 DAGs
[2025-10-04T21:45:13.272+0000] {logging_mixin.py:190} INFO - [2025-10-04T21:45:13.272+0000] {dag.py:4156} INFO - Setting next_dagrun for stock_prices_dag_etl to None, run_after=None
[2025-10-04T21:45:13.451+0000] {processor.py:208} INFO - Processing /opt/airflow/dags/hw5.py took 0.874 seconds
[2025-10-04T22:45:41.030+0000] {processor.py:186} INFO - Started process (PID=317) to work on /opt/airflow/dags/hw5.py
[2025-10-04T22:45:41.038+0000] {processor.py:914} INFO - Processing file /opt/airflow/dags/hw5.py for tasks to queue
[2025-10-04T22:45:41.042+0000] {logging_mixin.py:190} INFO - [2025-10-04T22:45:41.042+0000] {dagbag.py:587} INFO - Filling up the DagBag from /opt/airflow/dags/hw5.py
[2025-10-04T22:45:41.062+0000] {processor.py:925} INFO - DAG(s) 'stock_prices_dag_etl' retrieved from /opt/airflow/dags/hw5.py
[2025-10-04T22:45:41.269+0000] {logging_mixin.py:190} INFO - [2025-10-04T22:45:41.266+0000] {dag.py:3229} INFO - Sync 1 DAGs
[2025-10-04T22:45:41.512+0000] {logging_mixin.py:190} INFO - [2025-10-04T22:45:41.511+0000] {dag.py:4156} INFO - Setting next_dagrun for stock_prices_dag_etl to None, run_after=None
[2025-10-04T22:45:41.636+0000] {processor.py:208} INFO - Processing /opt/airflow/dags/hw5.py took 0.706 seconds
[2025-10-04T23:46:35.241+0000] {processor.py:186} INFO - Started process (PID=328) to work on /opt/airflow/dags/hw5.py
[2025-10-04T23:46:35.264+0000] {processor.py:914} INFO - Processing file /opt/airflow/dags/hw5.py for tasks to queue
[2025-10-04T23:46:35.291+0000] {logging_mixin.py:190} INFO - [2025-10-04T23:46:35.288+0000] {dagbag.py:587} INFO - Filling up the DagBag from /opt/airflow/dags/hw5.py
[2025-10-04T23:46:35.382+0000] {processor.py:925} INFO - DAG(s) 'stock_prices_dag_etl' retrieved from /opt/airflow/dags/hw5.py
[2025-10-04T23:46:35.524+0000] {logging_mixin.py:190} INFO - [2025-10-04T23:46:35.522+0000] {dag.py:3229} INFO - Sync 1 DAGs
[2025-10-04T23:46:35.648+0000] {logging_mixin.py:190} INFO - [2025-10-04T23:46:35.647+0000] {dag.py:4156} INFO - Setting next_dagrun for stock_prices_dag_etl to None, run_after=None
[2025-10-04T23:46:35.725+0000] {processor.py:208} INFO - Processing /opt/airflow/dags/hw5.py took 0.791 seconds
[2025-10-04T23:47:06.282+0000] {processor.py:186} INFO - Started process (PID=339) to work on /opt/airflow/dags/hw5.py
[2025-10-04T23:47:06.314+0000] {processor.py:914} INFO - Processing file /opt/airflow/dags/hw5.py for tasks to queue
[2025-10-04T23:47:06.324+0000] {logging_mixin.py:190} INFO - [2025-10-04T23:47:06.321+0000] {dagbag.py:587} INFO - Filling up the DagBag from /opt/airflow/dags/hw5.py
[2025-10-04T23:47:06.388+0000] {processor.py:925} INFO - DAG(s) 'stock_prices_dag_etl' retrieved from /opt/airflow/dags/hw5.py
[2025-10-04T23:47:06.558+0000] {logging_mixin.py:190} INFO - [2025-10-04T23:47:06.556+0000] {dag.py:3229} INFO - Sync 1 DAGs
[2025-10-04T23:47:06.628+0000] {logging_mixin.py:190} INFO - [2025-10-04T23:47:06.627+0000] {dag.py:4156} INFO - Setting next_dagrun for stock_prices_dag_etl to None, run_after=None
[2025-10-04T23:47:06.693+0000] {processor.py:208} INFO - Processing /opt/airflow/dags/hw5.py took 0.521 seconds
