[2025-10-26T21:36:10.628+0000] {local_task_job_runner.py:123} INFO - ::group::Pre task execution logs
[2025-10-26T21:36:10.658+0000] {taskinstance.py:2612} INFO - Dependencies all met for dep_context=non-requeueable deps ti=<TaskInstance: stock_prices_dag_etl_lab1.extract scheduled__2025-10-07T09:00:00+00:00 [queued]>
[2025-10-26T21:36:10.673+0000] {taskinstance.py:2612} INFO - Dependencies all met for dep_context=requeueable deps ti=<TaskInstance: stock_prices_dag_etl_lab1.extract scheduled__2025-10-07T09:00:00+00:00 [queued]>
[2025-10-26T21:36:10.673+0000] {taskinstance.py:2865} INFO - Starting attempt 1 of 1
[2025-10-26T21:36:11.091+0000] {taskinstance.py:2888} INFO - Executing <Task(_PythonDecoratedOperator): extract> on 2025-10-07 09:00:00+00:00
[2025-10-26T21:36:11.110+0000] {logging_mixin.py:190} WARNING - /home/***/.local/lib/python3.12/site-packages/***/task/task_runner/standard_task_runner.py:70 DeprecationWarning: This process (pid=202) is multi-threaded, use of fork() may lead to deadlocks in the child.
[2025-10-26T21:36:11.115+0000] {standard_task_runner.py:72} INFO - Started process 243 to run task
[2025-10-26T21:36:11.137+0000] {standard_task_runner.py:104} INFO - Running: ['***', 'tasks', 'run', 'stock_prices_dag_etl_lab1', 'extract', 'scheduled__2025-10-07T09:00:00+00:00', '--job-id', '92', '--raw', '--subdir', 'DAGS_FOLDER/lab1_pipeline.py', '--cfg-path', '/tmp/tmpj1v5jnge']
[2025-10-26T21:36:11.144+0000] {standard_task_runner.py:105} INFO - Job 92: Subtask extract
[2025-10-26T21:36:11.277+0000] {task_command.py:467} INFO - Running <TaskInstance: stock_prices_dag_etl_lab1.extract scheduled__2025-10-07T09:00:00+00:00 [running]> on host 09b8d9c0c3f2
[2025-10-26T21:36:11.669+0000] {taskinstance.py:3131} INFO - Exporting env vars: AIRFLOW_CTX_DAG_OWNER='***' AIRFLOW_CTX_DAG_ID='stock_prices_dag_etl_lab1' AIRFLOW_CTX_TASK_ID='extract' AIRFLOW_CTX_EXECUTION_DATE='2025-10-07T09:00:00+00:00' AIRFLOW_CTX_TRY_NUMBER='1' AIRFLOW_CTX_DAG_RUN_ID='scheduled__2025-10-07T09:00:00+00:00'
[2025-10-26T21:36:11.675+0000] {taskinstance.py:731} INFO - ::endgroup::
[2025-10-26T21:36:11.732+0000] {logging_mixin.py:190} WARNING - /opt/***/dags/lab1_pipeline.py:16 FutureWarning: YF.download() has changed argument auto_adjust default to True
[2025-10-26T21:36:12.191+0000] {logging_mixin.py:190} WARNING - [*********************100%***********************]  1 of 1 completed
[2025-10-26T21:36:12.229+0000] {python.py:240} INFO - Done. Returned value was:           Date      Close       High        Low       Open    Volume
0   2025-02-07  14.910000  15.280000  14.830000  14.900000  32161400
1   2025-02-10  15.130000  15.400000  15.000000  15.030000  30509900
2   2025-02-11  14.830000  15.250000  14.790000  14.990000  30455200
3   2025-02-12  14.770000  14.850000  14.420000  14.580000  33663600
4   2025-02-13  15.190000  15.355000  14.775000  14.960000  36477800
..         ...        ...        ...        ...        ...       ...
175 2025-10-20  28.680000  28.930000  27.059999  27.200001  71880800
176 2025-10-21  28.750000  29.070000  28.150000  28.559999  56408100
177 2025-10-22  27.190001  28.799999  26.379999  28.490000  72894600
178 2025-10-23  28.080000  28.594999  27.198999  27.330000  51151800
179 2025-10-24  29.010000  29.870001  28.700001  28.844999  52835500

[180 rows x 6 columns]
[2025-10-26T21:36:12.444+0000] {taskinstance.py:340} INFO - ::group::Post task execution logs
[2025-10-26T21:36:12.448+0000] {taskinstance.py:352} INFO - Marking task as SUCCESS. dag_id=stock_prices_dag_etl_lab1, task_id=extract, run_id=scheduled__2025-10-07T09:00:00+00:00, execution_date=20251007T090000, start_date=20251026T213610, end_date=20251026T213612
[2025-10-26T21:36:12.520+0000] {local_task_job_runner.py:266} INFO - Task exited with return code 0
[2025-10-26T21:36:12.557+0000] {local_task_job_runner.py:245} INFO - ::endgroup::
