[2025-11-25T05:38:06.319+0000] {local_task_job_runner.py:123} INFO - ::group::Pre task execution logs
[2025-11-25T05:38:06.355+0000] {taskinstance.py:2612} INFO - Dependencies all met for dep_context=non-requeueable deps ti=<TaskInstance: stock_prices_dag_etl_lab1.extract manual__2025-11-25T05:37:58.150636+00:00 [queued]>
[2025-11-25T05:38:06.374+0000] {taskinstance.py:2612} INFO - Dependencies all met for dep_context=requeueable deps ti=<TaskInstance: stock_prices_dag_etl_lab1.extract manual__2025-11-25T05:37:58.150636+00:00 [queued]>
[2025-11-25T05:38:06.375+0000] {taskinstance.py:2865} INFO - Starting attempt 1 of 1
[2025-11-25T05:38:06.400+0000] {taskinstance.py:2888} INFO - Executing <Task(_PythonDecoratedOperator): extract> on 2025-11-25 05:37:58.150636+00:00
[2025-11-25T05:38:06.422+0000] {logging_mixin.py:190} WARNING - /home/***/.local/lib/python3.12/site-packages/***/task/task_runner/standard_task_runner.py:70 DeprecationWarning: This process (pid=43658) is multi-threaded, use of fork() may lead to deadlocks in the child.
[2025-11-25T05:38:06.426+0000] {standard_task_runner.py:72} INFO - Started process 43682 to run task
[2025-11-25T05:38:06.426+0000] {standard_task_runner.py:104} INFO - Running: ['***', 'tasks', 'run', 'stock_prices_dag_etl_lab1', 'extract', 'manual__2025-11-25T05:37:58.150636+00:00', '--job-id', '160', '--raw', '--subdir', 'DAGS_FOLDER/lab1_pipeline.py', '--cfg-path', '/tmp/tmp6gj9znjx']
[2025-11-25T05:38:06.434+0000] {standard_task_runner.py:105} INFO - Job 160: Subtask extract
[2025-11-25T05:38:06.532+0000] {task_command.py:467} INFO - Running <TaskInstance: stock_prices_dag_etl_lab1.extract manual__2025-11-25T05:37:58.150636+00:00 [running]> on host b29649a78690
[2025-11-25T05:38:09.122+0000] {taskinstance.py:3131} INFO - Exporting env vars: AIRFLOW_CTX_DAG_OWNER='***' AIRFLOW_CTX_DAG_ID='stock_prices_dag_etl_lab1' AIRFLOW_CTX_TASK_ID='extract' AIRFLOW_CTX_EXECUTION_DATE='2025-11-25T05:37:58.150636+00:00' AIRFLOW_CTX_TRY_NUMBER='1' AIRFLOW_CTX_DAG_RUN_ID='manual__2025-11-25T05:37:58.150636+00:00'
[2025-11-25T05:38:09.124+0000] {taskinstance.py:731} INFO - ::endgroup::
[2025-11-25T05:38:09.133+0000] {logging_mixin.py:190} WARNING - /opt/***/dags/lab1_pipeline.py:16 FutureWarning: YF.download() has changed argument auto_adjust default to True
[2025-11-25T05:38:09.459+0000] {logging_mixin.py:190} WARNING - [*********************100%***********************]  1 of 1 completed
[2025-11-25T05:38:09.477+0000] {python.py:240} INFO - Done. Returned value was:           Date      Close       High        Low       Open    Volume
0   2025-03-11  11.260000  11.497000  10.850000  11.060000  54907900
1   2025-03-12  11.920000  12.120000  11.440000  11.860000  54143700
2   2025-03-13  11.390000  12.090000  11.310000  12.000000  38157700
3   2025-03-14  12.090000  12.120000  11.610000  11.690000  37484500
4   2025-03-17  12.320000  12.470000  11.960000  12.080000  45612600
..         ...        ...        ...        ...        ...       ...
175 2025-11-18  26.240000  27.000000  25.709999  26.510000  66837600
176 2025-11-19  26.719999  26.850000  25.559999  26.475000  63026400
177 2025-11-20  24.910000  28.575001  24.745001  27.879999  98241000
178 2025-11-21  25.190001  25.445000  23.520000  24.629999  90228900
179 2025-11-24  27.400000  27.610001  25.655001  25.830000  63488000

[180 rows x 6 columns]
[2025-11-25T05:38:09.695+0000] {taskinstance.py:340} INFO - ::group::Post task execution logs
[2025-11-25T05:38:09.697+0000] {taskinstance.py:352} INFO - Marking task as SUCCESS. dag_id=stock_prices_dag_etl_lab1, task_id=extract, run_id=manual__2025-11-25T05:37:58.150636+00:00, execution_date=20251125T053758, start_date=20251125T053806, end_date=20251125T053809
[2025-11-25T05:38:09.756+0000] {local_task_job_runner.py:266} INFO - Task exited with return code 0
[2025-11-25T05:38:09.915+0000] {local_task_job_runner.py:245} INFO - ::endgroup::
