[2025-10-27T03:24:13.815+0000] {local_task_job_runner.py:123} INFO - ::group::Pre task execution logs
[2025-10-27T03:24:13.839+0000] {taskinstance.py:2612} INFO - Dependencies all met for dep_context=non-requeueable deps ti=<TaskInstance: COPY_INTO_DATABASE_FROM_AWS.copy_from_stage_into_tables manual__2025-10-27T03:24:07.072127+00:00 [queued]>
[2025-10-27T03:24:13.851+0000] {taskinstance.py:2612} INFO - Dependencies all met for dep_context=requeueable deps ti=<TaskInstance: COPY_INTO_DATABASE_FROM_AWS.copy_from_stage_into_tables manual__2025-10-27T03:24:07.072127+00:00 [queued]>
[2025-10-27T03:24:13.852+0000] {taskinstance.py:2865} INFO - Starting attempt 1 of 1
[2025-10-27T03:24:13.868+0000] {taskinstance.py:2888} INFO - Executing <Task(_PythonDecoratedOperator): copy_from_stage_into_tables> on 2025-10-27 03:24:07.072127+00:00
[2025-10-27T03:24:13.879+0000] {logging_mixin.py:190} WARNING - /home/***/.local/lib/python3.12/site-packages/***/task/task_runner/standard_task_runner.py:70 DeprecationWarning: This process (pid=8300) is multi-threaded, use of fork() may lead to deadlocks in the child.
[2025-10-27T03:24:13.881+0000] {standard_task_runner.py:72} INFO - Started process 8303 to run task
[2025-10-27T03:24:13.879+0000] {standard_task_runner.py:104} INFO - Running: ['***', 'tasks', 'run', 'COPY_INTO_DATABASE_FROM_AWS', 'copy_from_stage_into_tables', 'manual__2025-10-27T03:24:07.072127+00:00', '--job-id', '115', '--raw', '--subdir', 'DAGS_FOLDER/hw6_pt1.py', '--cfg-path', '/tmp/tmpqtgx0ax6']
[2025-10-27T03:24:13.882+0000] {standard_task_runner.py:105} INFO - Job 115: Subtask copy_from_stage_into_tables
[2025-10-27T03:24:13.941+0000] {task_command.py:467} INFO - Running <TaskInstance: COPY_INTO_DATABASE_FROM_AWS.copy_from_stage_into_tables manual__2025-10-27T03:24:07.072127+00:00 [running]> on host 09b8d9c0c3f2
[2025-10-27T03:24:14.054+0000] {taskinstance.py:3131} INFO - Exporting env vars: AIRFLOW_CTX_DAG_OWNER='***' AIRFLOW_CTX_DAG_ID='COPY_INTO_DATABASE_FROM_AWS' AIRFLOW_CTX_TASK_ID='copy_from_stage_into_tables' AIRFLOW_CTX_EXECUTION_DATE='2025-10-27T03:24:07.072127+00:00' AIRFLOW_CTX_TRY_NUMBER='1' AIRFLOW_CTX_DAG_RUN_ID='manual__2025-10-27T03:24:07.072127+00:00'
[2025-10-27T03:24:14.056+0000] {taskinstance.py:731} INFO - ::endgroup::
[2025-10-27T03:24:14.076+0000] {base.py:84} INFO - Retrieving connection 'snowflake_conn'
[2025-10-27T03:24:14.078+0000] {connection.py:413} INFO - Snowflake Connector for Python Version: 3.12.1, Python Version: 3.12.5, Platform: Linux-6.10.14-linuxkit-x86_64-with-glibc2.36
[2025-10-27T03:24:14.080+0000] {connection.py:1196} INFO - Connecting to GLOBAL Snowflake domain
[2025-10-27T03:24:14.081+0000] {connection.py:1277} INFO - This connection is in OCSP Fail Open Mode. TLS Certificates would be checked for validity and revocation status. Any other Certificate Revocation related exceptions or OCSP Responder failures would be disregarded in favor of connectivity.
[2025-10-27T03:24:14.753+0000] {cursor.py:1156} INFO - Number of results in first chunk: 1
[2025-10-27T03:24:15.722+0000] {cursor.py:1156} INFO - Number of results in first chunk: 1
[2025-10-27T03:24:16.099+0000] {cursor.py:1156} INFO - Number of results in first chunk: 1
[2025-10-27T03:24:16.320+0000] {cursor.py:1156} INFO - Number of results in first chunk: 1
[2025-10-27T03:24:16.320+0000] {python.py:240} INFO - Done. Returned value was: None
[2025-10-27T03:24:16.343+0000] {taskinstance.py:340} INFO - ::group::Post task execution logs
[2025-10-27T03:24:16.343+0000] {taskinstance.py:352} INFO - Marking task as SUCCESS. dag_id=COPY_INTO_DATABASE_FROM_AWS, task_id=copy_from_stage_into_tables, run_id=manual__2025-10-27T03:24:07.072127+00:00, execution_date=20251027T032407, start_date=20251027T032413, end_date=20251027T032416
[2025-10-27T03:24:16.402+0000] {local_task_job_runner.py:266} INFO - Task exited with return code 0
[2025-10-27T03:24:16.425+0000] {taskinstance.py:3900} INFO - 0 downstream tasks scheduled from follow-on schedule check
[2025-10-27T03:24:16.428+0000] {local_task_job_runner.py:245} INFO - ::endgroup::
