[2025-11-15T21:45:03.808+0000] {local_task_job_runner.py:123} INFO - ::group::Pre task execution logs
[2025-11-15T21:45:03.837+0000] {taskinstance.py:2612} INFO - Dependencies all met for dep_context=non-requeueable deps ti=<TaskInstance: COPY_INTO_DATABASE_FROM_AWS.create_table_and_stage_and_copy scheduled__2025-11-06T08:20:00+00:00 [queued]>
[2025-11-15T21:45:03.850+0000] {taskinstance.py:2612} INFO - Dependencies all met for dep_context=requeueable deps ti=<TaskInstance: COPY_INTO_DATABASE_FROM_AWS.create_table_and_stage_and_copy scheduled__2025-11-06T08:20:00+00:00 [queued]>
[2025-11-15T21:45:03.851+0000] {taskinstance.py:2865} INFO - Starting attempt 1 of 1
[2025-11-15T21:45:03.871+0000] {taskinstance.py:2888} INFO - Executing <Task(_PythonDecoratedOperator): create_table_and_stage_and_copy> on 2025-11-06 08:20:00+00:00
[2025-11-15T21:45:03.885+0000] {logging_mixin.py:190} WARNING - /home/***/.local/lib/python3.12/site-packages/***/task/task_runner/standard_task_runner.py:70 DeprecationWarning: This process (pid=203) is multi-threaded, use of fork() may lead to deadlocks in the child.
[2025-11-15T21:45:03.887+0000] {standard_task_runner.py:72} INFO - Started process 227 to run task
[2025-11-15T21:45:03.888+0000] {standard_task_runner.py:104} INFO - Running: ['***', 'tasks', 'run', 'COPY_INTO_DATABASE_FROM_AWS', 'create_table_and_stage_and_copy', 'scheduled__2025-11-06T08:20:00+00:00', '--job-id', '133', '--raw', '--subdir', 'DAGS_FOLDER/hw6_pt1.py', '--cfg-path', '/tmp/tmpozhrnfx8']
[2025-11-15T21:45:03.896+0000] {standard_task_runner.py:105} INFO - Job 133: Subtask create_table_and_stage_and_copy
[2025-11-15T21:45:03.986+0000] {task_command.py:467} INFO - Running <TaskInstance: COPY_INTO_DATABASE_FROM_AWS.create_table_and_stage_and_copy scheduled__2025-11-06T08:20:00+00:00 [running]> on host 09b8d9c0c3f2
[2025-11-15T21:45:04.163+0000] {taskinstance.py:3131} INFO - Exporting env vars: AIRFLOW_CTX_DAG_OWNER='***' AIRFLOW_CTX_DAG_ID='COPY_INTO_DATABASE_FROM_AWS' AIRFLOW_CTX_TASK_ID='create_table_and_stage_and_copy' AIRFLOW_CTX_EXECUTION_DATE='2025-11-06T08:20:00+00:00' AIRFLOW_CTX_TRY_NUMBER='1' AIRFLOW_CTX_DAG_RUN_ID='scheduled__2025-11-06T08:20:00+00:00'
[2025-11-15T21:45:04.166+0000] {taskinstance.py:731} INFO - ::endgroup::
[2025-11-15T21:45:04.229+0000] {base.py:84} INFO - Retrieving connection 'snowflake_conn'
[2025-11-15T21:45:04.235+0000] {connection.py:413} INFO - Snowflake Connector for Python Version: 3.12.1, Python Version: 3.12.5, Platform: Linux-6.10.14-linuxkit-x86_64-with-glibc2.36
[2025-11-15T21:45:04.241+0000] {connection.py:1196} INFO - Connecting to GLOBAL Snowflake domain
[2025-11-15T21:45:04.246+0000] {connection.py:1277} INFO - This connection is in OCSP Fail Open Mode. TLS Certificates would be checked for validity and revocation status. Any other Certificate Revocation related exceptions or OCSP Responder failures would be disregarded in favor of connectivity.
[2025-11-15T21:45:06.950+0000] {cursor.py:1156} INFO - Number of results in first chunk: 1
[2025-11-15T21:45:07.623+0000] {cursor.py:1156} INFO - Number of results in first chunk: 1
[2025-11-15T21:45:07.778+0000] {cursor.py:1156} INFO - Number of results in first chunk: 1
[2025-11-15T21:45:08.123+0000] {cursor.py:1156} INFO - Number of results in first chunk: 1
[2025-11-15T21:45:08.335+0000] {cursor.py:1156} INFO - Number of results in first chunk: 1
[2025-11-15T21:45:09.394+0000] {cursor.py:1156} INFO - Number of results in first chunk: 0
[2025-11-15T21:45:09.885+0000] {cursor.py:1156} INFO - Number of results in first chunk: 0
[2025-11-15T21:45:10.072+0000] {cursor.py:1156} INFO - Number of results in first chunk: 1
[2025-11-15T21:45:10.073+0000] {python.py:240} INFO - Done. Returned value was: None
[2025-11-15T21:45:10.087+0000] {taskinstance.py:340} INFO - ::group::Post task execution logs
[2025-11-15T21:45:10.088+0000] {taskinstance.py:352} INFO - Marking task as SUCCESS. dag_id=COPY_INTO_DATABASE_FROM_AWS, task_id=create_table_and_stage_and_copy, run_id=scheduled__2025-11-06T08:20:00+00:00, execution_date=20251106T082000, start_date=20251115T214503, end_date=20251115T214510
[2025-11-15T21:45:10.143+0000] {local_task_job_runner.py:266} INFO - Task exited with return code 0
[2025-11-15T21:45:10.170+0000] {taskinstance.py:3900} INFO - 1 downstream tasks scheduled from follow-on schedule check
[2025-11-15T21:45:10.172+0000] {local_task_job_runner.py:245} INFO - ::endgroup::
