[2025-11-05T00:28:33.601+0000] {processor.py:186} INFO - Started process (PID=2052) to work on /opt/airflow/dags/hw6_pt1.py
[2025-11-05T00:28:33.629+0000] {processor.py:914} INFO - Processing file /opt/airflow/dags/hw6_pt1.py for tasks to queue
[2025-11-05T00:28:33.640+0000] {logging_mixin.py:190} INFO - [2025-11-05T00:28:33.635+0000] {dagbag.py:587} INFO - Filling up the DagBag from /opt/airflow/dags/hw6_pt1.py
[2025-11-05T00:28:34.242+0000] {processor.py:925} INFO - DAG(s) 'COPY_INTO_DATABASE_FROM_AWS' retrieved from /opt/airflow/dags/hw6_pt1.py
[2025-11-05T00:30:30.237+0000] {processor.py:186} INFO - Started process (PID=2082) to work on /opt/airflow/dags/hw6_pt1.py
[2025-11-05T00:30:30.249+0000] {processor.py:914} INFO - Processing file /opt/airflow/dags/hw6_pt1.py for tasks to queue
[2025-11-05T00:30:30.267+0000] {logging_mixin.py:190} INFO - [2025-11-05T00:30:30.260+0000] {dagbag.py:587} INFO - Filling up the DagBag from /opt/airflow/dags/hw6_pt1.py
[2025-11-05T00:30:30.884+0000] {processor.py:925} INFO - DAG(s) 'COPY_INTO_DATABASE_FROM_AWS' retrieved from /opt/airflow/dags/hw6_pt1.py
[2025-11-05T00:30:34.631+0000] {logging_mixin.py:190} INFO - [2025-11-05T00:30:34.629+0000] {dag.py:3229} INFO - Sync 1 DAGs
[2025-11-05T00:30:35.359+0000] {logging_mixin.py:190} INFO - [2025-11-05T00:30:35.358+0000] {dag.py:4156} INFO - Setting next_dagrun for COPY_INTO_DATABASE_FROM_AWS to 2025-11-04 08:20:00+00:00, run_after=2025-11-05 08:20:00+00:00
[2025-11-05T00:30:35.827+0000] {processor.py:208} INFO - Processing /opt/airflow/dags/hw6_pt1.py took 6.425 seconds
[2025-11-05T00:31:34.127+0000] {processor.py:186} INFO - Started process (PID=2106) to work on /opt/airflow/dags/hw6_pt1.py
[2025-11-05T00:31:34.131+0000] {processor.py:914} INFO - Processing file /opt/airflow/dags/hw6_pt1.py for tasks to queue
[2025-11-05T00:31:35.061+0000] {logging_mixin.py:190} INFO - [2025-11-05T00:31:35.059+0000] {dagbag.py:587} INFO - Filling up the DagBag from /opt/airflow/dags/hw6_pt1.py
[2025-11-05T00:31:37.651+0000] {processor.py:925} INFO - DAG(s) 'COPY_INTO_DATABASE_FROM_AWS' retrieved from /opt/airflow/dags/hw6_pt1.py
[2025-11-05T00:31:41.423+0000] {logging_mixin.py:190} INFO - [2025-11-05T00:31:41.422+0000] {dag.py:3229} INFO - Sync 1 DAGs
[2025-11-05T00:31:43.649+0000] {logging_mixin.py:190} INFO - [2025-11-05T00:31:43.648+0000] {dag.py:4156} INFO - Setting next_dagrun for COPY_INTO_DATABASE_FROM_AWS to 2025-11-04 08:20:00+00:00, run_after=2025-11-05 08:20:00+00:00
[2025-11-05T00:31:45.103+0000] {processor.py:208} INFO - Processing /opt/airflow/dags/hw6_pt1.py took 11.017 seconds
[2025-11-05T02:33:35.084+0000] {processor.py:186} INFO - Started process (PID=2127) to work on /opt/airflow/dags/hw6_pt1.py
[2025-11-05T02:33:35.182+0000] {processor.py:914} INFO - Processing file /opt/airflow/dags/hw6_pt1.py for tasks to queue
[2025-11-05T02:33:35.197+0000] {logging_mixin.py:190} INFO - [2025-11-05T02:33:35.195+0000] {dagbag.py:587} INFO - Filling up the DagBag from /opt/airflow/dags/hw6_pt1.py
[2025-11-05T02:33:35.420+0000] {processor.py:925} INFO - DAG(s) 'COPY_INTO_DATABASE_FROM_AWS' retrieved from /opt/airflow/dags/hw6_pt1.py
[2025-11-05T02:33:35.655+0000] {logging_mixin.py:190} INFO - [2025-11-05T02:33:35.653+0000] {dag.py:3229} INFO - Sync 1 DAGs
[2025-11-05T02:33:36.813+0000] {logging_mixin.py:190} INFO - [2025-11-05T02:33:36.812+0000] {dag.py:4156} INFO - Setting next_dagrun for COPY_INTO_DATABASE_FROM_AWS to 2025-11-04 08:20:00+00:00, run_after=2025-11-05 08:20:00+00:00
[2025-11-05T02:33:37.133+0000] {processor.py:208} INFO - Processing /opt/airflow/dags/hw6_pt1.py took 2.240 seconds
[2025-11-05T02:35:14.847+0000] {processor.py:186} INFO - Started process (PID=2140) to work on /opt/airflow/dags/hw6_pt1.py
[2025-11-05T02:35:14.860+0000] {processor.py:914} INFO - Processing file /opt/airflow/dags/hw6_pt1.py for tasks to queue
[2025-11-05T02:35:14.870+0000] {logging_mixin.py:190} INFO - [2025-11-05T02:35:14.869+0000] {dagbag.py:587} INFO - Filling up the DagBag from /opt/airflow/dags/hw6_pt1.py
[2025-11-05T02:35:15.228+0000] {processor.py:925} INFO - DAG(s) 'COPY_INTO_DATABASE_FROM_AWS' retrieved from /opt/airflow/dags/hw6_pt1.py
[2025-11-05T02:35:15.654+0000] {logging_mixin.py:190} INFO - [2025-11-05T02:35:15.654+0000] {dag.py:3229} INFO - Sync 1 DAGs
[2025-11-05T02:35:16.392+0000] {logging_mixin.py:190} INFO - [2025-11-05T02:35:16.391+0000] {dag.py:4156} INFO - Setting next_dagrun for COPY_INTO_DATABASE_FROM_AWS to 2025-11-04 08:20:00+00:00, run_after=2025-11-05 08:20:00+00:00
[2025-11-05T02:35:16.652+0000] {processor.py:208} INFO - Processing /opt/airflow/dags/hw6_pt1.py took 2.160 seconds
[2025-11-05T02:35:58.788+0000] {processor.py:186} INFO - Started process (PID=2166) to work on /opt/airflow/dags/hw6_pt1.py
[2025-11-05T02:35:58.793+0000] {processor.py:914} INFO - Processing file /opt/airflow/dags/hw6_pt1.py for tasks to queue
[2025-11-05T02:35:58.798+0000] {logging_mixin.py:190} INFO - [2025-11-05T02:35:58.797+0000] {dagbag.py:587} INFO - Filling up the DagBag from /opt/airflow/dags/hw6_pt1.py
[2025-11-05T02:35:58.895+0000] {processor.py:925} INFO - DAG(s) 'COPY_INTO_DATABASE_FROM_AWS' retrieved from /opt/airflow/dags/hw6_pt1.py
[2025-11-05T02:35:59.077+0000] {logging_mixin.py:190} INFO - [2025-11-05T02:35:59.076+0000] {dag.py:3229} INFO - Sync 1 DAGs
[2025-11-05T02:35:59.183+0000] {logging_mixin.py:190} INFO - [2025-11-05T02:35:59.182+0000] {dag.py:4156} INFO - Setting next_dagrun for COPY_INTO_DATABASE_FROM_AWS to 2025-11-04 08:20:00+00:00, run_after=2025-11-05 08:20:00+00:00
[2025-11-05T02:35:59.231+0000] {processor.py:208} INFO - Processing /opt/airflow/dags/hw6_pt1.py took 0.556 seconds
[2025-11-05T04:32:03.151+0000] {processor.py:186} INFO - Started process (PID=236) to work on /opt/airflow/dags/hw6_pt1.py
[2025-11-05T04:32:03.160+0000] {processor.py:914} INFO - Processing file /opt/airflow/dags/hw6_pt1.py for tasks to queue
[2025-11-05T04:32:03.173+0000] {logging_mixin.py:190} INFO - [2025-11-05T04:32:03.170+0000] {dagbag.py:587} INFO - Filling up the DagBag from /opt/airflow/dags/hw6_pt1.py
[2025-11-05T04:32:03.522+0000] {processor.py:925} INFO - DAG(s) 'COPY_INTO_DATABASE_FROM_AWS' retrieved from /opt/airflow/dags/hw6_pt1.py
[2025-11-05T04:32:03.811+0000] {logging_mixin.py:190} INFO - [2025-11-05T04:32:03.810+0000] {dag.py:3229} INFO - Sync 1 DAGs
[2025-11-05T04:32:03.928+0000] {logging_mixin.py:190} INFO - [2025-11-05T04:32:03.927+0000] {dag.py:4156} INFO - Setting next_dagrun for COPY_INTO_DATABASE_FROM_AWS to 2025-11-04 08:20:00+00:00, run_after=2025-11-05 08:20:00+00:00
[2025-11-05T04:32:04.019+0000] {processor.py:208} INFO - Processing /opt/airflow/dags/hw6_pt1.py took 0.904 seconds
[2025-11-05T04:38:22.307+0000] {processor.py:186} INFO - Started process (PID=255) to work on /opt/airflow/dags/hw6_pt1.py
[2025-11-05T04:38:22.316+0000] {processor.py:914} INFO - Processing file /opt/airflow/dags/hw6_pt1.py for tasks to queue
[2025-11-05T04:38:22.376+0000] {logging_mixin.py:190} INFO - [2025-11-05T04:38:22.374+0000] {dagbag.py:587} INFO - Filling up the DagBag from /opt/airflow/dags/hw6_pt1.py
[2025-11-05T04:38:22.485+0000] {processor.py:925} INFO - DAG(s) 'COPY_INTO_DATABASE_FROM_AWS' retrieved from /opt/airflow/dags/hw6_pt1.py
[2025-11-05T04:38:22.923+0000] {logging_mixin.py:190} INFO - [2025-11-05T04:38:22.923+0000] {dag.py:3229} INFO - Sync 1 DAGs
[2025-11-05T04:38:23.490+0000] {logging_mixin.py:190} INFO - [2025-11-05T04:38:23.489+0000] {dag.py:4156} INFO - Setting next_dagrun for COPY_INTO_DATABASE_FROM_AWS to 2025-11-04 08:20:00+00:00, run_after=2025-11-05 08:20:00+00:00
[2025-11-05T04:38:23.873+0000] {processor.py:208} INFO - Processing /opt/airflow/dags/hw6_pt1.py took 1.616 seconds
[2025-11-05T04:53:06.153+0000] {processor.py:186} INFO - Started process (PID=300) to work on /opt/airflow/dags/hw6_pt1.py
[2025-11-05T04:59:00.981+0000] {processor.py:914} INFO - Processing file /opt/airflow/dags/hw6_pt1.py for tasks to queue
[2025-11-05T04:59:04.450+0000] {logging_mixin.py:190} INFO - [2025-11-05T04:59:02.841+0000] {dagbag.py:587} INFO - Filling up the DagBag from /opt/airflow/dags/hw6_pt1.py
[2025-11-05T05:00:36.886+0000] {processor.py:925} INFO - DAG(s) 'COPY_INTO_DATABASE_FROM_AWS' retrieved from /opt/airflow/dags/hw6_pt1.py
[2025-11-05T04:48:20.303+0000] {processor.py:186} INFO - Started process (PID=335) to work on /opt/airflow/dags/hw6_pt1.py
[2025-11-05T04:48:20.308+0000] {processor.py:914} INFO - Processing file /opt/airflow/dags/hw6_pt1.py for tasks to queue
[2025-11-05T04:48:20.350+0000] {logging_mixin.py:190} INFO - [2025-11-05T04:48:20.346+0000] {dagbag.py:587} INFO - Filling up the DagBag from /opt/airflow/dags/hw6_pt1.py
[2025-11-05T07:03:09.941+0000] {processor.py:186} INFO - Started process (PID=374) to work on /opt/airflow/dags/hw6_pt1.py
[2025-11-05T07:03:10.518+0000] {processor.py:914} INFO - Processing file /opt/airflow/dags/hw6_pt1.py for tasks to queue
[2025-11-05T07:03:10.796+0000] {logging_mixin.py:190} INFO - [2025-11-05T07:03:10.784+0000] {dagbag.py:587} INFO - Filling up the DagBag from /opt/airflow/dags/hw6_pt1.py
[2025-11-05T07:03:12.532+0000] {processor.py:925} INFO - DAG(s) 'COPY_INTO_DATABASE_FROM_AWS' retrieved from /opt/airflow/dags/hw6_pt1.py
[2025-11-05T07:47:07.766+0000] {processor.py:186} INFO - Started process (PID=403) to work on /opt/airflow/dags/hw6_pt1.py
[2025-11-05T07:47:09.740+0000] {processor.py:914} INFO - Processing file /opt/airflow/dags/hw6_pt1.py for tasks to queue
[2025-11-05T07:47:12.113+0000] {logging_mixin.py:190} INFO - [2025-11-05T07:47:12.105+0000] {dagbag.py:587} INFO - Filling up the DagBag from /opt/airflow/dags/hw6_pt1.py
[2025-11-05T08:30:00.916+0000] {logging_mixin.py:190} INFO - [2025-11-05T08:30:00.902+0000] {timeout.py:68} ERROR - Process timed out, PID: 403
[2025-11-05T16:12:53.803+0000] {processor.py:186} INFO - Started process (PID=463) to work on /opt/airflow/dags/hw6_pt1.py
[2025-11-05T16:12:53.969+0000] {processor.py:914} INFO - Processing file /opt/airflow/dags/hw6_pt1.py for tasks to queue
[2025-11-05T16:12:54.547+0000] {logging_mixin.py:190} INFO - [2025-11-05T16:12:54.526+0000] {dagbag.py:587} INFO - Filling up the DagBag from /opt/airflow/dags/hw6_pt1.py
[2025-11-05T16:13:02.508+0000] {processor.py:925} INFO - DAG(s) 'COPY_INTO_DATABASE_FROM_AWS' retrieved from /opt/airflow/dags/hw6_pt1.py
[2025-11-05T18:58:11.903+0000] {processor.py:186} INFO - Started process (PID=496) to work on /opt/airflow/dags/hw6_pt1.py
[2025-11-05T18:58:12.059+0000] {processor.py:914} INFO - Processing file /opt/airflow/dags/hw6_pt1.py for tasks to queue
[2025-11-05T18:58:12.087+0000] {logging_mixin.py:190} INFO - [2025-11-05T18:58:12.084+0000] {dagbag.py:587} INFO - Filling up the DagBag from /opt/airflow/dags/hw6_pt1.py
[2025-11-05T18:59:02.051+0000] {processor.py:186} INFO - Started process (PID=518) to work on /opt/airflow/dags/hw6_pt1.py
[2025-11-05T18:59:02.059+0000] {processor.py:914} INFO - Processing file /opt/airflow/dags/hw6_pt1.py for tasks to queue
[2025-11-05T18:59:02.069+0000] {logging_mixin.py:190} INFO - [2025-11-05T18:59:02.066+0000] {dagbag.py:587} INFO - Filling up the DagBag from /opt/airflow/dags/hw6_pt1.py
[2025-11-05T18:59:05.008+0000] {processor.py:925} INFO - DAG(s) 'COPY_INTO_DATABASE_FROM_AWS' retrieved from /opt/airflow/dags/hw6_pt1.py
