[2025-11-05T00:28:33.602+0000] {processor.py:186} INFO - Started process (PID=2055) to work on /opt/airflow/dags/lab1_pipeline.py
[2025-11-05T00:28:33.614+0000] {processor.py:914} INFO - Processing file /opt/airflow/dags/lab1_pipeline.py for tasks to queue
[2025-11-05T00:28:33.640+0000] {logging_mixin.py:190} INFO - [2025-11-05T00:28:33.635+0000] {dagbag.py:587} INFO - Filling up the DagBag from /opt/airflow/dags/lab1_pipeline.py
[2025-11-05T00:29:04.394+0000] {logging_mixin.py:190} INFO - [2025-11-05T00:29:04.367+0000] {timeout.py:68} ERROR - Process timed out, PID: 2055
[2025-11-05T00:30:31.315+0000] {processor.py:186} INFO - Started process (PID=2086) to work on /opt/airflow/dags/lab1_pipeline.py
[2025-11-05T00:30:31.320+0000] {processor.py:914} INFO - Processing file /opt/airflow/dags/lab1_pipeline.py for tasks to queue
[2025-11-05T00:30:31.334+0000] {logging_mixin.py:190} INFO - [2025-11-05T00:30:31.332+0000] {dagbag.py:587} INFO - Filling up the DagBag from /opt/airflow/dags/lab1_pipeline.py
[2025-11-05T00:31:02.705+0000] {logging_mixin.py:190} INFO - [2025-11-05T00:31:02.704+0000] {timeout.py:68} ERROR - Process timed out, PID: 2086
[2025-11-05T00:31:46.437+0000] {processor.py:186} INFO - Started process (PID=2111) to work on /opt/airflow/dags/lab1_pipeline.py
[2025-11-05T00:31:47.196+0000] {processor.py:914} INFO - Processing file /opt/airflow/dags/lab1_pipeline.py for tasks to queue
[2025-11-05T00:31:47.209+0000] {logging_mixin.py:190} INFO - [2025-11-05T00:31:47.207+0000] {dagbag.py:587} INFO - Filling up the DagBag from /opt/airflow/dags/lab1_pipeline.py
[2025-11-05T02:33:31.623+0000] {logging_mixin.py:190} INFO - [2025-11-05T02:33:31.568+0000] {timeout.py:68} ERROR - Process timed out, PID: 2111
[2025-11-05T02:35:16.876+0000] {processor.py:186} INFO - Started process (PID=2147) to work on /opt/airflow/dags/lab1_pipeline.py
[2025-11-05T02:35:16.900+0000] {processor.py:914} INFO - Processing file /opt/airflow/dags/lab1_pipeline.py for tasks to queue
[2025-11-05T02:35:16.914+0000] {logging_mixin.py:190} INFO - [2025-11-05T02:35:16.913+0000] {dagbag.py:587} INFO - Filling up the DagBag from /opt/airflow/dags/lab1_pipeline.py
[2025-11-05T02:35:31.451+0000] {processor.py:925} INFO - DAG(s) 'stock_prices_dag_etl_lab1' retrieved from /opt/airflow/dags/lab1_pipeline.py
[2025-11-05T02:35:32.437+0000] {logging_mixin.py:190} INFO - [2025-11-05T02:35:32.436+0000] {dag.py:3229} INFO - Sync 1 DAGs
[2025-11-05T02:35:33.108+0000] {logging_mixin.py:190} INFO - [2025-11-05T02:35:33.105+0000] {dag.py:4156} INFO - Setting next_dagrun for stock_prices_dag_etl_lab1 to 2025-11-03 09:00:00+00:00, run_after=2025-11-04 09:00:00+00:00
[2025-11-05T02:35:33.329+0000] {processor.py:208} INFO - Processing /opt/airflow/dags/lab1_pipeline.py took 16.480 seconds
[2025-11-05T02:36:04.191+0000] {processor.py:186} INFO - Started process (PID=2180) to work on /opt/airflow/dags/lab1_pipeline.py
[2025-11-05T02:36:04.194+0000] {processor.py:914} INFO - Processing file /opt/airflow/dags/lab1_pipeline.py for tasks to queue
[2025-11-05T02:36:04.201+0000] {logging_mixin.py:190} INFO - [2025-11-05T02:36:04.200+0000] {dagbag.py:587} INFO - Filling up the DagBag from /opt/airflow/dags/lab1_pipeline.py
[2025-11-05T04:32:04.415+0000] {processor.py:186} INFO - Started process (PID=248) to work on /opt/airflow/dags/lab1_pipeline.py
[2025-11-05T04:32:04.419+0000] {processor.py:914} INFO - Processing file /opt/airflow/dags/lab1_pipeline.py for tasks to queue
[2025-11-05T04:32:04.425+0000] {logging_mixin.py:190} INFO - [2025-11-05T04:32:04.424+0000] {dagbag.py:587} INFO - Filling up the DagBag from /opt/airflow/dags/lab1_pipeline.py
[2025-11-05T04:32:07.557+0000] {processor.py:925} INFO - DAG(s) 'stock_prices_dag_etl_lab1' retrieved from /opt/airflow/dags/lab1_pipeline.py
[2025-11-05T04:32:07.638+0000] {logging_mixin.py:190} INFO - [2025-11-05T04:32:07.637+0000] {dag.py:3229} INFO - Sync 1 DAGs
[2025-11-05T04:39:25.155+0000] {processor.py:186} INFO - Started process (PID=284) to work on /opt/airflow/dags/lab1_pipeline.py
[2025-11-05T04:39:25.197+0000] {processor.py:914} INFO - Processing file /opt/airflow/dags/lab1_pipeline.py for tasks to queue
[2025-11-05T04:39:25.985+0000] {logging_mixin.py:190} INFO - [2025-11-05T04:39:25.833+0000] {dagbag.py:587} INFO - Filling up the DagBag from /opt/airflow/dags/lab1_pipeline.py
[2025-11-05T04:39:55.176+0000] {logging_mixin.py:190} INFO - [2025-11-05T04:40:09.655+0000] {timeout.py:68} ERROR - Process timed out, PID: 284
[2025-11-05T05:02:48.785+0000] {processor.py:186} INFO - Started process (PID=324) to work on /opt/airflow/dags/lab1_pipeline.py
[2025-11-05T05:02:48.798+0000] {processor.py:914} INFO - Processing file /opt/airflow/dags/lab1_pipeline.py for tasks to queue
[2025-11-05T05:02:48.837+0000] {logging_mixin.py:190} INFO - [2025-11-05T05:02:48.815+0000] {dagbag.py:587} INFO - Filling up the DagBag from /opt/airflow/dags/lab1_pipeline.py
[2025-11-05T04:43:57.249+0000] {logging_mixin.py:190} INFO - [2025-11-05T04:43:57.214+0000] {timeout.py:68} ERROR - Process timed out, PID: 324
[2025-11-05T04:48:21.569+0000] {processor.py:186} INFO - Started process (PID=350) to work on /opt/airflow/dags/lab1_pipeline.py
[2025-11-05T04:48:21.701+0000] {processor.py:914} INFO - Processing file /opt/airflow/dags/lab1_pipeline.py for tasks to queue
[2025-11-05T04:48:21.721+0000] {logging_mixin.py:190} INFO - [2025-11-05T04:48:21.719+0000] {dagbag.py:587} INFO - Filling up the DagBag from /opt/airflow/dags/lab1_pipeline.py
[2025-11-05T05:03:22.673+0000] {logging_mixin.py:190} INFO - [2025-11-05T05:03:22.611+0000] {timeout.py:68} ERROR - Process timed out, PID: 350
[2025-11-05T07:03:26.372+0000] {processor.py:186} INFO - Started process (PID=387) to work on /opt/airflow/dags/lab1_pipeline.py
[2025-11-05T07:03:29.163+0000] {processor.py:914} INFO - Processing file /opt/airflow/dags/lab1_pipeline.py for tasks to queue
[2025-11-05T07:03:30.802+0000] {logging_mixin.py:190} INFO - [2025-11-05T07:03:30.765+0000] {dagbag.py:587} INFO - Filling up the DagBag from /opt/airflow/dags/lab1_pipeline.py
[2025-11-05T07:46:50.770+0000] {logging_mixin.py:190} INFO - [2025-11-05T07:46:50.769+0000] {timeout.py:68} ERROR - Process timed out, PID: 387
[2025-11-05T09:54:25.705+0000] {processor.py:186} INFO - Started process (PID=422) to work on /opt/airflow/dags/lab1_pipeline.py
[2025-11-05T09:54:29.881+0000] {processor.py:914} INFO - Processing file /opt/airflow/dags/lab1_pipeline.py for tasks to queue
[2025-11-05T10:34:56.381+0000] {logging_mixin.py:190} INFO - [2025-11-05T09:54:33.392+0000] {dagbag.py:587} INFO - Filling up the DagBag from /opt/airflow/dags/lab1_pipeline.py
[2025-11-05T11:15:11.519+0000] {logging_mixin.py:190} INFO - [2025-11-05T11:15:11.489+0000] {timeout.py:68} ERROR - Process timed out, PID: 422
[2025-11-05T18:25:53.198+0000] {processor.py:186} INFO - Started process (PID=482) to work on /opt/airflow/dags/lab1_pipeline.py
[2025-11-05T18:25:53.262+0000] {processor.py:914} INFO - Processing file /opt/airflow/dags/lab1_pipeline.py for tasks to queue
[2025-11-05T18:25:54.155+0000] {logging_mixin.py:190} INFO - [2025-11-05T18:25:53.585+0000] {dagbag.py:587} INFO - Filling up the DagBag from /opt/airflow/dags/lab1_pipeline.py
[2025-11-05T18:56:54.430+0000] {logging_mixin.py:190} INFO - [2025-11-05T18:56:54.429+0000] {timeout.py:68} ERROR - Process timed out, PID: 482
[2025-11-05T18:58:41.270+0000] {processor.py:186} INFO - Started process (PID=507) to work on /opt/airflow/dags/lab1_pipeline.py
[2025-11-05T18:58:42.822+0000] {processor.py:914} INFO - Processing file /opt/airflow/dags/lab1_pipeline.py for tasks to queue
[2025-11-05T18:58:43.304+0000] {logging_mixin.py:190} INFO - [2025-11-05T18:58:43.303+0000] {dagbag.py:587} INFO - Filling up the DagBag from /opt/airflow/dags/lab1_pipeline.py
