[2025-11-25T06:54:08.152+0000] {local_task_job_runner.py:123} INFO - ::group::Pre task execution logs
[2025-11-25T06:54:08.180+0000] {taskinstance.py:2612} INFO - Dependencies all met for dep_context=non-requeueable deps ti=<TaskInstance: BuildELT_dbt.dbt_snapshot manual__2025-11-25T06:53:40.248869+00:00 [queued]>
[2025-11-25T06:54:08.193+0000] {taskinstance.py:2612} INFO - Dependencies all met for dep_context=requeueable deps ti=<TaskInstance: BuildELT_dbt.dbt_snapshot manual__2025-11-25T06:53:40.248869+00:00 [queued]>
[2025-11-25T06:54:08.194+0000] {taskinstance.py:2865} INFO - Starting attempt 1 of 1
[2025-11-25T06:54:08.216+0000] {taskinstance.py:2888} INFO - Executing <Task(BashOperator): dbt_snapshot> on 2025-11-25 06:53:40.248869+00:00
[2025-11-25T06:54:08.225+0000] {standard_task_runner.py:104} INFO - Running: ['***', 'tasks', 'run', 'BuildELT_dbt', 'dbt_snapshot', 'manual__2025-11-25T06:53:40.248869+00:00', '--job-id', '214', '--raw', '--subdir', 'DAGS_FOLDER/build_elt_with_dbt.py', '--cfg-path', '/tmp/tmp7zy86qjl']
[2025-11-25T06:54:08.230+0000] {standard_task_runner.py:105} INFO - Job 214: Subtask dbt_snapshot
[2025-11-25T06:54:08.246+0000] {logging_mixin.py:190} WARNING - /home/***/.local/lib/python3.12/site-packages/***/task/task_runner/standard_task_runner.py:70 DeprecationWarning: This process (pid=48981) is multi-threaded, use of fork() may lead to deadlocks in the child.
[2025-11-25T06:54:08.248+0000] {standard_task_runner.py:72} INFO - Started process 48982 to run task
[2025-11-25T06:54:08.355+0000] {task_command.py:467} INFO - Running <TaskInstance: BuildELT_dbt.dbt_snapshot manual__2025-11-25T06:53:40.248869+00:00 [running]> on host b29649a78690
[2025-11-25T06:54:08.562+0000] {taskinstance.py:3131} INFO - Exporting env vars: AIRFLOW_CTX_DAG_OWNER='***' AIRFLOW_CTX_DAG_ID='BuildELT_dbt' AIRFLOW_CTX_TASK_ID='dbt_snapshot' AIRFLOW_CTX_EXECUTION_DATE='2025-11-25T06:53:40.248869+00:00' AIRFLOW_CTX_TRY_NUMBER='1' AIRFLOW_CTX_DAG_RUN_ID='manual__2025-11-25T06:53:40.248869+00:00'
[2025-11-25T06:54:08.563+0000] {taskinstance.py:731} INFO - ::endgroup::
[2025-11-25T06:54:08.600+0000] {subprocess.py:63} INFO - Tmp dir root location: /tmp
[2025-11-25T06:54:08.604+0000] {subprocess.py:75} INFO - Running command: ['/usr/bin/bash', '-c', '/home/***/.local/bin/dbt snapshot --profiles-dir /opt/***/dbt --project-dir /opt/***/dbt']
[2025-11-25T06:54:08.616+0000] {subprocess.py:86} INFO - Output:
[2025-11-25T06:54:12.398+0000] {subprocess.py:93} INFO - [0m06:54:12  Running with dbt=1.7.19
[2025-11-25T06:54:14.177+0000] {subprocess.py:93} INFO - [0m06:54:14  Registered adapter: snowflake=1.7.5
[2025-11-25T06:54:14.265+0000] {subprocess.py:93} INFO - [0m06:54:14  Found 2 models, 1 snapshot, 1 source, 0 exposures, 0 metrics, 431 macros, 0 groups, 0 semantic models
[2025-11-25T06:54:14.277+0000] {subprocess.py:93} INFO - [0m06:54:14
[2025-11-25T06:54:16.365+0000] {subprocess.py:93} INFO - [0m06:54:16  Concurrency: 1 threads (target='dev')
[2025-11-25T06:54:16.366+0000] {subprocess.py:93} INFO - [0m06:54:16
[2025-11-25T06:54:16.380+0000] {subprocess.py:93} INFO - [0m06:54:16  1 of 1 START snapshot SNAPSHOT.fct_stock_abstract_snapshot ..................... [RUN]
[2025-11-25T06:54:20.976+0000] {subprocess.py:93} INFO - [0m06:54:20  1 of 1 OK snapshotted SNAPSHOT.fct_stock_abstract_snapshot ..................... [[32mSUCCESS 88[0m in 4.59s]
[2025-11-25T06:54:20.983+0000] {subprocess.py:93} INFO - [0m06:54:20
[2025-11-25T06:54:20.984+0000] {subprocess.py:93} INFO - [0m06:54:20  Finished running 1 snapshot in 0 hours 0 minutes and 6.70 seconds (6.70s).
[2025-11-25T06:54:20.998+0000] {subprocess.py:93} INFO - [0m06:54:20
[2025-11-25T06:54:20.999+0000] {subprocess.py:93} INFO - [0m06:54:20  [32mCompleted successfully[0m
[2025-11-25T06:54:21.000+0000] {subprocess.py:93} INFO - [0m06:54:21
[2025-11-25T06:54:21.001+0000] {subprocess.py:93} INFO - [0m06:54:21  Done. PASS=1 WARN=0 ERROR=0 SKIP=0 TOTAL=1
[2025-11-25T06:54:22.936+0000] {subprocess.py:97} INFO - Command exited with return code 0
[2025-11-25T06:54:22.981+0000] {taskinstance.py:340} INFO - ::group::Post task execution logs
[2025-11-25T06:54:22.982+0000] {taskinstance.py:352} INFO - Marking task as SUCCESS. dag_id=BuildELT_dbt, task_id=dbt_snapshot, run_id=manual__2025-11-25T06:53:40.248869+00:00, execution_date=20251125T065340, start_date=20251125T065408, end_date=20251125T065422
[2025-11-25T06:54:23.017+0000] {local_task_job_runner.py:266} INFO - Task exited with return code 0
[2025-11-25T06:54:23.038+0000] {taskinstance.py:3900} INFO - 0 downstream tasks scheduled from follow-on schedule check
[2025-11-25T06:54:23.042+0000] {local_task_job_runner.py:245} INFO - ::endgroup::
