[2025-10-07T14:36:44.115+0000] {local_task_job_runner.py:123} INFO - ::group::Pre task execution logs
[2025-10-07T14:36:44.155+0000] {taskinstance.py:2612} INFO - Dependencies all met for dep_context=non-requeueable deps ti=<TaskInstance: stock_prices_dag_etl_lab1.transform__1 manual__2025-10-07T14:36:01.850268+00:00 [queued]>
[2025-10-07T14:36:44.173+0000] {taskinstance.py:2612} INFO - Dependencies all met for dep_context=requeueable deps ti=<TaskInstance: stock_prices_dag_etl_lab1.transform__1 manual__2025-10-07T14:36:01.850268+00:00 [queued]>
[2025-10-07T14:36:44.174+0000] {taskinstance.py:2865} INFO - Starting attempt 1 of 1
[2025-10-07T14:36:44.393+0000] {taskinstance.py:2888} INFO - Executing <Task(_PythonDecoratedOperator): transform__1> on 2025-10-07 14:36:01.850268+00:00
[2025-10-07T14:36:44.426+0000] {logging_mixin.py:190} WARNING - /home/***/.local/lib/python3.12/site-packages/***/task/task_runner/standard_task_runner.py:70 DeprecationWarning: This process (pid=19370) is multi-threaded, use of fork() may lead to deadlocks in the child.
[2025-10-07T14:36:44.429+0000] {standard_task_runner.py:72} INFO - Started process 19377 to run task
[2025-10-07T14:36:44.422+0000] {standard_task_runner.py:104} INFO - Running: ['***', 'tasks', 'run', 'stock_prices_dag_etl_lab1', 'transform__1', 'manual__2025-10-07T14:36:01.850268+00:00', '--job-id', '76', '--raw', '--subdir', 'DAGS_FOLDER/lab1_pipeline.py', '--cfg-path', '/tmp/tmpvzrcxpfd']
[2025-10-07T14:36:44.430+0000] {standard_task_runner.py:105} INFO - Job 76: Subtask transform__1
[2025-10-07T14:36:44.555+0000] {task_command.py:467} INFO - Running <TaskInstance: stock_prices_dag_etl_lab1.transform__1 manual__2025-10-07T14:36:01.850268+00:00 [running]> on host 09b8d9c0c3f2
[2025-10-07T14:36:45.504+0000] {taskinstance.py:3131} INFO - Exporting env vars: AIRFLOW_CTX_DAG_OWNER='***' AIRFLOW_CTX_DAG_ID='stock_prices_dag_etl_lab1' AIRFLOW_CTX_TASK_ID='transform__1' AIRFLOW_CTX_EXECUTION_DATE='2025-10-07T14:36:01.850268+00:00' AIRFLOW_CTX_TRY_NUMBER='1' AIRFLOW_CTX_DAG_RUN_ID='manual__2025-10-07T14:36:01.850268+00:00'
[2025-10-07T14:36:45.506+0000] {taskinstance.py:731} INFO - ::endgroup::
[2025-10-07T14:36:45.516+0000] {python.py:240} INFO - Done. Returned value was:     symbol        date        open  ...         low        high     volume
0     NVDA  2025-01-21  139.129697  ...  137.060141  141.799114  197749000
1     NVDA  2025-01-22  144.628515  ...  143.638725  147.757824  237651400
2     NVDA  2025-01-23  145.018417  ...  143.688705  147.197935  155915500
3     NVDA  2025-01-24  148.337676  ...  141.849099  148.937551  234657600
4     NVDA  2025-01-27  124.772826  ...  116.674584  128.372033  818830900
..     ...         ...         ...  ...         ...         ...        ...
175   NVDA  2025-10-01  185.240005  ...  183.899994  188.139999  173844900
176   NVDA  2025-10-02  189.600006  ...  188.059998  191.050003  136805800
177   NVDA  2025-10-03  189.190002  ...  185.380005  190.360001  137596900
178   NVDA  2025-10-06  185.500000  ...  183.330002  187.229996  156436000
179   NVDA  2025-10-07  186.259995  ...  186.199997  189.059998   39144521

[180 rows x 7 columns]
[2025-10-07T14:36:45.600+0000] {taskinstance.py:340} INFO - ::group::Post task execution logs
[2025-10-07T14:36:45.601+0000] {taskinstance.py:352} INFO - Marking task as SUCCESS. dag_id=stock_prices_dag_etl_lab1, task_id=transform__1, run_id=manual__2025-10-07T14:36:01.850268+00:00, execution_date=20251007T143601, start_date=20251007T143644, end_date=20251007T143645
[2025-10-07T14:36:45.647+0000] {local_task_job_runner.py:266} INFO - Task exited with return code 0
[2025-10-07T14:36:45.673+0000] {local_task_job_runner.py:245} INFO - ::endgroup::
