[2025-10-02T06:27:50.067+0000] {local_task_job_runner.py:123} INFO - ::group::Pre task execution logs
[2025-10-02T06:27:50.090+0000] {taskinstance.py:2612} INFO - Dependencies all met for dep_context=non-requeueable deps ti=<TaskInstance: stock_prices_dag_etl.load scheduled__2024-09-21T00:00:00+00:00 [queued]>
[2025-10-02T06:27:50.102+0000] {taskinstance.py:2612} INFO - Dependencies all met for dep_context=requeueable deps ti=<TaskInstance: stock_prices_dag_etl.load scheduled__2024-09-21T00:00:00+00:00 [queued]>
[2025-10-02T06:27:50.102+0000] {taskinstance.py:2865} INFO - Starting attempt 1 of 1
[2025-10-02T06:27:50.120+0000] {taskinstance.py:2888} INFO - Executing <Task(_PythonDecoratedOperator): load> on 2024-09-21 00:00:00+00:00
[2025-10-02T06:27:50.135+0000] {logging_mixin.py:190} WARNING - /home/***/.local/lib/python3.12/site-packages/***/task/task_runner/standard_task_runner.py:70 DeprecationWarning: This process (pid=3948) is multi-threaded, use of fork() may lead to deadlocks in the child.
[2025-10-02T06:27:50.134+0000] {standard_task_runner.py:104} INFO - Running: ['***', 'tasks', 'run', 'stock_prices_dag_etl', 'load', 'scheduled__2024-09-21T00:00:00+00:00', '--job-id', '11', '--raw', '--subdir', 'DAGS_FOLDER/hw5.py', '--cfg-path', '/tmp/tmp10l9qtrm']
[2025-10-02T06:27:50.139+0000] {standard_task_runner.py:72} INFO - Started process 3959 to run task
[2025-10-02T06:27:50.139+0000] {standard_task_runner.py:105} INFO - Job 11: Subtask load
[2025-10-02T06:27:50.202+0000] {task_command.py:467} INFO - Running <TaskInstance: stock_prices_dag_etl.load scheduled__2024-09-21T00:00:00+00:00 [running]> on host 14808231bd51
[2025-10-02T06:27:50.311+0000] {taskinstance.py:3131} INFO - Exporting env vars: AIRFLOW_CTX_DAG_OWNER='***' AIRFLOW_CTX_DAG_ID='stock_prices_dag_etl' AIRFLOW_CTX_TASK_ID='load' AIRFLOW_CTX_EXECUTION_DATE='2024-09-21T00:00:00+00:00' AIRFLOW_CTX_TRY_NUMBER='1' AIRFLOW_CTX_DAG_RUN_ID='scheduled__2024-09-21T00:00:00+00:00'
[2025-10-02T06:27:50.314+0000] {taskinstance.py:731} INFO - ::endgroup::
[2025-10-02T06:27:50.331+0000] {base.py:84} INFO - Retrieving connection 'snowflake_conn'
[2025-10-02T06:27:50.332+0000] {connection.py:413} INFO - Snowflake Connector for Python Version: 3.12.1, Python Version: 3.12.5, Platform: Linux-6.10.14-linuxkit-x86_64-with-glibc2.36
[2025-10-02T06:27:50.334+0000] {connection.py:1196} INFO - Connecting to GLOBAL Snowflake domain
[2025-10-02T06:27:50.335+0000] {connection.py:1277} INFO - This connection is in OCSP Fail Open Mode. TLS Certificates would be checked for validity and revocation status. Any other Certificate Revocation related exceptions or OCSP Responder failures would be disregarded in favor of connectivity.
[2025-10-02T06:27:52.991+0000] {cursor.py:1156} INFO - Number of results in first chunk: 1
[2025-10-02T06:28:50.282+0000] {cursor.py:1156} INFO - Number of results in first chunk: 1
[2025-10-02T06:28:50.286+0000] {logging_mixin.py:190} INFO - 90 records loaded into stock_prices
[2025-10-02T06:28:50.287+0000] {connection.py:788} INFO - closed
[2025-10-02T06:28:50.366+0000] {connection.py:794} INFO - No async queries seem to be running, deleting session
[2025-10-02T06:28:50.439+0000] {python.py:240} INFO - Done. Returned value was: None
[2025-10-02T06:28:50.461+0000] {taskinstance.py:340} INFO - ::group::Post task execution logs
[2025-10-02T06:28:50.462+0000] {taskinstance.py:352} INFO - Marking task as SUCCESS. dag_id=stock_prices_dag_etl, task_id=load, run_id=scheduled__2024-09-21T00:00:00+00:00, execution_date=20240921T000000, start_date=20251002T062750, end_date=20251002T062850
[2025-10-02T06:28:50.541+0000] {local_task_job_runner.py:266} INFO - Task exited with return code 0
[2025-10-02T06:28:50.563+0000] {local_task_job_runner.py:245} INFO - ::endgroup::
