[2025-11-25T05:39:34.440+0000] {local_task_job_runner.py:123} INFO - ::group::Pre task execution logs
[2025-11-25T05:39:34.462+0000] {taskinstance.py:2612} INFO - Dependencies all met for dep_context=non-requeueable deps ti=<TaskInstance: stock_prices_dag_etl_lab1.extract__1 manual__2025-11-25T05:39:31.543858+00:00 [queued]>
[2025-11-25T05:39:34.472+0000] {taskinstance.py:2612} INFO - Dependencies all met for dep_context=requeueable deps ti=<TaskInstance: stock_prices_dag_etl_lab1.extract__1 manual__2025-11-25T05:39:31.543858+00:00 [queued]>
[2025-11-25T05:39:34.475+0000] {taskinstance.py:2865} INFO - Starting attempt 1 of 1
[2025-11-25T05:39:34.490+0000] {taskinstance.py:2888} INFO - Executing <Task(_PythonDecoratedOperator): extract__1> on 2025-11-25 05:39:31.543858+00:00
[2025-11-25T05:39:34.525+0000] {logging_mixin.py:190} WARNING - /home/***/.local/lib/python3.12/site-packages/***/task/task_runner/standard_task_runner.py:70 DeprecationWarning: This process (pid=43890) is multi-threaded, use of fork() may lead to deadlocks in the child.
[2025-11-25T05:39:34.529+0000] {standard_task_runner.py:72} INFO - Started process 43904 to run task
[2025-11-25T05:39:34.527+0000] {standard_task_runner.py:104} INFO - Running: ['***', 'tasks', 'run', 'stock_prices_dag_etl_lab1', 'extract__1', 'manual__2025-11-25T05:39:31.543858+00:00', '--job-id', '171', '--raw', '--subdir', 'DAGS_FOLDER/lab1_pipeline.py', '--cfg-path', '/tmp/tmpyh4_wo1e']
[2025-11-25T05:39:34.534+0000] {standard_task_runner.py:105} INFO - Job 171: Subtask extract__1
[2025-11-25T05:39:34.609+0000] {task_command.py:467} INFO - Running <TaskInstance: stock_prices_dag_etl_lab1.extract__1 manual__2025-11-25T05:39:31.543858+00:00 [running]> on host b29649a78690
[2025-11-25T05:39:35.174+0000] {taskinstance.py:3131} INFO - Exporting env vars: AIRFLOW_CTX_DAG_OWNER='***' AIRFLOW_CTX_DAG_ID='stock_prices_dag_etl_lab1' AIRFLOW_CTX_TASK_ID='extract__1' AIRFLOW_CTX_EXECUTION_DATE='2025-11-25T05:39:31.543858+00:00' AIRFLOW_CTX_TRY_NUMBER='1' AIRFLOW_CTX_DAG_RUN_ID='manual__2025-11-25T05:39:31.543858+00:00'
[2025-11-25T05:39:35.175+0000] {taskinstance.py:731} INFO - ::endgroup::
[2025-11-25T05:39:35.179+0000] {logging_mixin.py:190} WARNING - /opt/***/dags/lab1_pipeline.py:16 FutureWarning: YF.download() has changed argument auto_adjust default to True
[2025-11-25T05:39:35.572+0000] {logging_mixin.py:190} WARNING - [*********************100%***********************]  1 of 1 completed
[2025-11-25T05:39:35.588+0000] {python.py:240} INFO - Done. Returned value was:           Date       Close        High         Low        Open     Volume
0   2025-03-11  108.736313  112.215551  104.747176  106.966694  354865700
1   2025-03-12  115.725441  116.745317  112.865800  114.105650  323857500
2   2025-03-13  115.565460  117.745186  113.775684  117.015275  299033100
3   2025-03-14  121.654694  121.864666  118.135140  118.595081  277593500
4   2025-03-17  119.514961  122.874539  118.015150  122.724556  255501500
..         ...         ...         ...         ...         ...        ...
175 2025-11-18  181.360001  184.800003  179.649994  183.380005  213598900
176 2025-11-19  186.520004  187.860001  182.830002  184.789993  247246400
177 2025-11-20  180.639999  196.000000  179.850006  195.949997  343504800
178 2025-11-21  178.880005  184.559998  172.929993  181.240005  346926200
179 2025-11-24  182.550003  183.500000  176.479996  179.490005  253685100

[180 rows x 6 columns]
[2025-11-25T05:39:35.674+0000] {taskinstance.py:340} INFO - ::group::Post task execution logs
[2025-11-25T05:39:35.675+0000] {taskinstance.py:352} INFO - Marking task as SUCCESS. dag_id=stock_prices_dag_etl_lab1, task_id=extract__1, run_id=manual__2025-11-25T05:39:31.543858+00:00, execution_date=20251125T053931, start_date=20251125T053934, end_date=20251125T053935
[2025-11-25T05:39:35.723+0000] {local_task_job_runner.py:266} INFO - Task exited with return code 0
[2025-11-25T05:39:35.760+0000] {taskinstance.py:3900} INFO - 1 downstream tasks scheduled from follow-on schedule check
[2025-11-25T05:39:35.762+0000] {local_task_job_runner.py:245} INFO - ::endgroup::
