[2025-10-06T03:25:58.235+0000] {local_task_job_runner.py:123} INFO - ::group::Pre task execution logs
[2025-10-06T03:25:58.263+0000] {taskinstance.py:2612} INFO - Dependencies all met for dep_context=non-requeueable deps ti=<TaskInstance: stock_prices_dag_etl_lab1.extract manual__2025-10-06T03:25:54.159759+00:00 [queued]>
[2025-10-06T03:25:58.274+0000] {taskinstance.py:2612} INFO - Dependencies all met for dep_context=requeueable deps ti=<TaskInstance: stock_prices_dag_etl_lab1.extract manual__2025-10-06T03:25:54.159759+00:00 [queued]>
[2025-10-06T03:25:58.275+0000] {taskinstance.py:2865} INFO - Starting attempt 1 of 1
[2025-10-06T03:25:58.289+0000] {taskinstance.py:2888} INFO - Executing <Task(_PythonDecoratedOperator): extract> on 2025-10-06 03:25:54.159759+00:00
[2025-10-06T03:25:58.312+0000] {logging_mixin.py:190} WARNING - /home/***/.local/lib/python3.12/site-packages/***/task/task_runner/standard_task_runner.py:70 DeprecationWarning: This process (pid=3948) is multi-threaded, use of fork() may lead to deadlocks in the child.
[2025-10-06T03:25:58.316+0000] {standard_task_runner.py:72} INFO - Started process 3956 to run task
[2025-10-06T03:25:58.314+0000] {standard_task_runner.py:104} INFO - Running: ['***', 'tasks', 'run', 'stock_prices_dag_etl_lab1', 'extract', 'manual__2025-10-06T03:25:54.159759+00:00', '--job-id', '63', '--raw', '--subdir', 'DAGS_FOLDER/lab1.py', '--cfg-path', '/tmp/tmp1kq1qs5i']
[2025-10-06T03:25:58.321+0000] {standard_task_runner.py:105} INFO - Job 63: Subtask extract
[2025-10-06T03:25:58.791+0000] {task_command.py:467} INFO - Running <TaskInstance: stock_prices_dag_etl_lab1.extract manual__2025-10-06T03:25:54.159759+00:00 [running]> on host 09b8d9c0c3f2
[2025-10-06T03:25:58.880+0000] {taskinstance.py:3131} INFO - Exporting env vars: AIRFLOW_CTX_DAG_OWNER='***' AIRFLOW_CTX_DAG_ID='stock_prices_dag_etl_lab1' AIRFLOW_CTX_TASK_ID='extract' AIRFLOW_CTX_EXECUTION_DATE='2025-10-06T03:25:54.159759+00:00' AIRFLOW_CTX_TRY_NUMBER='1' AIRFLOW_CTX_DAG_RUN_ID='manual__2025-10-06T03:25:54.159759+00:00'
[2025-10-06T03:25:58.882+0000] {taskinstance.py:731} INFO - ::endgroup::
[2025-10-06T03:25:58.886+0000] {logging_mixin.py:190} WARNING - /opt/***/dags/lab1.py:16 FutureWarning: YF.download() has changed argument auto_adjust default to True
[2025-10-06T03:25:59.213+0000] {logging_mixin.py:190} WARNING - [*********************100%***********************]  1 of 1 completed
[2025-10-06T03:25:59.225+0000] {python.py:240} INFO - Done. Returned value was:           Date      Close       High        Low       Open    Volume
0   2025-01-16  16.299999  16.379999  15.570000  15.700000  43586900
1   2025-01-17  16.500000  16.730000  16.180000  16.420000  40496500
2   2025-01-21  17.900000  18.100000  16.889999  17.000000  67982600
3   2025-01-22  17.590000  18.059999  17.264999  18.059999  51349800
4   2025-01-23  18.030001  18.209999  17.280001  17.400000  43826700
..         ...        ...        ...        ...        ...       ...
175 2025-09-29  27.549999  28.629999  27.110001  28.360001  60395300
176 2025-09-30  26.420000  27.610001  25.700001  27.469999  94402900
177 2025-10-01  25.760000  27.330000  25.639999  26.730000  81148100
178 2025-10-02  25.969999  26.350000  25.450001  26.330000  65256700
179 2025-10-03  25.240000  26.180000  24.840000  26.100000  78201600

[180 rows x 6 columns]
[2025-10-06T03:25:59.295+0000] {taskinstance.py:340} INFO - ::group::Post task execution logs
[2025-10-06T03:25:59.296+0000] {taskinstance.py:352} INFO - Marking task as SUCCESS. dag_id=stock_prices_dag_etl_lab1, task_id=extract, run_id=manual__2025-10-06T03:25:54.159759+00:00, execution_date=20251006T032554, start_date=20251006T032558, end_date=20251006T032559
[2025-10-06T03:25:59.362+0000] {local_task_job_runner.py:266} INFO - Task exited with return code 0
[2025-10-06T03:25:59.572+0000] {taskinstance.py:3900} INFO - 1 downstream tasks scheduled from follow-on schedule check
[2025-10-06T03:25:59.574+0000] {local_task_job_runner.py:245} INFO - ::endgroup::
