[2025-11-25T05:38:04.371+0000] {local_task_job_runner.py:123} INFO - ::group::Pre task execution logs
[2025-11-25T05:38:04.399+0000] {taskinstance.py:2612} INFO - Dependencies all met for dep_context=non-requeueable deps ti=<TaskInstance: stock_prices_dag_etl_lab1.extract__1 scheduled__2025-11-23T09:00:00+00:00 [queued]>
[2025-11-25T05:38:04.418+0000] {taskinstance.py:2612} INFO - Dependencies all met for dep_context=requeueable deps ti=<TaskInstance: stock_prices_dag_etl_lab1.extract__1 scheduled__2025-11-23T09:00:00+00:00 [queued]>
[2025-11-25T05:38:04.419+0000] {taskinstance.py:2865} INFO - Starting attempt 1 of 1
[2025-11-25T05:38:04.439+0000] {taskinstance.py:2888} INFO - Executing <Task(_PythonDecoratedOperator): extract__1> on 2025-11-23 09:00:00+00:00
[2025-11-25T05:38:04.489+0000] {logging_mixin.py:190} WARNING - /home/***/.local/lib/python3.12/site-packages/***/task/task_runner/standard_task_runner.py:70 DeprecationWarning: This process (pid=43654) is multi-threaded, use of fork() may lead to deadlocks in the child.
[2025-11-25T05:38:04.493+0000] {standard_task_runner.py:72} INFO - Started process 43671 to run task
[2025-11-25T05:38:04.491+0000] {standard_task_runner.py:104} INFO - Running: ['***', 'tasks', 'run', 'stock_prices_dag_etl_lab1', 'extract__1', 'scheduled__2025-11-23T09:00:00+00:00', '--job-id', '158', '--raw', '--subdir', 'DAGS_FOLDER/lab1_pipeline.py', '--cfg-path', '/tmp/tmpt1ly5jnc']
[2025-11-25T05:38:04.515+0000] {standard_task_runner.py:105} INFO - Job 158: Subtask extract__1
[2025-11-25T05:38:04.630+0000] {task_command.py:467} INFO - Running <TaskInstance: stock_prices_dag_etl_lab1.extract__1 scheduled__2025-11-23T09:00:00+00:00 [running]> on host b29649a78690
[2025-11-25T05:38:05.976+0000] {taskinstance.py:3131} INFO - Exporting env vars: AIRFLOW_CTX_DAG_OWNER='***' AIRFLOW_CTX_DAG_ID='stock_prices_dag_etl_lab1' AIRFLOW_CTX_TASK_ID='extract__1' AIRFLOW_CTX_EXECUTION_DATE='2025-11-23T09:00:00+00:00' AIRFLOW_CTX_TRY_NUMBER='1' AIRFLOW_CTX_DAG_RUN_ID='scheduled__2025-11-23T09:00:00+00:00'
[2025-11-25T05:38:05.979+0000] {taskinstance.py:731} INFO - ::endgroup::
[2025-11-25T05:38:05.990+0000] {logging_mixin.py:190} WARNING - /opt/***/dags/lab1_pipeline.py:16 FutureWarning: YF.download() has changed argument auto_adjust default to True
[2025-11-25T05:38:07.195+0000] {logging_mixin.py:190} WARNING - [*********************100%***********************]  1 of 1 completed
[2025-11-25T05:38:07.250+0000] {python.py:240} INFO - Done. Returned value was:           Date       Close        High         Low        Open     Volume
0   2025-03-11  108.736313  112.215551  104.747176  106.966694  354865700
1   2025-03-12  115.725441  116.745317  112.865800  114.105650  323857500
2   2025-03-13  115.565460  117.745186  113.775684  117.015275  299033100
3   2025-03-14  121.654694  121.864666  118.135140  118.595081  277593500
4   2025-03-17  119.514961  122.874539  118.015150  122.724556  255501500
..         ...         ...         ...         ...         ...        ...
175 2025-11-18  181.360001  184.800003  179.649994  183.380005  213598900
176 2025-11-19  186.520004  187.860001  182.830002  184.789993  247246400
177 2025-11-20  180.639999  196.000000  179.850006  195.949997  343504800
178 2025-11-21  178.880005  184.559998  172.929993  181.240005  346926200
179 2025-11-24  182.550003  183.500000  176.479996  179.490005  253685100

[180 rows x 6 columns]
[2025-11-25T05:38:08.043+0000] {taskinstance.py:340} INFO - ::group::Post task execution logs
[2025-11-25T05:38:08.054+0000] {taskinstance.py:352} INFO - Marking task as SUCCESS. dag_id=stock_prices_dag_etl_lab1, task_id=extract__1, run_id=scheduled__2025-11-23T09:00:00+00:00, execution_date=20251123T090000, start_date=20251125T053804, end_date=20251125T053808
[2025-11-25T05:38:08.169+0000] {local_task_job_runner.py:266} INFO - Task exited with return code 0
[2025-11-25T05:38:08.292+0000] {taskinstance.py:3900} INFO - 1 downstream tasks scheduled from follow-on schedule check
[2025-11-25T05:38:08.307+0000] {local_task_job_runner.py:245} INFO - ::endgroup::
[2025-11-25T06:54:28.698+0000] {local_task_job_runner.py:123} INFO - ::group::Pre task execution logs
[2025-11-25T06:54:28.717+0000] {taskinstance.py:2612} INFO - Dependencies all met for dep_context=non-requeueable deps ti=<TaskInstance: stock_prices_dag_etl_lab1.extract__1 scheduled__2025-11-23T09:00:00+00:00 [queued]>
[2025-11-25T06:54:28.727+0000] {taskinstance.py:2612} INFO - Dependencies all met for dep_context=requeueable deps ti=<TaskInstance: stock_prices_dag_etl_lab1.extract__1 scheduled__2025-11-23T09:00:00+00:00 [queued]>
[2025-11-25T06:54:28.727+0000] {taskinstance.py:2865} INFO - Starting attempt 1 of 1
[2025-11-25T06:54:28.743+0000] {taskinstance.py:2888} INFO - Executing <Task(_PythonDecoratedOperator): extract__1> on 2025-11-23 09:00:00+00:00
[2025-11-25T06:54:28.756+0000] {logging_mixin.py:190} WARNING - /home/***/.local/lib/python3.12/site-packages/***/task/task_runner/standard_task_runner.py:70 DeprecationWarning: This process (pid=49027) is multi-threaded, use of fork() may lead to deadlocks in the child.
[2025-11-25T06:54:28.757+0000] {standard_task_runner.py:72} INFO - Started process 49037 to run task
[2025-11-25T06:54:28.776+0000] {standard_task_runner.py:104} INFO - Running: ['***', 'tasks', 'run', 'stock_prices_dag_etl_lab1', 'extract__1', 'scheduled__2025-11-23T09:00:00+00:00', '--job-id', '215', '--raw', '--subdir', 'DAGS_FOLDER/lab1_pipeline.py', '--cfg-path', '/tmp/tmpg9nccz1x']
[2025-11-25T06:54:28.783+0000] {standard_task_runner.py:105} INFO - Job 215: Subtask extract__1
[2025-11-25T06:54:28.885+0000] {task_command.py:467} INFO - Running <TaskInstance: stock_prices_dag_etl_lab1.extract__1 scheduled__2025-11-23T09:00:00+00:00 [running]> on host b29649a78690
[2025-11-25T06:54:29.719+0000] {taskinstance.py:3131} INFO - Exporting env vars: AIRFLOW_CTX_DAG_OWNER='***' AIRFLOW_CTX_DAG_ID='stock_prices_dag_etl_lab1' AIRFLOW_CTX_TASK_ID='extract__1' AIRFLOW_CTX_EXECUTION_DATE='2025-11-23T09:00:00+00:00' AIRFLOW_CTX_TRY_NUMBER='1' AIRFLOW_CTX_DAG_RUN_ID='scheduled__2025-11-23T09:00:00+00:00'
[2025-11-25T06:54:29.723+0000] {taskinstance.py:731} INFO - ::endgroup::
[2025-11-25T06:54:29.734+0000] {logging_mixin.py:190} WARNING - /opt/***/dags/lab1_pipeline.py:16 FutureWarning: YF.download() has changed argument auto_adjust default to True
[2025-11-25T06:54:30.263+0000] {logging_mixin.py:190} WARNING - [*********************100%***********************]  1 of 1 completed
[2025-11-25T06:54:30.273+0000] {python.py:240} INFO - Done. Returned value was:           Date       Close        High         Low        Open     Volume
0   2025-03-11  108.736313  112.215551  104.747176  106.966694  354865700
1   2025-03-12  115.725441  116.745317  112.865800  114.105650  323857500
2   2025-03-13  115.565460  117.745186  113.775684  117.015275  299033100
3   2025-03-14  121.654694  121.864666  118.135140  118.595081  277593500
4   2025-03-17  119.514961  122.874539  118.015150  122.724556  255501500
..         ...         ...         ...         ...         ...        ...
175 2025-11-18  181.360001  184.800003  179.649994  183.380005  213598900
176 2025-11-19  186.520004  187.860001  182.830002  184.789993  247246400
177 2025-11-20  180.639999  196.000000  179.850006  195.949997  343504800
178 2025-11-21  178.880005  184.559998  172.929993  181.240005  346926200
179 2025-11-24  182.550003  183.500000  176.479996  179.490005  253685100

[180 rows x 6 columns]
[2025-11-25T06:54:30.383+0000] {taskinstance.py:340} INFO - ::group::Post task execution logs
[2025-11-25T06:54:30.384+0000] {taskinstance.py:352} INFO - Marking task as SUCCESS. dag_id=stock_prices_dag_etl_lab1, task_id=extract__1, run_id=scheduled__2025-11-23T09:00:00+00:00, execution_date=20251123T090000, start_date=20251125T065428, end_date=20251125T065430
[2025-11-25T06:54:30.415+0000] {local_task_job_runner.py:266} INFO - Task exited with return code 0
[2025-11-25T06:54:30.448+0000] {taskinstance.py:3900} INFO - 1 downstream tasks scheduled from follow-on schedule check
[2025-11-25T06:54:30.449+0000] {local_task_job_runner.py:245} INFO - ::endgroup::
