[2025-11-25T05:04:01.707+0000] {local_task_job_runner.py:123} INFO - ::group::Pre task execution logs
[2025-11-25T05:04:01.742+0000] {taskinstance.py:2612} INFO - Dependencies all met for dep_context=non-requeueable deps ti=<TaskInstance: BuildELT_dbt.dbt_run manual__2025-11-25T05:03:59.974354+00:00 [queued]>
[2025-11-25T05:04:01.754+0000] {taskinstance.py:2612} INFO - Dependencies all met for dep_context=requeueable deps ti=<TaskInstance: BuildELT_dbt.dbt_run manual__2025-11-25T05:03:59.974354+00:00 [queued]>
[2025-11-25T05:04:01.755+0000] {taskinstance.py:2865} INFO - Starting attempt 1 of 1
[2025-11-25T05:04:01.777+0000] {taskinstance.py:2888} INFO - Executing <Task(BashOperator): dbt_run> on 2025-11-25 05:03:59.974354+00:00
[2025-11-25T05:04:01.787+0000] {standard_task_runner.py:104} INFO - Running: ['***', 'tasks', 'run', 'BuildELT_dbt', 'dbt_run', 'manual__2025-11-25T05:03:59.974354+00:00', '--job-id', '155', '--raw', '--subdir', 'DAGS_FOLDER/build_elt_with_dbt.py', '--cfg-path', '/tmp/tmpe5vm_0cn']
[2025-11-25T05:04:01.792+0000] {standard_task_runner.py:105} INFO - Job 155: Subtask dbt_run
[2025-11-25T05:04:01.793+0000] {logging_mixin.py:190} WARNING - /home/***/.local/lib/python3.12/site-packages/***/task/task_runner/standard_task_runner.py:70 DeprecationWarning: This process (pid=41535) is multi-threaded, use of fork() may lead to deadlocks in the child.
[2025-11-25T05:04:01.796+0000] {standard_task_runner.py:72} INFO - Started process 41540 to run task
[2025-11-25T05:04:01.878+0000] {task_command.py:467} INFO - Running <TaskInstance: BuildELT_dbt.dbt_run manual__2025-11-25T05:03:59.974354+00:00 [running]> on host b29649a78690
[2025-11-25T05:04:02.058+0000] {taskinstance.py:3131} INFO - Exporting env vars: AIRFLOW_CTX_DAG_OWNER='***' AIRFLOW_CTX_DAG_ID='BuildELT_dbt' AIRFLOW_CTX_TASK_ID='dbt_run' AIRFLOW_CTX_EXECUTION_DATE='2025-11-25T05:03:59.974354+00:00' AIRFLOW_CTX_TRY_NUMBER='1' AIRFLOW_CTX_DAG_RUN_ID='manual__2025-11-25T05:03:59.974354+00:00'
[2025-11-25T05:04:02.064+0000] {taskinstance.py:731} INFO - ::endgroup::
[2025-11-25T05:04:02.140+0000] {subprocess.py:63} INFO - Tmp dir root location: /tmp
[2025-11-25T05:04:02.144+0000] {subprocess.py:75} INFO - Running command: ['/usr/bin/bash', '-c', '/home/***/.local/bin/dbt run --profiles-dir /opt/***/dbt --project-dir /opt/***/dbt']
[2025-11-25T05:04:02.166+0000] {subprocess.py:86} INFO - Output:
[2025-11-25T05:04:06.800+0000] {subprocess.py:93} INFO - [0m05:04:06  Running with dbt=1.7.19
[2025-11-25T05:04:08.747+0000] {subprocess.py:93} INFO - [0m05:04:08  Registered adapter: snowflake=1.7.5
[2025-11-25T05:04:08.793+0000] {subprocess.py:93} INFO - [0m05:04:08  Unable to do partial parsing because of a version mismatch
[2025-11-25T05:04:10.414+0000] {subprocess.py:93} INFO - [0m05:04:10  [[33mWARNING[0m]: Did not find matching node for patch with name 'FCT_STOCK_ABSTRACT' in the 'models' section of file 'models/schema.yml'
[2025-11-25T05:04:10.731+0000] {subprocess.py:93} INFO - [0m05:04:10  [[33mWARNING[0m]: Test 'test.stock_transformations.not_null_FCT_STOCK_ABSTRACT_sessionId.7daf011700' (models/schema.yml) depends on a node named 'FCT_STOCK_ABSTRACT' in package '' which was not found
[2025-11-25T05:04:10.732+0000] {subprocess.py:93} INFO - [0m05:04:10  [[33mWARNING[0m]: Test 'test.stock_transformations.unique_FCT_STOCK_ABSTRACT_sessionId.f6068ac72a' (models/schema.yml) depends on a node named 'FCT_STOCK_ABSTRACT' in package '' which was not found
[2025-11-25T05:04:10.812+0000] {subprocess.py:93} INFO - [0m05:04:10  Found 2 models, 1 snapshot, 1 source, 0 exposures, 0 metrics, 431 macros, 0 groups, 0 semantic models
[2025-11-25T05:04:10.815+0000] {subprocess.py:93} INFO - [0m05:04:10
[2025-11-25T05:04:13.982+0000] {subprocess.py:93} INFO - [0m05:04:13  Concurrency: 1 threads (target='dev')
[2025-11-25T05:04:13.983+0000] {subprocess.py:93} INFO - [0m05:04:13
[2025-11-25T05:04:14.000+0000] {subprocess.py:93} INFO - [0m05:04:13  1 of 2 START sql view model analytics.stg_stock_prices ......................... [RUN]
[2025-11-25T05:04:15.844+0000] {subprocess.py:93} INFO - [0m05:04:15  1 of 2 OK created sql view model analytics.stg_stock_prices .................... [[32mSUCCESS 1[0m in 1.84s]
[2025-11-25T05:04:15.849+0000] {subprocess.py:93} INFO - [0m05:04:15  2 of 2 START sql table model analytics.FCT_STOCK_ABSTRACT ...................... [RUN]
[2025-11-25T05:04:18.780+0000] {subprocess.py:93} INFO - [0m05:04:18  2 of 2 OK created sql table model analytics.FCT_STOCK_ABSTRACT ................. [[32mSUCCESS 1[0m in 2.93s]
[2025-11-25T05:04:18.785+0000] {subprocess.py:93} INFO - [0m05:04:18
[2025-11-25T05:04:18.786+0000] {subprocess.py:93} INFO - [0m05:04:18  Finished running 1 view model, 1 table model in 0 hours 0 minutes and 7.97 seconds (7.97s).
[2025-11-25T05:04:18.803+0000] {subprocess.py:93} INFO - [0m05:04:18
[2025-11-25T05:04:18.804+0000] {subprocess.py:93} INFO - [0m05:04:18  [32mCompleted successfully[0m
[2025-11-25T05:04:18.805+0000] {subprocess.py:93} INFO - [0m05:04:18
[2025-11-25T05:04:18.806+0000] {subprocess.py:93} INFO - [0m05:04:18  Done. PASS=2 WARN=0 ERROR=0 SKIP=0 TOTAL=2
[2025-11-25T05:04:19.805+0000] {subprocess.py:97} INFO - Command exited with return code 0
[2025-11-25T05:04:19.855+0000] {taskinstance.py:340} INFO - ::group::Post task execution logs
[2025-11-25T05:04:19.856+0000] {taskinstance.py:352} INFO - Marking task as SUCCESS. dag_id=BuildELT_dbt, task_id=dbt_run, run_id=manual__2025-11-25T05:03:59.974354+00:00, execution_date=20251125T050359, start_date=20251125T050401, end_date=20251125T050419
[2025-11-25T05:04:19.932+0000] {local_task_job_runner.py:266} INFO - Task exited with return code 0
[2025-11-25T05:04:19.980+0000] {taskinstance.py:3900} INFO - 1 downstream tasks scheduled from follow-on schedule check
[2025-11-25T05:04:19.982+0000] {local_task_job_runner.py:245} INFO - ::endgroup::
