[2025-10-27T04:26:42.484+0000] {local_task_job_runner.py:123} INFO - ::group::Pre task execution logs
[2025-10-27T04:26:42.517+0000] {taskinstance.py:2612} INFO - Dependencies all met for dep_context=non-requeueable deps ti=<TaskInstance: BuildELT_CTAS.run_ctas manual__2025-10-27T04:26:39.209652+00:00 [queued]>
[2025-10-27T04:26:42.531+0000] {taskinstance.py:2612} INFO - Dependencies all met for dep_context=requeueable deps ti=<TaskInstance: BuildELT_CTAS.run_ctas manual__2025-10-27T04:26:39.209652+00:00 [queued]>
[2025-10-27T04:26:42.531+0000] {taskinstance.py:2865} INFO - Starting attempt 1 of 1
[2025-10-27T04:26:42.553+0000] {taskinstance.py:2888} INFO - Executing <Task(_PythonDecoratedOperator): run_ctas> on 2025-10-27 04:26:39.209652+00:00
[2025-10-27T04:26:42.569+0000] {standard_task_runner.py:104} INFO - Running: ['***', 'tasks', 'run', 'BuildELT_CTAS', 'run_ctas', 'manual__2025-10-27T04:26:39.209652+00:00', '--job-id', '121', '--raw', '--subdir', 'DAGS_FOLDER/hw6_pt2.py', '--cfg-path', '/tmp/tmpps2tvjol']
[2025-10-27T04:26:42.573+0000] {standard_task_runner.py:105} INFO - Job 121: Subtask run_ctas
[2025-10-27T04:26:42.609+0000] {logging_mixin.py:190} WARNING - /home/***/.local/lib/python3.12/site-packages/***/task/task_runner/standard_task_runner.py:70 DeprecationWarning: This process (pid=11243) is multi-threaded, use of fork() may lead to deadlocks in the child.
[2025-10-27T04:26:42.610+0000] {standard_task_runner.py:72} INFO - Started process 11248 to run task
[2025-10-27T04:26:42.677+0000] {task_command.py:467} INFO - Running <TaskInstance: BuildELT_CTAS.run_ctas manual__2025-10-27T04:26:39.209652+00:00 [running]> on host 09b8d9c0c3f2
[2025-10-27T04:26:42.864+0000] {taskinstance.py:3131} INFO - Exporting env vars: AIRFLOW_CTX_DAG_OWNER='***' AIRFLOW_CTX_DAG_ID='BuildELT_CTAS' AIRFLOW_CTX_TASK_ID='run_ctas' AIRFLOW_CTX_EXECUTION_DATE='2025-10-27T04:26:39.209652+00:00' AIRFLOW_CTX_TRY_NUMBER='1' AIRFLOW_CTX_DAG_RUN_ID='manual__2025-10-27T04:26:39.209652+00:00'
[2025-10-27T04:26:42.867+0000] {taskinstance.py:731} INFO - ::endgroup::
[2025-10-27T04:26:42.874+0000] {hw6_pt2.py:33} INFO - session_summary
[2025-10-27T04:26:42.875+0000] {hw6_pt2.py:34} INFO - SELECT u.*, s.ts
    FROM raw.user_session_channel u
    JOIN raw.session_timestamp s ON u.sessionId=s.sessionId
    
[2025-10-27T04:26:42.899+0000] {base.py:84} INFO - Retrieving connection 'snowflake_conn'
[2025-10-27T04:26:42.903+0000] {connection.py:413} INFO - Snowflake Connector for Python Version: 3.12.1, Python Version: 3.12.5, Platform: Linux-6.10.14-linuxkit-x86_64-with-glibc2.36
[2025-10-27T04:26:42.906+0000] {connection.py:1196} INFO - Connecting to GLOBAL Snowflake domain
[2025-10-27T04:26:42.907+0000] {connection.py:1277} INFO - This connection is in OCSP Fail Open Mode. TLS Certificates would be checked for validity and revocation status. Any other Certificate Revocation related exceptions or OCSP Responder failures would be disregarded in favor of connectivity.
[2025-10-27T04:26:43.535+0000] {hw6_pt2.py:40} INFO - CREATE OR REPLACE TABLE analytics.temp_session_summary AS SELECT u.*, s.ts
    FROM raw.user_session_channel u
    JOIN raw.session_timestamp s ON u.sessionId=s.sessionId
    
[2025-10-27T04:26:45.527+0000] {cursor.py:1156} INFO - Number of results in first chunk: 1
[2025-10-27T04:26:45.530+0000] {logging_mixin.py:190} INFO - 
              SELECT sessionId, COUNT(1) AS cnt 
              FROM analytics.temp_session_summary
              GROUP BY 1
              ORDER BY 2 DESC
              LIMIT 1
[2025-10-27T04:26:46.121+0000] {cursor.py:1156} INFO - Number of results in first chunk: 1
[2025-10-27T04:26:46.129+0000] {logging_mixin.py:190} INFO - ('0a54b19a13b6712dc04d1b49215423d8', 1) 1
[2025-10-27T04:26:47.001+0000] {cursor.py:1156} INFO - Number of results in first chunk: 1
[2025-10-27T04:26:47.138+0000] {cursor.py:1156} INFO - Number of results in first chunk: 1
[2025-10-27T04:26:47.306+0000] {cursor.py:1156} INFO - Number of results in first chunk: 1
[2025-10-27T04:26:47.307+0000] {python.py:240} INFO - Done. Returned value was: None
[2025-10-27T04:26:47.321+0000] {taskinstance.py:340} INFO - ::group::Post task execution logs
[2025-10-27T04:26:47.322+0000] {taskinstance.py:352} INFO - Marking task as SUCCESS. dag_id=BuildELT_CTAS, task_id=run_ctas, run_id=manual__2025-10-27T04:26:39.209652+00:00, execution_date=20251027T042639, start_date=20251027T042642, end_date=20251027T042647
[2025-10-27T04:26:47.378+0000] {local_task_job_runner.py:266} INFO - Task exited with return code 0
[2025-10-27T04:26:47.401+0000] {taskinstance.py:3900} INFO - 0 downstream tasks scheduled from follow-on schedule check
[2025-10-27T04:26:47.403+0000] {local_task_job_runner.py:245} INFO - ::endgroup::
