[2025-10-26T21:36:20.534+0000] {local_task_job_runner.py:123} INFO - ::group::Pre task execution logs
[2025-10-26T21:36:20.560+0000] {taskinstance.py:2612} INFO - Dependencies all met for dep_context=non-requeueable deps ti=<TaskInstance: stock_prices_dag_etl_lab1.load__1 scheduled__2025-10-25T09:00:00+00:00 [queued]>
[2025-10-26T21:36:20.574+0000] {taskinstance.py:2612} INFO - Dependencies all met for dep_context=requeueable deps ti=<TaskInstance: stock_prices_dag_etl_lab1.load__1 scheduled__2025-10-25T09:00:00+00:00 [queued]>
[2025-10-26T21:36:20.575+0000] {taskinstance.py:2865} INFO - Starting attempt 1 of 1
[2025-10-26T21:36:20.817+0000] {taskinstance.py:2888} INFO - Executing <Task(_PythonDecoratedOperator): load__1> on 2025-10-25 09:00:00+00:00
[2025-10-26T21:36:20.835+0000] {logging_mixin.py:190} WARNING - /home/***/.local/lib/python3.12/site-packages/***/task/task_runner/standard_task_runner.py:70 DeprecationWarning: This process (pid=328) is multi-threaded, use of fork() may lead to deadlocks in the child.
[2025-10-26T21:36:20.837+0000] {standard_task_runner.py:72} INFO - Started process 351 to run task
[2025-10-26T21:36:20.839+0000] {standard_task_runner.py:104} INFO - Running: ['***', 'tasks', 'run', 'stock_prices_dag_etl_lab1', 'load__1', 'scheduled__2025-10-25T09:00:00+00:00', '--job-id', '102', '--raw', '--subdir', 'DAGS_FOLDER/lab1_pipeline.py', '--cfg-path', '/tmp/tmpxlu4nqgc']
[2025-10-26T21:36:20.846+0000] {standard_task_runner.py:105} INFO - Job 102: Subtask load__1
[2025-10-26T21:36:20.918+0000] {task_command.py:467} INFO - Running <TaskInstance: stock_prices_dag_etl_lab1.load__1 scheduled__2025-10-25T09:00:00+00:00 [running]> on host 09b8d9c0c3f2
[2025-10-26T21:36:21.157+0000] {taskinstance.py:3131} INFO - Exporting env vars: AIRFLOW_CTX_DAG_OWNER='***' AIRFLOW_CTX_DAG_ID='stock_prices_dag_etl_lab1' AIRFLOW_CTX_TASK_ID='load__1' AIRFLOW_CTX_EXECUTION_DATE='2025-10-25T09:00:00+00:00' AIRFLOW_CTX_TRY_NUMBER='1' AIRFLOW_CTX_DAG_RUN_ID='scheduled__2025-10-25T09:00:00+00:00'
[2025-10-26T21:36:21.159+0000] {taskinstance.py:731} INFO - ::endgroup::
[2025-10-26T21:36:21.187+0000] {base.py:84} INFO - Retrieving connection 'snowflake_conn'
[2025-10-26T21:36:21.191+0000] {connection.py:413} INFO - Snowflake Connector for Python Version: 3.12.1, Python Version: 3.12.5, Platform: Linux-6.10.14-linuxkit-x86_64-with-glibc2.36
[2025-10-26T21:36:21.192+0000] {connection.py:1196} INFO - Connecting to GLOBAL Snowflake domain
[2025-10-26T21:36:21.193+0000] {connection.py:1277} INFO - This connection is in OCSP Fail Open Mode. TLS Certificates would be checked for validity and revocation status. Any other Certificate Revocation related exceptions or OCSP Responder failures would be disregarded in favor of connectivity.
[2025-10-26T21:36:22.696+0000] {cursor.py:1156} INFO - Number of results in first chunk: 1
[2025-10-26T21:36:23.201+0000] {cursor.py:1156} INFO - Number of results in first chunk: 1
[2025-10-26T21:36:27.471+0000] {cursor.py:1156} INFO - Number of results in first chunk: 1
[2025-10-26T21:36:27.475+0000] {logging_mixin.py:190} INFO - Loaded 180 rows into STOCK_PRICES using 1 chunk(s).
[2025-10-26T21:36:27.477+0000] {connection.py:788} INFO - closed
[2025-10-26T21:36:27.577+0000] {connection.py:794} INFO - No async queries seem to be running, deleting session
[2025-10-26T21:36:27.716+0000] {python.py:240} INFO - Done. Returned value was: None
[2025-10-26T21:36:27.765+0000] {taskinstance.py:340} INFO - ::group::Post task execution logs
[2025-10-26T21:36:27.770+0000] {taskinstance.py:352} INFO - Marking task as SUCCESS. dag_id=stock_prices_dag_etl_lab1, task_id=load__1, run_id=scheduled__2025-10-25T09:00:00+00:00, execution_date=20251025T090000, start_date=20251026T213620, end_date=20251026T213627
[2025-10-26T21:36:27.945+0000] {local_task_job_runner.py:266} INFO - Task exited with return code 0
[2025-10-26T21:36:28.165+0000] {taskinstance.py:3900} INFO - 0 downstream tasks scheduled from follow-on schedule check
[2025-10-26T21:36:28.194+0000] {local_task_job_runner.py:245} INFO - ::endgroup::
