[2025-10-07T20:43:44.712+0000] {local_task_job_runner.py:123} INFO - ::group::Pre task execution logs
[2025-10-07T20:43:44.744+0000] {taskinstance.py:2612} INFO - Dependencies all met for dep_context=non-requeueable deps ti=<TaskInstance: stock_prices_dag_etl_lab1.transform scheduled__2025-10-06T09:00:00+00:00 [queued]>
[2025-10-07T20:43:44.758+0000] {taskinstance.py:2612} INFO - Dependencies all met for dep_context=requeueable deps ti=<TaskInstance: stock_prices_dag_etl_lab1.transform scheduled__2025-10-06T09:00:00+00:00 [queued]>
[2025-10-07T20:43:44.761+0000] {taskinstance.py:2865} INFO - Starting attempt 1 of 1
[2025-10-07T20:43:44.978+0000] {taskinstance.py:2888} INFO - Executing <Task(_PythonDecoratedOperator): transform> on 2025-10-06 09:00:00+00:00
[2025-10-07T20:43:44.993+0000] {logging_mixin.py:190} WARNING - /home/***/.local/lib/python3.12/site-packages/***/task/task_runner/standard_task_runner.py:70 DeprecationWarning: This process (pid=22934) is multi-threaded, use of fork() may lead to deadlocks in the child.
[2025-10-07T20:43:44.995+0000] {standard_task_runner.py:72} INFO - Started process 22951 to run task
[2025-10-07T20:43:44.994+0000] {standard_task_runner.py:104} INFO - Running: ['***', 'tasks', 'run', 'stock_prices_dag_etl_lab1', 'transform', 'scheduled__2025-10-06T09:00:00+00:00', '--job-id', '85', '--raw', '--subdir', 'DAGS_FOLDER/lab1_pipeline.py', '--cfg-path', '/tmp/tmpptz23_uz']
[2025-10-07T20:43:44.998+0000] {standard_task_runner.py:105} INFO - Job 85: Subtask transform
[2025-10-07T20:43:45.137+0000] {task_command.py:467} INFO - Running <TaskInstance: stock_prices_dag_etl_lab1.transform scheduled__2025-10-06T09:00:00+00:00 [running]> on host 09b8d9c0c3f2
[2025-10-07T20:43:47.409+0000] {taskinstance.py:3131} INFO - Exporting env vars: AIRFLOW_CTX_DAG_OWNER='***' AIRFLOW_CTX_DAG_ID='stock_prices_dag_etl_lab1' AIRFLOW_CTX_TASK_ID='transform' AIRFLOW_CTX_EXECUTION_DATE='2025-10-06T09:00:00+00:00' AIRFLOW_CTX_TRY_NUMBER='1' AIRFLOW_CTX_DAG_RUN_ID='scheduled__2025-10-06T09:00:00+00:00'
[2025-10-07T20:43:47.513+0000] {taskinstance.py:731} INFO - ::endgroup::
[2025-10-07T20:43:47.558+0000] {python.py:240} INFO - Done. Returned value was:     symbol        date       open      close        low       high     volume
0     SOFI  2025-01-21  17.000000  17.900000  16.889999  18.100000   67982600
1     SOFI  2025-01-22  18.059999  17.590000  17.264999  18.059999   51349800
2     SOFI  2025-01-23  17.400000  18.030001  17.280001  18.209999   43826700
3     SOFI  2025-01-24  18.150000  17.920000  17.860001  18.420000   55232000
4     SOFI  2025-01-27  15.930000  16.080000  15.550000  16.980000  107334200
..     ...         ...        ...        ...        ...        ...        ...
175   SOFI  2025-10-01  26.730000  25.760000  25.639999  27.330000   81148100
176   SOFI  2025-10-02  26.330000  25.969999  25.450001  26.350000   65256700
177   SOFI  2025-10-03  26.100000  25.240000  24.840000  26.180000   78751700
178   SOFI  2025-10-06  25.770000  26.360001  25.309999  27.139999   97325600
179   SOFI  2025-10-07  27.100000  28.139999  26.680000  28.840000  112981452

[180 rows x 7 columns]
[2025-10-07T20:43:48.113+0000] {taskinstance.py:340} INFO - ::group::Post task execution logs
[2025-10-07T20:43:48.115+0000] {taskinstance.py:352} INFO - Marking task as SUCCESS. dag_id=stock_prices_dag_etl_lab1, task_id=transform, run_id=scheduled__2025-10-06T09:00:00+00:00, execution_date=20251006T090000, start_date=20251007T204344, end_date=20251007T204348
[2025-10-07T20:43:48.326+0000] {local_task_job_runner.py:266} INFO - Task exited with return code 0
[2025-10-07T20:43:48.529+0000] {taskinstance.py:3900} INFO - 1 downstream tasks scheduled from follow-on schedule check
[2025-10-07T20:43:48.533+0000] {local_task_job_runner.py:245} INFO - ::endgroup::
