[2025-10-29T00:00:27.697+0000] {processor.py:186} INFO - Started process (PID=4094) to work on /opt/airflow/dags/hw6_pt2.py
[2025-10-29T00:00:27.699+0000] {processor.py:914} INFO - Processing file /opt/airflow/dags/hw6_pt2.py for tasks to queue
[2025-10-29T00:00:27.704+0000] {logging_mixin.py:190} INFO - [2025-10-29T00:00:27.703+0000] {dagbag.py:587} INFO - Filling up the DagBag from /opt/airflow/dags/hw6_pt2.py
[2025-10-29T00:00:27.726+0000] {processor.py:925} INFO - DAG(s) 'BuildELT_CTAS' retrieved from /opt/airflow/dags/hw6_pt2.py
[2025-10-29T00:00:27.782+0000] {logging_mixin.py:190} INFO - [2025-10-29T00:00:27.781+0000] {dag.py:3229} INFO - Sync 1 DAGs
[2025-10-29T00:00:27.830+0000] {logging_mixin.py:190} INFO - [2025-10-29T00:00:27.829+0000] {dag.py:4156} INFO - Setting next_dagrun for BuildELT_CTAS to 2025-10-28 02:45:00+00:00, run_after=2025-10-29 02:45:00+00:00
[2025-10-29T00:00:27.863+0000] {processor.py:208} INFO - Processing /opt/airflow/dags/hw6_pt2.py took 0.180 seconds
[2025-10-29T00:00:58.191+0000] {processor.py:186} INFO - Started process (PID=4117) to work on /opt/airflow/dags/hw6_pt2.py
[2025-10-29T00:00:58.193+0000] {processor.py:914} INFO - Processing file /opt/airflow/dags/hw6_pt2.py for tasks to queue
[2025-10-29T00:00:58.197+0000] {logging_mixin.py:190} INFO - [2025-10-29T00:00:58.197+0000] {dagbag.py:587} INFO - Filling up the DagBag from /opt/airflow/dags/hw6_pt2.py
[2025-10-29T00:00:58.217+0000] {processor.py:925} INFO - DAG(s) 'BuildELT_CTAS' retrieved from /opt/airflow/dags/hw6_pt2.py
[2025-10-29T00:00:58.261+0000] {logging_mixin.py:190} INFO - [2025-10-29T00:00:58.260+0000] {dag.py:3229} INFO - Sync 1 DAGs
[2025-10-29T00:00:58.302+0000] {logging_mixin.py:190} INFO - [2025-10-29T00:00:58.301+0000] {dag.py:4156} INFO - Setting next_dagrun for BuildELT_CTAS to 2025-10-28 02:45:00+00:00, run_after=2025-10-29 02:45:00+00:00
[2025-10-29T00:00:58.331+0000] {processor.py:208} INFO - Processing /opt/airflow/dags/hw6_pt2.py took 0.152 seconds
[2025-10-29T00:01:28.887+0000] {processor.py:186} INFO - Started process (PID=4143) to work on /opt/airflow/dags/hw6_pt2.py
[2025-10-29T00:01:28.893+0000] {processor.py:914} INFO - Processing file /opt/airflow/dags/hw6_pt2.py for tasks to queue
[2025-10-29T00:01:28.902+0000] {logging_mixin.py:190} INFO - [2025-10-29T00:01:28.901+0000] {dagbag.py:587} INFO - Filling up the DagBag from /opt/airflow/dags/hw6_pt2.py
[2025-10-29T00:01:29.000+0000] {processor.py:925} INFO - DAG(s) 'BuildELT_CTAS' retrieved from /opt/airflow/dags/hw6_pt2.py
[2025-10-29T00:01:29.132+0000] {logging_mixin.py:190} INFO - [2025-10-29T00:01:29.131+0000] {dag.py:3229} INFO - Sync 1 DAGs
[2025-10-29T00:01:29.231+0000] {logging_mixin.py:190} INFO - [2025-10-29T00:01:29.231+0000] {dag.py:4156} INFO - Setting next_dagrun for BuildELT_CTAS to 2025-10-28 02:45:00+00:00, run_after=2025-10-29 02:45:00+00:00
[2025-10-29T00:01:29.273+0000] {processor.py:208} INFO - Processing /opt/airflow/dags/hw6_pt2.py took 0.405 seconds
[2025-10-29T00:01:59.786+0000] {processor.py:186} INFO - Started process (PID=4170) to work on /opt/airflow/dags/hw6_pt2.py
[2025-10-29T00:01:59.787+0000] {processor.py:914} INFO - Processing file /opt/airflow/dags/hw6_pt2.py for tasks to queue
[2025-10-29T00:01:59.792+0000] {logging_mixin.py:190} INFO - [2025-10-29T00:01:59.791+0000] {dagbag.py:587} INFO - Filling up the DagBag from /opt/airflow/dags/hw6_pt2.py
[2025-10-29T00:01:59.811+0000] {processor.py:925} INFO - DAG(s) 'BuildELT_CTAS' retrieved from /opt/airflow/dags/hw6_pt2.py
[2025-10-29T00:01:59.855+0000] {logging_mixin.py:190} INFO - [2025-10-29T00:01:59.855+0000] {dag.py:3229} INFO - Sync 1 DAGs
[2025-10-29T00:01:59.899+0000] {logging_mixin.py:190} INFO - [2025-10-29T00:01:59.899+0000] {dag.py:4156} INFO - Setting next_dagrun for BuildELT_CTAS to 2025-10-28 02:45:00+00:00, run_after=2025-10-29 02:45:00+00:00
[2025-10-29T00:01:59.933+0000] {processor.py:208} INFO - Processing /opt/airflow/dags/hw6_pt2.py took 0.156 seconds
[2025-10-29T00:02:30.132+0000] {processor.py:186} INFO - Started process (PID=4196) to work on /opt/airflow/dags/hw6_pt2.py
[2025-10-29T00:02:30.137+0000] {processor.py:914} INFO - Processing file /opt/airflow/dags/hw6_pt2.py for tasks to queue
[2025-10-29T00:02:30.142+0000] {logging_mixin.py:190} INFO - [2025-10-29T00:02:30.141+0000] {dagbag.py:587} INFO - Filling up the DagBag from /opt/airflow/dags/hw6_pt2.py
[2025-10-29T00:02:30.169+0000] {processor.py:925} INFO - DAG(s) 'BuildELT_CTAS' retrieved from /opt/airflow/dags/hw6_pt2.py
[2025-10-29T00:02:30.220+0000] {logging_mixin.py:190} INFO - [2025-10-29T00:02:30.220+0000] {dag.py:3229} INFO - Sync 1 DAGs
[2025-10-29T00:02:30.266+0000] {logging_mixin.py:190} INFO - [2025-10-29T00:02:30.265+0000] {dag.py:4156} INFO - Setting next_dagrun for BuildELT_CTAS to 2025-10-28 02:45:00+00:00, run_after=2025-10-29 02:45:00+00:00
[2025-10-29T00:02:30.296+0000] {processor.py:208} INFO - Processing /opt/airflow/dags/hw6_pt2.py took 0.174 seconds
[2025-10-29T00:03:00.349+0000] {processor.py:186} INFO - Started process (PID=4222) to work on /opt/airflow/dags/hw6_pt2.py
[2025-10-29T00:03:00.351+0000] {processor.py:914} INFO - Processing file /opt/airflow/dags/hw6_pt2.py for tasks to queue
[2025-10-29T00:03:00.355+0000] {logging_mixin.py:190} INFO - [2025-10-29T00:03:00.355+0000] {dagbag.py:587} INFO - Filling up the DagBag from /opt/airflow/dags/hw6_pt2.py
[2025-10-29T00:03:00.375+0000] {processor.py:925} INFO - DAG(s) 'BuildELT_CTAS' retrieved from /opt/airflow/dags/hw6_pt2.py
[2025-10-29T00:03:00.423+0000] {logging_mixin.py:190} INFO - [2025-10-29T00:03:00.422+0000] {dag.py:3229} INFO - Sync 1 DAGs
[2025-10-29T00:03:00.465+0000] {logging_mixin.py:190} INFO - [2025-10-29T00:03:00.464+0000] {dag.py:4156} INFO - Setting next_dagrun for BuildELT_CTAS to 2025-10-28 02:45:00+00:00, run_after=2025-10-29 02:45:00+00:00
[2025-10-29T00:03:00.496+0000] {processor.py:208} INFO - Processing /opt/airflow/dags/hw6_pt2.py took 0.156 seconds
[2025-10-29T00:03:30.933+0000] {processor.py:186} INFO - Started process (PID=4243) to work on /opt/airflow/dags/hw6_pt2.py
[2025-10-29T00:03:30.936+0000] {processor.py:914} INFO - Processing file /opt/airflow/dags/hw6_pt2.py for tasks to queue
[2025-10-29T00:03:30.940+0000] {logging_mixin.py:190} INFO - [2025-10-29T00:03:30.939+0000] {dagbag.py:587} INFO - Filling up the DagBag from /opt/airflow/dags/hw6_pt2.py
[2025-10-29T00:03:30.972+0000] {processor.py:925} INFO - DAG(s) 'BuildELT_CTAS' retrieved from /opt/airflow/dags/hw6_pt2.py
[2025-10-29T00:03:31.018+0000] {logging_mixin.py:190} INFO - [2025-10-29T00:03:31.017+0000] {dag.py:3229} INFO - Sync 1 DAGs
[2025-10-29T00:03:31.063+0000] {logging_mixin.py:190} INFO - [2025-10-29T00:03:31.063+0000] {dag.py:4156} INFO - Setting next_dagrun for BuildELT_CTAS to 2025-10-28 02:45:00+00:00, run_after=2025-10-29 02:45:00+00:00
[2025-10-29T00:03:31.103+0000] {processor.py:208} INFO - Processing /opt/airflow/dags/hw6_pt2.py took 0.181 seconds
[2025-10-29T00:04:01.393+0000] {processor.py:186} INFO - Started process (PID=4269) to work on /opt/airflow/dags/hw6_pt2.py
[2025-10-29T00:04:01.395+0000] {processor.py:914} INFO - Processing file /opt/airflow/dags/hw6_pt2.py for tasks to queue
[2025-10-29T00:04:01.399+0000] {logging_mixin.py:190} INFO - [2025-10-29T00:04:01.398+0000] {dagbag.py:587} INFO - Filling up the DagBag from /opt/airflow/dags/hw6_pt2.py
[2025-10-29T00:04:01.419+0000] {processor.py:925} INFO - DAG(s) 'BuildELT_CTAS' retrieved from /opt/airflow/dags/hw6_pt2.py
[2025-10-29T00:04:01.486+0000] {logging_mixin.py:190} INFO - [2025-10-29T00:04:01.484+0000] {dag.py:3229} INFO - Sync 1 DAGs
[2025-10-29T00:04:01.543+0000] {logging_mixin.py:190} INFO - [2025-10-29T00:04:01.542+0000] {dag.py:4156} INFO - Setting next_dagrun for BuildELT_CTAS to 2025-10-28 02:45:00+00:00, run_after=2025-10-29 02:45:00+00:00
[2025-10-29T00:04:01.583+0000] {processor.py:208} INFO - Processing /opt/airflow/dags/hw6_pt2.py took 0.200 seconds
[2025-10-29T00:04:32.012+0000] {processor.py:186} INFO - Started process (PID=4295) to work on /opt/airflow/dags/hw6_pt2.py
[2025-10-29T00:04:32.014+0000] {processor.py:914} INFO - Processing file /opt/airflow/dags/hw6_pt2.py for tasks to queue
[2025-10-29T00:04:32.020+0000] {logging_mixin.py:190} INFO - [2025-10-29T00:04:32.018+0000] {dagbag.py:587} INFO - Filling up the DagBag from /opt/airflow/dags/hw6_pt2.py
[2025-10-29T00:04:32.041+0000] {processor.py:925} INFO - DAG(s) 'BuildELT_CTAS' retrieved from /opt/airflow/dags/hw6_pt2.py
[2025-10-29T00:04:32.087+0000] {logging_mixin.py:190} INFO - [2025-10-29T00:04:32.086+0000] {dag.py:3229} INFO - Sync 1 DAGs
[2025-10-29T00:04:32.130+0000] {logging_mixin.py:190} INFO - [2025-10-29T00:04:32.129+0000] {dag.py:4156} INFO - Setting next_dagrun for BuildELT_CTAS to 2025-10-28 02:45:00+00:00, run_after=2025-10-29 02:45:00+00:00
[2025-10-29T00:04:32.161+0000] {processor.py:208} INFO - Processing /opt/airflow/dags/hw6_pt2.py took 0.160 seconds
[2025-10-29T00:05:02.385+0000] {processor.py:186} INFO - Started process (PID=4321) to work on /opt/airflow/dags/hw6_pt2.py
[2025-10-29T00:05:02.388+0000] {processor.py:914} INFO - Processing file /opt/airflow/dags/hw6_pt2.py for tasks to queue
[2025-10-29T00:05:02.393+0000] {logging_mixin.py:190} INFO - [2025-10-29T00:05:02.392+0000] {dagbag.py:587} INFO - Filling up the DagBag from /opt/airflow/dags/hw6_pt2.py
[2025-10-29T00:05:02.418+0000] {processor.py:925} INFO - DAG(s) 'BuildELT_CTAS' retrieved from /opt/airflow/dags/hw6_pt2.py
[2025-10-29T00:05:02.471+0000] {logging_mixin.py:190} INFO - [2025-10-29T00:05:02.470+0000] {dag.py:3229} INFO - Sync 1 DAGs
[2025-10-29T00:05:02.517+0000] {logging_mixin.py:190} INFO - [2025-10-29T00:05:02.516+0000] {dag.py:4156} INFO - Setting next_dagrun for BuildELT_CTAS to 2025-10-28 02:45:00+00:00, run_after=2025-10-29 02:45:00+00:00
[2025-10-29T00:05:02.550+0000] {processor.py:208} INFO - Processing /opt/airflow/dags/hw6_pt2.py took 0.175 seconds
[2025-10-29T00:05:33.500+0000] {processor.py:186} INFO - Started process (PID=4347) to work on /opt/airflow/dags/hw6_pt2.py
[2025-10-29T00:05:33.502+0000] {processor.py:914} INFO - Processing file /opt/airflow/dags/hw6_pt2.py for tasks to queue
[2025-10-29T00:05:33.506+0000] {logging_mixin.py:190} INFO - [2025-10-29T00:05:33.505+0000] {dagbag.py:587} INFO - Filling up the DagBag from /opt/airflow/dags/hw6_pt2.py
[2025-10-29T00:05:33.531+0000] {processor.py:925} INFO - DAG(s) 'BuildELT_CTAS' retrieved from /opt/airflow/dags/hw6_pt2.py
[2025-10-29T00:05:33.577+0000] {logging_mixin.py:190} INFO - [2025-10-29T00:05:33.576+0000] {dag.py:3229} INFO - Sync 1 DAGs
[2025-10-29T00:05:33.619+0000] {logging_mixin.py:190} INFO - [2025-10-29T00:05:33.619+0000] {dag.py:4156} INFO - Setting next_dagrun for BuildELT_CTAS to 2025-10-28 02:45:00+00:00, run_after=2025-10-29 02:45:00+00:00
[2025-10-29T00:05:33.650+0000] {processor.py:208} INFO - Processing /opt/airflow/dags/hw6_pt2.py took 0.160 seconds
[2025-10-29T00:06:03.935+0000] {processor.py:186} INFO - Started process (PID=4373) to work on /opt/airflow/dags/hw6_pt2.py
[2025-10-29T00:06:03.936+0000] {processor.py:914} INFO - Processing file /opt/airflow/dags/hw6_pt2.py for tasks to queue
[2025-10-29T00:06:03.941+0000] {logging_mixin.py:190} INFO - [2025-10-29T00:06:03.941+0000] {dagbag.py:587} INFO - Filling up the DagBag from /opt/airflow/dags/hw6_pt2.py
[2025-10-29T00:06:03.960+0000] {processor.py:925} INFO - DAG(s) 'BuildELT_CTAS' retrieved from /opt/airflow/dags/hw6_pt2.py
[2025-10-29T00:06:04.007+0000] {logging_mixin.py:190} INFO - [2025-10-29T00:06:04.006+0000] {dag.py:3229} INFO - Sync 1 DAGs
[2025-10-29T00:06:04.048+0000] {logging_mixin.py:190} INFO - [2025-10-29T00:06:04.047+0000] {dag.py:4156} INFO - Setting next_dagrun for BuildELT_CTAS to 2025-10-28 02:45:00+00:00, run_after=2025-10-29 02:45:00+00:00
[2025-10-29T00:06:04.079+0000] {processor.py:208} INFO - Processing /opt/airflow/dags/hw6_pt2.py took 0.155 seconds
[2025-10-29T00:06:34.336+0000] {processor.py:186} INFO - Started process (PID=4399) to work on /opt/airflow/dags/hw6_pt2.py
[2025-10-29T00:06:34.338+0000] {processor.py:914} INFO - Processing file /opt/airflow/dags/hw6_pt2.py for tasks to queue
[2025-10-29T00:06:34.342+0000] {logging_mixin.py:190} INFO - [2025-10-29T00:06:34.342+0000] {dagbag.py:587} INFO - Filling up the DagBag from /opt/airflow/dags/hw6_pt2.py
[2025-10-29T00:06:34.362+0000] {processor.py:925} INFO - DAG(s) 'BuildELT_CTAS' retrieved from /opt/airflow/dags/hw6_pt2.py
[2025-10-29T00:06:34.412+0000] {logging_mixin.py:190} INFO - [2025-10-29T00:06:34.411+0000] {dag.py:3229} INFO - Sync 1 DAGs
[2025-10-29T00:06:34.453+0000] {logging_mixin.py:190} INFO - [2025-10-29T00:06:34.453+0000] {dag.py:4156} INFO - Setting next_dagrun for BuildELT_CTAS to 2025-10-28 02:45:00+00:00, run_after=2025-10-29 02:45:00+00:00
[2025-10-29T00:06:34.485+0000] {processor.py:208} INFO - Processing /opt/airflow/dags/hw6_pt2.py took 0.159 seconds
[2025-10-29T00:07:04.684+0000] {processor.py:186} INFO - Started process (PID=4425) to work on /opt/airflow/dags/hw6_pt2.py
[2025-10-29T00:07:04.686+0000] {processor.py:914} INFO - Processing file /opt/airflow/dags/hw6_pt2.py for tasks to queue
[2025-10-29T00:07:04.691+0000] {logging_mixin.py:190} INFO - [2025-10-29T00:07:04.690+0000] {dagbag.py:587} INFO - Filling up the DagBag from /opt/airflow/dags/hw6_pt2.py
[2025-10-29T00:07:04.710+0000] {processor.py:925} INFO - DAG(s) 'BuildELT_CTAS' retrieved from /opt/airflow/dags/hw6_pt2.py
[2025-10-29T00:07:04.760+0000] {logging_mixin.py:190} INFO - [2025-10-29T00:07:04.759+0000] {dag.py:3229} INFO - Sync 1 DAGs
[2025-10-29T00:07:04.843+0000] {logging_mixin.py:190} INFO - [2025-10-29T00:07:04.841+0000] {dag.py:4156} INFO - Setting next_dagrun for BuildELT_CTAS to 2025-10-28 02:45:00+00:00, run_after=2025-10-29 02:45:00+00:00
[2025-10-29T00:07:04.881+0000] {processor.py:208} INFO - Processing /opt/airflow/dags/hw6_pt2.py took 0.206 seconds
[2025-10-29T00:07:35.244+0000] {processor.py:186} INFO - Started process (PID=4451) to work on /opt/airflow/dags/hw6_pt2.py
[2025-10-29T00:07:35.246+0000] {processor.py:914} INFO - Processing file /opt/airflow/dags/hw6_pt2.py for tasks to queue
[2025-10-29T00:07:35.250+0000] {logging_mixin.py:190} INFO - [2025-10-29T00:07:35.249+0000] {dagbag.py:587} INFO - Filling up the DagBag from /opt/airflow/dags/hw6_pt2.py
[2025-10-29T00:07:35.269+0000] {processor.py:925} INFO - DAG(s) 'BuildELT_CTAS' retrieved from /opt/airflow/dags/hw6_pt2.py
[2025-10-29T00:07:35.316+0000] {logging_mixin.py:190} INFO - [2025-10-29T00:07:35.315+0000] {dag.py:3229} INFO - Sync 1 DAGs
[2025-10-29T00:07:35.361+0000] {logging_mixin.py:190} INFO - [2025-10-29T00:07:35.360+0000] {dag.py:4156} INFO - Setting next_dagrun for BuildELT_CTAS to 2025-10-28 02:45:00+00:00, run_after=2025-10-29 02:45:00+00:00
[2025-10-29T00:07:35.392+0000] {processor.py:208} INFO - Processing /opt/airflow/dags/hw6_pt2.py took 0.158 seconds
[2025-10-29T00:08:05.867+0000] {processor.py:186} INFO - Started process (PID=4477) to work on /opt/airflow/dags/hw6_pt2.py
[2025-10-29T00:08:05.873+0000] {processor.py:914} INFO - Processing file /opt/airflow/dags/hw6_pt2.py for tasks to queue
[2025-10-29T00:08:05.883+0000] {logging_mixin.py:190} INFO - [2025-10-29T00:08:05.882+0000] {dagbag.py:587} INFO - Filling up the DagBag from /opt/airflow/dags/hw6_pt2.py
[2025-10-29T00:08:05.914+0000] {processor.py:925} INFO - DAG(s) 'BuildELT_CTAS' retrieved from /opt/airflow/dags/hw6_pt2.py
[2025-10-29T00:08:05.987+0000] {logging_mixin.py:190} INFO - [2025-10-29T00:08:05.985+0000] {dag.py:3229} INFO - Sync 1 DAGs
[2025-10-29T00:08:06.061+0000] {logging_mixin.py:190} INFO - [2025-10-29T00:08:06.061+0000] {dag.py:4156} INFO - Setting next_dagrun for BuildELT_CTAS to 2025-10-28 02:45:00+00:00, run_after=2025-10-29 02:45:00+00:00
[2025-10-29T00:08:06.112+0000] {processor.py:208} INFO - Processing /opt/airflow/dags/hw6_pt2.py took 0.261 seconds
[2025-10-29T00:08:36.314+0000] {processor.py:186} INFO - Started process (PID=4503) to work on /opt/airflow/dags/hw6_pt2.py
[2025-10-29T00:08:36.317+0000] {processor.py:914} INFO - Processing file /opt/airflow/dags/hw6_pt2.py for tasks to queue
[2025-10-29T00:08:36.323+0000] {logging_mixin.py:190} INFO - [2025-10-29T00:08:36.322+0000] {dagbag.py:587} INFO - Filling up the DagBag from /opt/airflow/dags/hw6_pt2.py
[2025-10-29T00:08:36.344+0000] {processor.py:925} INFO - DAG(s) 'BuildELT_CTAS' retrieved from /opt/airflow/dags/hw6_pt2.py
[2025-10-29T00:08:36.406+0000] {logging_mixin.py:190} INFO - [2025-10-29T00:08:36.405+0000] {dag.py:3229} INFO - Sync 1 DAGs
[2025-10-29T00:08:36.458+0000] {logging_mixin.py:190} INFO - [2025-10-29T00:08:36.458+0000] {dag.py:4156} INFO - Setting next_dagrun for BuildELT_CTAS to 2025-10-28 02:45:00+00:00, run_after=2025-10-29 02:45:00+00:00
[2025-10-29T00:08:36.498+0000] {processor.py:208} INFO - Processing /opt/airflow/dags/hw6_pt2.py took 0.199 seconds
[2025-10-29T00:09:06.717+0000] {processor.py:186} INFO - Started process (PID=4529) to work on /opt/airflow/dags/hw6_pt2.py
[2025-10-29T00:09:06.719+0000] {processor.py:914} INFO - Processing file /opt/airflow/dags/hw6_pt2.py for tasks to queue
[2025-10-29T00:09:06.723+0000] {logging_mixin.py:190} INFO - [2025-10-29T00:09:06.723+0000] {dagbag.py:587} INFO - Filling up the DagBag from /opt/airflow/dags/hw6_pt2.py
[2025-10-29T00:09:06.744+0000] {processor.py:925} INFO - DAG(s) 'BuildELT_CTAS' retrieved from /opt/airflow/dags/hw6_pt2.py
[2025-10-29T00:09:06.795+0000] {logging_mixin.py:190} INFO - [2025-10-29T00:09:06.794+0000] {dag.py:3229} INFO - Sync 1 DAGs
[2025-10-29T00:09:06.843+0000] {logging_mixin.py:190} INFO - [2025-10-29T00:09:06.842+0000] {dag.py:4156} INFO - Setting next_dagrun for BuildELT_CTAS to 2025-10-28 02:45:00+00:00, run_after=2025-10-29 02:45:00+00:00
[2025-10-29T00:09:06.876+0000] {processor.py:208} INFO - Processing /opt/airflow/dags/hw6_pt2.py took 0.169 seconds
[2025-10-29T00:09:37.297+0000] {processor.py:186} INFO - Started process (PID=4555) to work on /opt/airflow/dags/hw6_pt2.py
[2025-10-29T00:09:37.298+0000] {processor.py:914} INFO - Processing file /opt/airflow/dags/hw6_pt2.py for tasks to queue
[2025-10-29T00:09:37.302+0000] {logging_mixin.py:190} INFO - [2025-10-29T00:09:37.302+0000] {dagbag.py:587} INFO - Filling up the DagBag from /opt/airflow/dags/hw6_pt2.py
[2025-10-29T00:09:37.324+0000] {processor.py:925} INFO - DAG(s) 'BuildELT_CTAS' retrieved from /opt/airflow/dags/hw6_pt2.py
[2025-10-29T00:09:37.369+0000] {logging_mixin.py:190} INFO - [2025-10-29T00:09:37.368+0000] {dag.py:3229} INFO - Sync 1 DAGs
[2025-10-29T00:09:37.426+0000] {logging_mixin.py:190} INFO - [2025-10-29T00:09:37.424+0000] {dag.py:4156} INFO - Setting next_dagrun for BuildELT_CTAS to 2025-10-28 02:45:00+00:00, run_after=2025-10-29 02:45:00+00:00
[2025-10-29T00:09:37.464+0000] {processor.py:208} INFO - Processing /opt/airflow/dags/hw6_pt2.py took 0.178 seconds
[2025-10-29T00:10:07.861+0000] {processor.py:186} INFO - Started process (PID=4581) to work on /opt/airflow/dags/hw6_pt2.py
[2025-10-29T00:10:07.864+0000] {processor.py:914} INFO - Processing file /opt/airflow/dags/hw6_pt2.py for tasks to queue
[2025-10-29T00:10:07.868+0000] {logging_mixin.py:190} INFO - [2025-10-29T00:10:07.867+0000] {dagbag.py:587} INFO - Filling up the DagBag from /opt/airflow/dags/hw6_pt2.py
[2025-10-29T00:10:07.891+0000] {processor.py:925} INFO - DAG(s) 'BuildELT_CTAS' retrieved from /opt/airflow/dags/hw6_pt2.py
[2025-10-29T00:10:07.949+0000] {logging_mixin.py:190} INFO - [2025-10-29T00:10:07.948+0000] {dag.py:3229} INFO - Sync 1 DAGs
[2025-10-29T00:10:07.995+0000] {logging_mixin.py:190} INFO - [2025-10-29T00:10:07.995+0000] {dag.py:4156} INFO - Setting next_dagrun for BuildELT_CTAS to 2025-10-28 02:45:00+00:00, run_after=2025-10-29 02:45:00+00:00
[2025-10-29T00:10:08.031+0000] {processor.py:208} INFO - Processing /opt/airflow/dags/hw6_pt2.py took 0.180 seconds
[2025-10-29T00:10:38.215+0000] {processor.py:186} INFO - Started process (PID=4607) to work on /opt/airflow/dags/hw6_pt2.py
[2025-10-29T00:10:38.216+0000] {processor.py:914} INFO - Processing file /opt/airflow/dags/hw6_pt2.py for tasks to queue
[2025-10-29T00:10:38.222+0000] {logging_mixin.py:190} INFO - [2025-10-29T00:10:38.221+0000] {dagbag.py:587} INFO - Filling up the DagBag from /opt/airflow/dags/hw6_pt2.py
[2025-10-29T00:10:38.245+0000] {processor.py:925} INFO - DAG(s) 'BuildELT_CTAS' retrieved from /opt/airflow/dags/hw6_pt2.py
[2025-10-29T00:10:38.300+0000] {logging_mixin.py:190} INFO - [2025-10-29T00:10:38.299+0000] {dag.py:3229} INFO - Sync 1 DAGs
[2025-10-29T00:10:38.355+0000] {logging_mixin.py:190} INFO - [2025-10-29T00:10:38.354+0000] {dag.py:4156} INFO - Setting next_dagrun for BuildELT_CTAS to 2025-10-28 02:45:00+00:00, run_after=2025-10-29 02:45:00+00:00
[2025-10-29T00:10:38.392+0000] {processor.py:208} INFO - Processing /opt/airflow/dags/hw6_pt2.py took 0.190 seconds
[2025-10-29T00:11:08.556+0000] {processor.py:186} INFO - Started process (PID=4633) to work on /opt/airflow/dags/hw6_pt2.py
[2025-10-29T00:11:08.558+0000] {processor.py:914} INFO - Processing file /opt/airflow/dags/hw6_pt2.py for tasks to queue
[2025-10-29T00:11:08.563+0000] {logging_mixin.py:190} INFO - [2025-10-29T00:11:08.562+0000] {dagbag.py:587} INFO - Filling up the DagBag from /opt/airflow/dags/hw6_pt2.py
[2025-10-29T00:11:08.592+0000] {processor.py:925} INFO - DAG(s) 'BuildELT_CTAS' retrieved from /opt/airflow/dags/hw6_pt2.py
[2025-10-29T00:11:09.027+0000] {logging_mixin.py:190} INFO - [2025-10-29T00:11:09.022+0000] {dag.py:3229} INFO - Sync 1 DAGs
[2025-10-29T00:11:09.364+0000] {logging_mixin.py:190} INFO - [2025-10-29T00:11:09.363+0000] {dag.py:4156} INFO - Setting next_dagrun for BuildELT_CTAS to 2025-10-28 02:45:00+00:00, run_after=2025-10-29 02:45:00+00:00
[2025-10-29T00:11:09.411+0000] {processor.py:208} INFO - Processing /opt/airflow/dags/hw6_pt2.py took 0.865 seconds
[2025-10-29T00:11:39.774+0000] {processor.py:186} INFO - Started process (PID=4659) to work on /opt/airflow/dags/hw6_pt2.py
[2025-10-29T00:11:39.777+0000] {processor.py:914} INFO - Processing file /opt/airflow/dags/hw6_pt2.py for tasks to queue
[2025-10-29T00:11:39.783+0000] {logging_mixin.py:190} INFO - [2025-10-29T00:11:39.783+0000] {dagbag.py:587} INFO - Filling up the DagBag from /opt/airflow/dags/hw6_pt2.py
[2025-10-29T00:11:39.808+0000] {processor.py:925} INFO - DAG(s) 'BuildELT_CTAS' retrieved from /opt/airflow/dags/hw6_pt2.py
[2025-10-29T00:11:39.856+0000] {logging_mixin.py:190} INFO - [2025-10-29T00:11:39.855+0000] {dag.py:3229} INFO - Sync 1 DAGs
[2025-10-29T00:11:39.901+0000] {logging_mixin.py:190} INFO - [2025-10-29T00:11:39.900+0000] {dag.py:4156} INFO - Setting next_dagrun for BuildELT_CTAS to 2025-10-28 02:45:00+00:00, run_after=2025-10-29 02:45:00+00:00
[2025-10-29T00:11:39.939+0000] {processor.py:208} INFO - Processing /opt/airflow/dags/hw6_pt2.py took 0.175 seconds
[2025-10-29T00:12:10.344+0000] {processor.py:186} INFO - Started process (PID=4685) to work on /opt/airflow/dags/hw6_pt2.py
[2025-10-29T00:12:10.346+0000] {processor.py:914} INFO - Processing file /opt/airflow/dags/hw6_pt2.py for tasks to queue
[2025-10-29T00:12:10.350+0000] {logging_mixin.py:190} INFO - [2025-10-29T00:12:10.350+0000] {dagbag.py:587} INFO - Filling up the DagBag from /opt/airflow/dags/hw6_pt2.py
[2025-10-29T00:12:10.369+0000] {processor.py:925} INFO - DAG(s) 'BuildELT_CTAS' retrieved from /opt/airflow/dags/hw6_pt2.py
[2025-10-29T00:12:10.421+0000] {logging_mixin.py:190} INFO - [2025-10-29T00:12:10.420+0000] {dag.py:3229} INFO - Sync 1 DAGs
[2025-10-29T00:12:10.468+0000] {logging_mixin.py:190} INFO - [2025-10-29T00:12:10.468+0000] {dag.py:4156} INFO - Setting next_dagrun for BuildELT_CTAS to 2025-10-28 02:45:00+00:00, run_after=2025-10-29 02:45:00+00:00
[2025-10-29T00:12:10.497+0000] {processor.py:208} INFO - Processing /opt/airflow/dags/hw6_pt2.py took 0.163 seconds
[2025-10-29T00:12:40.664+0000] {processor.py:186} INFO - Started process (PID=4712) to work on /opt/airflow/dags/hw6_pt2.py
[2025-10-29T00:12:40.666+0000] {processor.py:914} INFO - Processing file /opt/airflow/dags/hw6_pt2.py for tasks to queue
[2025-10-29T00:12:40.670+0000] {logging_mixin.py:190} INFO - [2025-10-29T00:12:40.669+0000] {dagbag.py:587} INFO - Filling up the DagBag from /opt/airflow/dags/hw6_pt2.py
[2025-10-29T00:12:40.692+0000] {processor.py:925} INFO - DAG(s) 'BuildELT_CTAS' retrieved from /opt/airflow/dags/hw6_pt2.py
[2025-10-29T00:12:40.741+0000] {logging_mixin.py:190} INFO - [2025-10-29T00:12:40.740+0000] {dag.py:3229} INFO - Sync 1 DAGs
[2025-10-29T00:12:40.789+0000] {logging_mixin.py:190} INFO - [2025-10-29T00:12:40.789+0000] {dag.py:4156} INFO - Setting next_dagrun for BuildELT_CTAS to 2025-10-28 02:45:00+00:00, run_after=2025-10-29 02:45:00+00:00
[2025-10-29T00:12:40.819+0000] {processor.py:208} INFO - Processing /opt/airflow/dags/hw6_pt2.py took 0.170 seconds
[2025-10-29T00:13:11.311+0000] {processor.py:186} INFO - Started process (PID=4738) to work on /opt/airflow/dags/hw6_pt2.py
[2025-10-29T00:13:11.313+0000] {processor.py:914} INFO - Processing file /opt/airflow/dags/hw6_pt2.py for tasks to queue
[2025-10-29T00:13:11.318+0000] {logging_mixin.py:190} INFO - [2025-10-29T00:13:11.318+0000] {dagbag.py:587} INFO - Filling up the DagBag from /opt/airflow/dags/hw6_pt2.py
[2025-10-29T00:13:11.340+0000] {processor.py:925} INFO - DAG(s) 'BuildELT_CTAS' retrieved from /opt/airflow/dags/hw6_pt2.py
[2025-10-29T00:13:11.387+0000] {logging_mixin.py:190} INFO - [2025-10-29T00:13:11.386+0000] {dag.py:3229} INFO - Sync 1 DAGs
[2025-10-29T00:13:11.428+0000] {logging_mixin.py:190} INFO - [2025-10-29T00:13:11.428+0000] {dag.py:4156} INFO - Setting next_dagrun for BuildELT_CTAS to 2025-10-28 02:45:00+00:00, run_after=2025-10-29 02:45:00+00:00
[2025-10-29T00:13:11.460+0000] {processor.py:208} INFO - Processing /opt/airflow/dags/hw6_pt2.py took 0.160 seconds
[2025-10-29T00:13:41.679+0000] {processor.py:186} INFO - Started process (PID=4764) to work on /opt/airflow/dags/hw6_pt2.py
[2025-10-29T00:13:41.682+0000] {processor.py:914} INFO - Processing file /opt/airflow/dags/hw6_pt2.py for tasks to queue
[2025-10-29T00:13:41.689+0000] {logging_mixin.py:190} INFO - [2025-10-29T00:13:41.688+0000] {dagbag.py:587} INFO - Filling up the DagBag from /opt/airflow/dags/hw6_pt2.py
[2025-10-29T00:13:41.721+0000] {processor.py:925} INFO - DAG(s) 'BuildELT_CTAS' retrieved from /opt/airflow/dags/hw6_pt2.py
[2025-10-29T00:13:41.782+0000] {logging_mixin.py:190} INFO - [2025-10-29T00:13:41.781+0000] {dag.py:3229} INFO - Sync 1 DAGs
[2025-10-29T00:13:41.889+0000] {logging_mixin.py:190} INFO - [2025-10-29T00:13:41.889+0000] {dag.py:4156} INFO - Setting next_dagrun for BuildELT_CTAS to 2025-10-28 02:45:00+00:00, run_after=2025-10-29 02:45:00+00:00
[2025-10-29T00:13:41.923+0000] {processor.py:208} INFO - Processing /opt/airflow/dags/hw6_pt2.py took 0.256 seconds
[2025-10-29T00:14:12.311+0000] {processor.py:186} INFO - Started process (PID=4790) to work on /opt/airflow/dags/hw6_pt2.py
[2025-10-29T00:14:12.313+0000] {processor.py:914} INFO - Processing file /opt/airflow/dags/hw6_pt2.py for tasks to queue
[2025-10-29T00:14:12.317+0000] {logging_mixin.py:190} INFO - [2025-10-29T00:14:12.316+0000] {dagbag.py:587} INFO - Filling up the DagBag from /opt/airflow/dags/hw6_pt2.py
[2025-10-29T00:14:12.337+0000] {processor.py:925} INFO - DAG(s) 'BuildELT_CTAS' retrieved from /opt/airflow/dags/hw6_pt2.py
[2025-10-29T00:14:12.382+0000] {logging_mixin.py:190} INFO - [2025-10-29T00:14:12.381+0000] {dag.py:3229} INFO - Sync 1 DAGs
[2025-10-29T00:14:12.424+0000] {logging_mixin.py:190} INFO - [2025-10-29T00:14:12.423+0000] {dag.py:4156} INFO - Setting next_dagrun for BuildELT_CTAS to 2025-10-28 02:45:00+00:00, run_after=2025-10-29 02:45:00+00:00
[2025-10-29T00:14:12.455+0000] {processor.py:208} INFO - Processing /opt/airflow/dags/hw6_pt2.py took 0.154 seconds
[2025-10-29T00:14:42.823+0000] {processor.py:186} INFO - Started process (PID=4816) to work on /opt/airflow/dags/hw6_pt2.py
[2025-10-29T00:14:42.825+0000] {processor.py:914} INFO - Processing file /opt/airflow/dags/hw6_pt2.py for tasks to queue
[2025-10-29T00:14:42.832+0000] {logging_mixin.py:190} INFO - [2025-10-29T00:14:42.832+0000] {dagbag.py:587} INFO - Filling up the DagBag from /opt/airflow/dags/hw6_pt2.py
[2025-10-29T00:14:42.856+0000] {processor.py:925} INFO - DAG(s) 'BuildELT_CTAS' retrieved from /opt/airflow/dags/hw6_pt2.py
[2025-10-29T00:14:42.910+0000] {logging_mixin.py:190} INFO - [2025-10-29T00:14:42.908+0000] {dag.py:3229} INFO - Sync 1 DAGs
[2025-10-29T00:14:42.965+0000] {logging_mixin.py:190} INFO - [2025-10-29T00:14:42.965+0000] {dag.py:4156} INFO - Setting next_dagrun for BuildELT_CTAS to 2025-10-28 02:45:00+00:00, run_after=2025-10-29 02:45:00+00:00
[2025-10-29T00:14:42.999+0000] {processor.py:208} INFO - Processing /opt/airflow/dags/hw6_pt2.py took 0.193 seconds
[2025-10-29T00:15:13.296+0000] {processor.py:186} INFO - Started process (PID=4842) to work on /opt/airflow/dags/hw6_pt2.py
[2025-10-29T00:15:13.297+0000] {processor.py:914} INFO - Processing file /opt/airflow/dags/hw6_pt2.py for tasks to queue
[2025-10-29T00:15:13.302+0000] {logging_mixin.py:190} INFO - [2025-10-29T00:15:13.301+0000] {dagbag.py:587} INFO - Filling up the DagBag from /opt/airflow/dags/hw6_pt2.py
[2025-10-29T00:15:13.323+0000] {processor.py:925} INFO - DAG(s) 'BuildELT_CTAS' retrieved from /opt/airflow/dags/hw6_pt2.py
[2025-10-29T00:15:13.376+0000] {logging_mixin.py:190} INFO - [2025-10-29T00:15:13.374+0000] {dag.py:3229} INFO - Sync 1 DAGs
[2025-10-29T00:15:13.419+0000] {logging_mixin.py:190} INFO - [2025-10-29T00:15:13.419+0000] {dag.py:4156} INFO - Setting next_dagrun for BuildELT_CTAS to 2025-10-28 02:45:00+00:00, run_after=2025-10-29 02:45:00+00:00
[2025-10-29T00:15:13.449+0000] {processor.py:208} INFO - Processing /opt/airflow/dags/hw6_pt2.py took 0.167 seconds
[2025-10-29T00:15:43.653+0000] {processor.py:186} INFO - Started process (PID=4866) to work on /opt/airflow/dags/hw6_pt2.py
[2025-10-29T00:15:43.657+0000] {processor.py:914} INFO - Processing file /opt/airflow/dags/hw6_pt2.py for tasks to queue
[2025-10-29T00:15:43.661+0000] {logging_mixin.py:190} INFO - [2025-10-29T00:15:43.661+0000] {dagbag.py:587} INFO - Filling up the DagBag from /opt/airflow/dags/hw6_pt2.py
[2025-10-29T00:15:43.679+0000] {processor.py:925} INFO - DAG(s) 'BuildELT_CTAS' retrieved from /opt/airflow/dags/hw6_pt2.py
[2025-10-29T00:15:43.727+0000] {logging_mixin.py:190} INFO - [2025-10-29T00:15:43.726+0000] {dag.py:3229} INFO - Sync 1 DAGs
[2025-10-29T00:15:43.777+0000] {logging_mixin.py:190} INFO - [2025-10-29T00:15:43.777+0000] {dag.py:4156} INFO - Setting next_dagrun for BuildELT_CTAS to 2025-10-28 02:45:00+00:00, run_after=2025-10-29 02:45:00+00:00
[2025-10-29T00:15:43.809+0000] {processor.py:208} INFO - Processing /opt/airflow/dags/hw6_pt2.py took 0.167 seconds
[2025-10-29T00:16:14.093+0000] {processor.py:186} INFO - Started process (PID=4889) to work on /opt/airflow/dags/hw6_pt2.py
[2025-10-29T00:16:14.095+0000] {processor.py:914} INFO - Processing file /opt/airflow/dags/hw6_pt2.py for tasks to queue
[2025-10-29T00:16:14.099+0000] {logging_mixin.py:190} INFO - [2025-10-29T00:16:14.098+0000] {dagbag.py:587} INFO - Filling up the DagBag from /opt/airflow/dags/hw6_pt2.py
[2025-10-29T00:16:14.121+0000] {processor.py:925} INFO - DAG(s) 'BuildELT_CTAS' retrieved from /opt/airflow/dags/hw6_pt2.py
[2025-10-29T00:16:14.167+0000] {logging_mixin.py:190} INFO - [2025-10-29T00:16:14.166+0000] {dag.py:3229} INFO - Sync 1 DAGs
[2025-10-29T00:16:14.208+0000] {logging_mixin.py:190} INFO - [2025-10-29T00:16:14.208+0000] {dag.py:4156} INFO - Setting next_dagrun for BuildELT_CTAS to 2025-10-28 02:45:00+00:00, run_after=2025-10-29 02:45:00+00:00
[2025-10-29T00:16:14.239+0000] {processor.py:208} INFO - Processing /opt/airflow/dags/hw6_pt2.py took 0.156 seconds
[2025-10-29T00:16:44.661+0000] {processor.py:186} INFO - Started process (PID=4915) to work on /opt/airflow/dags/hw6_pt2.py
[2025-10-29T00:16:44.662+0000] {processor.py:914} INFO - Processing file /opt/airflow/dags/hw6_pt2.py for tasks to queue
[2025-10-29T00:16:44.666+0000] {logging_mixin.py:190} INFO - [2025-10-29T00:16:44.666+0000] {dagbag.py:587} INFO - Filling up the DagBag from /opt/airflow/dags/hw6_pt2.py
[2025-10-29T00:16:44.684+0000] {processor.py:925} INFO - DAG(s) 'BuildELT_CTAS' retrieved from /opt/airflow/dags/hw6_pt2.py
[2025-10-29T00:16:44.728+0000] {logging_mixin.py:190} INFO - [2025-10-29T00:16:44.727+0000] {dag.py:3229} INFO - Sync 1 DAGs
[2025-10-29T00:16:44.772+0000] {logging_mixin.py:190} INFO - [2025-10-29T00:16:44.771+0000] {dag.py:4156} INFO - Setting next_dagrun for BuildELT_CTAS to 2025-10-28 02:45:00+00:00, run_after=2025-10-29 02:45:00+00:00
[2025-10-29T00:16:44.804+0000] {processor.py:208} INFO - Processing /opt/airflow/dags/hw6_pt2.py took 0.154 seconds
[2025-10-29T00:17:15.027+0000] {processor.py:186} INFO - Started process (PID=4941) to work on /opt/airflow/dags/hw6_pt2.py
[2025-10-29T00:17:15.028+0000] {processor.py:914} INFO - Processing file /opt/airflow/dags/hw6_pt2.py for tasks to queue
[2025-10-29T00:17:15.032+0000] {logging_mixin.py:190} INFO - [2025-10-29T00:17:15.032+0000] {dagbag.py:587} INFO - Filling up the DagBag from /opt/airflow/dags/hw6_pt2.py
[2025-10-29T00:17:15.051+0000] {processor.py:925} INFO - DAG(s) 'BuildELT_CTAS' retrieved from /opt/airflow/dags/hw6_pt2.py
[2025-10-29T00:17:15.097+0000] {logging_mixin.py:190} INFO - [2025-10-29T00:17:15.096+0000] {dag.py:3229} INFO - Sync 1 DAGs
[2025-10-29T00:17:15.144+0000] {logging_mixin.py:190} INFO - [2025-10-29T00:17:15.144+0000] {dag.py:4156} INFO - Setting next_dagrun for BuildELT_CTAS to 2025-10-28 02:45:00+00:00, run_after=2025-10-29 02:45:00+00:00
[2025-10-29T00:17:15.176+0000] {processor.py:208} INFO - Processing /opt/airflow/dags/hw6_pt2.py took 0.159 seconds
[2025-10-29T00:17:45.293+0000] {processor.py:186} INFO - Started process (PID=4967) to work on /opt/airflow/dags/hw6_pt2.py
[2025-10-29T00:17:45.295+0000] {processor.py:914} INFO - Processing file /opt/airflow/dags/hw6_pt2.py for tasks to queue
[2025-10-29T00:17:45.299+0000] {logging_mixin.py:190} INFO - [2025-10-29T00:17:45.298+0000] {dagbag.py:587} INFO - Filling up the DagBag from /opt/airflow/dags/hw6_pt2.py
[2025-10-29T00:17:45.320+0000] {processor.py:925} INFO - DAG(s) 'BuildELT_CTAS' retrieved from /opt/airflow/dags/hw6_pt2.py
[2025-10-29T00:17:45.366+0000] {logging_mixin.py:190} INFO - [2025-10-29T00:17:45.365+0000] {dag.py:3229} INFO - Sync 1 DAGs
[2025-10-29T00:17:45.407+0000] {logging_mixin.py:190} INFO - [2025-10-29T00:17:45.406+0000] {dag.py:4156} INFO - Setting next_dagrun for BuildELT_CTAS to 2025-10-28 02:45:00+00:00, run_after=2025-10-29 02:45:00+00:00
[2025-10-29T00:17:45.437+0000] {processor.py:208} INFO - Processing /opt/airflow/dags/hw6_pt2.py took 0.154 seconds
[2025-10-29T00:18:15.779+0000] {processor.py:186} INFO - Started process (PID=4993) to work on /opt/airflow/dags/hw6_pt2.py
[2025-10-29T00:18:15.782+0000] {processor.py:914} INFO - Processing file /opt/airflow/dags/hw6_pt2.py for tasks to queue
[2025-10-29T00:18:15.786+0000] {logging_mixin.py:190} INFO - [2025-10-29T00:18:15.785+0000] {dagbag.py:587} INFO - Filling up the DagBag from /opt/airflow/dags/hw6_pt2.py
[2025-10-29T00:18:15.806+0000] {processor.py:925} INFO - DAG(s) 'BuildELT_CTAS' retrieved from /opt/airflow/dags/hw6_pt2.py
[2025-10-29T00:18:15.859+0000] {logging_mixin.py:190} INFO - [2025-10-29T00:18:15.858+0000] {dag.py:3229} INFO - Sync 1 DAGs
[2025-10-29T00:18:15.903+0000] {logging_mixin.py:190} INFO - [2025-10-29T00:18:15.902+0000] {dag.py:4156} INFO - Setting next_dagrun for BuildELT_CTAS to 2025-10-28 02:45:00+00:00, run_after=2025-10-29 02:45:00+00:00
[2025-10-29T00:18:15.933+0000] {processor.py:208} INFO - Processing /opt/airflow/dags/hw6_pt2.py took 0.171 seconds
[2025-10-29T00:18:46.178+0000] {processor.py:186} INFO - Started process (PID=5019) to work on /opt/airflow/dags/hw6_pt2.py
[2025-10-29T00:18:46.180+0000] {processor.py:914} INFO - Processing file /opt/airflow/dags/hw6_pt2.py for tasks to queue
[2025-10-29T00:18:46.184+0000] {logging_mixin.py:190} INFO - [2025-10-29T00:18:46.184+0000] {dagbag.py:587} INFO - Filling up the DagBag from /opt/airflow/dags/hw6_pt2.py
[2025-10-29T00:18:46.203+0000] {processor.py:925} INFO - DAG(s) 'BuildELT_CTAS' retrieved from /opt/airflow/dags/hw6_pt2.py
[2025-10-29T00:18:46.250+0000] {logging_mixin.py:190} INFO - [2025-10-29T00:18:46.249+0000] {dag.py:3229} INFO - Sync 1 DAGs
[2025-10-29T00:18:46.294+0000] {logging_mixin.py:190} INFO - [2025-10-29T00:18:46.294+0000] {dag.py:4156} INFO - Setting next_dagrun for BuildELT_CTAS to 2025-10-28 02:45:00+00:00, run_after=2025-10-29 02:45:00+00:00
[2025-10-29T00:18:46.324+0000] {processor.py:208} INFO - Processing /opt/airflow/dags/hw6_pt2.py took 0.157 seconds
[2025-10-29T00:19:16.480+0000] {processor.py:186} INFO - Started process (PID=5045) to work on /opt/airflow/dags/hw6_pt2.py
[2025-10-29T00:19:16.482+0000] {processor.py:914} INFO - Processing file /opt/airflow/dags/hw6_pt2.py for tasks to queue
[2025-10-29T00:19:16.486+0000] {logging_mixin.py:190} INFO - [2025-10-29T00:19:16.485+0000] {dagbag.py:587} INFO - Filling up the DagBag from /opt/airflow/dags/hw6_pt2.py
[2025-10-29T00:19:16.506+0000] {processor.py:925} INFO - DAG(s) 'BuildELT_CTAS' retrieved from /opt/airflow/dags/hw6_pt2.py
[2025-10-29T00:19:16.551+0000] {logging_mixin.py:190} INFO - [2025-10-29T00:19:16.550+0000] {dag.py:3229} INFO - Sync 1 DAGs
[2025-10-29T00:19:16.594+0000] {logging_mixin.py:190} INFO - [2025-10-29T00:19:16.593+0000] {dag.py:4156} INFO - Setting next_dagrun for BuildELT_CTAS to 2025-10-28 02:45:00+00:00, run_after=2025-10-29 02:45:00+00:00
[2025-10-29T00:19:16.626+0000] {processor.py:208} INFO - Processing /opt/airflow/dags/hw6_pt2.py took 0.156 seconds
[2025-10-29T00:19:46.885+0000] {processor.py:186} INFO - Started process (PID=5066) to work on /opt/airflow/dags/hw6_pt2.py
[2025-10-29T00:19:46.889+0000] {processor.py:914} INFO - Processing file /opt/airflow/dags/hw6_pt2.py for tasks to queue
[2025-10-29T00:19:46.897+0000] {logging_mixin.py:190} INFO - [2025-10-29T00:19:46.896+0000] {dagbag.py:587} INFO - Filling up the DagBag from /opt/airflow/dags/hw6_pt2.py
[2025-10-29T00:19:46.918+0000] {processor.py:925} INFO - DAG(s) 'BuildELT_CTAS' retrieved from /opt/airflow/dags/hw6_pt2.py
[2025-10-29T00:19:46.979+0000] {logging_mixin.py:190} INFO - [2025-10-29T00:19:46.978+0000] {dag.py:3229} INFO - Sync 1 DAGs
[2025-10-29T00:19:47.043+0000] {logging_mixin.py:190} INFO - [2025-10-29T00:19:47.043+0000] {dag.py:4156} INFO - Setting next_dagrun for BuildELT_CTAS to 2025-10-28 02:45:00+00:00, run_after=2025-10-29 02:45:00+00:00
[2025-10-29T00:19:47.102+0000] {processor.py:208} INFO - Processing /opt/airflow/dags/hw6_pt2.py took 0.233 seconds
[2025-10-29T00:20:17.677+0000] {processor.py:186} INFO - Started process (PID=5092) to work on /opt/airflow/dags/hw6_pt2.py
[2025-10-29T00:20:17.680+0000] {processor.py:914} INFO - Processing file /opt/airflow/dags/hw6_pt2.py for tasks to queue
[2025-10-29T00:20:17.685+0000] {logging_mixin.py:190} INFO - [2025-10-29T00:20:17.684+0000] {dagbag.py:587} INFO - Filling up the DagBag from /opt/airflow/dags/hw6_pt2.py
[2025-10-29T00:20:17.706+0000] {processor.py:925} INFO - DAG(s) 'BuildELT_CTAS' retrieved from /opt/airflow/dags/hw6_pt2.py
[2025-10-29T00:20:17.773+0000] {logging_mixin.py:190} INFO - [2025-10-29T00:20:17.772+0000] {dag.py:3229} INFO - Sync 1 DAGs
[2025-10-29T00:20:17.831+0000] {logging_mixin.py:190} INFO - [2025-10-29T00:20:17.831+0000] {dag.py:4156} INFO - Setting next_dagrun for BuildELT_CTAS to 2025-10-28 02:45:00+00:00, run_after=2025-10-29 02:45:00+00:00
[2025-10-29T00:20:17.878+0000] {processor.py:208} INFO - Processing /opt/airflow/dags/hw6_pt2.py took 0.211 seconds
[2025-10-29T00:20:48.322+0000] {processor.py:186} INFO - Started process (PID=5118) to work on /opt/airflow/dags/hw6_pt2.py
[2025-10-29T00:20:48.325+0000] {processor.py:914} INFO - Processing file /opt/airflow/dags/hw6_pt2.py for tasks to queue
[2025-10-29T00:20:48.329+0000] {logging_mixin.py:190} INFO - [2025-10-29T00:20:48.328+0000] {dagbag.py:587} INFO - Filling up the DagBag from /opt/airflow/dags/hw6_pt2.py
[2025-10-29T00:20:48.354+0000] {processor.py:925} INFO - DAG(s) 'BuildELT_CTAS' retrieved from /opt/airflow/dags/hw6_pt2.py
[2025-10-29T00:20:48.403+0000] {logging_mixin.py:190} INFO - [2025-10-29T00:20:48.402+0000] {dag.py:3229} INFO - Sync 1 DAGs
[2025-10-29T00:20:48.455+0000] {logging_mixin.py:190} INFO - [2025-10-29T00:20:48.455+0000] {dag.py:4156} INFO - Setting next_dagrun for BuildELT_CTAS to 2025-10-28 02:45:00+00:00, run_after=2025-10-29 02:45:00+00:00
[2025-10-29T00:20:48.504+0000] {processor.py:208} INFO - Processing /opt/airflow/dags/hw6_pt2.py took 0.193 seconds
[2025-10-29T00:21:18.937+0000] {processor.py:186} INFO - Started process (PID=5144) to work on /opt/airflow/dags/hw6_pt2.py
[2025-10-29T00:21:18.964+0000] {processor.py:914} INFO - Processing file /opt/airflow/dags/hw6_pt2.py for tasks to queue
[2025-10-29T00:21:18.972+0000] {logging_mixin.py:190} INFO - [2025-10-29T00:21:18.971+0000] {dagbag.py:587} INFO - Filling up the DagBag from /opt/airflow/dags/hw6_pt2.py
[2025-10-29T00:21:19.127+0000] {processor.py:925} INFO - DAG(s) 'BuildELT_CTAS' retrieved from /opt/airflow/dags/hw6_pt2.py
[2025-10-29T00:21:19.347+0000] {logging_mixin.py:190} INFO - [2025-10-29T00:21:19.345+0000] {dag.py:3229} INFO - Sync 1 DAGs
[2025-10-29T00:21:19.421+0000] {logging_mixin.py:190} INFO - [2025-10-29T00:21:19.420+0000] {dag.py:4156} INFO - Setting next_dagrun for BuildELT_CTAS to 2025-10-28 02:45:00+00:00, run_after=2025-10-29 02:45:00+00:00
[2025-10-29T00:21:19.461+0000] {processor.py:208} INFO - Processing /opt/airflow/dags/hw6_pt2.py took 0.549 seconds
[2025-10-29T00:21:49.612+0000] {processor.py:186} INFO - Started process (PID=5170) to work on /opt/airflow/dags/hw6_pt2.py
[2025-10-29T00:21:49.614+0000] {processor.py:914} INFO - Processing file /opt/airflow/dags/hw6_pt2.py for tasks to queue
[2025-10-29T00:21:49.618+0000] {logging_mixin.py:190} INFO - [2025-10-29T00:21:49.617+0000] {dagbag.py:587} INFO - Filling up the DagBag from /opt/airflow/dags/hw6_pt2.py
[2025-10-29T00:21:49.636+0000] {processor.py:925} INFO - DAG(s) 'BuildELT_CTAS' retrieved from /opt/airflow/dags/hw6_pt2.py
[2025-10-29T00:21:49.683+0000] {logging_mixin.py:190} INFO - [2025-10-29T00:21:49.682+0000] {dag.py:3229} INFO - Sync 1 DAGs
[2025-10-29T00:21:49.732+0000] {logging_mixin.py:190} INFO - [2025-10-29T00:21:49.731+0000] {dag.py:4156} INFO - Setting next_dagrun for BuildELT_CTAS to 2025-10-28 02:45:00+00:00, run_after=2025-10-29 02:45:00+00:00
[2025-10-29T00:21:49.772+0000] {processor.py:208} INFO - Processing /opt/airflow/dags/hw6_pt2.py took 0.170 seconds
[2025-10-29T00:22:20.023+0000] {processor.py:186} INFO - Started process (PID=5196) to work on /opt/airflow/dags/hw6_pt2.py
[2025-10-29T00:22:20.025+0000] {processor.py:914} INFO - Processing file /opt/airflow/dags/hw6_pt2.py for tasks to queue
[2025-10-29T00:22:20.029+0000] {logging_mixin.py:190} INFO - [2025-10-29T00:22:20.028+0000] {dagbag.py:587} INFO - Filling up the DagBag from /opt/airflow/dags/hw6_pt2.py
[2025-10-29T00:22:20.049+0000] {processor.py:925} INFO - DAG(s) 'BuildELT_CTAS' retrieved from /opt/airflow/dags/hw6_pt2.py
[2025-10-29T00:22:20.102+0000] {logging_mixin.py:190} INFO - [2025-10-29T00:22:20.101+0000] {dag.py:3229} INFO - Sync 1 DAGs
[2025-10-29T00:22:20.147+0000] {logging_mixin.py:190} INFO - [2025-10-29T00:22:20.147+0000] {dag.py:4156} INFO - Setting next_dagrun for BuildELT_CTAS to 2025-10-28 02:45:00+00:00, run_after=2025-10-29 02:45:00+00:00
[2025-10-29T00:22:20.181+0000] {processor.py:208} INFO - Processing /opt/airflow/dags/hw6_pt2.py took 0.168 seconds
[2025-10-29T00:22:50.255+0000] {processor.py:186} INFO - Started process (PID=5222) to work on /opt/airflow/dags/hw6_pt2.py
[2025-10-29T00:22:50.257+0000] {processor.py:914} INFO - Processing file /opt/airflow/dags/hw6_pt2.py for tasks to queue
[2025-10-29T00:22:50.262+0000] {logging_mixin.py:190} INFO - [2025-10-29T00:22:50.262+0000] {dagbag.py:587} INFO - Filling up the DagBag from /opt/airflow/dags/hw6_pt2.py
[2025-10-29T00:22:50.282+0000] {processor.py:925} INFO - DAG(s) 'BuildELT_CTAS' retrieved from /opt/airflow/dags/hw6_pt2.py
[2025-10-29T00:22:50.341+0000] {logging_mixin.py:190} INFO - [2025-10-29T00:22:50.340+0000] {dag.py:3229} INFO - Sync 1 DAGs
[2025-10-29T00:22:50.383+0000] {logging_mixin.py:190} INFO - [2025-10-29T00:22:50.383+0000] {dag.py:4156} INFO - Setting next_dagrun for BuildELT_CTAS to 2025-10-28 02:45:00+00:00, run_after=2025-10-29 02:45:00+00:00
[2025-10-29T00:22:50.419+0000] {processor.py:208} INFO - Processing /opt/airflow/dags/hw6_pt2.py took 0.174 seconds
[2025-10-29T00:23:20.644+0000] {processor.py:186} INFO - Started process (PID=5248) to work on /opt/airflow/dags/hw6_pt2.py
[2025-10-29T00:23:20.645+0000] {processor.py:914} INFO - Processing file /opt/airflow/dags/hw6_pt2.py for tasks to queue
[2025-10-29T00:23:20.649+0000] {logging_mixin.py:190} INFO - [2025-10-29T00:23:20.649+0000] {dagbag.py:587} INFO - Filling up the DagBag from /opt/airflow/dags/hw6_pt2.py
[2025-10-29T00:23:20.669+0000] {processor.py:925} INFO - DAG(s) 'BuildELT_CTAS' retrieved from /opt/airflow/dags/hw6_pt2.py
[2025-10-29T00:23:20.719+0000] {logging_mixin.py:190} INFO - [2025-10-29T00:23:20.718+0000] {dag.py:3229} INFO - Sync 1 DAGs
[2025-10-29T00:23:20.760+0000] {logging_mixin.py:190} INFO - [2025-10-29T00:23:20.760+0000] {dag.py:4156} INFO - Setting next_dagrun for BuildELT_CTAS to 2025-10-28 02:45:00+00:00, run_after=2025-10-29 02:45:00+00:00
[2025-10-29T00:23:20.800+0000] {processor.py:208} INFO - Processing /opt/airflow/dags/hw6_pt2.py took 0.166 seconds
[2025-10-29T00:23:50.995+0000] {processor.py:186} INFO - Started process (PID=5274) to work on /opt/airflow/dags/hw6_pt2.py
[2025-10-29T00:23:50.997+0000] {processor.py:914} INFO - Processing file /opt/airflow/dags/hw6_pt2.py for tasks to queue
[2025-10-29T00:23:51.001+0000] {logging_mixin.py:190} INFO - [2025-10-29T00:23:51.001+0000] {dagbag.py:587} INFO - Filling up the DagBag from /opt/airflow/dags/hw6_pt2.py
[2025-10-29T00:23:51.022+0000] {processor.py:925} INFO - DAG(s) 'BuildELT_CTAS' retrieved from /opt/airflow/dags/hw6_pt2.py
[2025-10-29T00:23:51.072+0000] {logging_mixin.py:190} INFO - [2025-10-29T00:23:51.071+0000] {dag.py:3229} INFO - Sync 1 DAGs
[2025-10-29T00:23:51.113+0000] {logging_mixin.py:190} INFO - [2025-10-29T00:23:51.113+0000] {dag.py:4156} INFO - Setting next_dagrun for BuildELT_CTAS to 2025-10-28 02:45:00+00:00, run_after=2025-10-29 02:45:00+00:00
[2025-10-29T00:23:51.146+0000] {processor.py:208} INFO - Processing /opt/airflow/dags/hw6_pt2.py took 0.162 seconds
[2025-10-29T00:24:21.799+0000] {processor.py:186} INFO - Started process (PID=5300) to work on /opt/airflow/dags/hw6_pt2.py
[2025-10-29T00:24:21.801+0000] {processor.py:914} INFO - Processing file /opt/airflow/dags/hw6_pt2.py for tasks to queue
[2025-10-29T00:24:21.806+0000] {logging_mixin.py:190} INFO - [2025-10-29T00:24:21.805+0000] {dagbag.py:587} INFO - Filling up the DagBag from /opt/airflow/dags/hw6_pt2.py
[2025-10-29T00:24:21.836+0000] {processor.py:925} INFO - DAG(s) 'BuildELT_CTAS' retrieved from /opt/airflow/dags/hw6_pt2.py
[2025-10-29T00:24:21.886+0000] {logging_mixin.py:190} INFO - [2025-10-29T00:24:21.885+0000] {dag.py:3229} INFO - Sync 1 DAGs
[2025-10-29T00:24:21.928+0000] {logging_mixin.py:190} INFO - [2025-10-29T00:24:21.927+0000] {dag.py:4156} INFO - Setting next_dagrun for BuildELT_CTAS to 2025-10-28 02:45:00+00:00, run_after=2025-10-29 02:45:00+00:00
[2025-10-29T00:24:21.971+0000] {processor.py:208} INFO - Processing /opt/airflow/dags/hw6_pt2.py took 0.188 seconds
[2025-10-29T00:24:52.460+0000] {processor.py:186} INFO - Started process (PID=5326) to work on /opt/airflow/dags/hw6_pt2.py
[2025-10-29T00:24:52.462+0000] {processor.py:914} INFO - Processing file /opt/airflow/dags/hw6_pt2.py for tasks to queue
[2025-10-29T00:24:52.466+0000] {logging_mixin.py:190} INFO - [2025-10-29T00:24:52.465+0000] {dagbag.py:587} INFO - Filling up the DagBag from /opt/airflow/dags/hw6_pt2.py
[2025-10-29T00:24:52.484+0000] {processor.py:925} INFO - DAG(s) 'BuildELT_CTAS' retrieved from /opt/airflow/dags/hw6_pt2.py
[2025-10-29T00:24:52.536+0000] {logging_mixin.py:190} INFO - [2025-10-29T00:24:52.536+0000] {dag.py:3229} INFO - Sync 1 DAGs
[2025-10-29T00:24:52.577+0000] {logging_mixin.py:190} INFO - [2025-10-29T00:24:52.577+0000] {dag.py:4156} INFO - Setting next_dagrun for BuildELT_CTAS to 2025-10-28 02:45:00+00:00, run_after=2025-10-29 02:45:00+00:00
[2025-10-29T00:24:52.610+0000] {processor.py:208} INFO - Processing /opt/airflow/dags/hw6_pt2.py took 0.160 seconds
[2025-10-29T00:25:23.035+0000] {processor.py:186} INFO - Started process (PID=5353) to work on /opt/airflow/dags/hw6_pt2.py
[2025-10-29T00:25:23.037+0000] {processor.py:914} INFO - Processing file /opt/airflow/dags/hw6_pt2.py for tasks to queue
[2025-10-29T00:25:23.043+0000] {logging_mixin.py:190} INFO - [2025-10-29T00:25:23.042+0000] {dagbag.py:587} INFO - Filling up the DagBag from /opt/airflow/dags/hw6_pt2.py
[2025-10-29T00:25:23.067+0000] {processor.py:925} INFO - DAG(s) 'BuildELT_CTAS' retrieved from /opt/airflow/dags/hw6_pt2.py
[2025-10-29T00:25:23.131+0000] {logging_mixin.py:190} INFO - [2025-10-29T00:25:23.130+0000] {dag.py:3229} INFO - Sync 1 DAGs
[2025-10-29T00:25:23.175+0000] {logging_mixin.py:190} INFO - [2025-10-29T00:25:23.174+0000] {dag.py:4156} INFO - Setting next_dagrun for BuildELT_CTAS to 2025-10-28 02:45:00+00:00, run_after=2025-10-29 02:45:00+00:00
[2025-10-29T00:25:23.206+0000] {processor.py:208} INFO - Processing /opt/airflow/dags/hw6_pt2.py took 0.185 seconds
[2025-10-29T00:25:53.404+0000] {processor.py:186} INFO - Started process (PID=5379) to work on /opt/airflow/dags/hw6_pt2.py
[2025-10-29T00:25:53.406+0000] {processor.py:914} INFO - Processing file /opt/airflow/dags/hw6_pt2.py for tasks to queue
[2025-10-29T00:25:53.411+0000] {logging_mixin.py:190} INFO - [2025-10-29T00:25:53.410+0000] {dagbag.py:587} INFO - Filling up the DagBag from /opt/airflow/dags/hw6_pt2.py
[2025-10-29T00:25:53.430+0000] {processor.py:925} INFO - DAG(s) 'BuildELT_CTAS' retrieved from /opt/airflow/dags/hw6_pt2.py
[2025-10-29T00:25:53.479+0000] {logging_mixin.py:190} INFO - [2025-10-29T00:25:53.478+0000] {dag.py:3229} INFO - Sync 1 DAGs
[2025-10-29T00:25:53.525+0000] {logging_mixin.py:190} INFO - [2025-10-29T00:25:53.524+0000] {dag.py:4156} INFO - Setting next_dagrun for BuildELT_CTAS to 2025-10-28 02:45:00+00:00, run_after=2025-10-29 02:45:00+00:00
[2025-10-29T00:25:53.556+0000] {processor.py:208} INFO - Processing /opt/airflow/dags/hw6_pt2.py took 0.162 seconds
[2025-10-29T00:26:23.803+0000] {processor.py:186} INFO - Started process (PID=5405) to work on /opt/airflow/dags/hw6_pt2.py
[2025-10-29T00:26:23.805+0000] {processor.py:914} INFO - Processing file /opt/airflow/dags/hw6_pt2.py for tasks to queue
[2025-10-29T00:26:23.809+0000] {logging_mixin.py:190} INFO - [2025-10-29T00:26:23.808+0000] {dagbag.py:587} INFO - Filling up the DagBag from /opt/airflow/dags/hw6_pt2.py
[2025-10-29T00:26:23.829+0000] {processor.py:925} INFO - DAG(s) 'BuildELT_CTAS' retrieved from /opt/airflow/dags/hw6_pt2.py
[2025-10-29T00:26:23.875+0000] {logging_mixin.py:190} INFO - [2025-10-29T00:26:23.875+0000] {dag.py:3229} INFO - Sync 1 DAGs
[2025-10-29T00:26:23.917+0000] {logging_mixin.py:190} INFO - [2025-10-29T00:26:23.916+0000] {dag.py:4156} INFO - Setting next_dagrun for BuildELT_CTAS to 2025-10-28 02:45:00+00:00, run_after=2025-10-29 02:45:00+00:00
[2025-10-29T00:26:23.949+0000] {processor.py:208} INFO - Processing /opt/airflow/dags/hw6_pt2.py took 0.157 seconds
[2025-10-29T00:26:54.445+0000] {processor.py:186} INFO - Started process (PID=5431) to work on /opt/airflow/dags/hw6_pt2.py
[2025-10-29T00:26:54.447+0000] {processor.py:914} INFO - Processing file /opt/airflow/dags/hw6_pt2.py for tasks to queue
[2025-10-29T00:26:54.452+0000] {logging_mixin.py:190} INFO - [2025-10-29T00:26:54.451+0000] {dagbag.py:587} INFO - Filling up the DagBag from /opt/airflow/dags/hw6_pt2.py
[2025-10-29T00:26:54.481+0000] {processor.py:925} INFO - DAG(s) 'BuildELT_CTAS' retrieved from /opt/airflow/dags/hw6_pt2.py
[2025-10-29T00:26:54.532+0000] {logging_mixin.py:190} INFO - [2025-10-29T00:26:54.531+0000] {dag.py:3229} INFO - Sync 1 DAGs
[2025-10-29T00:26:54.574+0000] {logging_mixin.py:190} INFO - [2025-10-29T00:26:54.573+0000] {dag.py:4156} INFO - Setting next_dagrun for BuildELT_CTAS to 2025-10-28 02:45:00+00:00, run_after=2025-10-29 02:45:00+00:00
[2025-10-29T00:26:54.606+0000] {processor.py:208} INFO - Processing /opt/airflow/dags/hw6_pt2.py took 0.174 seconds
[2025-10-29T00:27:24.693+0000] {processor.py:186} INFO - Started process (PID=5457) to work on /opt/airflow/dags/hw6_pt2.py
[2025-10-29T00:27:24.695+0000] {processor.py:914} INFO - Processing file /opt/airflow/dags/hw6_pt2.py for tasks to queue
[2025-10-29T00:27:24.699+0000] {logging_mixin.py:190} INFO - [2025-10-29T00:27:24.699+0000] {dagbag.py:587} INFO - Filling up the DagBag from /opt/airflow/dags/hw6_pt2.py
[2025-10-29T00:27:24.731+0000] {processor.py:925} INFO - DAG(s) 'BuildELT_CTAS' retrieved from /opt/airflow/dags/hw6_pt2.py
[2025-10-29T00:27:24.778+0000] {logging_mixin.py:190} INFO - [2025-10-29T00:27:24.777+0000] {dag.py:3229} INFO - Sync 1 DAGs
[2025-10-29T00:27:24.823+0000] {logging_mixin.py:190} INFO - [2025-10-29T00:27:24.822+0000] {dag.py:4156} INFO - Setting next_dagrun for BuildELT_CTAS to 2025-10-28 02:45:00+00:00, run_after=2025-10-29 02:45:00+00:00
[2025-10-29T00:27:24.860+0000] {processor.py:208} INFO - Processing /opt/airflow/dags/hw6_pt2.py took 0.178 seconds
[2025-10-29T00:27:55.351+0000] {processor.py:186} INFO - Started process (PID=5483) to work on /opt/airflow/dags/hw6_pt2.py
[2025-10-29T00:27:55.353+0000] {processor.py:914} INFO - Processing file /opt/airflow/dags/hw6_pt2.py for tasks to queue
[2025-10-29T00:27:55.357+0000] {logging_mixin.py:190} INFO - [2025-10-29T00:27:55.357+0000] {dagbag.py:587} INFO - Filling up the DagBag from /opt/airflow/dags/hw6_pt2.py
[2025-10-29T00:27:55.388+0000] {processor.py:925} INFO - DAG(s) 'BuildELT_CTAS' retrieved from /opt/airflow/dags/hw6_pt2.py
[2025-10-29T00:27:55.445+0000] {logging_mixin.py:190} INFO - [2025-10-29T00:27:55.444+0000] {dag.py:3229} INFO - Sync 1 DAGs
[2025-10-29T00:27:55.504+0000] {logging_mixin.py:190} INFO - [2025-10-29T00:27:55.503+0000] {dag.py:4156} INFO - Setting next_dagrun for BuildELT_CTAS to 2025-10-28 02:45:00+00:00, run_after=2025-10-29 02:45:00+00:00
[2025-10-29T00:27:55.542+0000] {processor.py:208} INFO - Processing /opt/airflow/dags/hw6_pt2.py took 0.205 seconds
[2025-10-29T00:28:25.987+0000] {processor.py:186} INFO - Started process (PID=5509) to work on /opt/airflow/dags/hw6_pt2.py
[2025-10-29T00:28:25.989+0000] {processor.py:914} INFO - Processing file /opt/airflow/dags/hw6_pt2.py for tasks to queue
[2025-10-29T00:28:25.993+0000] {logging_mixin.py:190} INFO - [2025-10-29T00:28:25.993+0000] {dagbag.py:587} INFO - Filling up the DagBag from /opt/airflow/dags/hw6_pt2.py
[2025-10-29T00:28:26.014+0000] {processor.py:925} INFO - DAG(s) 'BuildELT_CTAS' retrieved from /opt/airflow/dags/hw6_pt2.py
[2025-10-29T00:28:26.068+0000] {logging_mixin.py:190} INFO - [2025-10-29T00:28:26.067+0000] {dag.py:3229} INFO - Sync 1 DAGs
[2025-10-29T00:28:26.121+0000] {logging_mixin.py:190} INFO - [2025-10-29T00:28:26.120+0000] {dag.py:4156} INFO - Setting next_dagrun for BuildELT_CTAS to 2025-10-28 02:45:00+00:00, run_after=2025-10-29 02:45:00+00:00
[2025-10-29T00:28:26.154+0000] {processor.py:208} INFO - Processing /opt/airflow/dags/hw6_pt2.py took 0.178 seconds
[2025-10-29T00:28:56.333+0000] {processor.py:186} INFO - Started process (PID=5535) to work on /opt/airflow/dags/hw6_pt2.py
[2025-10-29T00:28:56.335+0000] {processor.py:914} INFO - Processing file /opt/airflow/dags/hw6_pt2.py for tasks to queue
[2025-10-29T00:28:56.339+0000] {logging_mixin.py:190} INFO - [2025-10-29T00:28:56.339+0000] {dagbag.py:587} INFO - Filling up the DagBag from /opt/airflow/dags/hw6_pt2.py
[2025-10-29T00:28:56.372+0000] {processor.py:925} INFO - DAG(s) 'BuildELT_CTAS' retrieved from /opt/airflow/dags/hw6_pt2.py
[2025-10-29T00:28:56.418+0000] {logging_mixin.py:190} INFO - [2025-10-29T00:28:56.417+0000] {dag.py:3229} INFO - Sync 1 DAGs
[2025-10-29T00:28:56.459+0000] {logging_mixin.py:190} INFO - [2025-10-29T00:28:56.459+0000] {dag.py:4156} INFO - Setting next_dagrun for BuildELT_CTAS to 2025-10-28 02:45:00+00:00, run_after=2025-10-29 02:45:00+00:00
[2025-10-29T00:28:56.494+0000] {processor.py:208} INFO - Processing /opt/airflow/dags/hw6_pt2.py took 0.175 seconds
[2025-10-29T00:29:26.557+0000] {processor.py:186} INFO - Started process (PID=5562) to work on /opt/airflow/dags/hw6_pt2.py
[2025-10-29T00:29:26.561+0000] {processor.py:914} INFO - Processing file /opt/airflow/dags/hw6_pt2.py for tasks to queue
[2025-10-29T00:29:26.566+0000] {logging_mixin.py:190} INFO - [2025-10-29T00:29:26.565+0000] {dagbag.py:587} INFO - Filling up the DagBag from /opt/airflow/dags/hw6_pt2.py
[2025-10-29T00:29:26.585+0000] {processor.py:925} INFO - DAG(s) 'BuildELT_CTAS' retrieved from /opt/airflow/dags/hw6_pt2.py
[2025-10-29T00:29:26.629+0000] {logging_mixin.py:190} INFO - [2025-10-29T00:29:26.628+0000] {dag.py:3229} INFO - Sync 1 DAGs
[2025-10-29T00:29:26.671+0000] {logging_mixin.py:190} INFO - [2025-10-29T00:29:26.670+0000] {dag.py:4156} INFO - Setting next_dagrun for BuildELT_CTAS to 2025-10-28 02:45:00+00:00, run_after=2025-10-29 02:45:00+00:00
[2025-10-29T00:29:26.700+0000] {processor.py:208} INFO - Processing /opt/airflow/dags/hw6_pt2.py took 0.154 seconds
[2025-10-29T00:29:56.866+0000] {processor.py:186} INFO - Started process (PID=5588) to work on /opt/airflow/dags/hw6_pt2.py
[2025-10-29T00:29:56.868+0000] {processor.py:914} INFO - Processing file /opt/airflow/dags/hw6_pt2.py for tasks to queue
[2025-10-29T00:29:56.873+0000] {logging_mixin.py:190} INFO - [2025-10-29T00:29:56.872+0000] {dagbag.py:587} INFO - Filling up the DagBag from /opt/airflow/dags/hw6_pt2.py
[2025-10-29T00:29:56.892+0000] {processor.py:925} INFO - DAG(s) 'BuildELT_CTAS' retrieved from /opt/airflow/dags/hw6_pt2.py
[2025-10-29T00:29:56.933+0000] {logging_mixin.py:190} INFO - [2025-10-29T00:29:56.932+0000] {dag.py:3229} INFO - Sync 1 DAGs
[2025-10-29T00:29:56.976+0000] {logging_mixin.py:190} INFO - [2025-10-29T00:29:56.975+0000] {dag.py:4156} INFO - Setting next_dagrun for BuildELT_CTAS to 2025-10-28 02:45:00+00:00, run_after=2025-10-29 02:45:00+00:00
[2025-10-29T00:29:57.009+0000] {processor.py:208} INFO - Processing /opt/airflow/dags/hw6_pt2.py took 0.153 seconds
[2025-10-29T00:30:27.225+0000] {processor.py:186} INFO - Started process (PID=5614) to work on /opt/airflow/dags/hw6_pt2.py
[2025-10-29T00:30:27.227+0000] {processor.py:914} INFO - Processing file /opt/airflow/dags/hw6_pt2.py for tasks to queue
[2025-10-29T00:30:27.231+0000] {logging_mixin.py:190} INFO - [2025-10-29T00:30:27.230+0000] {dagbag.py:587} INFO - Filling up the DagBag from /opt/airflow/dags/hw6_pt2.py
[2025-10-29T00:30:27.248+0000] {processor.py:925} INFO - DAG(s) 'BuildELT_CTAS' retrieved from /opt/airflow/dags/hw6_pt2.py
[2025-10-29T00:30:27.291+0000] {logging_mixin.py:190} INFO - [2025-10-29T00:30:27.290+0000] {dag.py:3229} INFO - Sync 1 DAGs
[2025-10-29T00:30:27.340+0000] {logging_mixin.py:190} INFO - [2025-10-29T00:30:27.339+0000] {dag.py:4156} INFO - Setting next_dagrun for BuildELT_CTAS to 2025-10-28 02:45:00+00:00, run_after=2025-10-29 02:45:00+00:00
[2025-10-29T00:30:27.378+0000] {processor.py:208} INFO - Processing /opt/airflow/dags/hw6_pt2.py took 0.163 seconds
[2025-10-29T00:30:57.576+0000] {processor.py:186} INFO - Started process (PID=5638) to work on /opt/airflow/dags/hw6_pt2.py
[2025-10-29T00:30:57.578+0000] {processor.py:914} INFO - Processing file /opt/airflow/dags/hw6_pt2.py for tasks to queue
[2025-10-29T00:30:57.583+0000] {logging_mixin.py:190} INFO - [2025-10-29T00:30:57.582+0000] {dagbag.py:587} INFO - Filling up the DagBag from /opt/airflow/dags/hw6_pt2.py
[2025-10-29T00:30:57.602+0000] {processor.py:925} INFO - DAG(s) 'BuildELT_CTAS' retrieved from /opt/airflow/dags/hw6_pt2.py
[2025-10-29T00:30:57.655+0000] {logging_mixin.py:190} INFO - [2025-10-29T00:30:57.654+0000] {dag.py:3229} INFO - Sync 1 DAGs
[2025-10-29T00:30:57.703+0000] {logging_mixin.py:190} INFO - [2025-10-29T00:30:57.702+0000] {dag.py:4156} INFO - Setting next_dagrun for BuildELT_CTAS to 2025-10-28 02:45:00+00:00, run_after=2025-10-29 02:45:00+00:00
[2025-10-29T00:30:57.736+0000] {processor.py:208} INFO - Processing /opt/airflow/dags/hw6_pt2.py took 0.171 seconds
[2025-10-29T00:31:27.799+0000] {processor.py:186} INFO - Started process (PID=5662) to work on /opt/airflow/dags/hw6_pt2.py
[2025-10-29T00:31:27.801+0000] {processor.py:914} INFO - Processing file /opt/airflow/dags/hw6_pt2.py for tasks to queue
[2025-10-29T00:31:27.805+0000] {logging_mixin.py:190} INFO - [2025-10-29T00:31:27.805+0000] {dagbag.py:587} INFO - Filling up the DagBag from /opt/airflow/dags/hw6_pt2.py
[2025-10-29T00:31:27.823+0000] {processor.py:925} INFO - DAG(s) 'BuildELT_CTAS' retrieved from /opt/airflow/dags/hw6_pt2.py
[2025-10-29T00:31:27.873+0000] {logging_mixin.py:190} INFO - [2025-10-29T00:31:27.872+0000] {dag.py:3229} INFO - Sync 1 DAGs
[2025-10-29T00:31:27.916+0000] {logging_mixin.py:190} INFO - [2025-10-29T00:31:27.916+0000] {dag.py:4156} INFO - Setting next_dagrun for BuildELT_CTAS to 2025-10-28 02:45:00+00:00, run_after=2025-10-29 02:45:00+00:00
[2025-10-29T00:31:27.948+0000] {processor.py:208} INFO - Processing /opt/airflow/dags/hw6_pt2.py took 0.159 seconds
[2025-10-29T00:31:58.181+0000] {processor.py:186} INFO - Started process (PID=5688) to work on /opt/airflow/dags/hw6_pt2.py
[2025-10-29T00:31:58.183+0000] {processor.py:914} INFO - Processing file /opt/airflow/dags/hw6_pt2.py for tasks to queue
[2025-10-29T00:31:58.187+0000] {logging_mixin.py:190} INFO - [2025-10-29T00:31:58.187+0000] {dagbag.py:587} INFO - Filling up the DagBag from /opt/airflow/dags/hw6_pt2.py
[2025-10-29T00:31:58.205+0000] {processor.py:925} INFO - DAG(s) 'BuildELT_CTAS' retrieved from /opt/airflow/dags/hw6_pt2.py
[2025-10-29T00:31:58.247+0000] {logging_mixin.py:190} INFO - [2025-10-29T00:31:58.246+0000] {dag.py:3229} INFO - Sync 1 DAGs
[2025-10-29T00:31:58.287+0000] {logging_mixin.py:190} INFO - [2025-10-29T00:31:58.287+0000] {dag.py:4156} INFO - Setting next_dagrun for BuildELT_CTAS to 2025-10-28 02:45:00+00:00, run_after=2025-10-29 02:45:00+00:00
[2025-10-29T00:31:58.316+0000] {processor.py:208} INFO - Processing /opt/airflow/dags/hw6_pt2.py took 0.144 seconds
[2025-10-29T00:32:28.719+0000] {processor.py:186} INFO - Started process (PID=5714) to work on /opt/airflow/dags/hw6_pt2.py
[2025-10-29T00:32:28.721+0000] {processor.py:914} INFO - Processing file /opt/airflow/dags/hw6_pt2.py for tasks to queue
[2025-10-29T00:32:28.726+0000] {logging_mixin.py:190} INFO - [2025-10-29T00:32:28.725+0000] {dagbag.py:587} INFO - Filling up the DagBag from /opt/airflow/dags/hw6_pt2.py
[2025-10-29T00:32:28.744+0000] {processor.py:925} INFO - DAG(s) 'BuildELT_CTAS' retrieved from /opt/airflow/dags/hw6_pt2.py
[2025-10-29T00:32:28.791+0000] {logging_mixin.py:190} INFO - [2025-10-29T00:32:28.790+0000] {dag.py:3229} INFO - Sync 1 DAGs
[2025-10-29T00:32:28.832+0000] {logging_mixin.py:190} INFO - [2025-10-29T00:32:28.832+0000] {dag.py:4156} INFO - Setting next_dagrun for BuildELT_CTAS to 2025-10-28 02:45:00+00:00, run_after=2025-10-29 02:45:00+00:00
[2025-10-29T00:32:28.862+0000] {processor.py:208} INFO - Processing /opt/airflow/dags/hw6_pt2.py took 0.153 seconds
[2025-10-29T00:32:59.333+0000] {processor.py:186} INFO - Started process (PID=5740) to work on /opt/airflow/dags/hw6_pt2.py
[2025-10-29T00:32:59.338+0000] {processor.py:914} INFO - Processing file /opt/airflow/dags/hw6_pt2.py for tasks to queue
[2025-10-29T00:32:59.344+0000] {logging_mixin.py:190} INFO - [2025-10-29T00:32:59.343+0000] {dagbag.py:587} INFO - Filling up the DagBag from /opt/airflow/dags/hw6_pt2.py
[2025-10-29T00:32:59.457+0000] {processor.py:925} INFO - DAG(s) 'BuildELT_CTAS' retrieved from /opt/airflow/dags/hw6_pt2.py
[2025-10-29T00:32:59.551+0000] {logging_mixin.py:190} INFO - [2025-10-29T00:32:59.550+0000] {dag.py:3229} INFO - Sync 1 DAGs
[2025-10-29T00:32:59.644+0000] {logging_mixin.py:190} INFO - [2025-10-29T00:32:59.644+0000] {dag.py:4156} INFO - Setting next_dagrun for BuildELT_CTAS to 2025-10-28 02:45:00+00:00, run_after=2025-10-29 02:45:00+00:00
[2025-10-29T00:32:59.686+0000] {processor.py:208} INFO - Processing /opt/airflow/dags/hw6_pt2.py took 0.375 seconds
[2025-10-29T00:33:29.814+0000] {processor.py:186} INFO - Started process (PID=5766) to work on /opt/airflow/dags/hw6_pt2.py
[2025-10-29T00:33:29.818+0000] {processor.py:914} INFO - Processing file /opt/airflow/dags/hw6_pt2.py for tasks to queue
[2025-10-29T00:33:29.824+0000] {logging_mixin.py:190} INFO - [2025-10-29T00:33:29.823+0000] {dagbag.py:587} INFO - Filling up the DagBag from /opt/airflow/dags/hw6_pt2.py
[2025-10-29T00:33:29.875+0000] {processor.py:925} INFO - DAG(s) 'BuildELT_CTAS' retrieved from /opt/airflow/dags/hw6_pt2.py
[2025-10-29T00:33:29.937+0000] {logging_mixin.py:190} INFO - [2025-10-29T00:33:29.936+0000] {dag.py:3229} INFO - Sync 1 DAGs
[2025-10-29T00:33:30.025+0000] {logging_mixin.py:190} INFO - [2025-10-29T00:33:30.025+0000] {dag.py:4156} INFO - Setting next_dagrun for BuildELT_CTAS to 2025-10-28 02:45:00+00:00, run_after=2025-10-29 02:45:00+00:00
[2025-10-29T00:33:30.054+0000] {processor.py:208} INFO - Processing /opt/airflow/dags/hw6_pt2.py took 0.255 seconds
[2025-10-29T00:34:00.506+0000] {processor.py:186} INFO - Started process (PID=5792) to work on /opt/airflow/dags/hw6_pt2.py
[2025-10-29T00:34:00.510+0000] {processor.py:914} INFO - Processing file /opt/airflow/dags/hw6_pt2.py for tasks to queue
[2025-10-29T00:34:00.515+0000] {logging_mixin.py:190} INFO - [2025-10-29T00:34:00.515+0000] {dagbag.py:587} INFO - Filling up the DagBag from /opt/airflow/dags/hw6_pt2.py
[2025-10-29T00:34:00.536+0000] {processor.py:925} INFO - DAG(s) 'BuildELT_CTAS' retrieved from /opt/airflow/dags/hw6_pt2.py
[2025-10-29T00:34:00.581+0000] {logging_mixin.py:190} INFO - [2025-10-29T00:34:00.580+0000] {dag.py:3229} INFO - Sync 1 DAGs
[2025-10-29T00:34:00.622+0000] {logging_mixin.py:190} INFO - [2025-10-29T00:34:00.622+0000] {dag.py:4156} INFO - Setting next_dagrun for BuildELT_CTAS to 2025-10-28 02:45:00+00:00, run_after=2025-10-29 02:45:00+00:00
[2025-10-29T00:34:00.650+0000] {processor.py:208} INFO - Processing /opt/airflow/dags/hw6_pt2.py took 0.155 seconds
[2025-10-29T00:34:30.876+0000] {processor.py:186} INFO - Started process (PID=5816) to work on /opt/airflow/dags/hw6_pt2.py
[2025-10-29T00:34:30.880+0000] {processor.py:914} INFO - Processing file /opt/airflow/dags/hw6_pt2.py for tasks to queue
[2025-10-29T00:34:30.884+0000] {logging_mixin.py:190} INFO - [2025-10-29T00:34:30.883+0000] {dagbag.py:587} INFO - Filling up the DagBag from /opt/airflow/dags/hw6_pt2.py
[2025-10-29T00:34:30.900+0000] {processor.py:925} INFO - DAG(s) 'BuildELT_CTAS' retrieved from /opt/airflow/dags/hw6_pt2.py
[2025-10-29T00:34:30.942+0000] {logging_mixin.py:190} INFO - [2025-10-29T00:34:30.941+0000] {dag.py:3229} INFO - Sync 1 DAGs
[2025-10-29T00:34:30.981+0000] {logging_mixin.py:190} INFO - [2025-10-29T00:34:30.981+0000] {dag.py:4156} INFO - Setting next_dagrun for BuildELT_CTAS to 2025-10-28 02:45:00+00:00, run_after=2025-10-29 02:45:00+00:00
[2025-10-29T00:34:31.010+0000] {processor.py:208} INFO - Processing /opt/airflow/dags/hw6_pt2.py took 0.142 seconds
[2025-10-29T00:35:01.584+0000] {processor.py:186} INFO - Started process (PID=5839) to work on /opt/airflow/dags/hw6_pt2.py
[2025-10-29T00:35:01.586+0000] {processor.py:914} INFO - Processing file /opt/airflow/dags/hw6_pt2.py for tasks to queue
[2025-10-29T00:35:01.590+0000] {logging_mixin.py:190} INFO - [2025-10-29T00:35:01.589+0000] {dagbag.py:587} INFO - Filling up the DagBag from /opt/airflow/dags/hw6_pt2.py
[2025-10-29T00:35:01.612+0000] {processor.py:925} INFO - DAG(s) 'BuildELT_CTAS' retrieved from /opt/airflow/dags/hw6_pt2.py
[2025-10-29T00:35:01.660+0000] {logging_mixin.py:190} INFO - [2025-10-29T00:35:01.660+0000] {dag.py:3229} INFO - Sync 1 DAGs
[2025-10-29T00:35:01.718+0000] {logging_mixin.py:190} INFO - [2025-10-29T00:35:01.717+0000] {dag.py:4156} INFO - Setting next_dagrun for BuildELT_CTAS to 2025-10-28 02:45:00+00:00, run_after=2025-10-29 02:45:00+00:00
[2025-10-29T00:35:01.760+0000] {processor.py:208} INFO - Processing /opt/airflow/dags/hw6_pt2.py took 0.189 seconds
[2025-10-29T00:35:32.198+0000] {processor.py:186} INFO - Started process (PID=5865) to work on /opt/airflow/dags/hw6_pt2.py
[2025-10-29T00:35:32.200+0000] {processor.py:914} INFO - Processing file /opt/airflow/dags/hw6_pt2.py for tasks to queue
[2025-10-29T00:35:32.206+0000] {logging_mixin.py:190} INFO - [2025-10-29T00:35:32.205+0000] {dagbag.py:587} INFO - Filling up the DagBag from /opt/airflow/dags/hw6_pt2.py
[2025-10-29T00:35:32.227+0000] {processor.py:925} INFO - DAG(s) 'BuildELT_CTAS' retrieved from /opt/airflow/dags/hw6_pt2.py
[2025-10-29T00:35:32.296+0000] {logging_mixin.py:190} INFO - [2025-10-29T00:35:32.295+0000] {dag.py:3229} INFO - Sync 1 DAGs
[2025-10-29T00:35:32.346+0000] {logging_mixin.py:190} INFO - [2025-10-29T00:35:32.345+0000] {dag.py:4156} INFO - Setting next_dagrun for BuildELT_CTAS to 2025-10-28 02:45:00+00:00, run_after=2025-10-29 02:45:00+00:00
[2025-10-29T00:35:32.384+0000] {processor.py:208} INFO - Processing /opt/airflow/dags/hw6_pt2.py took 0.197 seconds
[2025-10-29T00:36:02.818+0000] {processor.py:186} INFO - Started process (PID=5891) to work on /opt/airflow/dags/hw6_pt2.py
[2025-10-29T00:36:02.820+0000] {processor.py:914} INFO - Processing file /opt/airflow/dags/hw6_pt2.py for tasks to queue
[2025-10-29T00:36:02.824+0000] {logging_mixin.py:190} INFO - [2025-10-29T00:36:02.824+0000] {dagbag.py:587} INFO - Filling up the DagBag from /opt/airflow/dags/hw6_pt2.py
[2025-10-29T00:36:02.846+0000] {processor.py:925} INFO - DAG(s) 'BuildELT_CTAS' retrieved from /opt/airflow/dags/hw6_pt2.py
[2025-10-29T00:36:02.890+0000] {logging_mixin.py:190} INFO - [2025-10-29T00:36:02.889+0000] {dag.py:3229} INFO - Sync 1 DAGs
[2025-10-29T00:36:02.933+0000] {logging_mixin.py:190} INFO - [2025-10-29T00:36:02.933+0000] {dag.py:4156} INFO - Setting next_dagrun for BuildELT_CTAS to 2025-10-28 02:45:00+00:00, run_after=2025-10-29 02:45:00+00:00
[2025-10-29T00:36:02.964+0000] {processor.py:208} INFO - Processing /opt/airflow/dags/hw6_pt2.py took 0.157 seconds
[2025-10-29T00:36:33.369+0000] {processor.py:186} INFO - Started process (PID=5917) to work on /opt/airflow/dags/hw6_pt2.py
[2025-10-29T00:36:33.371+0000] {processor.py:914} INFO - Processing file /opt/airflow/dags/hw6_pt2.py for tasks to queue
[2025-10-29T00:36:33.375+0000] {logging_mixin.py:190} INFO - [2025-10-29T00:36:33.375+0000] {dagbag.py:587} INFO - Filling up the DagBag from /opt/airflow/dags/hw6_pt2.py
[2025-10-29T00:36:33.395+0000] {processor.py:925} INFO - DAG(s) 'BuildELT_CTAS' retrieved from /opt/airflow/dags/hw6_pt2.py
[2025-10-29T00:36:33.451+0000] {logging_mixin.py:190} INFO - [2025-10-29T00:36:33.450+0000] {dag.py:3229} INFO - Sync 1 DAGs
[2025-10-29T00:36:33.512+0000] {logging_mixin.py:190} INFO - [2025-10-29T00:36:33.511+0000] {dag.py:4156} INFO - Setting next_dagrun for BuildELT_CTAS to 2025-10-28 02:45:00+00:00, run_after=2025-10-29 02:45:00+00:00
[2025-10-29T00:36:33.592+0000] {processor.py:208} INFO - Processing /opt/airflow/dags/hw6_pt2.py took 0.234 seconds
[2025-10-29T00:37:04.020+0000] {processor.py:186} INFO - Started process (PID=5949) to work on /opt/airflow/dags/hw6_pt2.py
[2025-10-29T00:37:04.023+0000] {processor.py:914} INFO - Processing file /opt/airflow/dags/hw6_pt2.py for tasks to queue
[2025-10-29T00:37:04.027+0000] {logging_mixin.py:190} INFO - [2025-10-29T00:37:04.027+0000] {dagbag.py:587} INFO - Filling up the DagBag from /opt/airflow/dags/hw6_pt2.py
[2025-10-29T00:37:04.052+0000] {processor.py:925} INFO - DAG(s) 'BuildELT_CTAS' retrieved from /opt/airflow/dags/hw6_pt2.py
[2025-10-29T00:37:04.114+0000] {logging_mixin.py:190} INFO - [2025-10-29T00:37:04.113+0000] {dag.py:3229} INFO - Sync 1 DAGs
[2025-10-29T00:37:04.190+0000] {logging_mixin.py:190} INFO - [2025-10-29T00:37:04.189+0000] {dag.py:4156} INFO - Setting next_dagrun for BuildELT_CTAS to 2025-10-28 02:45:00+00:00, run_after=2025-10-29 02:45:00+00:00
[2025-10-29T00:37:04.232+0000] {processor.py:208} INFO - Processing /opt/airflow/dags/hw6_pt2.py took 0.223 seconds
[2025-10-29T00:37:34.696+0000] {processor.py:186} INFO - Started process (PID=5975) to work on /opt/airflow/dags/hw6_pt2.py
[2025-10-29T00:37:34.699+0000] {processor.py:914} INFO - Processing file /opt/airflow/dags/hw6_pt2.py for tasks to queue
[2025-10-29T00:37:34.707+0000] {logging_mixin.py:190} INFO - [2025-10-29T00:37:34.706+0000] {dagbag.py:587} INFO - Filling up the DagBag from /opt/airflow/dags/hw6_pt2.py
[2025-10-29T00:37:34.744+0000] {processor.py:925} INFO - DAG(s) 'BuildELT_CTAS' retrieved from /opt/airflow/dags/hw6_pt2.py
[2025-10-29T00:37:34.808+0000] {logging_mixin.py:190} INFO - [2025-10-29T00:37:34.807+0000] {dag.py:3229} INFO - Sync 1 DAGs
[2025-10-29T00:37:34.874+0000] {logging_mixin.py:190} INFO - [2025-10-29T00:37:34.873+0000] {dag.py:4156} INFO - Setting next_dagrun for BuildELT_CTAS to 2025-10-28 02:45:00+00:00, run_after=2025-10-29 02:45:00+00:00
[2025-10-29T00:37:34.910+0000] {processor.py:208} INFO - Processing /opt/airflow/dags/hw6_pt2.py took 0.234 seconds
[2025-10-29T00:38:05.358+0000] {processor.py:186} INFO - Started process (PID=6001) to work on /opt/airflow/dags/hw6_pt2.py
[2025-10-29T00:38:05.360+0000] {processor.py:914} INFO - Processing file /opt/airflow/dags/hw6_pt2.py for tasks to queue
[2025-10-29T00:38:05.364+0000] {logging_mixin.py:190} INFO - [2025-10-29T00:38:05.363+0000] {dagbag.py:587} INFO - Filling up the DagBag from /opt/airflow/dags/hw6_pt2.py
[2025-10-29T00:38:05.387+0000] {processor.py:925} INFO - DAG(s) 'BuildELT_CTAS' retrieved from /opt/airflow/dags/hw6_pt2.py
[2025-10-29T00:38:05.444+0000] {logging_mixin.py:190} INFO - [2025-10-29T00:38:05.443+0000] {dag.py:3229} INFO - Sync 1 DAGs
[2025-10-29T00:38:05.506+0000] {logging_mixin.py:190} INFO - [2025-10-29T00:38:05.506+0000] {dag.py:4156} INFO - Setting next_dagrun for BuildELT_CTAS to 2025-10-28 02:45:00+00:00, run_after=2025-10-29 02:45:00+00:00
[2025-10-29T00:38:05.544+0000] {processor.py:208} INFO - Processing /opt/airflow/dags/hw6_pt2.py took 0.198 seconds
[2025-10-29T00:38:35.717+0000] {processor.py:186} INFO - Started process (PID=6027) to work on /opt/airflow/dags/hw6_pt2.py
[2025-10-29T00:38:35.719+0000] {processor.py:914} INFO - Processing file /opt/airflow/dags/hw6_pt2.py for tasks to queue
[2025-10-29T00:38:35.726+0000] {logging_mixin.py:190} INFO - [2025-10-29T00:38:35.725+0000] {dagbag.py:587} INFO - Filling up the DagBag from /opt/airflow/dags/hw6_pt2.py
[2025-10-29T00:38:35.748+0000] {processor.py:925} INFO - DAG(s) 'BuildELT_CTAS' retrieved from /opt/airflow/dags/hw6_pt2.py
[2025-10-29T00:38:35.811+0000] {logging_mixin.py:190} INFO - [2025-10-29T00:38:35.810+0000] {dag.py:3229} INFO - Sync 1 DAGs
[2025-10-29T00:38:35.864+0000] {logging_mixin.py:190} INFO - [2025-10-29T00:38:35.864+0000] {dag.py:4156} INFO - Setting next_dagrun for BuildELT_CTAS to 2025-10-28 02:45:00+00:00, run_after=2025-10-29 02:45:00+00:00
[2025-10-29T00:38:35.897+0000] {processor.py:208} INFO - Processing /opt/airflow/dags/hw6_pt2.py took 0.191 seconds
[2025-10-29T00:39:06.038+0000] {processor.py:186} INFO - Started process (PID=6053) to work on /opt/airflow/dags/hw6_pt2.py
[2025-10-29T00:39:06.040+0000] {processor.py:914} INFO - Processing file /opt/airflow/dags/hw6_pt2.py for tasks to queue
[2025-10-29T00:39:06.044+0000] {logging_mixin.py:190} INFO - [2025-10-29T00:39:06.044+0000] {dagbag.py:587} INFO - Filling up the DagBag from /opt/airflow/dags/hw6_pt2.py
[2025-10-29T00:39:06.064+0000] {processor.py:925} INFO - DAG(s) 'BuildELT_CTAS' retrieved from /opt/airflow/dags/hw6_pt2.py
[2025-10-29T00:39:06.109+0000] {logging_mixin.py:190} INFO - [2025-10-29T00:39:06.108+0000] {dag.py:3229} INFO - Sync 1 DAGs
[2025-10-29T00:39:06.156+0000] {logging_mixin.py:190} INFO - [2025-10-29T00:39:06.156+0000] {dag.py:4156} INFO - Setting next_dagrun for BuildELT_CTAS to 2025-10-28 02:45:00+00:00, run_after=2025-10-29 02:45:00+00:00
[2025-10-29T00:39:06.193+0000] {processor.py:208} INFO - Processing /opt/airflow/dags/hw6_pt2.py took 0.166 seconds
[2025-10-29T00:39:36.434+0000] {processor.py:186} INFO - Started process (PID=6079) to work on /opt/airflow/dags/hw6_pt2.py
[2025-10-29T00:39:36.435+0000] {processor.py:914} INFO - Processing file /opt/airflow/dags/hw6_pt2.py for tasks to queue
[2025-10-29T00:39:36.439+0000] {logging_mixin.py:190} INFO - [2025-10-29T00:39:36.438+0000] {dagbag.py:587} INFO - Filling up the DagBag from /opt/airflow/dags/hw6_pt2.py
[2025-10-29T00:39:36.461+0000] {processor.py:925} INFO - DAG(s) 'BuildELT_CTAS' retrieved from /opt/airflow/dags/hw6_pt2.py
[2025-10-29T00:39:36.515+0000] {logging_mixin.py:190} INFO - [2025-10-29T00:39:36.514+0000] {dag.py:3229} INFO - Sync 1 DAGs
[2025-10-29T00:39:36.569+0000] {logging_mixin.py:190} INFO - [2025-10-29T00:39:36.568+0000] {dag.py:4156} INFO - Setting next_dagrun for BuildELT_CTAS to 2025-10-28 02:45:00+00:00, run_after=2025-10-29 02:45:00+00:00
[2025-10-29T00:39:36.607+0000] {processor.py:208} INFO - Processing /opt/airflow/dags/hw6_pt2.py took 0.185 seconds
[2025-10-29T00:40:06.779+0000] {processor.py:186} INFO - Started process (PID=6105) to work on /opt/airflow/dags/hw6_pt2.py
[2025-10-29T00:40:06.781+0000] {processor.py:914} INFO - Processing file /opt/airflow/dags/hw6_pt2.py for tasks to queue
[2025-10-29T00:40:06.788+0000] {logging_mixin.py:190} INFO - [2025-10-29T00:40:06.787+0000] {dagbag.py:587} INFO - Filling up the DagBag from /opt/airflow/dags/hw6_pt2.py
[2025-10-29T00:40:06.807+0000] {processor.py:925} INFO - DAG(s) 'BuildELT_CTAS' retrieved from /opt/airflow/dags/hw6_pt2.py
[2025-10-29T00:40:06.864+0000] {logging_mixin.py:190} INFO - [2025-10-29T00:40:06.863+0000] {dag.py:3229} INFO - Sync 1 DAGs
[2025-10-29T00:40:06.908+0000] {logging_mixin.py:190} INFO - [2025-10-29T00:40:06.908+0000] {dag.py:4156} INFO - Setting next_dagrun for BuildELT_CTAS to 2025-10-28 02:45:00+00:00, run_after=2025-10-29 02:45:00+00:00
[2025-10-29T00:40:06.942+0000] {processor.py:208} INFO - Processing /opt/airflow/dags/hw6_pt2.py took 0.173 seconds
[2025-10-29T00:40:37.125+0000] {processor.py:186} INFO - Started process (PID=6131) to work on /opt/airflow/dags/hw6_pt2.py
[2025-10-29T00:40:37.127+0000] {processor.py:914} INFO - Processing file /opt/airflow/dags/hw6_pt2.py for tasks to queue
[2025-10-29T00:40:37.131+0000] {logging_mixin.py:190} INFO - [2025-10-29T00:40:37.131+0000] {dagbag.py:587} INFO - Filling up the DagBag from /opt/airflow/dags/hw6_pt2.py
[2025-10-29T00:40:37.149+0000] {processor.py:925} INFO - DAG(s) 'BuildELT_CTAS' retrieved from /opt/airflow/dags/hw6_pt2.py
[2025-10-29T00:40:37.199+0000] {logging_mixin.py:190} INFO - [2025-10-29T00:40:37.198+0000] {dag.py:3229} INFO - Sync 1 DAGs
[2025-10-29T00:40:37.242+0000] {logging_mixin.py:190} INFO - [2025-10-29T00:40:37.242+0000] {dag.py:4156} INFO - Setting next_dagrun for BuildELT_CTAS to 2025-10-28 02:45:00+00:00, run_after=2025-10-29 02:45:00+00:00
[2025-10-29T00:40:37.274+0000] {processor.py:208} INFO - Processing /opt/airflow/dags/hw6_pt2.py took 0.162 seconds
[2025-10-29T00:41:07.706+0000] {processor.py:186} INFO - Started process (PID=6157) to work on /opt/airflow/dags/hw6_pt2.py
[2025-10-29T00:41:07.708+0000] {processor.py:914} INFO - Processing file /opt/airflow/dags/hw6_pt2.py for tasks to queue
[2025-10-29T00:41:07.712+0000] {logging_mixin.py:190} INFO - [2025-10-29T00:41:07.711+0000] {dagbag.py:587} INFO - Filling up the DagBag from /opt/airflow/dags/hw6_pt2.py
[2025-10-29T00:41:07.732+0000] {processor.py:925} INFO - DAG(s) 'BuildELT_CTAS' retrieved from /opt/airflow/dags/hw6_pt2.py
[2025-10-29T00:41:07.783+0000] {logging_mixin.py:190} INFO - [2025-10-29T00:41:07.782+0000] {dag.py:3229} INFO - Sync 1 DAGs
[2025-10-29T00:41:07.830+0000] {logging_mixin.py:190} INFO - [2025-10-29T00:41:07.829+0000] {dag.py:4156} INFO - Setting next_dagrun for BuildELT_CTAS to 2025-10-28 02:45:00+00:00, run_after=2025-10-29 02:45:00+00:00
[2025-10-29T00:41:07.865+0000] {processor.py:208} INFO - Processing /opt/airflow/dags/hw6_pt2.py took 0.169 seconds
[2025-10-29T00:41:38.294+0000] {processor.py:186} INFO - Started process (PID=6183) to work on /opt/airflow/dags/hw6_pt2.py
[2025-10-29T00:41:38.297+0000] {processor.py:914} INFO - Processing file /opt/airflow/dags/hw6_pt2.py for tasks to queue
[2025-10-29T00:41:38.301+0000] {logging_mixin.py:190} INFO - [2025-10-29T00:41:38.300+0000] {dagbag.py:587} INFO - Filling up the DagBag from /opt/airflow/dags/hw6_pt2.py
[2025-10-29T00:41:38.327+0000] {processor.py:925} INFO - DAG(s) 'BuildELT_CTAS' retrieved from /opt/airflow/dags/hw6_pt2.py
[2025-10-29T00:41:38.374+0000] {logging_mixin.py:190} INFO - [2025-10-29T00:41:38.373+0000] {dag.py:3229} INFO - Sync 1 DAGs
[2025-10-29T00:41:38.416+0000] {logging_mixin.py:190} INFO - [2025-10-29T00:41:38.416+0000] {dag.py:4156} INFO - Setting next_dagrun for BuildELT_CTAS to 2025-10-28 02:45:00+00:00, run_after=2025-10-29 02:45:00+00:00
[2025-10-29T00:41:38.451+0000] {processor.py:208} INFO - Processing /opt/airflow/dags/hw6_pt2.py took 0.171 seconds
[2025-10-29T00:42:08.870+0000] {processor.py:186} INFO - Started process (PID=6209) to work on /opt/airflow/dags/hw6_pt2.py
[2025-10-29T00:42:08.872+0000] {processor.py:914} INFO - Processing file /opt/airflow/dags/hw6_pt2.py for tasks to queue
[2025-10-29T00:42:08.877+0000] {logging_mixin.py:190} INFO - [2025-10-29T00:42:08.876+0000] {dagbag.py:587} INFO - Filling up the DagBag from /opt/airflow/dags/hw6_pt2.py
[2025-10-29T00:42:08.902+0000] {processor.py:925} INFO - DAG(s) 'BuildELT_CTAS' retrieved from /opt/airflow/dags/hw6_pt2.py
[2025-10-29T00:42:08.957+0000] {logging_mixin.py:190} INFO - [2025-10-29T00:42:08.957+0000] {dag.py:3229} INFO - Sync 1 DAGs
[2025-10-29T00:42:09.007+0000] {logging_mixin.py:190} INFO - [2025-10-29T00:42:09.006+0000] {dag.py:4156} INFO - Setting next_dagrun for BuildELT_CTAS to 2025-10-28 02:45:00+00:00, run_after=2025-10-29 02:45:00+00:00
[2025-10-29T00:42:09.049+0000] {processor.py:208} INFO - Processing /opt/airflow/dags/hw6_pt2.py took 0.191 seconds
[2025-10-29T00:42:39.464+0000] {processor.py:186} INFO - Started process (PID=6235) to work on /opt/airflow/dags/hw6_pt2.py
[2025-10-29T00:42:39.509+0000] {processor.py:914} INFO - Processing file /opt/airflow/dags/hw6_pt2.py for tasks to queue
[2025-10-29T00:42:39.577+0000] {logging_mixin.py:190} INFO - [2025-10-29T00:42:39.573+0000] {dagbag.py:587} INFO - Filling up the DagBag from /opt/airflow/dags/hw6_pt2.py
[2025-10-29T00:42:39.811+0000] {processor.py:925} INFO - DAG(s) 'BuildELT_CTAS' retrieved from /opt/airflow/dags/hw6_pt2.py
[2025-10-29T00:42:39.894+0000] {logging_mixin.py:190} INFO - [2025-10-29T00:42:39.893+0000] {dag.py:3229} INFO - Sync 1 DAGs
[2025-10-29T00:42:39.954+0000] {logging_mixin.py:190} INFO - [2025-10-29T00:42:39.953+0000] {dag.py:4156} INFO - Setting next_dagrun for BuildELT_CTAS to 2025-10-28 02:45:00+00:00, run_after=2025-10-29 02:45:00+00:00
[2025-10-29T00:42:39.999+0000] {processor.py:208} INFO - Processing /opt/airflow/dags/hw6_pt2.py took 0.555 seconds
[2025-10-29T00:43:10.495+0000] {processor.py:186} INFO - Started process (PID=6261) to work on /opt/airflow/dags/hw6_pt2.py
[2025-10-29T00:43:10.498+0000] {processor.py:914} INFO - Processing file /opt/airflow/dags/hw6_pt2.py for tasks to queue
[2025-10-29T00:43:10.502+0000] {logging_mixin.py:190} INFO - [2025-10-29T00:43:10.501+0000] {dagbag.py:587} INFO - Filling up the DagBag from /opt/airflow/dags/hw6_pt2.py
[2025-10-29T00:43:10.523+0000] {processor.py:925} INFO - DAG(s) 'BuildELT_CTAS' retrieved from /opt/airflow/dags/hw6_pt2.py
[2025-10-29T00:43:10.570+0000] {logging_mixin.py:190} INFO - [2025-10-29T00:43:10.569+0000] {dag.py:3229} INFO - Sync 1 DAGs
[2025-10-29T00:43:10.613+0000] {logging_mixin.py:190} INFO - [2025-10-29T00:43:10.612+0000] {dag.py:4156} INFO - Setting next_dagrun for BuildELT_CTAS to 2025-10-28 02:45:00+00:00, run_after=2025-10-29 02:45:00+00:00
[2025-10-29T00:43:10.648+0000] {processor.py:208} INFO - Processing /opt/airflow/dags/hw6_pt2.py took 0.166 seconds
[2025-10-29T00:43:41.059+0000] {processor.py:186} INFO - Started process (PID=6287) to work on /opt/airflow/dags/hw6_pt2.py
[2025-10-29T00:43:41.061+0000] {processor.py:914} INFO - Processing file /opt/airflow/dags/hw6_pt2.py for tasks to queue
[2025-10-29T00:43:41.065+0000] {logging_mixin.py:190} INFO - [2025-10-29T00:43:41.065+0000] {dagbag.py:587} INFO - Filling up the DagBag from /opt/airflow/dags/hw6_pt2.py
[2025-10-29T00:43:41.085+0000] {processor.py:925} INFO - DAG(s) 'BuildELT_CTAS' retrieved from /opt/airflow/dags/hw6_pt2.py
[2025-10-29T00:43:41.135+0000] {logging_mixin.py:190} INFO - [2025-10-29T00:43:41.134+0000] {dag.py:3229} INFO - Sync 1 DAGs
[2025-10-29T00:43:41.179+0000] {logging_mixin.py:190} INFO - [2025-10-29T00:43:41.179+0000] {dag.py:4156} INFO - Setting next_dagrun for BuildELT_CTAS to 2025-10-28 02:45:00+00:00, run_after=2025-10-29 02:45:00+00:00
[2025-10-29T00:43:41.212+0000] {processor.py:208} INFO - Processing /opt/airflow/dags/hw6_pt2.py took 0.166 seconds
[2025-10-29T00:44:11.451+0000] {processor.py:186} INFO - Started process (PID=6313) to work on /opt/airflow/dags/hw6_pt2.py
[2025-10-29T00:44:11.455+0000] {processor.py:914} INFO - Processing file /opt/airflow/dags/hw6_pt2.py for tasks to queue
[2025-10-29T00:44:11.462+0000] {logging_mixin.py:190} INFO - [2025-10-29T00:44:11.461+0000] {dagbag.py:587} INFO - Filling up the DagBag from /opt/airflow/dags/hw6_pt2.py
[2025-10-29T00:44:11.482+0000] {processor.py:925} INFO - DAG(s) 'BuildELT_CTAS' retrieved from /opt/airflow/dags/hw6_pt2.py
[2025-10-29T00:44:11.542+0000] {logging_mixin.py:190} INFO - [2025-10-29T00:44:11.542+0000] {dag.py:3229} INFO - Sync 1 DAGs
[2025-10-29T00:44:11.602+0000] {logging_mixin.py:190} INFO - [2025-10-29T00:44:11.602+0000] {dag.py:4156} INFO - Setting next_dagrun for BuildELT_CTAS to 2025-10-28 02:45:00+00:00, run_after=2025-10-29 02:45:00+00:00
[2025-10-29T00:44:11.641+0000] {processor.py:208} INFO - Processing /opt/airflow/dags/hw6_pt2.py took 0.203 seconds
[2025-10-29T00:44:42.566+0000] {processor.py:186} INFO - Started process (PID=6340) to work on /opt/airflow/dags/hw6_pt2.py
[2025-10-29T00:44:42.568+0000] {processor.py:914} INFO - Processing file /opt/airflow/dags/hw6_pt2.py for tasks to queue
[2025-10-29T00:44:42.572+0000] {logging_mixin.py:190} INFO - [2025-10-29T00:44:42.571+0000] {dagbag.py:587} INFO - Filling up the DagBag from /opt/airflow/dags/hw6_pt2.py
[2025-10-29T00:44:42.593+0000] {processor.py:925} INFO - DAG(s) 'BuildELT_CTAS' retrieved from /opt/airflow/dags/hw6_pt2.py
[2025-10-29T00:44:42.641+0000] {logging_mixin.py:190} INFO - [2025-10-29T00:44:42.640+0000] {dag.py:3229} INFO - Sync 1 DAGs
[2025-10-29T00:44:42.688+0000] {logging_mixin.py:190} INFO - [2025-10-29T00:44:42.687+0000] {dag.py:4156} INFO - Setting next_dagrun for BuildELT_CTAS to 2025-10-28 02:45:00+00:00, run_after=2025-10-29 02:45:00+00:00
[2025-10-29T00:44:42.724+0000] {processor.py:208} INFO - Processing /opt/airflow/dags/hw6_pt2.py took 0.170 seconds
[2025-10-29T00:45:12.847+0000] {processor.py:186} INFO - Started process (PID=6366) to work on /opt/airflow/dags/hw6_pt2.py
[2025-10-29T00:45:12.849+0000] {processor.py:914} INFO - Processing file /opt/airflow/dags/hw6_pt2.py for tasks to queue
[2025-10-29T00:45:12.856+0000] {logging_mixin.py:190} INFO - [2025-10-29T00:45:12.855+0000] {dagbag.py:587} INFO - Filling up the DagBag from /opt/airflow/dags/hw6_pt2.py
[2025-10-29T00:45:12.874+0000] {processor.py:925} INFO - DAG(s) 'BuildELT_CTAS' retrieved from /opt/airflow/dags/hw6_pt2.py
[2025-10-29T00:45:12.927+0000] {logging_mixin.py:190} INFO - [2025-10-29T00:45:12.925+0000] {dag.py:3229} INFO - Sync 1 DAGs
[2025-10-29T00:45:12.972+0000] {logging_mixin.py:190} INFO - [2025-10-29T00:45:12.972+0000] {dag.py:4156} INFO - Setting next_dagrun for BuildELT_CTAS to 2025-10-28 02:45:00+00:00, run_after=2025-10-29 02:45:00+00:00
[2025-10-29T00:45:13.007+0000] {processor.py:208} INFO - Processing /opt/airflow/dags/hw6_pt2.py took 0.170 seconds
[2025-10-29T00:45:43.536+0000] {processor.py:186} INFO - Started process (PID=6392) to work on /opt/airflow/dags/hw6_pt2.py
[2025-10-29T00:45:43.537+0000] {processor.py:914} INFO - Processing file /opt/airflow/dags/hw6_pt2.py for tasks to queue
[2025-10-29T00:45:43.542+0000] {logging_mixin.py:190} INFO - [2025-10-29T00:45:43.541+0000] {dagbag.py:587} INFO - Filling up the DagBag from /opt/airflow/dags/hw6_pt2.py
[2025-10-29T00:45:43.565+0000] {processor.py:925} INFO - DAG(s) 'BuildELT_CTAS' retrieved from /opt/airflow/dags/hw6_pt2.py
[2025-10-29T00:45:43.624+0000] {logging_mixin.py:190} INFO - [2025-10-29T00:45:43.623+0000] {dag.py:3229} INFO - Sync 1 DAGs
[2025-10-29T00:45:43.673+0000] {logging_mixin.py:190} INFO - [2025-10-29T00:45:43.673+0000] {dag.py:4156} INFO - Setting next_dagrun for BuildELT_CTAS to 2025-10-28 02:45:00+00:00, run_after=2025-10-29 02:45:00+00:00
[2025-10-29T00:45:43.713+0000] {processor.py:208} INFO - Processing /opt/airflow/dags/hw6_pt2.py took 0.188 seconds
[2025-10-29T00:46:14.262+0000] {processor.py:186} INFO - Started process (PID=6416) to work on /opt/airflow/dags/hw6_pt2.py
[2025-10-29T00:46:14.266+0000] {processor.py:914} INFO - Processing file /opt/airflow/dags/hw6_pt2.py for tasks to queue
[2025-10-29T00:46:14.271+0000] {logging_mixin.py:190} INFO - [2025-10-29T00:46:14.270+0000] {dagbag.py:587} INFO - Filling up the DagBag from /opt/airflow/dags/hw6_pt2.py
[2025-10-29T00:46:14.302+0000] {processor.py:925} INFO - DAG(s) 'BuildELT_CTAS' retrieved from /opt/airflow/dags/hw6_pt2.py
[2025-10-29T00:46:14.368+0000] {logging_mixin.py:190} INFO - [2025-10-29T00:46:14.367+0000] {dag.py:3229} INFO - Sync 1 DAGs
[2025-10-29T00:46:14.456+0000] {logging_mixin.py:190} INFO - [2025-10-29T00:46:14.455+0000] {dag.py:4156} INFO - Setting next_dagrun for BuildELT_CTAS to 2025-10-28 02:45:00+00:00, run_after=2025-10-29 02:45:00+00:00
[2025-10-29T00:46:14.490+0000] {processor.py:208} INFO - Processing /opt/airflow/dags/hw6_pt2.py took 0.247 seconds
[2025-10-29T00:46:45.039+0000] {processor.py:186} INFO - Started process (PID=6439) to work on /opt/airflow/dags/hw6_pt2.py
[2025-10-29T00:46:45.045+0000] {processor.py:914} INFO - Processing file /opt/airflow/dags/hw6_pt2.py for tasks to queue
[2025-10-29T00:46:45.050+0000] {logging_mixin.py:190} INFO - [2025-10-29T00:46:45.049+0000] {dagbag.py:587} INFO - Filling up the DagBag from /opt/airflow/dags/hw6_pt2.py
[2025-10-29T00:46:45.074+0000] {processor.py:925} INFO - DAG(s) 'BuildELT_CTAS' retrieved from /opt/airflow/dags/hw6_pt2.py
[2025-10-29T00:46:45.133+0000] {logging_mixin.py:190} INFO - [2025-10-29T00:46:45.132+0000] {dag.py:3229} INFO - Sync 1 DAGs
[2025-10-29T00:46:45.180+0000] {logging_mixin.py:190} INFO - [2025-10-29T00:46:45.179+0000] {dag.py:4156} INFO - Setting next_dagrun for BuildELT_CTAS to 2025-10-28 02:45:00+00:00, run_after=2025-10-29 02:45:00+00:00
[2025-10-29T00:46:45.225+0000] {processor.py:208} INFO - Processing /opt/airflow/dags/hw6_pt2.py took 0.196 seconds
[2025-10-29T00:47:15.516+0000] {processor.py:186} INFO - Started process (PID=6465) to work on /opt/airflow/dags/hw6_pt2.py
[2025-10-29T00:47:15.521+0000] {processor.py:914} INFO - Processing file /opt/airflow/dags/hw6_pt2.py for tasks to queue
[2025-10-29T00:47:15.530+0000] {logging_mixin.py:190} INFO - [2025-10-29T00:47:15.528+0000] {dagbag.py:587} INFO - Filling up the DagBag from /opt/airflow/dags/hw6_pt2.py
[2025-10-29T00:47:15.563+0000] {processor.py:925} INFO - DAG(s) 'BuildELT_CTAS' retrieved from /opt/airflow/dags/hw6_pt2.py
[2025-10-29T00:47:15.667+0000] {logging_mixin.py:190} INFO - [2025-10-29T00:47:15.665+0000] {dag.py:3229} INFO - Sync 1 DAGs
[2025-10-29T00:47:15.738+0000] {logging_mixin.py:190} INFO - [2025-10-29T00:47:15.738+0000] {dag.py:4156} INFO - Setting next_dagrun for BuildELT_CTAS to 2025-10-28 02:45:00+00:00, run_after=2025-10-29 02:45:00+00:00
[2025-10-29T00:47:15.783+0000] {processor.py:208} INFO - Processing /opt/airflow/dags/hw6_pt2.py took 0.281 seconds
[2025-10-29T00:47:46.578+0000] {processor.py:186} INFO - Started process (PID=6491) to work on /opt/airflow/dags/hw6_pt2.py
[2025-10-29T00:47:46.580+0000] {processor.py:914} INFO - Processing file /opt/airflow/dags/hw6_pt2.py for tasks to queue
[2025-10-29T00:47:46.586+0000] {logging_mixin.py:190} INFO - [2025-10-29T00:47:46.585+0000] {dagbag.py:587} INFO - Filling up the DagBag from /opt/airflow/dags/hw6_pt2.py
[2025-10-29T00:47:46.606+0000] {processor.py:925} INFO - DAG(s) 'BuildELT_CTAS' retrieved from /opt/airflow/dags/hw6_pt2.py
[2025-10-29T00:47:46.668+0000] {logging_mixin.py:190} INFO - [2025-10-29T00:47:46.667+0000] {dag.py:3229} INFO - Sync 1 DAGs
[2025-10-29T00:47:46.719+0000] {logging_mixin.py:190} INFO - [2025-10-29T00:47:46.718+0000] {dag.py:4156} INFO - Setting next_dagrun for BuildELT_CTAS to 2025-10-28 02:45:00+00:00, run_after=2025-10-29 02:45:00+00:00
[2025-10-29T00:47:46.760+0000] {processor.py:208} INFO - Processing /opt/airflow/dags/hw6_pt2.py took 0.191 seconds
[2025-10-29T00:48:16.901+0000] {processor.py:186} INFO - Started process (PID=6517) to work on /opt/airflow/dags/hw6_pt2.py
[2025-10-29T00:48:16.903+0000] {processor.py:914} INFO - Processing file /opt/airflow/dags/hw6_pt2.py for tasks to queue
[2025-10-29T00:48:16.907+0000] {logging_mixin.py:190} INFO - [2025-10-29T00:48:16.907+0000] {dagbag.py:587} INFO - Filling up the DagBag from /opt/airflow/dags/hw6_pt2.py
[2025-10-29T00:48:16.931+0000] {processor.py:925} INFO - DAG(s) 'BuildELT_CTAS' retrieved from /opt/airflow/dags/hw6_pt2.py
[2025-10-29T00:48:16.982+0000] {logging_mixin.py:190} INFO - [2025-10-29T00:48:16.981+0000] {dag.py:3229} INFO - Sync 1 DAGs
[2025-10-29T00:48:17.028+0000] {logging_mixin.py:190} INFO - [2025-10-29T00:48:17.028+0000] {dag.py:4156} INFO - Setting next_dagrun for BuildELT_CTAS to 2025-10-28 02:45:00+00:00, run_after=2025-10-29 02:45:00+00:00
[2025-10-29T00:48:17.065+0000] {processor.py:208} INFO - Processing /opt/airflow/dags/hw6_pt2.py took 0.175 seconds
[2025-10-29T00:48:47.306+0000] {processor.py:186} INFO - Started process (PID=6543) to work on /opt/airflow/dags/hw6_pt2.py
[2025-10-29T00:48:47.311+0000] {processor.py:914} INFO - Processing file /opt/airflow/dags/hw6_pt2.py for tasks to queue
[2025-10-29T00:48:47.314+0000] {logging_mixin.py:190} INFO - [2025-10-29T00:48:47.314+0000] {dagbag.py:587} INFO - Filling up the DagBag from /opt/airflow/dags/hw6_pt2.py
[2025-10-29T00:48:47.342+0000] {processor.py:925} INFO - DAG(s) 'BuildELT_CTAS' retrieved from /opt/airflow/dags/hw6_pt2.py
[2025-10-29T00:48:47.389+0000] {logging_mixin.py:190} INFO - [2025-10-29T00:48:47.388+0000] {dag.py:3229} INFO - Sync 1 DAGs
[2025-10-29T00:48:47.430+0000] {logging_mixin.py:190} INFO - [2025-10-29T00:48:47.429+0000] {dag.py:4156} INFO - Setting next_dagrun for BuildELT_CTAS to 2025-10-28 02:45:00+00:00, run_after=2025-10-29 02:45:00+00:00
[2025-10-29T00:48:47.463+0000] {processor.py:208} INFO - Processing /opt/airflow/dags/hw6_pt2.py took 0.168 seconds
[2025-10-29T00:49:28.734+0000] {processor.py:186} INFO - Started process (PID=6568) to work on /opt/airflow/dags/hw6_pt2.py
[2025-10-29T00:49:29.465+0000] {processor.py:914} INFO - Processing file /opt/airflow/dags/hw6_pt2.py for tasks to queue
[2025-10-29T00:49:31.533+0000] {logging_mixin.py:190} INFO - [2025-10-29T00:49:30.736+0000] {dagbag.py:587} INFO - Filling up the DagBag from /opt/airflow/dags/hw6_pt2.py
[2025-10-29T00:49:41.853+0000] {processor.py:925} INFO - DAG(s) 'BuildELT_CTAS' retrieved from /opt/airflow/dags/hw6_pt2.py
[2025-10-29T00:49:49.661+0000] {logging_mixin.py:190} INFO - [2025-10-29T00:49:49.658+0000] {dag.py:3229} INFO - Sync 1 DAGs
[2025-10-29T00:49:52.365+0000] {logging_mixin.py:190} INFO - [2025-10-29T00:49:52.364+0000] {dag.py:4156} INFO - Setting next_dagrun for BuildELT_CTAS to 2025-10-28 02:45:00+00:00, run_after=2025-10-29 02:45:00+00:00
[2025-10-29T00:50:11.116+0000] {processor.py:208} INFO - Processing /opt/airflow/dags/hw6_pt2.py took 1171.697 seconds
[2025-10-29T04:21:20.437+0000] {processor.py:186} INFO - Started process (PID=6614) to work on /opt/airflow/dags/hw6_pt2.py
[2025-10-29T04:21:20.447+0000] {processor.py:914} INFO - Processing file /opt/airflow/dags/hw6_pt2.py for tasks to queue
[2025-10-29T04:21:20.546+0000] {logging_mixin.py:190} INFO - [2025-10-29T04:21:20.522+0000] {dagbag.py:587} INFO - Filling up the DagBag from /opt/airflow/dags/hw6_pt2.py
[2025-10-29T04:21:21.286+0000] {processor.py:925} INFO - DAG(s) 'BuildELT_CTAS' retrieved from /opt/airflow/dags/hw6_pt2.py
[2025-10-29T04:21:22.353+0000] {logging_mixin.py:190} INFO - [2025-10-29T04:21:22.352+0000] {dag.py:3229} INFO - Sync 1 DAGs
[2025-10-29T04:21:23.473+0000] {logging_mixin.py:190} INFO - [2025-10-29T04:21:23.472+0000] {dag.py:4156} INFO - Setting next_dagrun for BuildELT_CTAS to 2025-10-29 02:45:00+00:00, run_after=2025-10-30 02:45:00+00:00
[2025-10-29T04:21:23.954+0000] {processor.py:208} INFO - Processing /opt/airflow/dags/hw6_pt2.py took 3.738 seconds
[2025-10-29T05:16:24.266+0000] {processor.py:186} INFO - Started process (PID=6635) to work on /opt/airflow/dags/hw6_pt2.py
[2025-10-29T05:16:24.446+0000] {processor.py:914} INFO - Processing file /opt/airflow/dags/hw6_pt2.py for tasks to queue
[2025-10-29T05:16:24.461+0000] {logging_mixin.py:190} INFO - [2025-10-29T05:16:24.457+0000] {dagbag.py:587} INFO - Filling up the DagBag from /opt/airflow/dags/hw6_pt2.py
[2025-10-29T05:16:25.204+0000] {processor.py:925} INFO - DAG(s) 'BuildELT_CTAS' retrieved from /opt/airflow/dags/hw6_pt2.py
[2025-10-29T05:16:27.861+0000] {logging_mixin.py:190} INFO - [2025-10-29T05:16:27.822+0000] {dag.py:3229} INFO - Sync 1 DAGs
[2025-10-29T05:16:29.881+0000] {logging_mixin.py:190} INFO - [2025-10-29T05:16:29.879+0000] {dag.py:4156} INFO - Setting next_dagrun for BuildELT_CTAS to 2025-10-29 02:45:00+00:00, run_after=2025-10-30 02:45:00+00:00
[2025-10-29T05:16:30.582+0000] {processor.py:208} INFO - Processing /opt/airflow/dags/hw6_pt2.py took 7.014 seconds
[2025-10-29T05:17:21.873+0000] {processor.py:186} INFO - Started process (PID=6657) to work on /opt/airflow/dags/hw6_pt2.py
[2025-10-29T05:17:21.886+0000] {processor.py:914} INFO - Processing file /opt/airflow/dags/hw6_pt2.py for tasks to queue
[2025-10-29T05:17:21.895+0000] {logging_mixin.py:190} INFO - [2025-10-29T05:17:21.893+0000] {dagbag.py:587} INFO - Filling up the DagBag from /opt/airflow/dags/hw6_pt2.py
[2025-10-29T05:17:22.182+0000] {processor.py:925} INFO - DAG(s) 'BuildELT_CTAS' retrieved from /opt/airflow/dags/hw6_pt2.py
[2025-10-29T05:17:22.582+0000] {logging_mixin.py:190} INFO - [2025-10-29T05:17:22.580+0000] {dag.py:3229} INFO - Sync 1 DAGs
[2025-10-29T05:17:23.307+0000] {logging_mixin.py:190} INFO - [2025-10-29T05:17:23.306+0000] {dag.py:4156} INFO - Setting next_dagrun for BuildELT_CTAS to 2025-10-29 02:45:00+00:00, run_after=2025-10-30 02:45:00+00:00
[2025-10-29T05:17:23.901+0000] {processor.py:208} INFO - Processing /opt/airflow/dags/hw6_pt2.py took 2.121 seconds
