[2025-11-23T20:58:40.171+0000] {processor.py:186} INFO - Started process (PID=223) to work on /opt/airflow/dags/hw6_pt1.py
[2025-11-23T20:58:40.174+0000] {processor.py:914} INFO - Processing file /opt/airflow/dags/hw6_pt1.py for tasks to queue
[2025-11-23T20:58:40.184+0000] {logging_mixin.py:190} INFO - [2025-11-23T20:58:40.182+0000] {dagbag.py:587} INFO - Filling up the DagBag from /opt/airflow/dags/hw6_pt1.py
[2025-11-23T20:58:40.209+0000] {processor.py:925} INFO - DAG(s) 'COPY_INTO_DATABASE_FROM_AWS' retrieved from /opt/airflow/dags/hw6_pt1.py
[2025-11-23T20:58:40.306+0000] {logging_mixin.py:190} INFO - [2025-11-23T20:58:40.304+0000] {dag.py:3229} INFO - Sync 1 DAGs
[2025-11-23T20:58:40.386+0000] {logging_mixin.py:190} INFO - [2025-11-23T20:58:40.385+0000] {dag.py:4156} INFO - Setting next_dagrun for COPY_INTO_DATABASE_FROM_AWS to 2025-11-22 08:20:00+00:00, run_after=2025-11-23 08:20:00+00:00
[2025-11-23T20:58:40.416+0000] {processor.py:208} INFO - Processing /opt/airflow/dags/hw6_pt1.py took 0.264 seconds
[2025-11-23T23:49:56.314+0000] {processor.py:186} INFO - Started process (PID=282) to work on /opt/airflow/dags/hw6_pt1.py
[2025-11-23T23:49:56.315+0000] {processor.py:914} INFO - Processing file /opt/airflow/dags/hw6_pt1.py for tasks to queue
[2025-11-23T23:49:56.316+0000] {logging_mixin.py:190} INFO - [2025-11-23T23:49:56.316+0000] {dagbag.py:587} INFO - Filling up the DagBag from /opt/airflow/dags/hw6_pt1.py
[2025-11-23T23:49:56.330+0000] {processor.py:925} INFO - DAG(s) 'COPY_INTO_DATABASE_FROM_AWS' retrieved from /opt/airflow/dags/hw6_pt1.py
[2025-11-23T23:49:56.361+0000] {logging_mixin.py:190} INFO - [2025-11-23T23:49:56.361+0000] {dag.py:3229} INFO - Sync 1 DAGs
[2025-11-23T23:49:56.389+0000] {logging_mixin.py:190} INFO - [2025-11-23T23:49:56.389+0000] {dag.py:4156} INFO - Setting next_dagrun for COPY_INTO_DATABASE_FROM_AWS to 2025-11-22 08:20:00+00:00, run_after=2025-11-23 08:20:00+00:00
[2025-11-23T23:49:56.411+0000] {processor.py:208} INFO - Processing /opt/airflow/dags/hw6_pt1.py took 0.105 seconds
[2025-11-23T23:50:27.116+0000] {processor.py:186} INFO - Started process (PID=331) to work on /opt/airflow/dags/hw6_pt1.py
[2025-11-23T23:50:27.120+0000] {processor.py:914} INFO - Processing file /opt/airflow/dags/hw6_pt1.py for tasks to queue
[2025-11-23T23:50:27.123+0000] {logging_mixin.py:190} INFO - [2025-11-23T23:50:27.122+0000] {dagbag.py:587} INFO - Filling up the DagBag from /opt/airflow/dags/hw6_pt1.py
[2025-11-23T23:50:27.144+0000] {processor.py:925} INFO - DAG(s) 'COPY_INTO_DATABASE_FROM_AWS' retrieved from /opt/airflow/dags/hw6_pt1.py
[2025-11-23T23:50:27.211+0000] {logging_mixin.py:190} INFO - [2025-11-23T23:50:27.210+0000] {dag.py:3229} INFO - Sync 1 DAGs
[2025-11-23T23:50:27.264+0000] {logging_mixin.py:190} INFO - [2025-11-23T23:50:27.264+0000] {dag.py:4156} INFO - Setting next_dagrun for COPY_INTO_DATABASE_FROM_AWS to 2025-11-22 08:20:00+00:00, run_after=2025-11-23 08:20:00+00:00
[2025-11-23T23:50:27.287+0000] {processor.py:208} INFO - Processing /opt/airflow/dags/hw6_pt1.py took 0.193 seconds
[2025-11-23T23:50:57.833+0000] {processor.py:186} INFO - Started process (PID=363) to work on /opt/airflow/dags/hw6_pt1.py
[2025-11-23T23:50:57.835+0000] {processor.py:914} INFO - Processing file /opt/airflow/dags/hw6_pt1.py for tasks to queue
[2025-11-23T23:50:57.837+0000] {logging_mixin.py:190} INFO - [2025-11-23T23:50:57.837+0000] {dagbag.py:587} INFO - Filling up the DagBag from /opt/airflow/dags/hw6_pt1.py
[2025-11-23T23:50:57.854+0000] {processor.py:925} INFO - DAG(s) 'COPY_INTO_DATABASE_FROM_AWS' retrieved from /opt/airflow/dags/hw6_pt1.py
[2025-11-23T23:50:57.896+0000] {logging_mixin.py:190} INFO - [2025-11-23T23:50:57.896+0000] {dag.py:3229} INFO - Sync 1 DAGs
[2025-11-23T23:50:57.934+0000] {logging_mixin.py:190} INFO - [2025-11-23T23:50:57.934+0000] {dag.py:4156} INFO - Setting next_dagrun for COPY_INTO_DATABASE_FROM_AWS to 2025-11-22 08:20:00+00:00, run_after=2025-11-23 08:20:00+00:00
[2025-11-23T23:50:57.958+0000] {processor.py:208} INFO - Processing /opt/airflow/dags/hw6_pt1.py took 0.138 seconds
