[2025-11-23T20:58:37.160+0000] {processor.py:186} INFO - Started process (PID=200) to work on /opt/airflow/dags/hw8.py
[2025-11-23T20:58:37.163+0000] {processor.py:914} INFO - Processing file /opt/airflow/dags/hw8.py for tasks to queue
[2025-11-23T20:58:37.170+0000] {logging_mixin.py:190} INFO - [2025-11-23T20:58:37.169+0000] {dagbag.py:587} INFO - Filling up the DagBag from /opt/airflow/dags/hw8.py
[2025-11-23T20:58:57.395+0000] {logging_mixin.py:190} INFO - {{ task_instance.xcom_pull(task_ids='preprocess_data', dag_id='Medium_to_Pinecone', key='return_value') }}
[2025-11-23T20:58:57.403+0000] {processor.py:925} INFO - DAG(s) 'Medium_to_Pinecone' retrieved from /opt/airflow/dags/hw8.py
[2025-11-23T20:58:57.569+0000] {logging_mixin.py:190} INFO - [2025-11-23T20:58:57.568+0000] {dag.py:3229} INFO - Sync 1 DAGs
[2025-11-23T20:58:57.615+0000] {logging_mixin.py:190} INFO - [2025-11-23T20:58:57.615+0000] {dag.py:4156} INFO - Setting next_dagrun for Medium_to_Pinecone to 2025-11-20 00:00:00+00:00, run_after=2025-11-27 00:00:00+00:00
[2025-11-23T20:58:57.659+0000] {processor.py:208} INFO - Processing /opt/airflow/dags/hw8.py took 20.339 seconds
[2025-11-23T23:49:52.358+0000] {processor.py:186} INFO - Started process (PID=268) to work on /opt/airflow/dags/hw8.py
[2025-11-23T23:49:52.361+0000] {processor.py:914} INFO - Processing file /opt/airflow/dags/hw8.py for tasks to queue
[2025-11-23T23:49:52.369+0000] {logging_mixin.py:190} INFO - [2025-11-23T23:49:52.368+0000] {dagbag.py:587} INFO - Filling up the DagBag from /opt/airflow/dags/hw8.py
[2025-11-23T23:49:55.449+0000] {logging_mixin.py:190} INFO - [2025-11-23T23:49:55.446+0000] {dagbag.py:386} ERROR - Failed to import: /opt/airflow/dags/hw8.py
Traceback (most recent call last):
  File "/home/airflow/.local/lib/python3.12/site-packages/airflow/models/dagbag.py", line 382, in parse
    loader.exec_module(new_module)
  File "<frozen importlib._bootstrap_external>", line 995, in exec_module
  File "<frozen importlib._bootstrap>", line 488, in _call_with_frames_removed
  File "/opt/airflow/dags/hw8.py", line 9, in <module>
    from sentence_transformers import SentenceTransformer
ModuleNotFoundError: No module named 'sentence_transformers'
[2025-11-23T23:49:55.450+0000] {processor.py:927} WARNING - No viable dags retrieved from /opt/airflow/dags/hw8.py
[2025-11-23T23:49:55.486+0000] {processor.py:208} INFO - Processing /opt/airflow/dags/hw8.py took 3.152 seconds
[2025-11-23T23:50:26.867+0000] {processor.py:186} INFO - Started process (PID=323) to work on /opt/airflow/dags/hw8.py
[2025-11-23T23:50:26.873+0000] {processor.py:914} INFO - Processing file /opt/airflow/dags/hw8.py for tasks to queue
[2025-11-23T23:50:26.881+0000] {logging_mixin.py:190} INFO - [2025-11-23T23:50:26.879+0000] {dagbag.py:587} INFO - Filling up the DagBag from /opt/airflow/dags/hw8.py
[2025-11-23T23:50:26.919+0000] {logging_mixin.py:190} INFO - [2025-11-23T23:50:26.913+0000] {dagbag.py:386} ERROR - Failed to import: /opt/airflow/dags/hw8.py
Traceback (most recent call last):
  File "/home/airflow/.local/lib/python3.12/site-packages/airflow/models/dagbag.py", line 382, in parse
    loader.exec_module(new_module)
  File "<frozen importlib._bootstrap_external>", line 995, in exec_module
  File "<frozen importlib._bootstrap>", line 488, in _call_with_frames_removed
  File "/opt/airflow/dags/hw8.py", line 9, in <module>
    from sentence_transformers import SentenceTransformer
ModuleNotFoundError: No module named 'sentence_transformers'
[2025-11-23T23:50:26.921+0000] {processor.py:927} WARNING - No viable dags retrieved from /opt/airflow/dags/hw8.py
[2025-11-23T23:50:27.033+0000] {processor.py:208} INFO - Processing /opt/airflow/dags/hw8.py took 0.208 seconds
[2025-11-23T23:50:57.734+0000] {processor.py:186} INFO - Started process (PID=355) to work on /opt/airflow/dags/hw8.py
[2025-11-23T23:50:57.737+0000] {processor.py:914} INFO - Processing file /opt/airflow/dags/hw8.py for tasks to queue
[2025-11-23T23:50:57.740+0000] {logging_mixin.py:190} INFO - [2025-11-23T23:50:57.739+0000] {dagbag.py:587} INFO - Filling up the DagBag from /opt/airflow/dags/hw8.py
[2025-11-23T23:50:57.751+0000] {logging_mixin.py:190} INFO - [2025-11-23T23:50:57.749+0000] {dagbag.py:386} ERROR - Failed to import: /opt/airflow/dags/hw8.py
Traceback (most recent call last):
  File "/home/airflow/.local/lib/python3.12/site-packages/airflow/models/dagbag.py", line 382, in parse
    loader.exec_module(new_module)
  File "<frozen importlib._bootstrap_external>", line 995, in exec_module
  File "<frozen importlib._bootstrap>", line 488, in _call_with_frames_removed
  File "/opt/airflow/dags/hw8.py", line 9, in <module>
    from sentence_transformers import SentenceTransformer
ModuleNotFoundError: No module named 'sentence_transformers'
[2025-11-23T23:50:57.752+0000] {processor.py:927} WARNING - No viable dags retrieved from /opt/airflow/dags/hw8.py
[2025-11-23T23:50:57.784+0000] {processor.py:208} INFO - Processing /opt/airflow/dags/hw8.py took 0.077 seconds
