[2025-11-23T20:58:44.180+0000] {processor.py:186} INFO - Started process (PID=234) to work on /opt/airflow/dags/lab1_pipeline.py
[2025-11-23T20:58:44.182+0000] {processor.py:914} INFO - Processing file /opt/airflow/dags/lab1_pipeline.py for tasks to queue
[2025-11-23T20:58:44.216+0000] {logging_mixin.py:190} INFO - [2025-11-23T20:58:44.208+0000] {dagbag.py:587} INFO - Filling up the DagBag from /opt/airflow/dags/lab1_pipeline.py
[2025-11-23T20:58:47.063+0000] {processor.py:925} INFO - DAG(s) 'stock_prices_dag_etl_lab1' retrieved from /opt/airflow/dags/lab1_pipeline.py
[2025-11-23T20:58:47.162+0000] {logging_mixin.py:190} INFO - [2025-11-23T20:58:47.161+0000] {dag.py:3229} INFO - Sync 1 DAGs
[2025-11-23T20:58:47.233+0000] {logging_mixin.py:190} INFO - [2025-11-23T20:58:47.232+0000] {dag.py:4156} INFO - Setting next_dagrun for stock_prices_dag_etl_lab1 to 2025-11-22 09:00:00+00:00, run_after=2025-11-23 09:00:00+00:00
[2025-11-23T20:58:47.277+0000] {processor.py:208} INFO - Processing /opt/airflow/dags/lab1_pipeline.py took 3.111 seconds
[2025-11-23T23:49:57.339+0000] {processor.py:186} INFO - Started process (PID=299) to work on /opt/airflow/dags/lab1_pipeline.py
[2025-11-23T23:49:57.341+0000] {processor.py:914} INFO - Processing file /opt/airflow/dags/lab1_pipeline.py for tasks to queue
[2025-11-23T23:49:57.342+0000] {logging_mixin.py:190} INFO - [2025-11-23T23:49:57.342+0000] {dagbag.py:587} INFO - Filling up the DagBag from /opt/airflow/dags/lab1_pipeline.py
[2025-11-23T23:49:58.709+0000] {processor.py:925} INFO - DAG(s) 'stock_prices_dag_etl_lab1' retrieved from /opt/airflow/dags/lab1_pipeline.py
[2025-11-23T23:49:58.740+0000] {logging_mixin.py:190} INFO - [2025-11-23T23:49:58.740+0000] {dag.py:3229} INFO - Sync 1 DAGs
[2025-11-23T23:49:58.769+0000] {logging_mixin.py:190} INFO - [2025-11-23T23:49:58.769+0000] {dag.py:4156} INFO - Setting next_dagrun for stock_prices_dag_etl_lab1 to 2025-11-22 09:00:00+00:00, run_after=2025-11-23 09:00:00+00:00
[2025-11-23T23:49:58.790+0000] {processor.py:208} INFO - Processing /opt/airflow/dags/lab1_pipeline.py took 1.458 seconds
[2025-11-23T23:50:29.142+0000] {processor.py:186} INFO - Started process (PID=343) to work on /opt/airflow/dags/lab1_pipeline.py
[2025-11-23T23:50:29.145+0000] {processor.py:914} INFO - Processing file /opt/airflow/dags/lab1_pipeline.py for tasks to queue
[2025-11-23T23:50:29.146+0000] {logging_mixin.py:190} INFO - [2025-11-23T23:50:29.146+0000] {dagbag.py:587} INFO - Filling up the DagBag from /opt/airflow/dags/lab1_pipeline.py
[2025-11-23T23:50:29.643+0000] {processor.py:925} INFO - DAG(s) 'stock_prices_dag_etl_lab1' retrieved from /opt/airflow/dags/lab1_pipeline.py
[2025-11-23T23:50:29.692+0000] {logging_mixin.py:190} INFO - [2025-11-23T23:50:29.691+0000] {dag.py:3229} INFO - Sync 1 DAGs
[2025-11-23T23:50:30.603+0000] {logging_mixin.py:190} INFO - [2025-11-23T23:50:30.603+0000] {dag.py:4156} INFO - Setting next_dagrun for stock_prices_dag_etl_lab1 to 2025-11-22 09:00:00+00:00, run_after=2025-11-23 09:00:00+00:00
[2025-11-23T23:50:30.627+0000] {processor.py:208} INFO - Processing /opt/airflow/dags/lab1_pipeline.py took 1.498 seconds
[2025-11-23T23:51:01.002+0000] {processor.py:186} INFO - Started process (PID=375) to work on /opt/airflow/dags/lab1_pipeline.py
[2025-11-23T23:51:01.003+0000] {processor.py:914} INFO - Processing file /opt/airflow/dags/lab1_pipeline.py for tasks to queue
[2025-11-23T23:51:01.006+0000] {logging_mixin.py:190} INFO - [2025-11-23T23:51:01.005+0000] {dagbag.py:587} INFO - Filling up the DagBag from /opt/airflow/dags/lab1_pipeline.py
[2025-11-23T23:51:01.536+0000] {processor.py:925} INFO - DAG(s) 'stock_prices_dag_etl_lab1' retrieved from /opt/airflow/dags/lab1_pipeline.py
[2025-11-23T23:51:02.058+0000] {logging_mixin.py:190} INFO - [2025-11-23T23:51:02.057+0000] {dag.py:3229} INFO - Sync 1 DAGs
[2025-11-23T23:51:02.098+0000] {logging_mixin.py:190} INFO - [2025-11-23T23:51:02.097+0000] {dag.py:4156} INFO - Setting next_dagrun for stock_prices_dag_etl_lab1 to 2025-11-22 09:00:00+00:00, run_after=2025-11-23 09:00:00+00:00
[2025-11-23T23:51:02.119+0000] {processor.py:208} INFO - Processing /opt/airflow/dags/lab1_pipeline.py took 1.124 seconds
