[2025-11-16T05:49:49.739+0000] {processor.py:186} INFO - Started process (PID=3560) to work on /opt/airflow/dags/hw8.py
[2025-11-16T05:49:49.741+0000] {processor.py:914} INFO - Processing file /opt/airflow/dags/hw8.py for tasks to queue
[2025-11-16T05:49:49.744+0000] {logging_mixin.py:190} INFO - [2025-11-16T05:49:49.743+0000] {dagbag.py:587} INFO - Filling up the DagBag from /opt/airflow/dags/hw8.py
[2025-11-16T05:50:05.756+0000] {logging_mixin.py:190} INFO - {{ task_instance.xcom_pull(task_ids='preprocess_data', dag_id='Medium_to_Pinecone', key='return_value') }}
[2025-11-16T05:50:05.763+0000] {processor.py:925} INFO - DAG(s) 'Medium_to_Pinecone' retrieved from /opt/airflow/dags/hw8.py
[2025-11-16T05:50:05.945+0000] {logging_mixin.py:190} INFO - [2025-11-16T05:50:05.944+0000] {override.py:1900} INFO - Created Permission View: can delete on DAG:Medium_to_Pinecone
[2025-11-16T05:50:05.956+0000] {logging_mixin.py:190} INFO - [2025-11-16T05:50:05.956+0000] {override.py:1900} INFO - Created Permission View: can edit on DAG:Medium_to_Pinecone
[2025-11-16T05:50:05.963+0000] {logging_mixin.py:190} INFO - [2025-11-16T05:50:05.963+0000] {override.py:1900} INFO - Created Permission View: can read on DAG:Medium_to_Pinecone
[2025-11-16T05:50:05.970+0000] {logging_mixin.py:190} INFO - [2025-11-16T05:50:05.970+0000] {override.py:1900} INFO - Created Permission View: can delete on DAG Run:Medium_to_Pinecone
[2025-11-16T05:50:05.977+0000] {logging_mixin.py:190} INFO - [2025-11-16T05:50:05.977+0000] {override.py:1900} INFO - Created Permission View: can create on DAG Run:Medium_to_Pinecone
[2025-11-16T05:50:05.984+0000] {logging_mixin.py:190} INFO - [2025-11-16T05:50:05.984+0000] {override.py:1900} INFO - Created Permission View: can read on DAG Run:Medium_to_Pinecone
[2025-11-16T05:50:05.991+0000] {logging_mixin.py:190} INFO - [2025-11-16T05:50:05.991+0000] {override.py:1900} INFO - Created Permission View: menu access on DAG Run:Medium_to_Pinecone
[2025-11-16T05:50:05.992+0000] {logging_mixin.py:190} INFO - [2025-11-16T05:50:05.992+0000] {dag.py:3229} INFO - Sync 1 DAGs
[2025-11-16T05:50:06.009+0000] {logging_mixin.py:190} INFO - [2025-11-16T05:50:06.009+0000] {dag.py:3252} INFO - Creating ORM DAG for Medium_to_Pinecone
[2025-11-16T05:50:06.028+0000] {logging_mixin.py:190} INFO - [2025-11-16T05:50:06.027+0000] {dag.py:4156} INFO - Setting next_dagrun for Medium_to_Pinecone to 2025-11-06 00:00:00+00:00, run_after=2025-11-13 00:00:00+00:00
[2025-11-16T05:50:06.069+0000] {processor.py:208} INFO - Processing /opt/airflow/dags/hw8.py took 16.330 seconds
[2025-11-16T05:50:37.003+0000] {processor.py:186} INFO - Started process (PID=3598) to work on /opt/airflow/dags/hw8.py
[2025-11-16T05:50:37.005+0000] {processor.py:914} INFO - Processing file /opt/airflow/dags/hw8.py for tasks to queue
[2025-11-16T05:50:37.009+0000] {logging_mixin.py:190} INFO - [2025-11-16T05:50:37.008+0000] {dagbag.py:587} INFO - Filling up the DagBag from /opt/airflow/dags/hw8.py
[2025-11-16T05:50:44.428+0000] {logging_mixin.py:190} INFO - {{ task_instance.xcom_pull(task_ids='preprocess_data', dag_id='Medium_to_Pinecone', key='return_value') }}
[2025-11-16T05:50:44.435+0000] {processor.py:925} INFO - DAG(s) 'Medium_to_Pinecone' retrieved from /opt/airflow/dags/hw8.py
[2025-11-16T05:50:44.475+0000] {logging_mixin.py:190} INFO - [2025-11-16T05:50:44.474+0000] {dag.py:3229} INFO - Sync 1 DAGs
[2025-11-16T05:50:44.508+0000] {logging_mixin.py:190} INFO - [2025-11-16T05:50:44.508+0000] {dag.py:4156} INFO - Setting next_dagrun for Medium_to_Pinecone to 2025-11-13 00:00:00+00:00, run_after=2025-11-20 00:00:00+00:00
[2025-11-16T05:50:44.530+0000] {processor.py:208} INFO - Processing /opt/airflow/dags/hw8.py took 7.539 seconds
[2025-11-16T05:51:15.223+0000] {processor.py:186} INFO - Started process (PID=3691) to work on /opt/airflow/dags/hw8.py
[2025-11-16T05:51:15.224+0000] {processor.py:914} INFO - Processing file /opt/airflow/dags/hw8.py for tasks to queue
[2025-11-16T05:51:15.227+0000] {logging_mixin.py:190} INFO - [2025-11-16T05:51:15.227+0000] {dagbag.py:587} INFO - Filling up the DagBag from /opt/airflow/dags/hw8.py
[2025-11-16T05:51:24.137+0000] {logging_mixin.py:190} INFO - {{ task_instance.xcom_pull(task_ids='preprocess_data', dag_id='Medium_to_Pinecone', key='return_value') }}
[2025-11-16T05:51:24.141+0000] {processor.py:925} INFO - DAG(s) 'Medium_to_Pinecone' retrieved from /opt/airflow/dags/hw8.py
[2025-11-16T05:51:24.173+0000] {logging_mixin.py:190} INFO - [2025-11-16T05:51:24.172+0000] {dag.py:3229} INFO - Sync 1 DAGs
[2025-11-16T05:51:24.202+0000] {logging_mixin.py:190} INFO - [2025-11-16T05:51:24.202+0000] {dag.py:4156} INFO - Setting next_dagrun for Medium_to_Pinecone to 2025-11-13 00:00:00+00:00, run_after=2025-11-20 00:00:00+00:00
[2025-11-16T05:51:24.226+0000] {processor.py:208} INFO - Processing /opt/airflow/dags/hw8.py took 9.011 seconds
[2025-11-16T05:51:54.519+0000] {processor.py:186} INFO - Started process (PID=3775) to work on /opt/airflow/dags/hw8.py
[2025-11-16T05:51:54.521+0000] {processor.py:914} INFO - Processing file /opt/airflow/dags/hw8.py for tasks to queue
[2025-11-16T05:51:54.526+0000] {logging_mixin.py:190} INFO - [2025-11-16T05:51:54.525+0000] {dagbag.py:587} INFO - Filling up the DagBag from /opt/airflow/dags/hw8.py
[2025-11-16T05:52:24.533+0000] {logging_mixin.py:190} INFO - [2025-11-16T05:52:24.528+0000] {timeout.py:68} ERROR - Process timed out, PID: 3775
[2025-11-16T05:52:55.323+0000] {processor.py:186} INFO - Started process (PID=3834) to work on /opt/airflow/dags/hw8.py
[2025-11-16T05:52:55.334+0000] {processor.py:914} INFO - Processing file /opt/airflow/dags/hw8.py for tasks to queue
[2025-11-16T05:52:55.354+0000] {logging_mixin.py:190} INFO - [2025-11-16T05:52:55.350+0000] {dagbag.py:587} INFO - Filling up the DagBag from /opt/airflow/dags/hw8.py
[2025-11-16T05:53:09.040+0000] {logging_mixin.py:190} INFO - {{ task_instance.xcom_pull(task_ids='preprocess_data', dag_id='Medium_to_Pinecone', key='return_value') }}
[2025-11-16T05:53:09.046+0000] {processor.py:925} INFO - DAG(s) 'Medium_to_Pinecone' retrieved from /opt/airflow/dags/hw8.py
[2025-11-16T05:53:09.085+0000] {logging_mixin.py:190} INFO - [2025-11-16T05:53:09.084+0000] {dag.py:3229} INFO - Sync 1 DAGs
[2025-11-16T05:53:09.116+0000] {logging_mixin.py:190} INFO - [2025-11-16T05:53:09.116+0000] {dag.py:4156} INFO - Setting next_dagrun for Medium_to_Pinecone to 2025-11-13 00:00:00+00:00, run_after=2025-11-20 00:00:00+00:00
[2025-11-16T05:53:09.141+0000] {processor.py:208} INFO - Processing /opt/airflow/dags/hw8.py took 13.836 seconds
[2025-11-16T05:53:39.617+0000] {processor.py:186} INFO - Started process (PID=3904) to work on /opt/airflow/dags/hw8.py
[2025-11-16T05:53:39.619+0000] {processor.py:914} INFO - Processing file /opt/airflow/dags/hw8.py for tasks to queue
[2025-11-16T05:53:39.623+0000] {logging_mixin.py:190} INFO - [2025-11-16T05:53:39.623+0000] {dagbag.py:587} INFO - Filling up the DagBag from /opt/airflow/dags/hw8.py
[2025-11-16T05:53:45.769+0000] {logging_mixin.py:190} INFO - {{ task_instance.xcom_pull(task_ids='preprocess_data', dag_id='Medium_to_Pinecone', key='return_value') }}
[2025-11-16T05:53:45.774+0000] {processor.py:925} INFO - DAG(s) 'Medium_to_Pinecone' retrieved from /opt/airflow/dags/hw8.py
[2025-11-16T05:53:45.803+0000] {logging_mixin.py:190} INFO - [2025-11-16T05:53:45.803+0000] {dag.py:3229} INFO - Sync 1 DAGs
[2025-11-16T05:53:45.828+0000] {logging_mixin.py:190} INFO - [2025-11-16T05:53:45.827+0000] {dag.py:4156} INFO - Setting next_dagrun for Medium_to_Pinecone to 2025-11-13 00:00:00+00:00, run_after=2025-11-20 00:00:00+00:00
[2025-11-16T05:53:45.848+0000] {processor.py:208} INFO - Processing /opt/airflow/dags/hw8.py took 6.241 seconds
[2025-11-16T05:54:16.423+0000] {processor.py:186} INFO - Started process (PID=3942) to work on /opt/airflow/dags/hw8.py
[2025-11-16T05:54:16.424+0000] {processor.py:914} INFO - Processing file /opt/airflow/dags/hw8.py for tasks to queue
[2025-11-16T05:54:16.430+0000] {logging_mixin.py:190} INFO - [2025-11-16T05:54:16.429+0000] {dagbag.py:587} INFO - Filling up the DagBag from /opt/airflow/dags/hw8.py
[2025-11-16T05:54:22.936+0000] {logging_mixin.py:190} INFO - {{ task_instance.xcom_pull(task_ids='preprocess_data', dag_id='Medium_to_Pinecone', key='return_value') }}
[2025-11-16T05:54:22.942+0000] {processor.py:925} INFO - DAG(s) 'Medium_to_Pinecone' retrieved from /opt/airflow/dags/hw8.py
[2025-11-16T05:54:22.976+0000] {logging_mixin.py:190} INFO - [2025-11-16T05:54:22.976+0000] {dag.py:3229} INFO - Sync 1 DAGs
[2025-11-16T05:54:23.009+0000] {logging_mixin.py:190} INFO - [2025-11-16T05:54:23.009+0000] {dag.py:4156} INFO - Setting next_dagrun for Medium_to_Pinecone to 2025-11-13 00:00:00+00:00, run_after=2025-11-20 00:00:00+00:00
[2025-11-16T05:54:23.033+0000] {processor.py:208} INFO - Processing /opt/airflow/dags/hw8.py took 6.622 seconds
[2025-11-16T05:54:53.200+0000] {processor.py:186} INFO - Started process (PID=3997) to work on /opt/airflow/dags/hw8.py
[2025-11-16T05:54:53.202+0000] {processor.py:914} INFO - Processing file /opt/airflow/dags/hw8.py for tasks to queue
[2025-11-16T05:54:53.206+0000] {logging_mixin.py:190} INFO - [2025-11-16T05:54:53.205+0000] {dagbag.py:587} INFO - Filling up the DagBag from /opt/airflow/dags/hw8.py
[2025-11-16T05:54:59.717+0000] {logging_mixin.py:190} INFO - {{ task_instance.xcom_pull(task_ids='preprocess_data', dag_id='Medium_to_Pinecone', key='return_value') }}
[2025-11-16T05:54:59.721+0000] {processor.py:925} INFO - DAG(s) 'Medium_to_Pinecone' retrieved from /opt/airflow/dags/hw8.py
[2025-11-16T05:54:59.756+0000] {logging_mixin.py:190} INFO - [2025-11-16T05:54:59.755+0000] {dag.py:3229} INFO - Sync 1 DAGs
[2025-11-16T05:54:59.788+0000] {logging_mixin.py:190} INFO - [2025-11-16T05:54:59.787+0000] {dag.py:4156} INFO - Setting next_dagrun for Medium_to_Pinecone to 2025-11-13 00:00:00+00:00, run_after=2025-11-20 00:00:00+00:00
[2025-11-16T05:54:59.809+0000] {processor.py:208} INFO - Processing /opt/airflow/dags/hw8.py took 6.616 seconds
[2025-11-16T05:55:30.026+0000] {processor.py:186} INFO - Started process (PID=4034) to work on /opt/airflow/dags/hw8.py
[2025-11-16T05:55:30.027+0000] {processor.py:914} INFO - Processing file /opt/airflow/dags/hw8.py for tasks to queue
[2025-11-16T05:55:30.031+0000] {logging_mixin.py:190} INFO - [2025-11-16T05:55:30.030+0000] {dagbag.py:587} INFO - Filling up the DagBag from /opt/airflow/dags/hw8.py
[2025-11-16T05:55:35.767+0000] {logging_mixin.py:190} INFO - {{ task_instance.xcom_pull(task_ids='preprocess_data', dag_id='Medium_to_Pinecone', key='return_value') }}
[2025-11-16T05:55:35.771+0000] {processor.py:925} INFO - DAG(s) 'Medium_to_Pinecone' retrieved from /opt/airflow/dags/hw8.py
[2025-11-16T05:55:35.806+0000] {logging_mixin.py:190} INFO - [2025-11-16T05:55:35.805+0000] {dag.py:3229} INFO - Sync 1 DAGs
[2025-11-16T05:55:35.834+0000] {logging_mixin.py:190} INFO - [2025-11-16T05:55:35.833+0000] {dag.py:4156} INFO - Setting next_dagrun for Medium_to_Pinecone to 2025-11-13 00:00:00+00:00, run_after=2025-11-20 00:00:00+00:00
[2025-11-16T05:55:35.860+0000] {processor.py:208} INFO - Processing /opt/airflow/dags/hw8.py took 5.844 seconds
[2025-11-16T05:56:06.099+0000] {processor.py:186} INFO - Started process (PID=4077) to work on /opt/airflow/dags/hw8.py
[2025-11-16T05:56:06.101+0000] {processor.py:914} INFO - Processing file /opt/airflow/dags/hw8.py for tasks to queue
[2025-11-16T05:56:06.104+0000] {logging_mixin.py:190} INFO - [2025-11-16T05:56:06.104+0000] {dagbag.py:587} INFO - Filling up the DagBag from /opt/airflow/dags/hw8.py
[2025-11-16T05:56:11.965+0000] {logging_mixin.py:190} INFO - {{ task_instance.xcom_pull(task_ids='preprocess_data', dag_id='Medium_to_Pinecone', key='return_value') }}
[2025-11-16T05:56:11.969+0000] {processor.py:925} INFO - DAG(s) 'Medium_to_Pinecone' retrieved from /opt/airflow/dags/hw8.py
[2025-11-16T05:56:11.998+0000] {logging_mixin.py:190} INFO - [2025-11-16T05:56:11.997+0000] {dag.py:3229} INFO - Sync 1 DAGs
[2025-11-16T05:56:12.021+0000] {logging_mixin.py:190} INFO - [2025-11-16T05:56:12.021+0000] {dag.py:4156} INFO - Setting next_dagrun for Medium_to_Pinecone to 2025-11-13 00:00:00+00:00, run_after=2025-11-20 00:00:00+00:00
[2025-11-16T05:56:12.041+0000] {processor.py:208} INFO - Processing /opt/airflow/dags/hw8.py took 5.950 seconds
[2025-11-16T05:56:42.217+0000] {processor.py:186} INFO - Started process (PID=4120) to work on /opt/airflow/dags/hw8.py
[2025-11-16T05:56:42.219+0000] {processor.py:914} INFO - Processing file /opt/airflow/dags/hw8.py for tasks to queue
[2025-11-16T05:56:42.222+0000] {logging_mixin.py:190} INFO - [2025-11-16T05:56:42.222+0000] {dagbag.py:587} INFO - Filling up the DagBag from /opt/airflow/dags/hw8.py
[2025-11-16T05:56:48.489+0000] {logging_mixin.py:190} INFO - {{ task_instance.xcom_pull(task_ids='preprocess_data', dag_id='Medium_to_Pinecone', key='return_value') }}
[2025-11-16T05:56:48.495+0000] {processor.py:925} INFO - DAG(s) 'Medium_to_Pinecone' retrieved from /opt/airflow/dags/hw8.py
[2025-11-16T05:56:48.531+0000] {logging_mixin.py:190} INFO - [2025-11-16T05:56:48.530+0000] {dag.py:3229} INFO - Sync 1 DAGs
[2025-11-16T05:56:48.559+0000] {logging_mixin.py:190} INFO - [2025-11-16T05:56:48.559+0000] {dag.py:4156} INFO - Setting next_dagrun for Medium_to_Pinecone to 2025-11-13 00:00:00+00:00, run_after=2025-11-20 00:00:00+00:00
[2025-11-16T05:56:48.581+0000] {processor.py:208} INFO - Processing /opt/airflow/dags/hw8.py took 6.373 seconds
[2025-11-16T05:57:19.312+0000] {processor.py:186} INFO - Started process (PID=4158) to work on /opt/airflow/dags/hw8.py
[2025-11-16T05:57:19.314+0000] {processor.py:914} INFO - Processing file /opt/airflow/dags/hw8.py for tasks to queue
[2025-11-16T05:57:19.330+0000] {logging_mixin.py:190} INFO - [2025-11-16T05:57:19.329+0000] {dagbag.py:587} INFO - Filling up the DagBag from /opt/airflow/dags/hw8.py
[2025-11-16T05:57:26.675+0000] {logging_mixin.py:190} INFO - {{ task_instance.xcom_pull(task_ids='preprocess_data', dag_id='Medium_to_Pinecone', key='return_value') }}
[2025-11-16T05:57:26.680+0000] {processor.py:925} INFO - DAG(s) 'Medium_to_Pinecone' retrieved from /opt/airflow/dags/hw8.py
[2025-11-16T05:57:26.707+0000] {logging_mixin.py:190} INFO - [2025-11-16T05:57:26.706+0000] {dag.py:3229} INFO - Sync 1 DAGs
[2025-11-16T05:57:26.731+0000] {logging_mixin.py:190} INFO - [2025-11-16T05:57:26.731+0000] {dag.py:4156} INFO - Setting next_dagrun for Medium_to_Pinecone to 2025-11-13 00:00:00+00:00, run_after=2025-11-20 00:00:00+00:00
[2025-11-16T05:57:26.751+0000] {processor.py:208} INFO - Processing /opt/airflow/dags/hw8.py took 7.464 seconds
[2025-11-16T05:57:57.802+0000] {processor.py:186} INFO - Started process (PID=4210) to work on /opt/airflow/dags/hw8.py
[2025-11-16T05:57:57.803+0000] {processor.py:914} INFO - Processing file /opt/airflow/dags/hw8.py for tasks to queue
[2025-11-16T05:57:57.807+0000] {logging_mixin.py:190} INFO - [2025-11-16T05:57:57.806+0000] {dagbag.py:587} INFO - Filling up the DagBag from /opt/airflow/dags/hw8.py
[2025-11-16T05:58:03.412+0000] {logging_mixin.py:190} INFO - {{ task_instance.xcom_pull(task_ids='preprocess_data', dag_id='Medium_to_Pinecone', key='return_value') }}
[2025-11-16T05:58:03.415+0000] {processor.py:925} INFO - DAG(s) 'Medium_to_Pinecone' retrieved from /opt/airflow/dags/hw8.py
[2025-11-16T05:58:03.445+0000] {logging_mixin.py:190} INFO - [2025-11-16T05:58:03.444+0000] {dag.py:3229} INFO - Sync 1 DAGs
[2025-11-16T05:58:03.472+0000] {logging_mixin.py:190} INFO - [2025-11-16T05:58:03.471+0000] {dag.py:4156} INFO - Setting next_dagrun for Medium_to_Pinecone to 2025-11-13 00:00:00+00:00, run_after=2025-11-20 00:00:00+00:00
[2025-11-16T05:58:03.494+0000] {processor.py:208} INFO - Processing /opt/airflow/dags/hw8.py took 5.704 seconds
[2025-11-16T05:58:34.169+0000] {processor.py:186} INFO - Started process (PID=4248) to work on /opt/airflow/dags/hw8.py
[2025-11-16T05:58:34.170+0000] {processor.py:914} INFO - Processing file /opt/airflow/dags/hw8.py for tasks to queue
[2025-11-16T05:58:34.174+0000] {logging_mixin.py:190} INFO - [2025-11-16T05:58:34.174+0000] {dagbag.py:587} INFO - Filling up the DagBag from /opt/airflow/dags/hw8.py
[2025-11-16T05:58:40.186+0000] {logging_mixin.py:190} INFO - {{ task_instance.xcom_pull(task_ids='preprocess_data', dag_id='Medium_to_Pinecone', key='return_value') }}
[2025-11-16T05:58:40.192+0000] {processor.py:925} INFO - DAG(s) 'Medium_to_Pinecone' retrieved from /opt/airflow/dags/hw8.py
[2025-11-16T05:58:40.223+0000] {logging_mixin.py:190} INFO - [2025-11-16T05:58:40.223+0000] {dag.py:3229} INFO - Sync 1 DAGs
[2025-11-16T05:58:40.253+0000] {logging_mixin.py:190} INFO - [2025-11-16T05:58:40.253+0000] {dag.py:4156} INFO - Setting next_dagrun for Medium_to_Pinecone to 2025-11-13 00:00:00+00:00, run_after=2025-11-20 00:00:00+00:00
[2025-11-16T05:58:40.295+0000] {processor.py:208} INFO - Processing /opt/airflow/dags/hw8.py took 6.134 seconds
[2025-11-16T05:59:10.932+0000] {processor.py:186} INFO - Started process (PID=4291) to work on /opt/airflow/dags/hw8.py
[2025-11-16T05:59:10.934+0000] {processor.py:914} INFO - Processing file /opt/airflow/dags/hw8.py for tasks to queue
[2025-11-16T05:59:10.938+0000] {logging_mixin.py:190} INFO - [2025-11-16T05:59:10.938+0000] {dagbag.py:587} INFO - Filling up the DagBag from /opt/airflow/dags/hw8.py
[2025-11-16T05:59:21.964+0000] {logging_mixin.py:190} INFO - {{ task_instance.xcom_pull(task_ids='preprocess_data', dag_id='Medium_to_Pinecone', key='return_value') }}
[2025-11-16T05:59:21.973+0000] {processor.py:925} INFO - DAG(s) 'Medium_to_Pinecone' retrieved from /opt/airflow/dags/hw8.py
[2025-11-16T05:59:22.045+0000] {logging_mixin.py:190} INFO - [2025-11-16T05:59:22.044+0000] {dag.py:3229} INFO - Sync 1 DAGs
[2025-11-16T05:59:22.105+0000] {logging_mixin.py:190} INFO - [2025-11-16T05:59:22.105+0000] {dag.py:4156} INFO - Setting next_dagrun for Medium_to_Pinecone to 2025-11-13 00:00:00+00:00, run_after=2025-11-20 00:00:00+00:00
[2025-11-16T05:59:22.138+0000] {processor.py:208} INFO - Processing /opt/airflow/dags/hw8.py took 11.213 seconds
[2025-11-16T05:59:52.518+0000] {processor.py:186} INFO - Started process (PID=4340) to work on /opt/airflow/dags/hw8.py
[2025-11-16T05:59:52.520+0000] {processor.py:914} INFO - Processing file /opt/airflow/dags/hw8.py for tasks to queue
[2025-11-16T05:59:52.523+0000] {logging_mixin.py:190} INFO - [2025-11-16T05:59:52.523+0000] {dagbag.py:587} INFO - Filling up the DagBag from /opt/airflow/dags/hw8.py
[2025-11-16T06:00:00.080+0000] {logging_mixin.py:190} INFO - {{ task_instance.xcom_pull(task_ids='preprocess_data', dag_id='Medium_to_Pinecone', key='return_value') }}
[2025-11-16T06:00:00.084+0000] {processor.py:925} INFO - DAG(s) 'Medium_to_Pinecone' retrieved from /opt/airflow/dags/hw8.py
[2025-11-16T06:00:00.120+0000] {logging_mixin.py:190} INFO - [2025-11-16T06:00:00.120+0000] {dag.py:3229} INFO - Sync 1 DAGs
[2025-11-16T06:00:00.146+0000] {logging_mixin.py:190} INFO - [2025-11-16T06:00:00.146+0000] {dag.py:4156} INFO - Setting next_dagrun for Medium_to_Pinecone to 2025-11-13 00:00:00+00:00, run_after=2025-11-20 00:00:00+00:00
[2025-11-16T06:00:00.166+0000] {processor.py:208} INFO - Processing /opt/airflow/dags/hw8.py took 7.671 seconds
[2025-11-16T06:00:31.118+0000] {processor.py:186} INFO - Started process (PID=4388) to work on /opt/airflow/dags/hw8.py
[2025-11-16T06:00:31.120+0000] {processor.py:914} INFO - Processing file /opt/airflow/dags/hw8.py for tasks to queue
[2025-11-16T06:00:31.123+0000] {logging_mixin.py:190} INFO - [2025-11-16T06:00:31.123+0000] {dagbag.py:587} INFO - Filling up the DagBag from /opt/airflow/dags/hw8.py
[2025-11-16T06:00:37.018+0000] {logging_mixin.py:190} INFO - {{ task_instance.xcom_pull(task_ids='preprocess_data', dag_id='Medium_to_Pinecone', key='return_value') }}
[2025-11-16T06:00:37.022+0000] {processor.py:925} INFO - DAG(s) 'Medium_to_Pinecone' retrieved from /opt/airflow/dags/hw8.py
[2025-11-16T06:00:37.056+0000] {logging_mixin.py:190} INFO - [2025-11-16T06:00:37.055+0000] {dag.py:3229} INFO - Sync 1 DAGs
[2025-11-16T06:00:37.081+0000] {logging_mixin.py:190} INFO - [2025-11-16T06:00:37.080+0000] {dag.py:4156} INFO - Setting next_dagrun for Medium_to_Pinecone to 2025-11-13 00:00:00+00:00, run_after=2025-11-20 00:00:00+00:00
[2025-11-16T06:00:37.104+0000] {processor.py:208} INFO - Processing /opt/airflow/dags/hw8.py took 5.993 seconds
[2025-11-16T06:01:07.438+0000] {processor.py:186} INFO - Started process (PID=4426) to work on /opt/airflow/dags/hw8.py
[2025-11-16T06:01:07.440+0000] {processor.py:914} INFO - Processing file /opt/airflow/dags/hw8.py for tasks to queue
[2025-11-16T06:01:07.444+0000] {logging_mixin.py:190} INFO - [2025-11-16T06:01:07.443+0000] {dagbag.py:587} INFO - Filling up the DagBag from /opt/airflow/dags/hw8.py
[2025-11-16T06:01:13.394+0000] {logging_mixin.py:190} INFO - {{ task_instance.xcom_pull(task_ids='preprocess_data', dag_id='Medium_to_Pinecone', key='return_value') }}
[2025-11-16T06:01:13.399+0000] {processor.py:925} INFO - DAG(s) 'Medium_to_Pinecone' retrieved from /opt/airflow/dags/hw8.py
[2025-11-16T06:01:13.433+0000] {logging_mixin.py:190} INFO - [2025-11-16T06:01:13.433+0000] {dag.py:3229} INFO - Sync 1 DAGs
[2025-11-16T06:01:13.464+0000] {logging_mixin.py:190} INFO - [2025-11-16T06:01:13.464+0000] {dag.py:4156} INFO - Setting next_dagrun for Medium_to_Pinecone to 2025-11-13 00:00:00+00:00, run_after=2025-11-20 00:00:00+00:00
[2025-11-16T06:01:13.488+0000] {processor.py:208} INFO - Processing /opt/airflow/dags/hw8.py took 6.058 seconds
[2025-11-16T06:01:44.003+0000] {processor.py:186} INFO - Started process (PID=4464) to work on /opt/airflow/dags/hw8.py
[2025-11-16T06:01:44.004+0000] {processor.py:914} INFO - Processing file /opt/airflow/dags/hw8.py for tasks to queue
[2025-11-16T06:01:44.008+0000] {logging_mixin.py:190} INFO - [2025-11-16T06:01:44.007+0000] {dagbag.py:587} INFO - Filling up the DagBag from /opt/airflow/dags/hw8.py
[2025-11-16T06:01:49.667+0000] {logging_mixin.py:190} INFO - {{ task_instance.xcom_pull(task_ids='preprocess_data', dag_id='Medium_to_Pinecone', key='return_value') }}
[2025-11-16T06:01:49.672+0000] {processor.py:925} INFO - DAG(s) 'Medium_to_Pinecone' retrieved from /opt/airflow/dags/hw8.py
[2025-11-16T06:01:49.709+0000] {logging_mixin.py:190} INFO - [2025-11-16T06:01:49.708+0000] {dag.py:3229} INFO - Sync 1 DAGs
[2025-11-16T06:01:49.742+0000] {logging_mixin.py:190} INFO - [2025-11-16T06:01:49.742+0000] {dag.py:4156} INFO - Setting next_dagrun for Medium_to_Pinecone to 2025-11-13 00:00:00+00:00, run_after=2025-11-20 00:00:00+00:00
[2025-11-16T06:01:49.761+0000] {processor.py:208} INFO - Processing /opt/airflow/dags/hw8.py took 5.766 seconds
[2025-11-16T06:02:20.375+0000] {processor.py:186} INFO - Started process (PID=4502) to work on /opt/airflow/dags/hw8.py
[2025-11-16T06:02:20.377+0000] {processor.py:914} INFO - Processing file /opt/airflow/dags/hw8.py for tasks to queue
[2025-11-16T06:02:20.383+0000] {logging_mixin.py:190} INFO - [2025-11-16T06:02:20.382+0000] {dagbag.py:587} INFO - Filling up the DagBag from /opt/airflow/dags/hw8.py
[2025-11-16T06:02:26.227+0000] {logging_mixin.py:190} INFO - {{ task_instance.xcom_pull(task_ids='preprocess_data', dag_id='Medium_to_Pinecone', key='return_value') }}
[2025-11-16T06:02:26.231+0000] {processor.py:925} INFO - DAG(s) 'Medium_to_Pinecone' retrieved from /opt/airflow/dags/hw8.py
[2025-11-16T06:02:26.260+0000] {logging_mixin.py:190} INFO - [2025-11-16T06:02:26.259+0000] {dag.py:3229} INFO - Sync 1 DAGs
[2025-11-16T06:02:26.281+0000] {logging_mixin.py:190} INFO - [2025-11-16T06:02:26.281+0000] {dag.py:4156} INFO - Setting next_dagrun for Medium_to_Pinecone to 2025-11-13 00:00:00+00:00, run_after=2025-11-20 00:00:00+00:00
[2025-11-16T06:02:26.301+0000] {processor.py:208} INFO - Processing /opt/airflow/dags/hw8.py took 5.942 seconds
[2025-11-16T06:02:56.862+0000] {processor.py:186} INFO - Started process (PID=4551) to work on /opt/airflow/dags/hw8.py
[2025-11-16T06:02:56.863+0000] {processor.py:914} INFO - Processing file /opt/airflow/dags/hw8.py for tasks to queue
[2025-11-16T06:02:56.867+0000] {logging_mixin.py:190} INFO - [2025-11-16T06:02:56.866+0000] {dagbag.py:587} INFO - Filling up the DagBag from /opt/airflow/dags/hw8.py
[2025-11-16T06:03:04.396+0000] {logging_mixin.py:190} INFO - {{ task_instance.xcom_pull(task_ids='preprocess_data', dag_id='Medium_to_Pinecone', key='return_value') }}
[2025-11-16T06:03:04.405+0000] {processor.py:925} INFO - DAG(s) 'Medium_to_Pinecone' retrieved from /opt/airflow/dags/hw8.py
[2025-11-16T06:03:04.457+0000] {logging_mixin.py:190} INFO - [2025-11-16T06:03:04.456+0000] {dag.py:3229} INFO - Sync 1 DAGs
[2025-11-16T06:03:04.500+0000] {logging_mixin.py:190} INFO - [2025-11-16T06:03:04.499+0000] {dag.py:4156} INFO - Setting next_dagrun for Medium_to_Pinecone to 2025-11-13 00:00:00+00:00, run_after=2025-11-20 00:00:00+00:00
[2025-11-16T06:03:04.533+0000] {processor.py:208} INFO - Processing /opt/airflow/dags/hw8.py took 7.679 seconds
[2025-11-16T06:03:34.645+0000] {processor.py:186} INFO - Started process (PID=4604) to work on /opt/airflow/dags/hw8.py
[2025-11-16T06:03:34.647+0000] {processor.py:914} INFO - Processing file /opt/airflow/dags/hw8.py for tasks to queue
[2025-11-16T06:03:34.651+0000] {logging_mixin.py:190} INFO - [2025-11-16T06:03:34.650+0000] {dagbag.py:587} INFO - Filling up the DagBag from /opt/airflow/dags/hw8.py
[2025-11-16T06:03:42.693+0000] {logging_mixin.py:190} INFO - {{ task_instance.xcom_pull(task_ids='preprocess_data', dag_id='Medium_to_Pinecone', key='return_value') }}
[2025-11-16T06:03:42.701+0000] {processor.py:925} INFO - DAG(s) 'Medium_to_Pinecone' retrieved from /opt/airflow/dags/hw8.py
[2025-11-16T06:03:42.739+0000] {logging_mixin.py:190} INFO - [2025-11-16T06:03:42.738+0000] {dag.py:3229} INFO - Sync 1 DAGs
[2025-11-16T06:03:42.772+0000] {logging_mixin.py:190} INFO - [2025-11-16T06:03:42.772+0000] {dag.py:4156} INFO - Setting next_dagrun for Medium_to_Pinecone to 2025-11-13 00:00:00+00:00, run_after=2025-11-20 00:00:00+00:00
[2025-11-16T06:03:42.797+0000] {processor.py:208} INFO - Processing /opt/airflow/dags/hw8.py took 8.163 seconds
[2025-11-16T06:04:13.370+0000] {processor.py:186} INFO - Started process (PID=4642) to work on /opt/airflow/dags/hw8.py
[2025-11-16T06:04:13.371+0000] {processor.py:914} INFO - Processing file /opt/airflow/dags/hw8.py for tasks to queue
[2025-11-16T06:04:13.375+0000] {logging_mixin.py:190} INFO - [2025-11-16T06:04:13.375+0000] {dagbag.py:587} INFO - Filling up the DagBag from /opt/airflow/dags/hw8.py
[2025-11-16T06:04:21.185+0000] {logging_mixin.py:190} INFO - {{ task_instance.xcom_pull(task_ids='preprocess_data', dag_id='Medium_to_Pinecone', key='return_value') }}
[2025-11-16T06:04:21.190+0000] {processor.py:925} INFO - DAG(s) 'Medium_to_Pinecone' retrieved from /opt/airflow/dags/hw8.py
[2025-11-16T06:04:21.231+0000] {logging_mixin.py:190} INFO - [2025-11-16T06:04:21.230+0000] {dag.py:3229} INFO - Sync 1 DAGs
[2025-11-16T06:04:21.270+0000] {logging_mixin.py:190} INFO - [2025-11-16T06:04:21.270+0000] {dag.py:4156} INFO - Setting next_dagrun for Medium_to_Pinecone to 2025-11-13 00:00:00+00:00, run_after=2025-11-20 00:00:00+00:00
[2025-11-16T06:04:21.306+0000] {processor.py:208} INFO - Processing /opt/airflow/dags/hw8.py took 7.946 seconds
[2025-11-16T06:04:52.065+0000] {processor.py:186} INFO - Started process (PID=4680) to work on /opt/airflow/dags/hw8.py
[2025-11-16T06:04:52.067+0000] {processor.py:914} INFO - Processing file /opt/airflow/dags/hw8.py for tasks to queue
[2025-11-16T06:04:52.071+0000] {logging_mixin.py:190} INFO - [2025-11-16T06:04:52.070+0000] {dagbag.py:587} INFO - Filling up the DagBag from /opt/airflow/dags/hw8.py
[2025-11-16T06:05:04.729+0000] {logging_mixin.py:190} INFO - {{ task_instance.xcom_pull(task_ids='preprocess_data', dag_id='Medium_to_Pinecone', key='return_value') }}
[2025-11-16T06:05:04.750+0000] {processor.py:925} INFO - DAG(s) 'Medium_to_Pinecone' retrieved from /opt/airflow/dags/hw8.py
[2025-11-16T06:05:04.823+0000] {logging_mixin.py:190} INFO - [2025-11-16T06:05:04.821+0000] {dag.py:3229} INFO - Sync 1 DAGs
[2025-11-16T06:05:04.882+0000] {logging_mixin.py:190} INFO - [2025-11-16T06:05:04.882+0000] {dag.py:4156} INFO - Setting next_dagrun for Medium_to_Pinecone to 2025-11-13 00:00:00+00:00, run_after=2025-11-20 00:00:00+00:00
[2025-11-16T06:05:04.923+0000] {processor.py:208} INFO - Processing /opt/airflow/dags/hw8.py took 12.871 seconds
[2025-11-16T06:35:28.103+0000] {processor.py:186} INFO - Started process (PID=4730) to work on /opt/airflow/dags/hw8.py
[2025-11-16T06:35:28.113+0000] {processor.py:914} INFO - Processing file /opt/airflow/dags/hw8.py for tasks to queue
[2025-11-16T06:35:28.127+0000] {logging_mixin.py:190} INFO - [2025-11-16T06:35:28.125+0000] {dagbag.py:587} INFO - Filling up the DagBag from /opt/airflow/dags/hw8.py
[2025-11-16T06:53:55.693+0000] {processor.py:186} INFO - Started process (PID=4768) to work on /opt/airflow/dags/hw8.py
[2025-11-16T06:53:55.801+0000] {processor.py:914} INFO - Processing file /opt/airflow/dags/hw8.py for tasks to queue
[2025-11-16T06:53:55.866+0000] {logging_mixin.py:190} INFO - [2025-11-16T06:53:55.865+0000] {dagbag.py:587} INFO - Filling up the DagBag from /opt/airflow/dags/hw8.py
[2025-11-16T06:54:34.487+0000] {logging_mixin.py:190} INFO - [2025-11-16T06:54:34.479+0000] {timeout.py:68} ERROR - Process timed out, PID: 4768
[2025-11-16T07:34:55.080+0000] {processor.py:186} INFO - Started process (PID=4846) to work on /opt/airflow/dags/hw8.py
[2025-11-16T07:34:55.082+0000] {processor.py:914} INFO - Processing file /opt/airflow/dags/hw8.py for tasks to queue
[2025-11-16T07:34:55.092+0000] {logging_mixin.py:190} INFO - [2025-11-16T07:34:55.088+0000] {dagbag.py:587} INFO - Filling up the DagBag from /opt/airflow/dags/hw8.py
[2025-11-16T07:35:17.067+0000] {logging_mixin.py:190} INFO - {{ task_instance.xcom_pull(task_ids='preprocess_data', dag_id='Medium_to_Pinecone', key='return_value') }}
[2025-11-16T07:35:17.071+0000] {processor.py:925} INFO - DAG(s) 'Medium_to_Pinecone' retrieved from /opt/airflow/dags/hw8.py
[2025-11-16T07:35:17.289+0000] {logging_mixin.py:190} INFO - [2025-11-16T07:35:17.288+0000] {dag.py:3229} INFO - Sync 1 DAGs
[2025-11-16T07:35:17.436+0000] {logging_mixin.py:190} INFO - [2025-11-16T07:35:17.435+0000] {dag.py:4156} INFO - Setting next_dagrun for Medium_to_Pinecone to 2025-11-13 00:00:00+00:00, run_after=2025-11-20 00:00:00+00:00
[2025-11-16T07:35:17.515+0000] {processor.py:208} INFO - Processing /opt/airflow/dags/hw8.py took 22.392 seconds
[2025-11-16T07:35:48.684+0000] {processor.py:186} INFO - Started process (PID=4907) to work on /opt/airflow/dags/hw8.py
[2025-11-16T07:35:48.686+0000] {processor.py:914} INFO - Processing file /opt/airflow/dags/hw8.py for tasks to queue
[2025-11-16T07:35:48.690+0000] {logging_mixin.py:190} INFO - [2025-11-16T07:35:48.690+0000] {dagbag.py:587} INFO - Filling up the DagBag from /opt/airflow/dags/hw8.py
[2025-11-16T07:35:56.682+0000] {logging_mixin.py:190} INFO - {{ task_instance.xcom_pull(task_ids='preprocess_data', dag_id='Medium_to_Pinecone', key='return_value') }}
[2025-11-16T07:35:56.686+0000] {processor.py:925} INFO - DAG(s) 'Medium_to_Pinecone' retrieved from /opt/airflow/dags/hw8.py
[2025-11-16T07:35:56.726+0000] {logging_mixin.py:190} INFO - [2025-11-16T07:35:56.725+0000] {dag.py:3229} INFO - Sync 1 DAGs
[2025-11-16T07:35:56.756+0000] {logging_mixin.py:190} INFO - [2025-11-16T07:35:56.756+0000] {dag.py:4156} INFO - Setting next_dagrun for Medium_to_Pinecone to 2025-11-13 00:00:00+00:00, run_after=2025-11-20 00:00:00+00:00
[2025-11-16T07:35:56.781+0000] {processor.py:208} INFO - Processing /opt/airflow/dags/hw8.py took 8.106 seconds
[2025-11-16T07:36:27.297+0000] {processor.py:186} INFO - Started process (PID=4951) to work on /opt/airflow/dags/hw8.py
[2025-11-16T07:36:27.299+0000] {processor.py:914} INFO - Processing file /opt/airflow/dags/hw8.py for tasks to queue
[2025-11-16T07:36:27.301+0000] {logging_mixin.py:190} INFO - [2025-11-16T07:36:27.301+0000] {dagbag.py:587} INFO - Filling up the DagBag from /opt/airflow/dags/hw8.py
[2025-11-16T07:36:35.204+0000] {logging_mixin.py:190} INFO - {{ task_instance.xcom_pull(task_ids='preprocess_data', dag_id='Medium_to_Pinecone', key='return_value') }}
[2025-11-16T07:36:35.207+0000] {processor.py:925} INFO - DAG(s) 'Medium_to_Pinecone' retrieved from /opt/airflow/dags/hw8.py
[2025-11-16T07:36:35.246+0000] {logging_mixin.py:190} INFO - [2025-11-16T07:36:35.246+0000] {dag.py:3229} INFO - Sync 1 DAGs
[2025-11-16T07:36:35.275+0000] {logging_mixin.py:190} INFO - [2025-11-16T07:36:35.275+0000] {dag.py:4156} INFO - Setting next_dagrun for Medium_to_Pinecone to 2025-11-13 00:00:00+00:00, run_after=2025-11-20 00:00:00+00:00
[2025-11-16T07:36:35.300+0000] {processor.py:208} INFO - Processing /opt/airflow/dags/hw8.py took 8.014 seconds
[2025-11-16T07:37:05.902+0000] {processor.py:186} INFO - Started process (PID=4989) to work on /opt/airflow/dags/hw8.py
[2025-11-16T07:37:05.904+0000] {processor.py:914} INFO - Processing file /opt/airflow/dags/hw8.py for tasks to queue
[2025-11-16T07:37:05.906+0000] {logging_mixin.py:190} INFO - [2025-11-16T07:37:05.906+0000] {dagbag.py:587} INFO - Filling up the DagBag from /opt/airflow/dags/hw8.py
[2025-11-16T07:37:13.706+0000] {logging_mixin.py:190} INFO - {{ task_instance.xcom_pull(task_ids='preprocess_data', dag_id='Medium_to_Pinecone', key='return_value') }}
[2025-11-16T07:37:13.710+0000] {processor.py:925} INFO - DAG(s) 'Medium_to_Pinecone' retrieved from /opt/airflow/dags/hw8.py
[2025-11-16T07:37:13.751+0000] {logging_mixin.py:190} INFO - [2025-11-16T07:37:13.750+0000] {dag.py:3229} INFO - Sync 1 DAGs
[2025-11-16T07:37:13.780+0000] {logging_mixin.py:190} INFO - [2025-11-16T07:37:13.780+0000] {dag.py:4156} INFO - Setting next_dagrun for Medium_to_Pinecone to 2025-11-13 00:00:00+00:00, run_after=2025-11-20 00:00:00+00:00
[2025-11-16T07:37:13.805+0000] {processor.py:208} INFO - Processing /opt/airflow/dags/hw8.py took 7.913 seconds
[2025-11-16T07:37:44.544+0000] {processor.py:186} INFO - Started process (PID=5037) to work on /opt/airflow/dags/hw8.py
[2025-11-16T07:37:44.546+0000] {processor.py:914} INFO - Processing file /opt/airflow/dags/hw8.py for tasks to queue
[2025-11-16T07:37:44.548+0000] {logging_mixin.py:190} INFO - [2025-11-16T07:37:44.547+0000] {dagbag.py:587} INFO - Filling up the DagBag from /opt/airflow/dags/hw8.py
[2025-11-16T07:37:52.844+0000] {logging_mixin.py:190} INFO - {{ task_instance.xcom_pull(task_ids='preprocess_data', dag_id='Medium_to_Pinecone', key='return_value') }}
[2025-11-16T07:37:52.847+0000] {processor.py:925} INFO - DAG(s) 'Medium_to_Pinecone' retrieved from /opt/airflow/dags/hw8.py
[2025-11-16T07:37:52.881+0000] {logging_mixin.py:190} INFO - [2025-11-16T07:37:52.880+0000] {dag.py:3229} INFO - Sync 1 DAGs
[2025-11-16T07:37:52.910+0000] {logging_mixin.py:190} INFO - [2025-11-16T07:37:52.910+0000] {dag.py:4156} INFO - Setting next_dagrun for Medium_to_Pinecone to 2025-11-13 00:00:00+00:00, run_after=2025-11-20 00:00:00+00:00
[2025-11-16T07:37:52.934+0000] {processor.py:208} INFO - Processing /opt/airflow/dags/hw8.py took 8.399 seconds
[2025-11-16T08:59:36.749+0000] {processor.py:186} INFO - Started process (PID=5073) to work on /opt/airflow/dags/hw8.py
[2025-11-16T08:59:36.755+0000] {processor.py:914} INFO - Processing file /opt/airflow/dags/hw8.py for tasks to queue
[2025-11-16T08:59:36.763+0000] {logging_mixin.py:190} INFO - [2025-11-16T08:59:36.762+0000] {dagbag.py:587} INFO - Filling up the DagBag from /opt/airflow/dags/hw8.py
[2025-11-16T08:59:51.476+0000] {logging_mixin.py:190} INFO - {{ task_instance.xcom_pull(task_ids='preprocess_data', dag_id='Medium_to_Pinecone', key='return_value') }}
[2025-11-16T08:59:51.500+0000] {processor.py:925} INFO - DAG(s) 'Medium_to_Pinecone' retrieved from /opt/airflow/dags/hw8.py
[2025-11-16T08:59:51.811+0000] {logging_mixin.py:190} INFO - [2025-11-16T08:59:51.805+0000] {dag.py:3229} INFO - Sync 1 DAGs
[2025-11-16T08:59:52.090+0000] {logging_mixin.py:190} INFO - [2025-11-16T08:59:52.088+0000] {dag.py:4156} INFO - Setting next_dagrun for Medium_to_Pinecone to 2025-11-13 00:00:00+00:00, run_after=2025-11-20 00:00:00+00:00
[2025-11-16T08:59:52.269+0000] {processor.py:208} INFO - Processing /opt/airflow/dags/hw8.py took 15.561 seconds
[2025-11-16T09:00:23.529+0000] {processor.py:186} INFO - Started process (PID=5131) to work on /opt/airflow/dags/hw8.py
[2025-11-16T09:00:23.556+0000] {processor.py:914} INFO - Processing file /opt/airflow/dags/hw8.py for tasks to queue
[2025-11-16T09:00:23.581+0000] {logging_mixin.py:190} INFO - [2025-11-16T09:00:23.573+0000] {dagbag.py:587} INFO - Filling up the DagBag from /opt/airflow/dags/hw8.py
[2025-11-16T09:00:42.366+0000] {logging_mixin.py:190} INFO - {{ task_instance.xcom_pull(task_ids='preprocess_data', dag_id='Medium_to_Pinecone', key='return_value') }}
[2025-11-16T09:00:42.372+0000] {processor.py:925} INFO - DAG(s) 'Medium_to_Pinecone' retrieved from /opt/airflow/dags/hw8.py
[2025-11-16T09:00:42.407+0000] {logging_mixin.py:190} INFO - [2025-11-16T09:00:42.406+0000] {dag.py:3229} INFO - Sync 1 DAGs
[2025-11-16T09:00:42.435+0000] {logging_mixin.py:190} INFO - [2025-11-16T09:00:42.434+0000] {dag.py:4156} INFO - Setting next_dagrun for Medium_to_Pinecone to 2025-11-13 00:00:00+00:00, run_after=2025-11-20 00:00:00+00:00
[2025-11-16T09:00:42.458+0000] {processor.py:208} INFO - Processing /opt/airflow/dags/hw8.py took 19.056 seconds
[2025-11-16T09:01:12.822+0000] {processor.py:186} INFO - Started process (PID=5185) to work on /opt/airflow/dags/hw8.py
[2025-11-16T09:01:12.825+0000] {processor.py:914} INFO - Processing file /opt/airflow/dags/hw8.py for tasks to queue
[2025-11-16T09:01:12.827+0000] {logging_mixin.py:190} INFO - [2025-11-16T09:01:12.827+0000] {dagbag.py:587} INFO - Filling up the DagBag from /opt/airflow/dags/hw8.py
[2025-11-16T09:01:20.195+0000] {logging_mixin.py:190} INFO - {{ task_instance.xcom_pull(task_ids='preprocess_data', dag_id='Medium_to_Pinecone', key='return_value') }}
[2025-11-16T09:01:20.197+0000] {processor.py:925} INFO - DAG(s) 'Medium_to_Pinecone' retrieved from /opt/airflow/dags/hw8.py
[2025-11-16T09:01:20.231+0000] {logging_mixin.py:190} INFO - [2025-11-16T09:01:20.230+0000] {dag.py:3229} INFO - Sync 1 DAGs
[2025-11-16T09:01:20.258+0000] {logging_mixin.py:190} INFO - [2025-11-16T09:01:20.258+0000] {dag.py:4156} INFO - Setting next_dagrun for Medium_to_Pinecone to 2025-11-13 00:00:00+00:00, run_after=2025-11-20 00:00:00+00:00
[2025-11-16T09:01:20.282+0000] {processor.py:208} INFO - Processing /opt/airflow/dags/hw8.py took 7.471 seconds
[2025-11-16T09:01:50.588+0000] {processor.py:186} INFO - Started process (PID=5227) to work on /opt/airflow/dags/hw8.py
[2025-11-16T09:01:50.590+0000] {processor.py:914} INFO - Processing file /opt/airflow/dags/hw8.py for tasks to queue
[2025-11-16T09:01:50.592+0000] {logging_mixin.py:190} INFO - [2025-11-16T09:01:50.591+0000] {dagbag.py:587} INFO - Filling up the DagBag from /opt/airflow/dags/hw8.py
[2025-11-16T09:01:58.863+0000] {logging_mixin.py:190} INFO - {{ task_instance.xcom_pull(task_ids='preprocess_data', dag_id='Medium_to_Pinecone', key='return_value') }}
[2025-11-16T09:01:58.866+0000] {processor.py:925} INFO - DAG(s) 'Medium_to_Pinecone' retrieved from /opt/airflow/dags/hw8.py
[2025-11-16T09:01:58.923+0000] {logging_mixin.py:190} INFO - [2025-11-16T09:01:58.922+0000] {dag.py:3229} INFO - Sync 1 DAGs
[2025-11-16T09:01:58.954+0000] {logging_mixin.py:190} INFO - [2025-11-16T09:01:58.953+0000] {dag.py:4156} INFO - Setting next_dagrun for Medium_to_Pinecone to 2025-11-13 00:00:00+00:00, run_after=2025-11-20 00:00:00+00:00
[2025-11-16T09:01:59.008+0000] {processor.py:208} INFO - Processing /opt/airflow/dags/hw8.py took 8.429 seconds
[2025-11-16T09:38:15.503+0000] {processor.py:186} INFO - Started process (PID=5252) to work on /opt/airflow/dags/hw8.py
[2025-11-16T09:38:15.508+0000] {processor.py:914} INFO - Processing file /opt/airflow/dags/hw8.py for tasks to queue
[2025-11-16T09:38:15.513+0000] {logging_mixin.py:190} INFO - [2025-11-16T09:38:15.512+0000] {dagbag.py:587} INFO - Filling up the DagBag from /opt/airflow/dags/hw8.py
[2025-11-16T10:39:16.144+0000] {logging_mixin.py:190} INFO - [2025-11-16T10:39:16.136+0000] {timeout.py:68} ERROR - Process timed out, PID: 5252
[2025-11-16T10:39:18.156+0000] {processor.py:186} INFO - Started process (PID=5299) to work on /opt/airflow/dags/hw8.py
[2025-11-16T10:39:18.159+0000] {processor.py:914} INFO - Processing file /opt/airflow/dags/hw8.py for tasks to queue
[2025-11-16T10:39:18.162+0000] {logging_mixin.py:190} INFO - [2025-11-16T10:39:18.162+0000] {dagbag.py:587} INFO - Filling up the DagBag from /opt/airflow/dags/hw8.py
[2025-11-16T11:40:17.227+0000] {logging_mixin.py:190} INFO - [2025-11-16T11:40:17.224+0000] {timeout.py:68} ERROR - Process timed out, PID: 5299
[2025-11-16T12:41:19.163+0000] {processor.py:186} INFO - Started process (PID=5372) to work on /opt/airflow/dags/hw8.py
[2025-11-16T12:41:19.166+0000] {processor.py:914} INFO - Processing file /opt/airflow/dags/hw8.py for tasks to queue
[2025-11-16T12:41:19.171+0000] {logging_mixin.py:190} INFO - [2025-11-16T12:41:19.170+0000] {dagbag.py:587} INFO - Filling up the DagBag from /opt/airflow/dags/hw8.py
[2025-11-16T12:51:51.393+0000] {logging_mixin.py:190} INFO - [2025-11-16T12:51:51.391+0000] {timeout.py:68} ERROR - Process timed out, PID: 5372
[2025-11-16T13:42:19.327+0000] {processor.py:186} INFO - Started process (PID=5444) to work on /opt/airflow/dags/hw8.py
[2025-11-16T13:42:19.330+0000] {processor.py:914} INFO - Processing file /opt/airflow/dags/hw8.py for tasks to queue
[2025-11-16T13:42:19.337+0000] {logging_mixin.py:190} INFO - [2025-11-16T13:42:19.336+0000] {dagbag.py:587} INFO - Filling up the DagBag from /opt/airflow/dags/hw8.py
[2025-11-16T14:43:21.367+0000] {logging_mixin.py:190} INFO - [2025-11-16T14:43:21.296+0000] {timeout.py:68} ERROR - Process timed out, PID: 5444
[2025-11-16T14:43:22.523+0000] {processor.py:186} INFO - Started process (PID=5489) to work on /opt/airflow/dags/hw8.py
[2025-11-16T14:43:22.527+0000] {processor.py:914} INFO - Processing file /opt/airflow/dags/hw8.py for tasks to queue
[2025-11-16T14:43:22.531+0000] {logging_mixin.py:190} INFO - [2025-11-16T14:43:22.530+0000] {dagbag.py:587} INFO - Filling up the DagBag from /opt/airflow/dags/hw8.py
[2025-11-16T15:08:09.368+0000] {logging_mixin.py:190} INFO - [2025-11-16T15:08:09.357+0000] {timeout.py:68} ERROR - Process timed out, PID: 5489
[2025-11-16T15:08:12.066+0000] {processor.py:186} INFO - Started process (PID=5537) to work on /opt/airflow/dags/hw8.py
[2025-11-16T15:08:12.069+0000] {processor.py:914} INFO - Processing file /opt/airflow/dags/hw8.py for tasks to queue
[2025-11-16T15:08:12.071+0000] {logging_mixin.py:190} INFO - [2025-11-16T15:08:12.070+0000] {dagbag.py:587} INFO - Filling up the DagBag from /opt/airflow/dags/hw8.py
[2025-11-16T15:44:22.045+0000] {logging_mixin.py:190} INFO - [2025-11-16T15:44:22.044+0000] {timeout.py:68} ERROR - Process timed out, PID: 5537
[2025-11-16T16:45:24.568+0000] {processor.py:186} INFO - Started process (PID=5609) to work on /opt/airflow/dags/hw8.py
[2025-11-16T16:45:24.577+0000] {processor.py:914} INFO - Processing file /opt/airflow/dags/hw8.py for tasks to queue
[2025-11-16T16:45:24.586+0000] {logging_mixin.py:190} INFO - [2025-11-16T16:45:24.585+0000] {dagbag.py:587} INFO - Filling up the DagBag from /opt/airflow/dags/hw8.py
[2025-11-16T17:46:24.785+0000] {logging_mixin.py:190} INFO - [2025-11-16T17:46:24.781+0000] {timeout.py:68} ERROR - Process timed out, PID: 5609
[2025-11-16T18:47:27.219+0000] {processor.py:186} INFO - Started process (PID=5677) to work on /opt/airflow/dags/hw8.py
[2025-11-16T18:47:27.234+0000] {processor.py:914} INFO - Processing file /opt/airflow/dags/hw8.py for tasks to queue
[2025-11-16T18:47:27.242+0000] {logging_mixin.py:190} INFO - [2025-11-16T18:47:27.241+0000] {dagbag.py:587} INFO - Filling up the DagBag from /opt/airflow/dags/hw8.py
[2025-11-16T19:38:29.419+0000] {logging_mixin.py:190} INFO - [2025-11-16T19:38:29.416+0000] {timeout.py:68} ERROR - Process timed out, PID: 5677
[2025-11-16T19:38:31.618+0000] {processor.py:186} INFO - Started process (PID=5723) to work on /opt/airflow/dags/hw8.py
[2025-11-16T19:38:31.621+0000] {processor.py:914} INFO - Processing file /opt/airflow/dags/hw8.py for tasks to queue
[2025-11-16T19:38:31.625+0000] {logging_mixin.py:190} INFO - [2025-11-16T19:38:31.624+0000] {dagbag.py:587} INFO - Filling up the DagBag from /opt/airflow/dags/hw8.py
[2025-11-16T20:49:30.083+0000] {processor.py:186} INFO - Started process (PID=5793) to work on /opt/airflow/dags/hw8.py
[2025-11-16T20:49:30.092+0000] {processor.py:914} INFO - Processing file /opt/airflow/dags/hw8.py for tasks to queue
[2025-11-16T20:49:30.106+0000] {logging_mixin.py:190} INFO - [2025-11-16T20:49:30.105+0000] {dagbag.py:587} INFO - Filling up the DagBag from /opt/airflow/dags/hw8.py
[2025-11-16T20:49:37.878+0000] {logging_mixin.py:190} INFO - {{ task_instance.xcom_pull(task_ids='preprocess_data', dag_id='Medium_to_Pinecone', key='return_value') }}
[2025-11-16T20:49:37.883+0000] {processor.py:925} INFO - DAG(s) 'Medium_to_Pinecone' retrieved from /opt/airflow/dags/hw8.py
[2025-11-16T20:49:38.049+0000] {logging_mixin.py:190} INFO - [2025-11-16T20:49:38.048+0000] {dag.py:3229} INFO - Sync 1 DAGs
[2025-11-16T20:49:38.075+0000] {logging_mixin.py:190} INFO - [2025-11-16T20:49:38.075+0000] {dag.py:4156} INFO - Setting next_dagrun for Medium_to_Pinecone to 2025-11-13 00:00:00+00:00, run_after=2025-11-20 00:00:00+00:00
[2025-11-16T20:49:38.100+0000] {processor.py:208} INFO - Processing /opt/airflow/dags/hw8.py took 8.051 seconds
[2025-11-16T21:04:54.325+0000] {processor.py:186} INFO - Started process (PID=5832) to work on /opt/airflow/dags/hw8.py
[2025-11-16T21:04:54.330+0000] {processor.py:914} INFO - Processing file /opt/airflow/dags/hw8.py for tasks to queue
[2025-11-16T21:04:54.339+0000] {logging_mixin.py:190} INFO - [2025-11-16T21:04:54.336+0000] {dagbag.py:587} INFO - Filling up the DagBag from /opt/airflow/dags/hw8.py
[2025-11-16T21:05:01.870+0000] {logging_mixin.py:190} INFO - {{ task_instance.xcom_pull(task_ids='preprocess_data', dag_id='Medium_to_Pinecone', key='return_value') }}
[2025-11-16T21:05:01.873+0000] {processor.py:925} INFO - DAG(s) 'Medium_to_Pinecone' retrieved from /opt/airflow/dags/hw8.py
[2025-11-16T21:05:01.906+0000] {logging_mixin.py:190} INFO - [2025-11-16T21:05:01.905+0000] {dag.py:3229} INFO - Sync 1 DAGs
[2025-11-16T21:05:01.933+0000] {logging_mixin.py:190} INFO - [2025-11-16T21:05:01.933+0000] {dag.py:4156} INFO - Setting next_dagrun for Medium_to_Pinecone to 2025-11-13 00:00:00+00:00, run_after=2025-11-20 00:00:00+00:00
[2025-11-16T21:05:01.955+0000] {processor.py:208} INFO - Processing /opt/airflow/dags/hw8.py took 7.650 seconds
[2025-11-16T21:50:31.972+0000] {processor.py:186} INFO - Started process (PID=5885) to work on /opt/airflow/dags/hw8.py
[2025-11-16T21:50:31.974+0000] {processor.py:914} INFO - Processing file /opt/airflow/dags/hw8.py for tasks to queue
[2025-11-16T21:50:31.977+0000] {logging_mixin.py:190} INFO - [2025-11-16T21:50:31.976+0000] {dagbag.py:587} INFO - Filling up the DagBag from /opt/airflow/dags/hw8.py
[2025-11-16T22:51:31.919+0000] {logging_mixin.py:190} INFO - [2025-11-16T22:51:31.918+0000] {timeout.py:68} ERROR - Process timed out, PID: 5885
[2025-11-16T22:51:33.035+0000] {processor.py:186} INFO - Started process (PID=5934) to work on /opt/airflow/dags/hw8.py
[2025-11-16T22:51:33.037+0000] {processor.py:914} INFO - Processing file /opt/airflow/dags/hw8.py for tasks to queue
[2025-11-16T22:51:33.040+0000] {logging_mixin.py:190} INFO - [2025-11-16T22:51:33.040+0000] {dagbag.py:587} INFO - Filling up the DagBag from /opt/airflow/dags/hw8.py
[2025-11-16T23:51:09.254+0000] {logging_mixin.py:190} INFO - [2025-11-16T23:51:09.244+0000] {timeout.py:68} ERROR - Process timed out, PID: 5934
[2025-11-16T23:52:32.661+0000] {processor.py:186} INFO - Started process (PID=6007) to work on /opt/airflow/dags/hw8.py
[2025-11-16T23:52:32.666+0000] {processor.py:914} INFO - Processing file /opt/airflow/dags/hw8.py for tasks to queue
[2025-11-16T23:52:32.687+0000] {logging_mixin.py:190} INFO - [2025-11-16T23:52:32.673+0000] {dagbag.py:587} INFO - Filling up the DagBag from /opt/airflow/dags/hw8.py
[2025-11-16T23:52:40.433+0000] {logging_mixin.py:190} INFO - {{ task_instance.xcom_pull(task_ids='preprocess_data', dag_id='Medium_to_Pinecone', key='return_value') }}
[2025-11-16T23:52:40.437+0000] {processor.py:925} INFO - DAG(s) 'Medium_to_Pinecone' retrieved from /opt/airflow/dags/hw8.py
[2025-11-16T23:52:40.604+0000] {logging_mixin.py:190} INFO - [2025-11-16T23:52:40.604+0000] {dag.py:3229} INFO - Sync 1 DAGs
[2025-11-16T23:52:40.629+0000] {logging_mixin.py:190} INFO - [2025-11-16T23:52:40.628+0000] {dag.py:4156} INFO - Setting next_dagrun for Medium_to_Pinecone to 2025-11-13 00:00:00+00:00, run_after=2025-11-20 00:00:00+00:00
[2025-11-16T23:52:40.653+0000] {processor.py:208} INFO - Processing /opt/airflow/dags/hw8.py took 8.008 seconds
[2025-11-16T23:53:10.849+0000] {processor.py:186} INFO - Started process (PID=6065) to work on /opt/airflow/dags/hw8.py
[2025-11-16T23:53:10.851+0000] {processor.py:914} INFO - Processing file /opt/airflow/dags/hw8.py for tasks to queue
[2025-11-16T23:53:10.853+0000] {logging_mixin.py:190} INFO - [2025-11-16T23:53:10.852+0000] {dagbag.py:587} INFO - Filling up the DagBag from /opt/airflow/dags/hw8.py
[2025-11-17T00:53:33.408+0000] {logging_mixin.py:190} INFO - [2025-11-17T00:53:33.407+0000] {timeout.py:68} ERROR - Process timed out, PID: 6065
