[2025-11-25T05:41:24.936+0000] {local_task_job_runner.py:123} INFO - ::group::Pre task execution logs
[2025-11-25T05:41:24.955+0000] {taskinstance.py:2612} INFO - Dependencies all met for dep_context=non-requeueable deps ti=<TaskInstance: stock_prices_dag_etl_lab1.transform__1 manual__2025-11-25T05:41:18.507233+00:00 [queued]>
[2025-11-25T05:41:24.963+0000] {taskinstance.py:2612} INFO - Dependencies all met for dep_context=requeueable deps ti=<TaskInstance: stock_prices_dag_etl_lab1.transform__1 manual__2025-11-25T05:41:18.507233+00:00 [queued]>
[2025-11-25T05:41:24.964+0000] {taskinstance.py:2865} INFO - Starting attempt 1 of 1
[2025-11-25T05:41:24.978+0000] {taskinstance.py:2888} INFO - Executing <Task(_PythonDecoratedOperator): transform__1> on 2025-11-25 05:41:18.507233+00:00
[2025-11-25T05:41:24.994+0000] {logging_mixin.py:190} WARNING - /home/***/.local/lib/python3.12/site-packages/***/task/task_runner/standard_task_runner.py:70 DeprecationWarning: This process (pid=44096) is multi-threaded, use of fork() may lead to deadlocks in the child.
[2025-11-25T05:41:24.996+0000] {standard_task_runner.py:72} INFO - Started process 44102 to run task
[2025-11-25T05:41:24.995+0000] {standard_task_runner.py:104} INFO - Running: ['***', 'tasks', 'run', 'stock_prices_dag_etl_lab1', 'transform__1', 'manual__2025-11-25T05:41:18.507233+00:00', '--job-id', '178', '--raw', '--subdir', 'DAGS_FOLDER/lab1_pipeline.py', '--cfg-path', '/tmp/tmp606dlkpm']
[2025-11-25T05:41:24.998+0000] {standard_task_runner.py:105} INFO - Job 178: Subtask transform__1
[2025-11-25T05:41:25.075+0000] {task_command.py:467} INFO - Running <TaskInstance: stock_prices_dag_etl_lab1.transform__1 manual__2025-11-25T05:41:18.507233+00:00 [running]> on host b29649a78690
[2025-11-25T05:41:25.488+0000] {taskinstance.py:3131} INFO - Exporting env vars: AIRFLOW_CTX_DAG_OWNER='***' AIRFLOW_CTX_DAG_ID='stock_prices_dag_etl_lab1' AIRFLOW_CTX_TASK_ID='transform__1' AIRFLOW_CTX_EXECUTION_DATE='2025-11-25T05:41:18.507233+00:00' AIRFLOW_CTX_TRY_NUMBER='1' AIRFLOW_CTX_DAG_RUN_ID='manual__2025-11-25T05:41:18.507233+00:00'
[2025-11-25T05:41:25.490+0000] {taskinstance.py:731} INFO - ::endgroup::
[2025-11-25T05:41:25.494+0000] {python.py:240} INFO - Done. Returned value was:     symbol        date        open  ...         low        high     volume
0     NVDA  2025-03-11  106.966694  ...  104.747176  112.215551  354865700
1     NVDA  2025-03-12  114.105650  ...  112.865800  116.745317  323857500
2     NVDA  2025-03-13  117.015275  ...  113.775684  117.745186  299033100
3     NVDA  2025-03-14  118.595081  ...  118.135140  121.864666  277593500
4     NVDA  2025-03-17  122.724556  ...  118.015150  122.874539  255501500
..     ...         ...         ...  ...         ...         ...        ...
175   NVDA  2025-11-18  183.380005  ...  179.649994  184.800003  213598900
176   NVDA  2025-11-19  184.789993  ...  182.830002  187.860001  247246400
177   NVDA  2025-11-20  195.949997  ...  179.850006  196.000000  343504800
178   NVDA  2025-11-21  181.240005  ...  172.929993  184.559998  346926200
179   NVDA  2025-11-24  179.490005  ...  176.479996  183.500000  253685100

[180 rows x 7 columns]
[2025-11-25T05:41:25.534+0000] {taskinstance.py:340} INFO - ::group::Post task execution logs
[2025-11-25T05:41:25.534+0000] {taskinstance.py:352} INFO - Marking task as SUCCESS. dag_id=stock_prices_dag_etl_lab1, task_id=transform__1, run_id=manual__2025-11-25T05:41:18.507233+00:00, execution_date=20251125T054118, start_date=20251125T054124, end_date=20251125T054125
[2025-11-25T05:41:25.589+0000] {local_task_job_runner.py:266} INFO - Task exited with return code 0
[2025-11-25T05:41:25.600+0000] {local_task_job_runner.py:245} INFO - ::endgroup::
