[2025-11-17T00:53:34.418+0000] {processor.py:186} INFO - Started process (PID=6076) to work on /opt/airflow/dags/hw6_pt2.py
[2025-11-17T00:53:34.437+0000] {processor.py:914} INFO - Processing file /opt/airflow/dags/hw6_pt2.py for tasks to queue
[2025-11-17T00:53:34.441+0000] {logging_mixin.py:190} INFO - [2025-11-17T00:53:34.440+0000] {dagbag.py:587} INFO - Filling up the DagBag from /opt/airflow/dags/hw6_pt2.py
[2025-11-17T00:53:34.479+0000] {processor.py:925} INFO - DAG(s) 'BuildELT_CTAS' retrieved from /opt/airflow/dags/hw6_pt2.py
[2025-11-17T00:53:34.572+0000] {logging_mixin.py:190} INFO - [2025-11-17T00:53:34.571+0000] {dag.py:3229} INFO - Sync 1 DAGs
[2025-11-17T00:53:34.625+0000] {logging_mixin.py:190} INFO - [2025-11-17T00:53:34.624+0000] {dag.py:4156} INFO - Setting next_dagrun for BuildELT_CTAS to 2025-11-15 02:45:00+00:00, run_after=2025-11-16 02:45:00+00:00
[2025-11-17T00:53:34.666+0000] {processor.py:208} INFO - Processing /opt/airflow/dags/hw6_pt2.py took 0.270 seconds
[2025-11-17T01:54:36.239+0000] {processor.py:186} INFO - Started process (PID=6111) to work on /opt/airflow/dags/hw6_pt2.py
[2025-11-17T01:54:36.243+0000] {processor.py:914} INFO - Processing file /opt/airflow/dags/hw6_pt2.py for tasks to queue
[2025-11-17T01:54:36.247+0000] {logging_mixin.py:190} INFO - [2025-11-17T01:54:36.246+0000] {dagbag.py:587} INFO - Filling up the DagBag from /opt/airflow/dags/hw6_pt2.py
[2025-11-17T01:54:36.276+0000] {processor.py:925} INFO - DAG(s) 'BuildELT_CTAS' retrieved from /opt/airflow/dags/hw6_pt2.py
[2025-11-17T01:54:36.345+0000] {logging_mixin.py:190} INFO - [2025-11-17T01:54:36.345+0000] {dag.py:3229} INFO - Sync 1 DAGs
[2025-11-17T01:54:36.398+0000] {logging_mixin.py:190} INFO - [2025-11-17T01:54:36.398+0000] {dag.py:4156} INFO - Setting next_dagrun for BuildELT_CTAS to 2025-11-15 02:45:00+00:00, run_after=2025-11-16 02:45:00+00:00
[2025-11-17T01:54:36.457+0000] {processor.py:208} INFO - Processing /opt/airflow/dags/hw6_pt2.py took 0.260 seconds
[2025-11-17T02:55:38.816+0000] {processor.py:186} INFO - Started process (PID=6159) to work on /opt/airflow/dags/hw6_pt2.py
[2025-11-17T02:55:38.817+0000] {processor.py:914} INFO - Processing file /opt/airflow/dags/hw6_pt2.py for tasks to queue
[2025-11-17T02:55:38.822+0000] {logging_mixin.py:190} INFO - [2025-11-17T02:55:38.821+0000] {dagbag.py:587} INFO - Filling up the DagBag from /opt/airflow/dags/hw6_pt2.py
[2025-11-17T02:55:38.834+0000] {processor.py:925} INFO - DAG(s) 'BuildELT_CTAS' retrieved from /opt/airflow/dags/hw6_pt2.py
[2025-11-17T02:55:38.878+0000] {logging_mixin.py:190} INFO - [2025-11-17T02:55:38.878+0000] {dag.py:3229} INFO - Sync 1 DAGs
[2025-11-17T02:55:38.912+0000] {logging_mixin.py:190} INFO - [2025-11-17T02:55:38.912+0000] {dag.py:4156} INFO - Setting next_dagrun for BuildELT_CTAS to 2025-11-16 02:45:00+00:00, run_after=2025-11-17 02:45:00+00:00
[2025-11-17T02:55:38.939+0000] {processor.py:208} INFO - Processing /opt/airflow/dags/hw6_pt2.py took 0.132 seconds
[2025-11-17T03:56:39.978+0000] {processor.py:186} INFO - Started process (PID=6206) to work on /opt/airflow/dags/hw6_pt2.py
[2025-11-17T03:56:39.980+0000] {processor.py:914} INFO - Processing file /opt/airflow/dags/hw6_pt2.py for tasks to queue
[2025-11-17T03:56:39.986+0000] {logging_mixin.py:190} INFO - [2025-11-17T03:56:39.985+0000] {dagbag.py:587} INFO - Filling up the DagBag from /opt/airflow/dags/hw6_pt2.py
[2025-11-17T03:56:40.003+0000] {processor.py:925} INFO - DAG(s) 'BuildELT_CTAS' retrieved from /opt/airflow/dags/hw6_pt2.py
[2025-11-17T03:56:40.059+0000] {logging_mixin.py:190} INFO - [2025-11-17T03:56:40.058+0000] {dag.py:3229} INFO - Sync 1 DAGs
[2025-11-17T03:56:40.094+0000] {logging_mixin.py:190} INFO - [2025-11-17T03:56:40.094+0000] {dag.py:4156} INFO - Setting next_dagrun for BuildELT_CTAS to 2025-11-16 02:45:00+00:00, run_after=2025-11-17 02:45:00+00:00
[2025-11-17T03:56:40.338+0000] {processor.py:208} INFO - Processing /opt/airflow/dags/hw6_pt2.py took 0.373 seconds
[2025-11-17T04:57:38.929+0000] {processor.py:186} INFO - Started process (PID=6243) to work on /opt/airflow/dags/hw6_pt2.py
[2025-11-17T04:57:38.933+0000] {processor.py:914} INFO - Processing file /opt/airflow/dags/hw6_pt2.py for tasks to queue
[2025-11-17T04:57:38.940+0000] {logging_mixin.py:190} INFO - [2025-11-17T04:57:38.939+0000] {dagbag.py:587} INFO - Filling up the DagBag from /opt/airflow/dags/hw6_pt2.py
[2025-11-17T04:57:38.964+0000] {processor.py:925} INFO - DAG(s) 'BuildELT_CTAS' retrieved from /opt/airflow/dags/hw6_pt2.py
[2025-11-17T04:57:39.033+0000] {logging_mixin.py:190} INFO - [2025-11-17T04:57:39.032+0000] {dag.py:3229} INFO - Sync 1 DAGs
[2025-11-17T04:57:39.542+0000] {logging_mixin.py:190} INFO - [2025-11-17T04:57:39.542+0000] {dag.py:4156} INFO - Setting next_dagrun for BuildELT_CTAS to 2025-11-16 02:45:00+00:00, run_after=2025-11-17 02:45:00+00:00
[2025-11-17T04:57:39.662+0000] {processor.py:208} INFO - Processing /opt/airflow/dags/hw6_pt2.py took 0.747 seconds
[2025-11-17T05:17:55.651+0000] {processor.py:186} INFO - Started process (PID=6274) to work on /opt/airflow/dags/hw6_pt2.py
[2025-11-17T05:17:55.658+0000] {processor.py:914} INFO - Processing file /opt/airflow/dags/hw6_pt2.py for tasks to queue
[2025-11-17T05:17:55.665+0000] {logging_mixin.py:190} INFO - [2025-11-17T05:17:55.665+0000] {dagbag.py:587} INFO - Filling up the DagBag from /opt/airflow/dags/hw6_pt2.py
[2025-11-17T05:17:55.731+0000] {processor.py:925} INFO - DAG(s) 'BuildELT_CTAS' retrieved from /opt/airflow/dags/hw6_pt2.py
[2025-11-17T05:17:55.899+0000] {logging_mixin.py:190} INFO - [2025-11-17T05:17:55.898+0000] {dag.py:3229} INFO - Sync 1 DAGs
[2025-11-17T05:17:56.027+0000] {logging_mixin.py:190} INFO - [2025-11-17T05:17:56.026+0000] {dag.py:4156} INFO - Setting next_dagrun for BuildELT_CTAS to 2025-11-16 02:45:00+00:00, run_after=2025-11-17 02:45:00+00:00
[2025-11-17T05:17:56.079+0000] {processor.py:208} INFO - Processing /opt/airflow/dags/hw6_pt2.py took 0.464 seconds
[2025-11-17T05:58:41.149+0000] {processor.py:186} INFO - Started process (PID=6327) to work on /opt/airflow/dags/hw6_pt2.py
[2025-11-17T05:58:41.151+0000] {processor.py:914} INFO - Processing file /opt/airflow/dags/hw6_pt2.py for tasks to queue
[2025-11-17T05:58:41.155+0000] {logging_mixin.py:190} INFO - [2025-11-17T05:58:41.155+0000] {dagbag.py:587} INFO - Filling up the DagBag from /opt/airflow/dags/hw6_pt2.py
[2025-11-17T05:58:41.168+0000] {processor.py:925} INFO - DAG(s) 'BuildELT_CTAS' retrieved from /opt/airflow/dags/hw6_pt2.py
[2025-11-17T05:58:41.211+0000] {logging_mixin.py:190} INFO - [2025-11-17T05:58:41.210+0000] {dag.py:3229} INFO - Sync 1 DAGs
[2025-11-17T05:58:41.246+0000] {logging_mixin.py:190} INFO - [2025-11-17T05:58:41.246+0000] {dag.py:4156} INFO - Setting next_dagrun for BuildELT_CTAS to 2025-11-16 02:45:00+00:00, run_after=2025-11-17 02:45:00+00:00
[2025-11-17T05:58:41.272+0000] {processor.py:208} INFO - Processing /opt/airflow/dags/hw6_pt2.py took 0.132 seconds
[2025-11-17T06:59:41.166+0000] {processor.py:186} INFO - Started process (PID=6364) to work on /opt/airflow/dags/hw6_pt2.py
[2025-11-17T06:59:41.169+0000] {processor.py:914} INFO - Processing file /opt/airflow/dags/hw6_pt2.py for tasks to queue
[2025-11-17T06:59:41.178+0000] {logging_mixin.py:190} INFO - [2025-11-17T06:59:41.177+0000] {dagbag.py:587} INFO - Filling up the DagBag from /opt/airflow/dags/hw6_pt2.py
[2025-11-17T06:59:41.208+0000] {processor.py:925} INFO - DAG(s) 'BuildELT_CTAS' retrieved from /opt/airflow/dags/hw6_pt2.py
[2025-11-17T06:59:41.320+0000] {logging_mixin.py:190} INFO - [2025-11-17T06:59:41.319+0000] {dag.py:3229} INFO - Sync 1 DAGs
[2025-11-17T06:59:41.402+0000] {logging_mixin.py:190} INFO - [2025-11-17T06:59:41.401+0000] {dag.py:4156} INFO - Setting next_dagrun for BuildELT_CTAS to 2025-11-16 02:45:00+00:00, run_after=2025-11-17 02:45:00+00:00
[2025-11-17T06:59:41.910+0000] {processor.py:208} INFO - Processing /opt/airflow/dags/hw6_pt2.py took 0.765 seconds
[2025-11-17T07:37:17.914+0000] {processor.py:186} INFO - Started process (PID=6397) to work on /opt/airflow/dags/hw6_pt2.py
[2025-11-17T07:37:17.916+0000] {processor.py:914} INFO - Processing file /opt/airflow/dags/hw6_pt2.py for tasks to queue
[2025-11-17T07:37:17.924+0000] {logging_mixin.py:190} INFO - [2025-11-17T07:37:17.923+0000] {dagbag.py:587} INFO - Filling up the DagBag from /opt/airflow/dags/hw6_pt2.py
[2025-11-17T07:37:17.948+0000] {processor.py:925} INFO - DAG(s) 'BuildELT_CTAS' retrieved from /opt/airflow/dags/hw6_pt2.py
[2025-11-17T07:37:18.021+0000] {logging_mixin.py:190} INFO - [2025-11-17T07:37:18.020+0000] {dag.py:3229} INFO - Sync 1 DAGs
[2025-11-17T07:37:18.438+0000] {logging_mixin.py:190} INFO - [2025-11-17T07:37:18.437+0000] {dag.py:4156} INFO - Setting next_dagrun for BuildELT_CTAS to 2025-11-16 02:45:00+00:00, run_after=2025-11-17 02:45:00+00:00
[2025-11-17T07:37:18.478+0000] {processor.py:208} INFO - Processing /opt/airflow/dags/hw6_pt2.py took 0.579 seconds
[2025-11-17T08:00:47.176+0000] {processor.py:186} INFO - Started process (PID=6438) to work on /opt/airflow/dags/hw6_pt2.py
[2025-11-17T08:00:47.192+0000] {processor.py:914} INFO - Processing file /opt/airflow/dags/hw6_pt2.py for tasks to queue
[2025-11-17T08:00:47.213+0000] {logging_mixin.py:190} INFO - [2025-11-17T08:00:47.212+0000] {dagbag.py:587} INFO - Filling up the DagBag from /opt/airflow/dags/hw6_pt2.py
[2025-11-17T08:00:47.318+0000] {processor.py:925} INFO - DAG(s) 'BuildELT_CTAS' retrieved from /opt/airflow/dags/hw6_pt2.py
[2025-11-17T08:00:47.704+0000] {logging_mixin.py:190} INFO - [2025-11-17T08:00:47.703+0000] {dag.py:3229} INFO - Sync 1 DAGs
[2025-11-17T08:00:47.954+0000] {logging_mixin.py:190} INFO - [2025-11-17T08:00:47.952+0000] {dag.py:4156} INFO - Setting next_dagrun for BuildELT_CTAS to 2025-11-16 02:45:00+00:00, run_after=2025-11-17 02:45:00+00:00
[2025-11-17T08:00:48.036+0000] {processor.py:208} INFO - Processing /opt/airflow/dags/hw6_pt2.py took 0.909 seconds
[2025-11-17T09:02:03.074+0000] {processor.py:186} INFO - Started process (PID=6471) to work on /opt/airflow/dags/hw6_pt2.py
[2025-11-17T09:02:03.077+0000] {processor.py:914} INFO - Processing file /opt/airflow/dags/hw6_pt2.py for tasks to queue
[2025-11-17T09:02:03.089+0000] {logging_mixin.py:190} INFO - [2025-11-17T09:02:03.088+0000] {dagbag.py:587} INFO - Filling up the DagBag from /opt/airflow/dags/hw6_pt2.py
[2025-11-17T09:02:03.127+0000] {processor.py:925} INFO - DAG(s) 'BuildELT_CTAS' retrieved from /opt/airflow/dags/hw6_pt2.py
[2025-11-17T09:02:03.209+0000] {logging_mixin.py:190} INFO - [2025-11-17T09:02:03.208+0000] {dag.py:3229} INFO - Sync 1 DAGs
[2025-11-17T09:02:03.258+0000] {logging_mixin.py:190} INFO - [2025-11-17T09:02:03.257+0000] {dag.py:4156} INFO - Setting next_dagrun for BuildELT_CTAS to 2025-11-16 02:45:00+00:00, run_after=2025-11-17 02:45:00+00:00
[2025-11-17T09:02:03.291+0000] {processor.py:208} INFO - Processing /opt/airflow/dags/hw6_pt2.py took 0.232 seconds
[2025-11-17T11:04:06.718+0000] {processor.py:186} INFO - Started process (PID=6503) to work on /opt/airflow/dags/hw6_pt2.py
[2025-11-17T11:04:06.721+0000] {processor.py:914} INFO - Processing file /opt/airflow/dags/hw6_pt2.py for tasks to queue
[2025-11-17T11:04:06.734+0000] {logging_mixin.py:190} INFO - [2025-11-17T11:04:06.732+0000] {dagbag.py:587} INFO - Filling up the DagBag from /opt/airflow/dags/hw6_pt2.py
[2025-11-17T11:04:06.814+0000] {processor.py:925} INFO - DAG(s) 'BuildELT_CTAS' retrieved from /opt/airflow/dags/hw6_pt2.py
[2025-11-17T11:04:06.908+0000] {logging_mixin.py:190} INFO - [2025-11-17T11:04:06.907+0000] {dag.py:3229} INFO - Sync 1 DAGs
[2025-11-17T11:04:06.955+0000] {logging_mixin.py:190} INFO - [2025-11-17T11:04:06.955+0000] {dag.py:4156} INFO - Setting next_dagrun for BuildELT_CTAS to 2025-11-16 02:45:00+00:00, run_after=2025-11-17 02:45:00+00:00
[2025-11-17T11:04:06.990+0000] {processor.py:208} INFO - Processing /opt/airflow/dags/hw6_pt2.py took 0.296 seconds
[2025-11-17T13:06:20.187+0000] {processor.py:186} INFO - Started process (PID=6532) to work on /opt/airflow/dags/hw6_pt2.py
[2025-11-17T13:06:20.193+0000] {processor.py:914} INFO - Processing file /opt/airflow/dags/hw6_pt2.py for tasks to queue
[2025-11-17T13:06:20.199+0000] {logging_mixin.py:190} INFO - [2025-11-17T13:06:20.197+0000] {dagbag.py:587} INFO - Filling up the DagBag from /opt/airflow/dags/hw6_pt2.py
[2025-11-17T13:06:20.255+0000] {processor.py:925} INFO - DAG(s) 'BuildELT_CTAS' retrieved from /opt/airflow/dags/hw6_pt2.py
[2025-11-17T13:06:20.387+0000] {logging_mixin.py:190} INFO - [2025-11-17T13:06:20.386+0000] {dag.py:3229} INFO - Sync 1 DAGs
[2025-11-17T13:06:20.473+0000] {logging_mixin.py:190} INFO - [2025-11-17T13:06:20.472+0000] {dag.py:4156} INFO - Setting next_dagrun for BuildELT_CTAS to 2025-11-16 02:45:00+00:00, run_after=2025-11-17 02:45:00+00:00
[2025-11-17T13:06:20.517+0000] {processor.py:208} INFO - Processing /opt/airflow/dags/hw6_pt2.py took 0.357 seconds
[2025-11-17T14:07:21.875+0000] {processor.py:186} INFO - Started process (PID=6565) to work on /opt/airflow/dags/hw6_pt2.py
[2025-11-17T14:07:21.882+0000] {processor.py:914} INFO - Processing file /opt/airflow/dags/hw6_pt2.py for tasks to queue
[2025-11-17T14:07:21.889+0000] {logging_mixin.py:190} INFO - [2025-11-17T14:07:21.887+0000] {dagbag.py:587} INFO - Filling up the DagBag from /opt/airflow/dags/hw6_pt2.py
[2025-11-17T14:07:21.959+0000] {processor.py:925} INFO - DAG(s) 'BuildELT_CTAS' retrieved from /opt/airflow/dags/hw6_pt2.py
[2025-11-17T14:07:22.118+0000] {logging_mixin.py:190} INFO - [2025-11-17T14:07:22.118+0000] {dag.py:3229} INFO - Sync 1 DAGs
[2025-11-17T14:07:22.234+0000] {logging_mixin.py:190} INFO - [2025-11-17T14:07:22.233+0000] {dag.py:4156} INFO - Setting next_dagrun for BuildELT_CTAS to 2025-11-16 02:45:00+00:00, run_after=2025-11-17 02:45:00+00:00
[2025-11-17T14:07:22.292+0000] {processor.py:208} INFO - Processing /opt/airflow/dags/hw6_pt2.py took 0.476 seconds
[2025-11-17T16:09:33.129+0000] {processor.py:186} INFO - Started process (PID=6594) to work on /opt/airflow/dags/hw6_pt2.py
[2025-11-17T16:09:33.135+0000] {processor.py:914} INFO - Processing file /opt/airflow/dags/hw6_pt2.py for tasks to queue
[2025-11-17T16:09:33.140+0000] {logging_mixin.py:190} INFO - [2025-11-17T16:09:33.139+0000] {dagbag.py:587} INFO - Filling up the DagBag from /opt/airflow/dags/hw6_pt2.py
[2025-11-17T16:09:33.192+0000] {processor.py:925} INFO - DAG(s) 'BuildELT_CTAS' retrieved from /opt/airflow/dags/hw6_pt2.py
[2025-11-17T16:09:33.322+0000] {logging_mixin.py:190} INFO - [2025-11-17T16:09:33.322+0000] {dag.py:3229} INFO - Sync 1 DAGs
[2025-11-17T16:09:34.880+0000] {logging_mixin.py:190} INFO - [2025-11-17T16:09:34.880+0000] {dag.py:4156} INFO - Setting next_dagrun for BuildELT_CTAS to 2025-11-16 02:45:00+00:00, run_after=2025-11-17 02:45:00+00:00
[2025-11-17T16:09:34.915+0000] {processor.py:208} INFO - Processing /opt/airflow/dags/hw6_pt2.py took 1.827 seconds
[2025-11-17T17:10:43.870+0000] {processor.py:186} INFO - Started process (PID=6632) to work on /opt/airflow/dags/hw6_pt2.py
[2025-11-17T17:10:43.876+0000] {processor.py:914} INFO - Processing file /opt/airflow/dags/hw6_pt2.py for tasks to queue
[2025-11-17T17:10:43.879+0000] {logging_mixin.py:190} INFO - [2025-11-17T17:10:43.877+0000] {dagbag.py:587} INFO - Filling up the DagBag from /opt/airflow/dags/hw6_pt2.py
[2025-11-17T17:10:43.931+0000] {processor.py:925} INFO - DAG(s) 'BuildELT_CTAS' retrieved from /opt/airflow/dags/hw6_pt2.py
[2025-11-17T17:10:44.054+0000] {logging_mixin.py:190} INFO - [2025-11-17T17:10:44.054+0000] {dag.py:3229} INFO - Sync 1 DAGs
[2025-11-17T17:10:44.154+0000] {logging_mixin.py:190} INFO - [2025-11-17T17:10:44.153+0000] {dag.py:4156} INFO - Setting next_dagrun for BuildELT_CTAS to 2025-11-16 02:45:00+00:00, run_after=2025-11-17 02:45:00+00:00
[2025-11-17T17:10:44.210+0000] {processor.py:208} INFO - Processing /opt/airflow/dags/hw6_pt2.py took 0.374 seconds
[2025-11-17T19:12:55.974+0000] {processor.py:186} INFO - Started process (PID=6666) to work on /opt/airflow/dags/hw6_pt2.py
[2025-11-17T19:12:55.978+0000] {processor.py:914} INFO - Processing file /opt/airflow/dags/hw6_pt2.py for tasks to queue
[2025-11-17T19:12:55.986+0000] {logging_mixin.py:190} INFO - [2025-11-17T19:12:55.984+0000] {dagbag.py:587} INFO - Filling up the DagBag from /opt/airflow/dags/hw6_pt2.py
[2025-11-17T19:12:56.025+0000] {processor.py:925} INFO - DAG(s) 'BuildELT_CTAS' retrieved from /opt/airflow/dags/hw6_pt2.py
[2025-11-17T19:12:56.116+0000] {logging_mixin.py:190} INFO - [2025-11-17T19:12:56.115+0000] {dag.py:3229} INFO - Sync 1 DAGs
[2025-11-17T19:12:56.189+0000] {logging_mixin.py:190} INFO - [2025-11-17T19:12:56.189+0000] {dag.py:4156} INFO - Setting next_dagrun for BuildELT_CTAS to 2025-11-16 02:45:00+00:00, run_after=2025-11-17 02:45:00+00:00
[2025-11-17T19:12:56.233+0000] {processor.py:208} INFO - Processing /opt/airflow/dags/hw6_pt2.py took 0.293 seconds
[2025-11-17T21:15:04.679+0000] {processor.py:186} INFO - Started process (PID=6695) to work on /opt/airflow/dags/hw6_pt2.py
[2025-11-17T21:15:04.685+0000] {processor.py:914} INFO - Processing file /opt/airflow/dags/hw6_pt2.py for tasks to queue
[2025-11-17T21:15:04.689+0000] {logging_mixin.py:190} INFO - [2025-11-17T21:15:04.688+0000] {dagbag.py:587} INFO - Filling up the DagBag from /opt/airflow/dags/hw6_pt2.py
[2025-11-17T21:15:04.747+0000] {processor.py:925} INFO - DAG(s) 'BuildELT_CTAS' retrieved from /opt/airflow/dags/hw6_pt2.py
[2025-11-17T21:15:04.869+0000] {logging_mixin.py:190} INFO - [2025-11-17T21:15:04.869+0000] {dag.py:3229} INFO - Sync 1 DAGs
[2025-11-17T21:15:04.958+0000] {logging_mixin.py:190} INFO - [2025-11-17T21:15:04.958+0000] {dag.py:4156} INFO - Setting next_dagrun for BuildELT_CTAS to 2025-11-16 02:45:00+00:00, run_after=2025-11-17 02:45:00+00:00
[2025-11-17T21:15:05.000+0000] {processor.py:208} INFO - Processing /opt/airflow/dags/hw6_pt2.py took 0.353 seconds
[2025-11-17T22:16:12.049+0000] {processor.py:186} INFO - Started process (PID=6728) to work on /opt/airflow/dags/hw6_pt2.py
[2025-11-17T22:16:12.054+0000] {processor.py:914} INFO - Processing file /opt/airflow/dags/hw6_pt2.py for tasks to queue
[2025-11-17T22:16:12.061+0000] {logging_mixin.py:190} INFO - [2025-11-17T22:16:12.059+0000] {dagbag.py:587} INFO - Filling up the DagBag from /opt/airflow/dags/hw6_pt2.py
[2025-11-17T22:16:12.094+0000] {processor.py:925} INFO - DAG(s) 'BuildELT_CTAS' retrieved from /opt/airflow/dags/hw6_pt2.py
[2025-11-17T22:16:12.181+0000] {logging_mixin.py:190} INFO - [2025-11-17T22:16:12.181+0000] {dag.py:3229} INFO - Sync 1 DAGs
[2025-11-17T22:16:12.250+0000] {logging_mixin.py:190} INFO - [2025-11-17T22:16:12.250+0000] {dag.py:4156} INFO - Setting next_dagrun for BuildELT_CTAS to 2025-11-16 02:45:00+00:00, run_after=2025-11-17 02:45:00+00:00
[2025-11-17T22:16:12.283+0000] {processor.py:208} INFO - Processing /opt/airflow/dags/hw6_pt2.py took 0.258 seconds
[2025-11-17T23:57:42.149+0000] {processor.py:186} INFO - Started process (PID=6757) to work on /opt/airflow/dags/hw6_pt2.py
[2025-11-17T23:57:42.159+0000] {processor.py:914} INFO - Processing file /opt/airflow/dags/hw6_pt2.py for tasks to queue
[2025-11-17T23:57:42.169+0000] {logging_mixin.py:190} INFO - [2025-11-17T23:57:42.166+0000] {dagbag.py:587} INFO - Filling up the DagBag from /opt/airflow/dags/hw6_pt2.py
[2025-11-17T23:57:42.242+0000] {processor.py:925} INFO - DAG(s) 'BuildELT_CTAS' retrieved from /opt/airflow/dags/hw6_pt2.py
[2025-11-17T23:57:42.385+0000] {logging_mixin.py:190} INFO - [2025-11-17T23:57:42.384+0000] {dag.py:3229} INFO - Sync 1 DAGs
[2025-11-17T23:57:42.479+0000] {logging_mixin.py:190} INFO - [2025-11-17T23:57:42.479+0000] {dag.py:4156} INFO - Setting next_dagrun for BuildELT_CTAS to 2025-11-16 02:45:00+00:00, run_after=2025-11-17 02:45:00+00:00
[2025-11-17T23:57:42.528+0000] {processor.py:208} INFO - Processing /opt/airflow/dags/hw6_pt2.py took 0.434 seconds
