[2025-10-06T01:14:58.397+0000] {local_task_job_runner.py:123} INFO - ::group::Pre task execution logs
[2025-10-06T01:14:58.477+0000] {taskinstance.py:2612} INFO - Dependencies all met for dep_context=non-requeueable deps ti=<TaskInstance: stock_prices_dag_etl_lab1.extract__1 scheduled__2025-09-21T00:00:00+00:00 [queued]>
[2025-10-06T01:14:58.501+0000] {taskinstance.py:2612} INFO - Dependencies all met for dep_context=requeueable deps ti=<TaskInstance: stock_prices_dag_etl_lab1.extract__1 scheduled__2025-09-21T00:00:00+00:00 [queued]>
[2025-10-06T01:14:58.504+0000] {taskinstance.py:2865} INFO - Starting attempt 1 of 1
[2025-10-06T01:14:58.542+0000] {taskinstance.py:2888} INFO - Executing <Task(_PythonDecoratedOperator): extract__1> on 2025-09-21 00:00:00+00:00
[2025-10-06T01:14:58.619+0000] {logging_mixin.py:190} WARNING - /home/***/.local/lib/python3.12/site-packages/***/task/task_runner/standard_task_runner.py:70 DeprecationWarning: This process (pid=1520) is multi-threaded, use of fork() may lead to deadlocks in the child.
[2025-10-06T01:14:58.630+0000] {standard_task_runner.py:72} INFO - Started process 1543 to run task
[2025-10-06T01:14:58.622+0000] {standard_task_runner.py:104} INFO - Running: ['***', 'tasks', 'run', 'stock_prices_dag_etl_lab1', 'extract__1', 'scheduled__2025-09-21T00:00:00+00:00', '--job-id', '20', '--raw', '--subdir', 'DAGS_FOLDER/lab1.py', '--cfg-path', '/tmp/tmpwx109z2w']
[2025-10-06T01:14:58.735+0000] {standard_task_runner.py:105} INFO - Job 20: Subtask extract__1
[2025-10-06T01:15:06.931+0000] {task_command.py:467} INFO - Running <TaskInstance: stock_prices_dag_etl_lab1.extract__1 scheduled__2025-09-21T00:00:00+00:00 [running]> on host 09b8d9c0c3f2
[2025-10-06T01:15:07.590+0000] {taskinstance.py:3131} INFO - Exporting env vars: AIRFLOW_CTX_DAG_OWNER='***' AIRFLOW_CTX_DAG_ID='stock_prices_dag_etl_lab1' AIRFLOW_CTX_TASK_ID='extract__1' AIRFLOW_CTX_EXECUTION_DATE='2025-09-21T00:00:00+00:00' AIRFLOW_CTX_TRY_NUMBER='1' AIRFLOW_CTX_DAG_RUN_ID='scheduled__2025-09-21T00:00:00+00:00'
[2025-10-06T01:15:07.622+0000] {taskinstance.py:731} INFO - ::endgroup::
[2025-10-06T01:15:07.637+0000] {logging_mixin.py:190} WARNING - /opt/***/dags/lab1.py:15 FutureWarning: YF.download() has changed argument auto_adjust default to True
[2025-10-06T01:15:09.955+0000] {logging_mixin.py:190} WARNING - [                       0%                       ]
[2025-10-06T01:15:10.059+0000] {logging_mixin.py:190} WARNING - [*********************100%***********************]  2 of 2 completed
[2025-10-06T01:15:10.187+0000] {python.py:240} INFO - Done. Returned value was: Price        Date       Close             ...       Open     Volume          
Ticker                   NVDA       SOFI  ...       SOFI       NVDA      SOFI
0      2025-01-16  133.540909  16.299999  ...  15.700000  209235600  43586900
1      2025-01-17  137.680008  16.500000  ...  16.420000  201188800  40496500
2      2025-01-21  140.799332  17.900000  ...  17.000000  197749000  67982600
3      2025-01-22  147.037994  17.590000  ...  18.059999  237651400  51349800
4      2025-01-23  147.187943  18.030001  ...  17.400000  155915500  43826700
..            ...         ...        ...  ...        ...        ...       ...
175    2025-09-29  181.850006  27.549999  ...  28.360001  193063500  60395300
176    2025-09-30  186.580002  26.420000  ...  27.469999  236981000  94402900
177    2025-10-01  187.240005  25.760000  ...  26.730000  173844900  81148100
178    2025-10-02  188.889999  25.969999  ...  26.330000  136805800  65256700
179    2025-10-03  187.619995  25.240000  ...  26.100000  137340500  78201600

[180 rows x 11 columns]
[2025-10-06T01:15:14.062+0000] {taskinstance.py:340} INFO - ::group::Post task execution logs
[2025-10-06T01:15:14.085+0000] {taskinstance.py:352} INFO - Marking task as SUCCESS. dag_id=stock_prices_dag_etl_lab1, task_id=extract__1, run_id=scheduled__2025-09-21T00:00:00+00:00, execution_date=20250921T000000, start_date=20251006T011458, end_date=20251006T011514
[2025-10-06T01:15:14.371+0000] {local_task_job_runner.py:266} INFO - Task exited with return code 0
[2025-10-06T01:15:14.461+0000] {local_task_job_runner.py:245} INFO - ::endgroup::
