[2025-11-24T00:16:31.463+0000] {processor.py:186} INFO - Started process (PID=266) to work on /opt/airflow/dags/hw8.py
[2025-11-24T00:16:31.465+0000] {processor.py:914} INFO - Processing file /opt/airflow/dags/hw8.py for tasks to queue
[2025-11-24T00:16:31.471+0000] {logging_mixin.py:190} INFO - [2025-11-24T00:16:31.470+0000] {dagbag.py:587} INFO - Filling up the DagBag from /opt/airflow/dags/hw8.py
[2025-11-24T00:16:33.977+0000] {logging_mixin.py:190} INFO - [2025-11-24T00:16:33.975+0000] {dagbag.py:386} ERROR - Failed to import: /opt/airflow/dags/hw8.py
Traceback (most recent call last):
  File "/home/airflow/.local/lib/python3.12/site-packages/airflow/models/dagbag.py", line 382, in parse
    loader.exec_module(new_module)
  File "<frozen importlib._bootstrap_external>", line 995, in exec_module
  File "<frozen importlib._bootstrap>", line 488, in _call_with_frames_removed
  File "/opt/airflow/dags/hw8.py", line 9, in <module>
    from sentence_transformers import SentenceTransformer
ModuleNotFoundError: No module named 'sentence_transformers'
[2025-11-24T00:16:33.981+0000] {processor.py:927} WARNING - No viable dags retrieved from /opt/airflow/dags/hw8.py
[2025-11-24T00:16:34.007+0000] {processor.py:208} INFO - Processing /opt/airflow/dags/hw8.py took 2.559 seconds
[2025-11-24T00:17:05.067+0000] {processor.py:186} INFO - Started process (PID=319) to work on /opt/airflow/dags/hw8.py
[2025-11-24T00:17:05.069+0000] {processor.py:914} INFO - Processing file /opt/airflow/dags/hw8.py for tasks to queue
[2025-11-24T00:17:05.072+0000] {logging_mixin.py:190} INFO - [2025-11-24T00:17:05.071+0000] {dagbag.py:587} INFO - Filling up the DagBag from /opt/airflow/dags/hw8.py
[2025-11-24T00:17:05.083+0000] {logging_mixin.py:190} INFO - [2025-11-24T00:17:05.076+0000] {dagbag.py:386} ERROR - Failed to import: /opt/airflow/dags/hw8.py
Traceback (most recent call last):
  File "/home/airflow/.local/lib/python3.12/site-packages/airflow/models/dagbag.py", line 382, in parse
    loader.exec_module(new_module)
  File "<frozen importlib._bootstrap_external>", line 995, in exec_module
  File "<frozen importlib._bootstrap>", line 488, in _call_with_frames_removed
  File "/opt/airflow/dags/hw8.py", line 9, in <module>
    from sentence_transformers import SentenceTransformer
ModuleNotFoundError: No module named 'sentence_transformers'
[2025-11-24T00:17:05.085+0000] {processor.py:927} WARNING - No viable dags retrieved from /opt/airflow/dags/hw8.py
[2025-11-24T00:17:05.112+0000] {processor.py:208} INFO - Processing /opt/airflow/dags/hw8.py took 0.061 seconds
[2025-11-24T00:17:35.231+0000] {processor.py:186} INFO - Started process (PID=350) to work on /opt/airflow/dags/hw8.py
[2025-11-24T00:17:35.232+0000] {processor.py:914} INFO - Processing file /opt/airflow/dags/hw8.py for tasks to queue
[2025-11-24T00:17:35.235+0000] {logging_mixin.py:190} INFO - [2025-11-24T00:17:35.235+0000] {dagbag.py:587} INFO - Filling up the DagBag from /opt/airflow/dags/hw8.py
[2025-11-24T00:17:35.241+0000] {logging_mixin.py:190} INFO - [2025-11-24T00:17:35.240+0000] {dagbag.py:386} ERROR - Failed to import: /opt/airflow/dags/hw8.py
Traceback (most recent call last):
  File "/home/airflow/.local/lib/python3.12/site-packages/airflow/models/dagbag.py", line 382, in parse
    loader.exec_module(new_module)
  File "<frozen importlib._bootstrap_external>", line 995, in exec_module
  File "<frozen importlib._bootstrap>", line 488, in _call_with_frames_removed
  File "/opt/airflow/dags/hw8.py", line 9, in <module>
    from sentence_transformers import SentenceTransformer
ModuleNotFoundError: No module named 'sentence_transformers'
[2025-11-24T00:17:35.242+0000] {processor.py:927} WARNING - No viable dags retrieved from /opt/airflow/dags/hw8.py
[2025-11-24T00:17:35.262+0000] {processor.py:208} INFO - Processing /opt/airflow/dags/hw8.py took 0.039 seconds
[2025-11-24T00:18:05.600+0000] {processor.py:186} INFO - Started process (PID=381) to work on /opt/airflow/dags/hw8.py
[2025-11-24T00:18:05.601+0000] {processor.py:914} INFO - Processing file /opt/airflow/dags/hw8.py for tasks to queue
[2025-11-24T00:18:05.604+0000] {logging_mixin.py:190} INFO - [2025-11-24T00:18:05.604+0000] {dagbag.py:587} INFO - Filling up the DagBag from /opt/airflow/dags/hw8.py
[2025-11-24T00:18:05.611+0000] {logging_mixin.py:190} INFO - [2025-11-24T00:18:05.608+0000] {dagbag.py:386} ERROR - Failed to import: /opt/airflow/dags/hw8.py
Traceback (most recent call last):
  File "/home/airflow/.local/lib/python3.12/site-packages/airflow/models/dagbag.py", line 382, in parse
    loader.exec_module(new_module)
  File "<frozen importlib._bootstrap_external>", line 995, in exec_module
  File "<frozen importlib._bootstrap>", line 488, in _call_with_frames_removed
  File "/opt/airflow/dags/hw8.py", line 9, in <module>
    from sentence_transformers import SentenceTransformer
ModuleNotFoundError: No module named 'sentence_transformers'
[2025-11-24T00:18:05.613+0000] {processor.py:927} WARNING - No viable dags retrieved from /opt/airflow/dags/hw8.py
[2025-11-24T00:18:05.637+0000] {processor.py:208} INFO - Processing /opt/airflow/dags/hw8.py took 0.045 seconds
[2025-11-24T00:18:36.601+0000] {processor.py:186} INFO - Started process (PID=412) to work on /opt/airflow/dags/hw8.py
[2025-11-24T00:18:36.602+0000] {processor.py:914} INFO - Processing file /opt/airflow/dags/hw8.py for tasks to queue
[2025-11-24T00:18:36.606+0000] {logging_mixin.py:190} INFO - [2025-11-24T00:18:36.605+0000] {dagbag.py:587} INFO - Filling up the DagBag from /opt/airflow/dags/hw8.py
[2025-11-24T00:18:36.613+0000] {logging_mixin.py:190} INFO - [2025-11-24T00:18:36.611+0000] {dagbag.py:386} ERROR - Failed to import: /opt/airflow/dags/hw8.py
Traceback (most recent call last):
  File "/home/airflow/.local/lib/python3.12/site-packages/airflow/models/dagbag.py", line 382, in parse
    loader.exec_module(new_module)
  File "<frozen importlib._bootstrap_external>", line 995, in exec_module
  File "<frozen importlib._bootstrap>", line 488, in _call_with_frames_removed
  File "/opt/airflow/dags/hw8.py", line 9, in <module>
    from sentence_transformers import SentenceTransformer
ModuleNotFoundError: No module named 'sentence_transformers'
[2025-11-24T00:18:36.614+0000] {processor.py:927} WARNING - No viable dags retrieved from /opt/airflow/dags/hw8.py
[2025-11-24T00:18:36.639+0000] {processor.py:208} INFO - Processing /opt/airflow/dags/hw8.py took 0.046 seconds
[2025-11-24T00:19:06.732+0000] {processor.py:186} INFO - Started process (PID=443) to work on /opt/airflow/dags/hw8.py
[2025-11-24T00:19:06.733+0000] {processor.py:914} INFO - Processing file /opt/airflow/dags/hw8.py for tasks to queue
[2025-11-24T00:19:06.736+0000] {logging_mixin.py:190} INFO - [2025-11-24T00:19:06.736+0000] {dagbag.py:587} INFO - Filling up the DagBag from /opt/airflow/dags/hw8.py
[2025-11-24T00:19:06.742+0000] {logging_mixin.py:190} INFO - [2025-11-24T00:19:06.741+0000] {dagbag.py:386} ERROR - Failed to import: /opt/airflow/dags/hw8.py
Traceback (most recent call last):
  File "/home/airflow/.local/lib/python3.12/site-packages/airflow/models/dagbag.py", line 382, in parse
    loader.exec_module(new_module)
  File "<frozen importlib._bootstrap_external>", line 995, in exec_module
  File "<frozen importlib._bootstrap>", line 488, in _call_with_frames_removed
  File "/opt/airflow/dags/hw8.py", line 9, in <module>
    from sentence_transformers import SentenceTransformer
ModuleNotFoundError: No module named 'sentence_transformers'
[2025-11-24T00:19:06.743+0000] {processor.py:927} WARNING - No viable dags retrieved from /opt/airflow/dags/hw8.py
[2025-11-24T00:19:06.765+0000] {processor.py:208} INFO - Processing /opt/airflow/dags/hw8.py took 0.040 seconds
[2025-11-24T00:19:36.851+0000] {processor.py:186} INFO - Started process (PID=474) to work on /opt/airflow/dags/hw8.py
[2025-11-24T00:19:36.852+0000] {processor.py:914} INFO - Processing file /opt/airflow/dags/hw8.py for tasks to queue
[2025-11-24T00:19:36.855+0000] {logging_mixin.py:190} INFO - [2025-11-24T00:19:36.855+0000] {dagbag.py:587} INFO - Filling up the DagBag from /opt/airflow/dags/hw8.py
[2025-11-24T00:19:36.861+0000] {logging_mixin.py:190} INFO - [2025-11-24T00:19:36.860+0000] {dagbag.py:386} ERROR - Failed to import: /opt/airflow/dags/hw8.py
Traceback (most recent call last):
  File "/home/airflow/.local/lib/python3.12/site-packages/airflow/models/dagbag.py", line 382, in parse
    loader.exec_module(new_module)
  File "<frozen importlib._bootstrap_external>", line 995, in exec_module
  File "<frozen importlib._bootstrap>", line 488, in _call_with_frames_removed
  File "/opt/airflow/dags/hw8.py", line 9, in <module>
    from sentence_transformers import SentenceTransformer
ModuleNotFoundError: No module named 'sentence_transformers'
[2025-11-24T00:19:36.862+0000] {processor.py:927} WARNING - No viable dags retrieved from /opt/airflow/dags/hw8.py
[2025-11-24T00:19:36.886+0000] {processor.py:208} INFO - Processing /opt/airflow/dags/hw8.py took 0.043 seconds
[2025-11-24T00:20:07.007+0000] {processor.py:186} INFO - Started process (PID=505) to work on /opt/airflow/dags/hw8.py
[2025-11-24T00:20:07.008+0000] {processor.py:914} INFO - Processing file /opt/airflow/dags/hw8.py for tasks to queue
[2025-11-24T00:20:07.011+0000] {logging_mixin.py:190} INFO - [2025-11-24T00:20:07.011+0000] {dagbag.py:587} INFO - Filling up the DagBag from /opt/airflow/dags/hw8.py
[2025-11-24T00:20:07.018+0000] {logging_mixin.py:190} INFO - [2025-11-24T00:20:07.016+0000] {dagbag.py:386} ERROR - Failed to import: /opt/airflow/dags/hw8.py
Traceback (most recent call last):
  File "/home/airflow/.local/lib/python3.12/site-packages/airflow/models/dagbag.py", line 382, in parse
    loader.exec_module(new_module)
  File "<frozen importlib._bootstrap_external>", line 995, in exec_module
  File "<frozen importlib._bootstrap>", line 488, in _call_with_frames_removed
  File "/opt/airflow/dags/hw8.py", line 9, in <module>
    from sentence_transformers import SentenceTransformer
ModuleNotFoundError: No module named 'sentence_transformers'
[2025-11-24T00:20:07.018+0000] {processor.py:927} WARNING - No viable dags retrieved from /opt/airflow/dags/hw8.py
[2025-11-24T00:20:07.040+0000] {processor.py:208} INFO - Processing /opt/airflow/dags/hw8.py took 0.041 seconds
[2025-11-24T00:20:37.157+0000] {processor.py:186} INFO - Started process (PID=536) to work on /opt/airflow/dags/hw8.py
[2025-11-24T00:20:37.158+0000] {processor.py:914} INFO - Processing file /opt/airflow/dags/hw8.py for tasks to queue
[2025-11-24T00:20:37.162+0000] {logging_mixin.py:190} INFO - [2025-11-24T00:20:37.161+0000] {dagbag.py:587} INFO - Filling up the DagBag from /opt/airflow/dags/hw8.py
[2025-11-24T00:20:37.169+0000] {logging_mixin.py:190} INFO - [2025-11-24T00:20:37.167+0000] {dagbag.py:386} ERROR - Failed to import: /opt/airflow/dags/hw8.py
Traceback (most recent call last):
  File "/home/airflow/.local/lib/python3.12/site-packages/airflow/models/dagbag.py", line 382, in parse
    loader.exec_module(new_module)
  File "<frozen importlib._bootstrap_external>", line 995, in exec_module
  File "<frozen importlib._bootstrap>", line 488, in _call_with_frames_removed
  File "/opt/airflow/dags/hw8.py", line 9, in <module>
    from sentence_transformers import SentenceTransformer
ModuleNotFoundError: No module named 'sentence_transformers'
[2025-11-24T00:20:37.170+0000] {processor.py:927} WARNING - No viable dags retrieved from /opt/airflow/dags/hw8.py
[2025-11-24T00:20:37.195+0000] {processor.py:208} INFO - Processing /opt/airflow/dags/hw8.py took 0.047 seconds
[2025-11-24T00:21:07.374+0000] {processor.py:186} INFO - Started process (PID=567) to work on /opt/airflow/dags/hw8.py
[2025-11-24T00:21:07.376+0000] {processor.py:914} INFO - Processing file /opt/airflow/dags/hw8.py for tasks to queue
[2025-11-24T00:21:07.381+0000] {logging_mixin.py:190} INFO - [2025-11-24T00:21:07.380+0000] {dagbag.py:587} INFO - Filling up the DagBag from /opt/airflow/dags/hw8.py
[2025-11-24T00:21:07.391+0000] {logging_mixin.py:190} INFO - [2025-11-24T00:21:07.388+0000] {dagbag.py:386} ERROR - Failed to import: /opt/airflow/dags/hw8.py
Traceback (most recent call last):
  File "/home/airflow/.local/lib/python3.12/site-packages/airflow/models/dagbag.py", line 382, in parse
    loader.exec_module(new_module)
  File "<frozen importlib._bootstrap_external>", line 995, in exec_module
  File "<frozen importlib._bootstrap>", line 488, in _call_with_frames_removed
  File "/opt/airflow/dags/hw8.py", line 9, in <module>
    from sentence_transformers import SentenceTransformer
ModuleNotFoundError: No module named 'sentence_transformers'
[2025-11-24T00:21:07.393+0000] {processor.py:927} WARNING - No viable dags retrieved from /opt/airflow/dags/hw8.py
[2025-11-24T00:21:07.430+0000] {processor.py:208} INFO - Processing /opt/airflow/dags/hw8.py took 0.065 seconds
[2025-11-24T00:21:37.513+0000] {processor.py:186} INFO - Started process (PID=598) to work on /opt/airflow/dags/hw8.py
[2025-11-24T00:21:37.514+0000] {processor.py:914} INFO - Processing file /opt/airflow/dags/hw8.py for tasks to queue
[2025-11-24T00:21:37.517+0000] {logging_mixin.py:190} INFO - [2025-11-24T00:21:37.517+0000] {dagbag.py:587} INFO - Filling up the DagBag from /opt/airflow/dags/hw8.py
[2025-11-24T00:21:37.523+0000] {logging_mixin.py:190} INFO - [2025-11-24T00:21:37.522+0000] {dagbag.py:386} ERROR - Failed to import: /opt/airflow/dags/hw8.py
Traceback (most recent call last):
  File "/home/airflow/.local/lib/python3.12/site-packages/airflow/models/dagbag.py", line 382, in parse
    loader.exec_module(new_module)
  File "<frozen importlib._bootstrap_external>", line 995, in exec_module
  File "<frozen importlib._bootstrap>", line 488, in _call_with_frames_removed
  File "/opt/airflow/dags/hw8.py", line 9, in <module>
    from sentence_transformers import SentenceTransformer
ModuleNotFoundError: No module named 'sentence_transformers'
[2025-11-24T00:21:37.524+0000] {processor.py:927} WARNING - No viable dags retrieved from /opt/airflow/dags/hw8.py
[2025-11-24T00:21:37.548+0000] {processor.py:208} INFO - Processing /opt/airflow/dags/hw8.py took 0.042 seconds
[2025-11-24T00:22:07.715+0000] {processor.py:186} INFO - Started process (PID=629) to work on /opt/airflow/dags/hw8.py
[2025-11-24T00:22:07.716+0000] {processor.py:914} INFO - Processing file /opt/airflow/dags/hw8.py for tasks to queue
[2025-11-24T00:22:07.720+0000] {logging_mixin.py:190} INFO - [2025-11-24T00:22:07.719+0000] {dagbag.py:587} INFO - Filling up the DagBag from /opt/airflow/dags/hw8.py
[2025-11-24T00:22:07.728+0000] {logging_mixin.py:190} INFO - [2025-11-24T00:22:07.726+0000] {dagbag.py:386} ERROR - Failed to import: /opt/airflow/dags/hw8.py
Traceback (most recent call last):
  File "/home/airflow/.local/lib/python3.12/site-packages/airflow/models/dagbag.py", line 382, in parse
    loader.exec_module(new_module)
  File "<frozen importlib._bootstrap_external>", line 995, in exec_module
  File "<frozen importlib._bootstrap>", line 488, in _call_with_frames_removed
  File "/opt/airflow/dags/hw8.py", line 9, in <module>
    from sentence_transformers import SentenceTransformer
ModuleNotFoundError: No module named 'sentence_transformers'
[2025-11-24T00:22:07.729+0000] {processor.py:927} WARNING - No viable dags retrieved from /opt/airflow/dags/hw8.py
[2025-11-24T00:22:07.758+0000] {processor.py:208} INFO - Processing /opt/airflow/dags/hw8.py took 0.053 seconds
[2025-11-24T00:22:38.266+0000] {processor.py:186} INFO - Started process (PID=660) to work on /opt/airflow/dags/hw8.py
[2025-11-24T00:22:38.267+0000] {processor.py:914} INFO - Processing file /opt/airflow/dags/hw8.py for tasks to queue
[2025-11-24T00:22:38.272+0000] {logging_mixin.py:190} INFO - [2025-11-24T00:22:38.271+0000] {dagbag.py:587} INFO - Filling up the DagBag from /opt/airflow/dags/hw8.py
[2025-11-24T00:22:38.280+0000] {logging_mixin.py:190} INFO - [2025-11-24T00:22:38.278+0000] {dagbag.py:386} ERROR - Failed to import: /opt/airflow/dags/hw8.py
Traceback (most recent call last):
  File "/home/airflow/.local/lib/python3.12/site-packages/airflow/models/dagbag.py", line 382, in parse
    loader.exec_module(new_module)
  File "<frozen importlib._bootstrap_external>", line 995, in exec_module
  File "<frozen importlib._bootstrap>", line 488, in _call_with_frames_removed
  File "/opt/airflow/dags/hw8.py", line 9, in <module>
    from sentence_transformers import SentenceTransformer
ModuleNotFoundError: No module named 'sentence_transformers'
[2025-11-24T00:22:38.281+0000] {processor.py:927} WARNING - No viable dags retrieved from /opt/airflow/dags/hw8.py
[2025-11-24T00:22:38.308+0000] {processor.py:208} INFO - Processing /opt/airflow/dags/hw8.py took 0.050 seconds
[2025-11-24T00:23:08.577+0000] {processor.py:186} INFO - Started process (PID=691) to work on /opt/airflow/dags/hw8.py
[2025-11-24T00:23:08.578+0000] {processor.py:914} INFO - Processing file /opt/airflow/dags/hw8.py for tasks to queue
[2025-11-24T00:23:08.581+0000] {logging_mixin.py:190} INFO - [2025-11-24T00:23:08.581+0000] {dagbag.py:587} INFO - Filling up the DagBag from /opt/airflow/dags/hw8.py
[2025-11-24T00:23:08.587+0000] {logging_mixin.py:190} INFO - [2025-11-24T00:23:08.585+0000] {dagbag.py:386} ERROR - Failed to import: /opt/airflow/dags/hw8.py
Traceback (most recent call last):
  File "/home/airflow/.local/lib/python3.12/site-packages/airflow/models/dagbag.py", line 382, in parse
    loader.exec_module(new_module)
  File "<frozen importlib._bootstrap_external>", line 995, in exec_module
  File "<frozen importlib._bootstrap>", line 488, in _call_with_frames_removed
  File "/opt/airflow/dags/hw8.py", line 9, in <module>
    from sentence_transformers import SentenceTransformer
ModuleNotFoundError: No module named 'sentence_transformers'
[2025-11-24T00:23:08.588+0000] {processor.py:927} WARNING - No viable dags retrieved from /opt/airflow/dags/hw8.py
[2025-11-24T00:23:08.610+0000] {processor.py:208} INFO - Processing /opt/airflow/dags/hw8.py took 0.040 seconds
[2025-11-24T00:23:38.700+0000] {processor.py:186} INFO - Started process (PID=722) to work on /opt/airflow/dags/hw8.py
[2025-11-24T00:23:38.701+0000] {processor.py:914} INFO - Processing file /opt/airflow/dags/hw8.py for tasks to queue
[2025-11-24T00:23:38.705+0000] {logging_mixin.py:190} INFO - [2025-11-24T00:23:38.705+0000] {dagbag.py:587} INFO - Filling up the DagBag from /opt/airflow/dags/hw8.py
[2025-11-24T00:23:38.713+0000] {logging_mixin.py:190} INFO - [2025-11-24T00:23:38.711+0000] {dagbag.py:386} ERROR - Failed to import: /opt/airflow/dags/hw8.py
Traceback (most recent call last):
  File "/home/airflow/.local/lib/python3.12/site-packages/airflow/models/dagbag.py", line 382, in parse
    loader.exec_module(new_module)
  File "<frozen importlib._bootstrap_external>", line 995, in exec_module
  File "<frozen importlib._bootstrap>", line 488, in _call_with_frames_removed
  File "/opt/airflow/dags/hw8.py", line 9, in <module>
    from sentence_transformers import SentenceTransformer
ModuleNotFoundError: No module named 'sentence_transformers'
[2025-11-24T00:23:38.714+0000] {processor.py:927} WARNING - No viable dags retrieved from /opt/airflow/dags/hw8.py
[2025-11-24T00:23:38.738+0000] {processor.py:208} INFO - Processing /opt/airflow/dags/hw8.py took 0.046 seconds
[2025-11-24T00:24:08.902+0000] {processor.py:186} INFO - Started process (PID=753) to work on /opt/airflow/dags/hw8.py
[2025-11-24T00:24:08.903+0000] {processor.py:914} INFO - Processing file /opt/airflow/dags/hw8.py for tasks to queue
[2025-11-24T00:24:08.906+0000] {logging_mixin.py:190} INFO - [2025-11-24T00:24:08.906+0000] {dagbag.py:587} INFO - Filling up the DagBag from /opt/airflow/dags/hw8.py
[2025-11-24T00:24:08.912+0000] {logging_mixin.py:190} INFO - [2025-11-24T00:24:08.911+0000] {dagbag.py:386} ERROR - Failed to import: /opt/airflow/dags/hw8.py
Traceback (most recent call last):
  File "/home/airflow/.local/lib/python3.12/site-packages/airflow/models/dagbag.py", line 382, in parse
    loader.exec_module(new_module)
  File "<frozen importlib._bootstrap_external>", line 995, in exec_module
  File "<frozen importlib._bootstrap>", line 488, in _call_with_frames_removed
  File "/opt/airflow/dags/hw8.py", line 9, in <module>
    from sentence_transformers import SentenceTransformer
ModuleNotFoundError: No module named 'sentence_transformers'
[2025-11-24T00:24:08.913+0000] {processor.py:927} WARNING - No viable dags retrieved from /opt/airflow/dags/hw8.py
[2025-11-24T00:24:08.936+0000] {processor.py:208} INFO - Processing /opt/airflow/dags/hw8.py took 0.040 seconds
[2025-11-24T00:24:39.190+0000] {processor.py:186} INFO - Started process (PID=784) to work on /opt/airflow/dags/hw8.py
[2025-11-24T00:24:39.191+0000] {processor.py:914} INFO - Processing file /opt/airflow/dags/hw8.py for tasks to queue
[2025-11-24T00:24:39.194+0000] {logging_mixin.py:190} INFO - [2025-11-24T00:24:39.194+0000] {dagbag.py:587} INFO - Filling up the DagBag from /opt/airflow/dags/hw8.py
[2025-11-24T00:24:39.201+0000] {logging_mixin.py:190} INFO - [2025-11-24T00:24:39.199+0000] {dagbag.py:386} ERROR - Failed to import: /opt/airflow/dags/hw8.py
Traceback (most recent call last):
  File "/home/airflow/.local/lib/python3.12/site-packages/airflow/models/dagbag.py", line 382, in parse
    loader.exec_module(new_module)
  File "<frozen importlib._bootstrap_external>", line 995, in exec_module
  File "<frozen importlib._bootstrap>", line 488, in _call_with_frames_removed
  File "/opt/airflow/dags/hw8.py", line 9, in <module>
    from sentence_transformers import SentenceTransformer
ModuleNotFoundError: No module named 'sentence_transformers'
[2025-11-24T00:24:39.202+0000] {processor.py:927} WARNING - No viable dags retrieved from /opt/airflow/dags/hw8.py
[2025-11-24T00:24:39.227+0000] {processor.py:208} INFO - Processing /opt/airflow/dags/hw8.py took 0.044 seconds
[2025-11-24T00:25:09.460+0000] {processor.py:186} INFO - Started process (PID=815) to work on /opt/airflow/dags/hw8.py
[2025-11-24T00:25:09.462+0000] {processor.py:914} INFO - Processing file /opt/airflow/dags/hw8.py for tasks to queue
[2025-11-24T00:25:09.465+0000] {logging_mixin.py:190} INFO - [2025-11-24T00:25:09.465+0000] {dagbag.py:587} INFO - Filling up the DagBag from /opt/airflow/dags/hw8.py
[2025-11-24T00:25:09.471+0000] {logging_mixin.py:190} INFO - [2025-11-24T00:25:09.470+0000] {dagbag.py:386} ERROR - Failed to import: /opt/airflow/dags/hw8.py
Traceback (most recent call last):
  File "/home/airflow/.local/lib/python3.12/site-packages/airflow/models/dagbag.py", line 382, in parse
    loader.exec_module(new_module)
  File "<frozen importlib._bootstrap_external>", line 995, in exec_module
  File "<frozen importlib._bootstrap>", line 488, in _call_with_frames_removed
  File "/opt/airflow/dags/hw8.py", line 9, in <module>
    from sentence_transformers import SentenceTransformer
ModuleNotFoundError: No module named 'sentence_transformers'
[2025-11-24T00:25:09.472+0000] {processor.py:927} WARNING - No viable dags retrieved from /opt/airflow/dags/hw8.py
[2025-11-24T00:25:09.494+0000] {processor.py:208} INFO - Processing /opt/airflow/dags/hw8.py took 0.042 seconds
[2025-11-24T00:25:39.637+0000] {processor.py:186} INFO - Started process (PID=846) to work on /opt/airflow/dags/hw8.py
[2025-11-24T00:25:39.638+0000] {processor.py:914} INFO - Processing file /opt/airflow/dags/hw8.py for tasks to queue
[2025-11-24T00:25:39.641+0000] {logging_mixin.py:190} INFO - [2025-11-24T00:25:39.641+0000] {dagbag.py:587} INFO - Filling up the DagBag from /opt/airflow/dags/hw8.py
[2025-11-24T00:25:39.648+0000] {logging_mixin.py:190} INFO - [2025-11-24T00:25:39.646+0000] {dagbag.py:386} ERROR - Failed to import: /opt/airflow/dags/hw8.py
Traceback (most recent call last):
  File "/home/airflow/.local/lib/python3.12/site-packages/airflow/models/dagbag.py", line 382, in parse
    loader.exec_module(new_module)
  File "<frozen importlib._bootstrap_external>", line 995, in exec_module
  File "<frozen importlib._bootstrap>", line 488, in _call_with_frames_removed
  File "/opt/airflow/dags/hw8.py", line 9, in <module>
    from sentence_transformers import SentenceTransformer
ModuleNotFoundError: No module named 'sentence_transformers'
[2025-11-24T00:25:39.648+0000] {processor.py:927} WARNING - No viable dags retrieved from /opt/airflow/dags/hw8.py
[2025-11-24T00:25:39.670+0000] {processor.py:208} INFO - Processing /opt/airflow/dags/hw8.py took 0.040 seconds
[2025-11-24T00:26:09.884+0000] {processor.py:186} INFO - Started process (PID=877) to work on /opt/airflow/dags/hw8.py
[2025-11-24T00:26:09.885+0000] {processor.py:914} INFO - Processing file /opt/airflow/dags/hw8.py for tasks to queue
[2025-11-24T00:26:09.889+0000] {logging_mixin.py:190} INFO - [2025-11-24T00:26:09.888+0000] {dagbag.py:587} INFO - Filling up the DagBag from /opt/airflow/dags/hw8.py
[2025-11-24T00:26:09.897+0000] {logging_mixin.py:190} INFO - [2025-11-24T00:26:09.895+0000] {dagbag.py:386} ERROR - Failed to import: /opt/airflow/dags/hw8.py
Traceback (most recent call last):
  File "/home/airflow/.local/lib/python3.12/site-packages/airflow/models/dagbag.py", line 382, in parse
    loader.exec_module(new_module)
  File "<frozen importlib._bootstrap_external>", line 995, in exec_module
  File "<frozen importlib._bootstrap>", line 488, in _call_with_frames_removed
  File "/opt/airflow/dags/hw8.py", line 9, in <module>
    from sentence_transformers import SentenceTransformer
ModuleNotFoundError: No module named 'sentence_transformers'
[2025-11-24T00:26:09.898+0000] {processor.py:927} WARNING - No viable dags retrieved from /opt/airflow/dags/hw8.py
[2025-11-24T00:26:09.925+0000] {processor.py:208} INFO - Processing /opt/airflow/dags/hw8.py took 0.051 seconds
[2025-11-24T00:26:40.176+0000] {processor.py:186} INFO - Started process (PID=908) to work on /opt/airflow/dags/hw8.py
[2025-11-24T00:26:40.177+0000] {processor.py:914} INFO - Processing file /opt/airflow/dags/hw8.py for tasks to queue
[2025-11-24T00:26:40.181+0000] {logging_mixin.py:190} INFO - [2025-11-24T00:26:40.180+0000] {dagbag.py:587} INFO - Filling up the DagBag from /opt/airflow/dags/hw8.py
[2025-11-24T00:26:40.187+0000] {logging_mixin.py:190} INFO - [2025-11-24T00:26:40.185+0000] {dagbag.py:386} ERROR - Failed to import: /opt/airflow/dags/hw8.py
Traceback (most recent call last):
  File "/home/airflow/.local/lib/python3.12/site-packages/airflow/models/dagbag.py", line 382, in parse
    loader.exec_module(new_module)
  File "<frozen importlib._bootstrap_external>", line 995, in exec_module
  File "<frozen importlib._bootstrap>", line 488, in _call_with_frames_removed
  File "/opt/airflow/dags/hw8.py", line 9, in <module>
    from sentence_transformers import SentenceTransformer
ModuleNotFoundError: No module named 'sentence_transformers'
[2025-11-24T00:26:40.188+0000] {processor.py:927} WARNING - No viable dags retrieved from /opt/airflow/dags/hw8.py
[2025-11-24T00:26:40.209+0000] {processor.py:208} INFO - Processing /opt/airflow/dags/hw8.py took 0.040 seconds
[2025-11-24T00:27:10.345+0000] {processor.py:186} INFO - Started process (PID=939) to work on /opt/airflow/dags/hw8.py
[2025-11-24T00:27:10.346+0000] {processor.py:914} INFO - Processing file /opt/airflow/dags/hw8.py for tasks to queue
[2025-11-24T00:27:10.349+0000] {logging_mixin.py:190} INFO - [2025-11-24T00:27:10.349+0000] {dagbag.py:587} INFO - Filling up the DagBag from /opt/airflow/dags/hw8.py
[2025-11-24T00:27:10.355+0000] {logging_mixin.py:190} INFO - [2025-11-24T00:27:10.354+0000] {dagbag.py:386} ERROR - Failed to import: /opt/airflow/dags/hw8.py
Traceback (most recent call last):
  File "/home/airflow/.local/lib/python3.12/site-packages/airflow/models/dagbag.py", line 382, in parse
    loader.exec_module(new_module)
  File "<frozen importlib._bootstrap_external>", line 995, in exec_module
  File "<frozen importlib._bootstrap>", line 488, in _call_with_frames_removed
  File "/opt/airflow/dags/hw8.py", line 9, in <module>
    from sentence_transformers import SentenceTransformer
ModuleNotFoundError: No module named 'sentence_transformers'
[2025-11-24T00:27:10.356+0000] {processor.py:927} WARNING - No viable dags retrieved from /opt/airflow/dags/hw8.py
[2025-11-24T00:27:10.378+0000] {processor.py:208} INFO - Processing /opt/airflow/dags/hw8.py took 0.041 seconds
[2025-11-24T00:27:40.509+0000] {processor.py:186} INFO - Started process (PID=970) to work on /opt/airflow/dags/hw8.py
[2025-11-24T00:27:40.510+0000] {processor.py:914} INFO - Processing file /opt/airflow/dags/hw8.py for tasks to queue
[2025-11-24T00:27:40.514+0000] {logging_mixin.py:190} INFO - [2025-11-24T00:27:40.514+0000] {dagbag.py:587} INFO - Filling up the DagBag from /opt/airflow/dags/hw8.py
[2025-11-24T00:27:40.521+0000] {logging_mixin.py:190} INFO - [2025-11-24T00:27:40.519+0000] {dagbag.py:386} ERROR - Failed to import: /opt/airflow/dags/hw8.py
Traceback (most recent call last):
  File "/home/airflow/.local/lib/python3.12/site-packages/airflow/models/dagbag.py", line 382, in parse
    loader.exec_module(new_module)
  File "<frozen importlib._bootstrap_external>", line 995, in exec_module
  File "<frozen importlib._bootstrap>", line 488, in _call_with_frames_removed
  File "/opt/airflow/dags/hw8.py", line 9, in <module>
    from sentence_transformers import SentenceTransformer
ModuleNotFoundError: No module named 'sentence_transformers'
[2025-11-24T00:27:40.522+0000] {processor.py:927} WARNING - No viable dags retrieved from /opt/airflow/dags/hw8.py
[2025-11-24T00:27:40.544+0000] {processor.py:208} INFO - Processing /opt/airflow/dags/hw8.py took 0.043 seconds
[2025-11-24T00:28:10.711+0000] {processor.py:186} INFO - Started process (PID=1001) to work on /opt/airflow/dags/hw8.py
[2025-11-24T00:28:10.712+0000] {processor.py:914} INFO - Processing file /opt/airflow/dags/hw8.py for tasks to queue
[2025-11-24T00:28:10.714+0000] {logging_mixin.py:190} INFO - [2025-11-24T00:28:10.714+0000] {dagbag.py:587} INFO - Filling up the DagBag from /opt/airflow/dags/hw8.py
[2025-11-24T00:28:10.720+0000] {logging_mixin.py:190} INFO - [2025-11-24T00:28:10.719+0000] {dagbag.py:386} ERROR - Failed to import: /opt/airflow/dags/hw8.py
Traceback (most recent call last):
  File "/home/airflow/.local/lib/python3.12/site-packages/airflow/models/dagbag.py", line 382, in parse
    loader.exec_module(new_module)
  File "<frozen importlib._bootstrap_external>", line 995, in exec_module
  File "<frozen importlib._bootstrap>", line 488, in _call_with_frames_removed
  File "/opt/airflow/dags/hw8.py", line 9, in <module>
    from sentence_transformers import SentenceTransformer
ModuleNotFoundError: No module named 'sentence_transformers'
[2025-11-24T00:28:10.721+0000] {processor.py:927} WARNING - No viable dags retrieved from /opt/airflow/dags/hw8.py
[2025-11-24T00:28:10.742+0000] {processor.py:208} INFO - Processing /opt/airflow/dags/hw8.py took 0.040 seconds
[2025-11-24T00:28:40.952+0000] {processor.py:186} INFO - Started process (PID=1032) to work on /opt/airflow/dags/hw8.py
[2025-11-24T00:28:40.954+0000] {processor.py:914} INFO - Processing file /opt/airflow/dags/hw8.py for tasks to queue
[2025-11-24T00:28:40.957+0000] {logging_mixin.py:190} INFO - [2025-11-24T00:28:40.956+0000] {dagbag.py:587} INFO - Filling up the DagBag from /opt/airflow/dags/hw8.py
[2025-11-24T00:28:40.963+0000] {logging_mixin.py:190} INFO - [2025-11-24T00:28:40.962+0000] {dagbag.py:386} ERROR - Failed to import: /opt/airflow/dags/hw8.py
Traceback (most recent call last):
  File "/home/airflow/.local/lib/python3.12/site-packages/airflow/models/dagbag.py", line 382, in parse
    loader.exec_module(new_module)
  File "<frozen importlib._bootstrap_external>", line 995, in exec_module
  File "<frozen importlib._bootstrap>", line 488, in _call_with_frames_removed
  File "/opt/airflow/dags/hw8.py", line 9, in <module>
    from sentence_transformers import SentenceTransformer
ModuleNotFoundError: No module named 'sentence_transformers'
[2025-11-24T00:28:40.964+0000] {processor.py:927} WARNING - No viable dags retrieved from /opt/airflow/dags/hw8.py
[2025-11-24T00:28:40.985+0000] {processor.py:208} INFO - Processing /opt/airflow/dags/hw8.py took 0.041 seconds
[2025-11-24T00:29:11.187+0000] {processor.py:186} INFO - Started process (PID=1063) to work on /opt/airflow/dags/hw8.py
[2025-11-24T00:29:11.188+0000] {processor.py:914} INFO - Processing file /opt/airflow/dags/hw8.py for tasks to queue
[2025-11-24T00:29:11.191+0000] {logging_mixin.py:190} INFO - [2025-11-24T00:29:11.191+0000] {dagbag.py:587} INFO - Filling up the DagBag from /opt/airflow/dags/hw8.py
[2025-11-24T00:29:11.197+0000] {logging_mixin.py:190} INFO - [2025-11-24T00:29:11.196+0000] {dagbag.py:386} ERROR - Failed to import: /opt/airflow/dags/hw8.py
Traceback (most recent call last):
  File "/home/airflow/.local/lib/python3.12/site-packages/airflow/models/dagbag.py", line 382, in parse
    loader.exec_module(new_module)
  File "<frozen importlib._bootstrap_external>", line 995, in exec_module
  File "<frozen importlib._bootstrap>", line 488, in _call_with_frames_removed
  File "/opt/airflow/dags/hw8.py", line 9, in <module>
    from sentence_transformers import SentenceTransformer
ModuleNotFoundError: No module named 'sentence_transformers'
[2025-11-24T00:29:11.198+0000] {processor.py:927} WARNING - No viable dags retrieved from /opt/airflow/dags/hw8.py
[2025-11-24T00:29:11.221+0000] {processor.py:208} INFO - Processing /opt/airflow/dags/hw8.py took 0.042 seconds
[2025-11-24T00:29:41.397+0000] {processor.py:186} INFO - Started process (PID=1094) to work on /opt/airflow/dags/hw8.py
[2025-11-24T00:29:41.398+0000] {processor.py:914} INFO - Processing file /opt/airflow/dags/hw8.py for tasks to queue
[2025-11-24T00:29:41.402+0000] {logging_mixin.py:190} INFO - [2025-11-24T00:29:41.401+0000] {dagbag.py:587} INFO - Filling up the DagBag from /opt/airflow/dags/hw8.py
[2025-11-24T00:29:41.411+0000] {logging_mixin.py:190} INFO - [2025-11-24T00:29:41.409+0000] {dagbag.py:386} ERROR - Failed to import: /opt/airflow/dags/hw8.py
Traceback (most recent call last):
  File "/home/airflow/.local/lib/python3.12/site-packages/airflow/models/dagbag.py", line 382, in parse
    loader.exec_module(new_module)
  File "<frozen importlib._bootstrap_external>", line 995, in exec_module
  File "<frozen importlib._bootstrap>", line 488, in _call_with_frames_removed
  File "/opt/airflow/dags/hw8.py", line 9, in <module>
    from sentence_transformers import SentenceTransformer
ModuleNotFoundError: No module named 'sentence_transformers'
[2025-11-24T00:29:41.412+0000] {processor.py:927} WARNING - No viable dags retrieved from /opt/airflow/dags/hw8.py
[2025-11-24T00:29:41.435+0000] {processor.py:208} INFO - Processing /opt/airflow/dags/hw8.py took 0.046 seconds
[2025-11-24T00:30:11.646+0000] {processor.py:186} INFO - Started process (PID=1125) to work on /opt/airflow/dags/hw8.py
[2025-11-24T00:30:11.648+0000] {processor.py:914} INFO - Processing file /opt/airflow/dags/hw8.py for tasks to queue
[2025-11-24T00:30:11.651+0000] {logging_mixin.py:190} INFO - [2025-11-24T00:30:11.650+0000] {dagbag.py:587} INFO - Filling up the DagBag from /opt/airflow/dags/hw8.py
[2025-11-24T00:30:11.657+0000] {logging_mixin.py:190} INFO - [2025-11-24T00:30:11.655+0000] {dagbag.py:386} ERROR - Failed to import: /opt/airflow/dags/hw8.py
Traceback (most recent call last):
  File "/home/airflow/.local/lib/python3.12/site-packages/airflow/models/dagbag.py", line 382, in parse
    loader.exec_module(new_module)
  File "<frozen importlib._bootstrap_external>", line 995, in exec_module
  File "<frozen importlib._bootstrap>", line 488, in _call_with_frames_removed
  File "/opt/airflow/dags/hw8.py", line 9, in <module>
    from sentence_transformers import SentenceTransformer
ModuleNotFoundError: No module named 'sentence_transformers'
[2025-11-24T00:30:11.658+0000] {processor.py:927} WARNING - No viable dags retrieved from /opt/airflow/dags/hw8.py
[2025-11-24T00:30:11.679+0000] {processor.py:208} INFO - Processing /opt/airflow/dags/hw8.py took 0.041 seconds
[2025-11-24T00:30:41.921+0000] {processor.py:186} INFO - Started process (PID=1156) to work on /opt/airflow/dags/hw8.py
[2025-11-24T00:30:41.922+0000] {processor.py:914} INFO - Processing file /opt/airflow/dags/hw8.py for tasks to queue
[2025-11-24T00:30:41.925+0000] {logging_mixin.py:190} INFO - [2025-11-24T00:30:41.925+0000] {dagbag.py:587} INFO - Filling up the DagBag from /opt/airflow/dags/hw8.py
[2025-11-24T00:30:41.931+0000] {logging_mixin.py:190} INFO - [2025-11-24T00:30:41.930+0000] {dagbag.py:386} ERROR - Failed to import: /opt/airflow/dags/hw8.py
Traceback (most recent call last):
  File "/home/airflow/.local/lib/python3.12/site-packages/airflow/models/dagbag.py", line 382, in parse
    loader.exec_module(new_module)
  File "<frozen importlib._bootstrap_external>", line 995, in exec_module
  File "<frozen importlib._bootstrap>", line 488, in _call_with_frames_removed
  File "/opt/airflow/dags/hw8.py", line 9, in <module>
    from sentence_transformers import SentenceTransformer
ModuleNotFoundError: No module named 'sentence_transformers'
[2025-11-24T00:30:41.932+0000] {processor.py:927} WARNING - No viable dags retrieved from /opt/airflow/dags/hw8.py
[2025-11-24T00:30:41.953+0000] {processor.py:208} INFO - Processing /opt/airflow/dags/hw8.py took 0.040 seconds
[2025-11-24T00:31:12.072+0000] {processor.py:186} INFO - Started process (PID=1187) to work on /opt/airflow/dags/hw8.py
[2025-11-24T00:31:12.073+0000] {processor.py:914} INFO - Processing file /opt/airflow/dags/hw8.py for tasks to queue
[2025-11-24T00:31:12.075+0000] {logging_mixin.py:190} INFO - [2025-11-24T00:31:12.075+0000] {dagbag.py:587} INFO - Filling up the DagBag from /opt/airflow/dags/hw8.py
[2025-11-24T00:31:12.082+0000] {logging_mixin.py:190} INFO - [2025-11-24T00:31:12.080+0000] {dagbag.py:386} ERROR - Failed to import: /opt/airflow/dags/hw8.py
Traceback (most recent call last):
  File "/home/airflow/.local/lib/python3.12/site-packages/airflow/models/dagbag.py", line 382, in parse
    loader.exec_module(new_module)
  File "<frozen importlib._bootstrap_external>", line 995, in exec_module
  File "<frozen importlib._bootstrap>", line 488, in _call_with_frames_removed
  File "/opt/airflow/dags/hw8.py", line 9, in <module>
    from sentence_transformers import SentenceTransformer
ModuleNotFoundError: No module named 'sentence_transformers'
[2025-11-24T00:31:12.082+0000] {processor.py:927} WARNING - No viable dags retrieved from /opt/airflow/dags/hw8.py
[2025-11-24T00:31:12.104+0000] {processor.py:208} INFO - Processing /opt/airflow/dags/hw8.py took 0.039 seconds
[2025-11-24T00:31:42.303+0000] {processor.py:186} INFO - Started process (PID=1216) to work on /opt/airflow/dags/hw8.py
[2025-11-24T00:31:42.305+0000] {processor.py:914} INFO - Processing file /opt/airflow/dags/hw8.py for tasks to queue
[2025-11-24T00:31:42.308+0000] {logging_mixin.py:190} INFO - [2025-11-24T00:31:42.308+0000] {dagbag.py:587} INFO - Filling up the DagBag from /opt/airflow/dags/hw8.py
[2025-11-24T00:31:42.315+0000] {logging_mixin.py:190} INFO - [2025-11-24T00:31:42.313+0000] {dagbag.py:386} ERROR - Failed to import: /opt/airflow/dags/hw8.py
Traceback (most recent call last):
  File "/home/airflow/.local/lib/python3.12/site-packages/airflow/models/dagbag.py", line 382, in parse
    loader.exec_module(new_module)
  File "<frozen importlib._bootstrap_external>", line 995, in exec_module
  File "<frozen importlib._bootstrap>", line 488, in _call_with_frames_removed
  File "/opt/airflow/dags/hw8.py", line 9, in <module>
    from sentence_transformers import SentenceTransformer
ModuleNotFoundError: No module named 'sentence_transformers'
[2025-11-24T00:31:42.316+0000] {processor.py:927} WARNING - No viable dags retrieved from /opt/airflow/dags/hw8.py
[2025-11-24T00:31:42.345+0000] {processor.py:208} INFO - Processing /opt/airflow/dags/hw8.py took 0.050 seconds
[2025-11-24T00:32:12.786+0000] {processor.py:186} INFO - Started process (PID=1239) to work on /opt/airflow/dags/hw8.py
[2025-11-24T00:32:12.789+0000] {processor.py:914} INFO - Processing file /opt/airflow/dags/hw8.py for tasks to queue
[2025-11-24T00:32:12.793+0000] {logging_mixin.py:190} INFO - [2025-11-24T00:32:12.793+0000] {dagbag.py:587} INFO - Filling up the DagBag from /opt/airflow/dags/hw8.py
[2025-11-24T00:32:12.801+0000] {logging_mixin.py:190} INFO - [2025-11-24T00:32:12.799+0000] {dagbag.py:386} ERROR - Failed to import: /opt/airflow/dags/hw8.py
Traceback (most recent call last):
  File "/home/airflow/.local/lib/python3.12/site-packages/airflow/models/dagbag.py", line 382, in parse
    loader.exec_module(new_module)
  File "<frozen importlib._bootstrap_external>", line 995, in exec_module
  File "<frozen importlib._bootstrap>", line 488, in _call_with_frames_removed
  File "/opt/airflow/dags/hw8.py", line 9, in <module>
    from sentence_transformers import SentenceTransformer
ModuleNotFoundError: No module named 'sentence_transformers'
[2025-11-24T00:32:12.802+0000] {processor.py:927} WARNING - No viable dags retrieved from /opt/airflow/dags/hw8.py
[2025-11-24T00:32:12.825+0000] {processor.py:208} INFO - Processing /opt/airflow/dags/hw8.py took 0.047 seconds
[2025-11-24T00:32:42.937+0000] {processor.py:186} INFO - Started process (PID=1270) to work on /opt/airflow/dags/hw8.py
[2025-11-24T00:32:42.938+0000] {processor.py:914} INFO - Processing file /opt/airflow/dags/hw8.py for tasks to queue
[2025-11-24T00:32:42.941+0000] {logging_mixin.py:190} INFO - [2025-11-24T00:32:42.941+0000] {dagbag.py:587} INFO - Filling up the DagBag from /opt/airflow/dags/hw8.py
[2025-11-24T00:32:42.947+0000] {logging_mixin.py:190} INFO - [2025-11-24T00:32:42.946+0000] {dagbag.py:386} ERROR - Failed to import: /opt/airflow/dags/hw8.py
Traceback (most recent call last):
  File "/home/airflow/.local/lib/python3.12/site-packages/airflow/models/dagbag.py", line 382, in parse
    loader.exec_module(new_module)
  File "<frozen importlib._bootstrap_external>", line 995, in exec_module
  File "<frozen importlib._bootstrap>", line 488, in _call_with_frames_removed
  File "/opt/airflow/dags/hw8.py", line 9, in <module>
    from sentence_transformers import SentenceTransformer
ModuleNotFoundError: No module named 'sentence_transformers'
[2025-11-24T00:32:42.948+0000] {processor.py:927} WARNING - No viable dags retrieved from /opt/airflow/dags/hw8.py
[2025-11-24T00:32:42.970+0000] {processor.py:208} INFO - Processing /opt/airflow/dags/hw8.py took 0.041 seconds
[2025-11-24T00:33:13.239+0000] {processor.py:186} INFO - Started process (PID=1301) to work on /opt/airflow/dags/hw8.py
[2025-11-24T00:33:13.240+0000] {processor.py:914} INFO - Processing file /opt/airflow/dags/hw8.py for tasks to queue
[2025-11-24T00:33:13.243+0000] {logging_mixin.py:190} INFO - [2025-11-24T00:33:13.243+0000] {dagbag.py:587} INFO - Filling up the DagBag from /opt/airflow/dags/hw8.py
[2025-11-24T00:33:13.250+0000] {logging_mixin.py:190} INFO - [2025-11-24T00:33:13.248+0000] {dagbag.py:386} ERROR - Failed to import: /opt/airflow/dags/hw8.py
Traceback (most recent call last):
  File "/home/airflow/.local/lib/python3.12/site-packages/airflow/models/dagbag.py", line 382, in parse
    loader.exec_module(new_module)
  File "<frozen importlib._bootstrap_external>", line 995, in exec_module
  File "<frozen importlib._bootstrap>", line 488, in _call_with_frames_removed
  File "/opt/airflow/dags/hw8.py", line 9, in <module>
    from sentence_transformers import SentenceTransformer
ModuleNotFoundError: No module named 'sentence_transformers'
[2025-11-24T00:33:13.251+0000] {processor.py:927} WARNING - No viable dags retrieved from /opt/airflow/dags/hw8.py
[2025-11-24T00:33:13.275+0000] {processor.py:208} INFO - Processing /opt/airflow/dags/hw8.py took 0.045 seconds
[2025-11-24T00:33:43.354+0000] {processor.py:186} INFO - Started process (PID=1332) to work on /opt/airflow/dags/hw8.py
[2025-11-24T00:33:43.355+0000] {processor.py:914} INFO - Processing file /opt/airflow/dags/hw8.py for tasks to queue
[2025-11-24T00:33:43.358+0000] {logging_mixin.py:190} INFO - [2025-11-24T00:33:43.357+0000] {dagbag.py:587} INFO - Filling up the DagBag from /opt/airflow/dags/hw8.py
[2025-11-24T00:33:43.364+0000] {logging_mixin.py:190} INFO - [2025-11-24T00:33:43.363+0000] {dagbag.py:386} ERROR - Failed to import: /opt/airflow/dags/hw8.py
Traceback (most recent call last):
  File "/home/airflow/.local/lib/python3.12/site-packages/airflow/models/dagbag.py", line 382, in parse
    loader.exec_module(new_module)
  File "<frozen importlib._bootstrap_external>", line 995, in exec_module
  File "<frozen importlib._bootstrap>", line 488, in _call_with_frames_removed
  File "/opt/airflow/dags/hw8.py", line 9, in <module>
    from sentence_transformers import SentenceTransformer
ModuleNotFoundError: No module named 'sentence_transformers'
[2025-11-24T00:33:43.365+0000] {processor.py:927} WARNING - No viable dags retrieved from /opt/airflow/dags/hw8.py
[2025-11-24T00:33:43.387+0000] {processor.py:208} INFO - Processing /opt/airflow/dags/hw8.py took 0.042 seconds
[2025-11-24T00:34:13.867+0000] {processor.py:186} INFO - Started process (PID=1363) to work on /opt/airflow/dags/hw8.py
[2025-11-24T00:34:13.868+0000] {processor.py:914} INFO - Processing file /opt/airflow/dags/hw8.py for tasks to queue
[2025-11-24T00:34:13.871+0000] {logging_mixin.py:190} INFO - [2025-11-24T00:34:13.871+0000] {dagbag.py:587} INFO - Filling up the DagBag from /opt/airflow/dags/hw8.py
[2025-11-24T00:34:13.878+0000] {logging_mixin.py:190} INFO - [2025-11-24T00:34:13.876+0000] {dagbag.py:386} ERROR - Failed to import: /opt/airflow/dags/hw8.py
Traceback (most recent call last):
  File "/home/airflow/.local/lib/python3.12/site-packages/airflow/models/dagbag.py", line 382, in parse
    loader.exec_module(new_module)
  File "<frozen importlib._bootstrap_external>", line 995, in exec_module
  File "<frozen importlib._bootstrap>", line 488, in _call_with_frames_removed
  File "/opt/airflow/dags/hw8.py", line 9, in <module>
    from sentence_transformers import SentenceTransformer
ModuleNotFoundError: No module named 'sentence_transformers'
[2025-11-24T00:34:13.879+0000] {processor.py:927} WARNING - No viable dags retrieved from /opt/airflow/dags/hw8.py
[2025-11-24T00:34:13.901+0000] {processor.py:208} INFO - Processing /opt/airflow/dags/hw8.py took 0.042 seconds
[2025-11-24T00:34:44.149+0000] {processor.py:186} INFO - Started process (PID=1394) to work on /opt/airflow/dags/hw8.py
[2025-11-24T00:34:44.150+0000] {processor.py:914} INFO - Processing file /opt/airflow/dags/hw8.py for tasks to queue
[2025-11-24T00:34:44.154+0000] {logging_mixin.py:190} INFO - [2025-11-24T00:34:44.153+0000] {dagbag.py:587} INFO - Filling up the DagBag from /opt/airflow/dags/hw8.py
[2025-11-24T00:34:44.162+0000] {logging_mixin.py:190} INFO - [2025-11-24T00:34:44.160+0000] {dagbag.py:386} ERROR - Failed to import: /opt/airflow/dags/hw8.py
Traceback (most recent call last):
  File "/home/airflow/.local/lib/python3.12/site-packages/airflow/models/dagbag.py", line 382, in parse
    loader.exec_module(new_module)
  File "<frozen importlib._bootstrap_external>", line 995, in exec_module
  File "<frozen importlib._bootstrap>", line 488, in _call_with_frames_removed
  File "/opt/airflow/dags/hw8.py", line 9, in <module>
    from sentence_transformers import SentenceTransformer
ModuleNotFoundError: No module named 'sentence_transformers'
[2025-11-24T00:34:44.163+0000] {processor.py:927} WARNING - No viable dags retrieved from /opt/airflow/dags/hw8.py
[2025-11-24T00:34:44.185+0000] {processor.py:208} INFO - Processing /opt/airflow/dags/hw8.py took 0.044 seconds
[2025-11-24T00:35:14.325+0000] {processor.py:186} INFO - Started process (PID=1426) to work on /opt/airflow/dags/hw8.py
[2025-11-24T00:35:14.326+0000] {processor.py:914} INFO - Processing file /opt/airflow/dags/hw8.py for tasks to queue
[2025-11-24T00:35:14.329+0000] {logging_mixin.py:190} INFO - [2025-11-24T00:35:14.329+0000] {dagbag.py:587} INFO - Filling up the DagBag from /opt/airflow/dags/hw8.py
[2025-11-24T00:35:14.335+0000] {logging_mixin.py:190} INFO - [2025-11-24T00:35:14.334+0000] {dagbag.py:386} ERROR - Failed to import: /opt/airflow/dags/hw8.py
Traceback (most recent call last):
  File "/home/airflow/.local/lib/python3.12/site-packages/airflow/models/dagbag.py", line 382, in parse
    loader.exec_module(new_module)
  File "<frozen importlib._bootstrap_external>", line 995, in exec_module
  File "<frozen importlib._bootstrap>", line 488, in _call_with_frames_removed
  File "/opt/airflow/dags/hw8.py", line 9, in <module>
    from sentence_transformers import SentenceTransformer
ModuleNotFoundError: No module named 'sentence_transformers'
[2025-11-24T00:35:14.336+0000] {processor.py:927} WARNING - No viable dags retrieved from /opt/airflow/dags/hw8.py
[2025-11-24T00:35:14.358+0000] {processor.py:208} INFO - Processing /opt/airflow/dags/hw8.py took 0.041 seconds
[2025-11-24T00:35:44.535+0000] {processor.py:186} INFO - Started process (PID=1458) to work on /opt/airflow/dags/hw8.py
[2025-11-24T00:35:44.536+0000] {processor.py:914} INFO - Processing file /opt/airflow/dags/hw8.py for tasks to queue
[2025-11-24T00:35:44.540+0000] {logging_mixin.py:190} INFO - [2025-11-24T00:35:44.539+0000] {dagbag.py:587} INFO - Filling up the DagBag from /opt/airflow/dags/hw8.py
[2025-11-24T00:35:44.546+0000] {logging_mixin.py:190} INFO - [2025-11-24T00:35:44.544+0000] {dagbag.py:386} ERROR - Failed to import: /opt/airflow/dags/hw8.py
Traceback (most recent call last):
  File "/home/airflow/.local/lib/python3.12/site-packages/airflow/models/dagbag.py", line 382, in parse
    loader.exec_module(new_module)
  File "<frozen importlib._bootstrap_external>", line 995, in exec_module
  File "<frozen importlib._bootstrap>", line 488, in _call_with_frames_removed
  File "/opt/airflow/dags/hw8.py", line 9, in <module>
    from sentence_transformers import SentenceTransformer
ModuleNotFoundError: No module named 'sentence_transformers'
[2025-11-24T00:35:44.547+0000] {processor.py:927} WARNING - No viable dags retrieved from /opt/airflow/dags/hw8.py
[2025-11-24T00:35:44.571+0000] {processor.py:208} INFO - Processing /opt/airflow/dags/hw8.py took 0.044 seconds
[2025-11-24T00:36:14.785+0000] {processor.py:186} INFO - Started process (PID=1489) to work on /opt/airflow/dags/hw8.py
[2025-11-24T00:36:14.786+0000] {processor.py:914} INFO - Processing file /opt/airflow/dags/hw8.py for tasks to queue
[2025-11-24T00:36:14.789+0000] {logging_mixin.py:190} INFO - [2025-11-24T00:36:14.789+0000] {dagbag.py:587} INFO - Filling up the DagBag from /opt/airflow/dags/hw8.py
[2025-11-24T00:36:14.796+0000] {logging_mixin.py:190} INFO - [2025-11-24T00:36:14.794+0000] {dagbag.py:386} ERROR - Failed to import: /opt/airflow/dags/hw8.py
Traceback (most recent call last):
  File "/home/airflow/.local/lib/python3.12/site-packages/airflow/models/dagbag.py", line 382, in parse
    loader.exec_module(new_module)
  File "<frozen importlib._bootstrap_external>", line 995, in exec_module
  File "<frozen importlib._bootstrap>", line 488, in _call_with_frames_removed
  File "/opt/airflow/dags/hw8.py", line 9, in <module>
    from sentence_transformers import SentenceTransformer
ModuleNotFoundError: No module named 'sentence_transformers'
[2025-11-24T00:36:14.797+0000] {processor.py:927} WARNING - No viable dags retrieved from /opt/airflow/dags/hw8.py
[2025-11-24T00:36:14.818+0000] {processor.py:208} INFO - Processing /opt/airflow/dags/hw8.py took 0.041 seconds
[2025-11-24T00:36:44.986+0000] {processor.py:186} INFO - Started process (PID=1520) to work on /opt/airflow/dags/hw8.py
[2025-11-24T00:36:44.987+0000] {processor.py:914} INFO - Processing file /opt/airflow/dags/hw8.py for tasks to queue
[2025-11-24T00:36:44.991+0000] {logging_mixin.py:190} INFO - [2025-11-24T00:36:44.991+0000] {dagbag.py:587} INFO - Filling up the DagBag from /opt/airflow/dags/hw8.py
[2025-11-24T00:36:45.000+0000] {logging_mixin.py:190} INFO - [2025-11-24T00:36:44.998+0000] {dagbag.py:386} ERROR - Failed to import: /opt/airflow/dags/hw8.py
Traceback (most recent call last):
  File "/home/airflow/.local/lib/python3.12/site-packages/airflow/models/dagbag.py", line 382, in parse
    loader.exec_module(new_module)
  File "<frozen importlib._bootstrap_external>", line 995, in exec_module
  File "<frozen importlib._bootstrap>", line 488, in _call_with_frames_removed
  File "/opt/airflow/dags/hw8.py", line 9, in <module>
    from sentence_transformers import SentenceTransformer
ModuleNotFoundError: No module named 'sentence_transformers'
[2025-11-24T00:36:45.001+0000] {processor.py:927} WARNING - No viable dags retrieved from /opt/airflow/dags/hw8.py
[2025-11-24T00:36:45.027+0000] {processor.py:208} INFO - Processing /opt/airflow/dags/hw8.py took 0.052 seconds
[2025-11-24T00:37:18.557+0000] {processor.py:186} INFO - Started process (PID=1535) to work on /opt/airflow/dags/hw8.py
[2025-11-24T00:37:18.829+0000] {processor.py:914} INFO - Processing file /opt/airflow/dags/hw8.py for tasks to queue
[2025-11-24T00:37:18.855+0000] {logging_mixin.py:190} INFO - [2025-11-24T00:37:18.849+0000] {dagbag.py:587} INFO - Filling up the DagBag from /opt/airflow/dags/hw8.py
[2025-11-24T00:37:19.021+0000] {logging_mixin.py:190} INFO - [2025-11-24T00:37:19.008+0000] {dagbag.py:386} ERROR - Failed to import: /opt/airflow/dags/hw8.py
Traceback (most recent call last):
  File "/home/airflow/.local/lib/python3.12/site-packages/airflow/models/dagbag.py", line 382, in parse
    loader.exec_module(new_module)
  File "<frozen importlib._bootstrap_external>", line 995, in exec_module
  File "<frozen importlib._bootstrap>", line 488, in _call_with_frames_removed
  File "/opt/airflow/dags/hw8.py", line 9, in <module>
    from sentence_transformers import SentenceTransformer
ModuleNotFoundError: No module named 'sentence_transformers'
[2025-11-24T00:37:19.022+0000] {processor.py:927} WARNING - No viable dags retrieved from /opt/airflow/dags/hw8.py
[2025-11-24T00:37:19.098+0000] {processor.py:208} INFO - Processing /opt/airflow/dags/hw8.py took 0.553 seconds
[2025-11-24T00:37:50.135+0000] {processor.py:186} INFO - Started process (PID=1574) to work on /opt/airflow/dags/hw8.py
[2025-11-24T00:37:50.136+0000] {processor.py:914} INFO - Processing file /opt/airflow/dags/hw8.py for tasks to queue
[2025-11-24T00:37:50.140+0000] {logging_mixin.py:190} INFO - [2025-11-24T00:37:50.139+0000] {dagbag.py:587} INFO - Filling up the DagBag from /opt/airflow/dags/hw8.py
[2025-11-24T00:37:50.146+0000] {logging_mixin.py:190} INFO - [2025-11-24T00:37:50.145+0000] {dagbag.py:386} ERROR - Failed to import: /opt/airflow/dags/hw8.py
Traceback (most recent call last):
  File "/home/airflow/.local/lib/python3.12/site-packages/airflow/models/dagbag.py", line 382, in parse
    loader.exec_module(new_module)
  File "<frozen importlib._bootstrap_external>", line 995, in exec_module
  File "<frozen importlib._bootstrap>", line 488, in _call_with_frames_removed
  File "/opt/airflow/dags/hw8.py", line 9, in <module>
    from sentence_transformers import SentenceTransformer
ModuleNotFoundError: No module named 'sentence_transformers'
[2025-11-24T00:37:50.147+0000] {processor.py:927} WARNING - No viable dags retrieved from /opt/airflow/dags/hw8.py
[2025-11-24T00:37:50.182+0000] {processor.py:208} INFO - Processing /opt/airflow/dags/hw8.py took 0.053 seconds
[2025-11-24T01:08:06.667+0000] {processor.py:186} INFO - Started process (PID=1611) to work on /opt/airflow/dags/hw8.py
[2025-11-24T01:08:06.673+0000] {processor.py:914} INFO - Processing file /opt/airflow/dags/hw8.py for tasks to queue
[2025-11-24T01:08:06.679+0000] {logging_mixin.py:190} INFO - [2025-11-24T01:08:06.678+0000] {dagbag.py:587} INFO - Filling up the DagBag from /opt/airflow/dags/hw8.py
[2025-11-24T01:08:07.545+0000] {logging_mixin.py:190} INFO - [2025-11-24T01:08:07.541+0000] {dagbag.py:386} ERROR - Failed to import: /opt/airflow/dags/hw8.py
Traceback (most recent call last):
  File "/home/airflow/.local/lib/python3.12/site-packages/airflow/models/dagbag.py", line 382, in parse
    loader.exec_module(new_module)
  File "<frozen importlib._bootstrap_external>", line 995, in exec_module
  File "<frozen importlib._bootstrap>", line 488, in _call_with_frames_removed
  File "/opt/airflow/dags/hw8.py", line 9, in <module>
    from sentence_transformers import SentenceTransformer
ModuleNotFoundError: No module named 'sentence_transformers'
[2025-11-24T01:08:07.547+0000] {processor.py:927} WARNING - No viable dags retrieved from /opt/airflow/dags/hw8.py
[2025-11-24T01:08:07.585+0000] {processor.py:208} INFO - Processing /opt/airflow/dags/hw8.py took 0.931 seconds
[2025-11-24T01:08:50.184+0000] {processor.py:186} INFO - Started process (PID=1646) to work on /opt/airflow/dags/hw8.py
[2025-11-24T01:08:50.228+0000] {processor.py:914} INFO - Processing file /opt/airflow/dags/hw8.py for tasks to queue
[2025-11-24T01:08:50.506+0000] {logging_mixin.py:190} INFO - [2025-11-24T01:08:50.486+0000] {dagbag.py:587} INFO - Filling up the DagBag from /opt/airflow/dags/hw8.py
[2025-11-24T01:08:50.835+0000] {logging_mixin.py:190} INFO - [2025-11-24T01:08:50.725+0000] {dagbag.py:386} ERROR - Failed to import: /opt/airflow/dags/hw8.py
Traceback (most recent call last):
  File "/home/airflow/.local/lib/python3.12/site-packages/airflow/models/dagbag.py", line 382, in parse
    loader.exec_module(new_module)
  File "<frozen importlib._bootstrap_external>", line 995, in exec_module
  File "<frozen importlib._bootstrap>", line 488, in _call_with_frames_removed
  File "/opt/airflow/dags/hw8.py", line 9, in <module>
    from sentence_transformers import SentenceTransformer
ModuleNotFoundError: No module named 'sentence_transformers'
[2025-11-24T01:08:50.867+0000] {processor.py:927} WARNING - No viable dags retrieved from /opt/airflow/dags/hw8.py
[2025-11-24T01:09:05.287+0000] {processor.py:208} INFO - Processing /opt/airflow/dags/hw8.py took 15.992 seconds
[2025-11-24T01:09:45.321+0000] {processor.py:186} INFO - Started process (PID=1677) to work on /opt/airflow/dags/hw8.py
[2025-11-24T01:09:45.337+0000] {processor.py:914} INFO - Processing file /opt/airflow/dags/hw8.py for tasks to queue
[2025-11-24T01:09:45.344+0000] {logging_mixin.py:190} INFO - [2025-11-24T01:09:45.343+0000] {dagbag.py:587} INFO - Filling up the DagBag from /opt/airflow/dags/hw8.py
[2025-11-24T01:09:45.363+0000] {logging_mixin.py:190} INFO - [2025-11-24T01:09:45.358+0000] {dagbag.py:386} ERROR - Failed to import: /opt/airflow/dags/hw8.py
Traceback (most recent call last):
  File "/home/airflow/.local/lib/python3.12/site-packages/airflow/models/dagbag.py", line 382, in parse
    loader.exec_module(new_module)
  File "<frozen importlib._bootstrap_external>", line 995, in exec_module
  File "<frozen importlib._bootstrap>", line 488, in _call_with_frames_removed
  File "/opt/airflow/dags/hw8.py", line 9, in <module>
    from sentence_transformers import SentenceTransformer
ModuleNotFoundError: No module named 'sentence_transformers'
[2025-11-24T01:09:45.364+0000] {processor.py:927} WARNING - No viable dags retrieved from /opt/airflow/dags/hw8.py
[2025-11-24T01:09:45.455+0000] {processor.py:208} INFO - Processing /opt/airflow/dags/hw8.py took 0.167 seconds
[2025-11-24T01:10:15.990+0000] {processor.py:186} INFO - Started process (PID=1703) to work on /opt/airflow/dags/hw8.py
[2025-11-24T01:10:16.010+0000] {processor.py:914} INFO - Processing file /opt/airflow/dags/hw8.py for tasks to queue
[2025-11-24T01:10:16.045+0000] {logging_mixin.py:190} INFO - [2025-11-24T01:10:16.040+0000] {dagbag.py:587} INFO - Filling up the DagBag from /opt/airflow/dags/hw8.py
[2025-11-24T01:10:16.112+0000] {logging_mixin.py:190} INFO - [2025-11-24T01:10:16.092+0000] {dagbag.py:386} ERROR - Failed to import: /opt/airflow/dags/hw8.py
Traceback (most recent call last):
  File "/home/airflow/.local/lib/python3.12/site-packages/airflow/models/dagbag.py", line 382, in parse
    loader.exec_module(new_module)
  File "<frozen importlib._bootstrap_external>", line 995, in exec_module
  File "<frozen importlib._bootstrap>", line 488, in _call_with_frames_removed
  File "/opt/airflow/dags/hw8.py", line 9, in <module>
    from sentence_transformers import SentenceTransformer
ModuleNotFoundError: No module named 'sentence_transformers'
[2025-11-24T01:10:16.121+0000] {processor.py:927} WARNING - No viable dags retrieved from /opt/airflow/dags/hw8.py
[2025-11-24T01:10:16.497+0000] {processor.py:208} INFO - Processing /opt/airflow/dags/hw8.py took 0.636 seconds
[2025-11-24T01:25:13.396+0000] {processor.py:186} INFO - Started process (PID=1747) to work on /opt/airflow/dags/hw8.py
[2025-11-24T01:25:13.398+0000] {processor.py:914} INFO - Processing file /opt/airflow/dags/hw8.py for tasks to queue
[2025-11-24T01:25:13.407+0000] {logging_mixin.py:190} INFO - [2025-11-24T01:25:13.404+0000] {dagbag.py:587} INFO - Filling up the DagBag from /opt/airflow/dags/hw8.py
[2025-11-24T01:25:15.008+0000] {logging_mixin.py:190} INFO - [2025-11-24T01:25:15.001+0000] {dagbag.py:386} ERROR - Failed to import: /opt/airflow/dags/hw8.py
Traceback (most recent call last):
  File "/home/airflow/.local/lib/python3.12/site-packages/airflow/models/dagbag.py", line 382, in parse
    loader.exec_module(new_module)
  File "<frozen importlib._bootstrap_external>", line 995, in exec_module
  File "<frozen importlib._bootstrap>", line 488, in _call_with_frames_removed
  File "/opt/airflow/dags/hw8.py", line 9, in <module>
    from sentence_transformers import SentenceTransformer
ModuleNotFoundError: No module named 'sentence_transformers'
[2025-11-24T01:25:15.010+0000] {processor.py:927} WARNING - No viable dags retrieved from /opt/airflow/dags/hw8.py
[2025-11-24T01:25:15.067+0000] {processor.py:208} INFO - Processing /opt/airflow/dags/hw8.py took 1.684 seconds
[2025-11-24T01:48:45.401+0000] {processor.py:186} INFO - Started process (PID=310) to work on /opt/airflow/dags/hw8.py
[2025-11-24T01:48:45.405+0000] {processor.py:914} INFO - Processing file /opt/airflow/dags/hw8.py for tasks to queue
[2025-11-24T01:48:45.410+0000] {logging_mixin.py:190} INFO - [2025-11-24T01:48:45.409+0000] {dagbag.py:587} INFO - Filling up the DagBag from /opt/airflow/dags/hw8.py
[2025-11-24T01:48:47.644+0000] {logging_mixin.py:190} INFO - [2025-11-24T01:48:47.643+0000] {dagbag.py:386} ERROR - Failed to import: /opt/airflow/dags/hw8.py
Traceback (most recent call last):
  File "/home/airflow/.local/lib/python3.12/site-packages/airflow/models/dagbag.py", line 382, in parse
    loader.exec_module(new_module)
  File "<frozen importlib._bootstrap_external>", line 995, in exec_module
  File "<frozen importlib._bootstrap>", line 488, in _call_with_frames_removed
  File "/opt/airflow/dags/hw8.py", line 9, in <module>
    from sentence_transformers import SentenceTransformer
ModuleNotFoundError: No module named 'sentence_transformers'
[2025-11-24T01:48:47.645+0000] {processor.py:927} WARNING - No viable dags retrieved from /opt/airflow/dags/hw8.py
[2025-11-24T01:48:47.669+0000] {processor.py:208} INFO - Processing /opt/airflow/dags/hw8.py took 2.282 seconds
[2025-11-24T01:49:18.915+0000] {processor.py:186} INFO - Started process (PID=363) to work on /opt/airflow/dags/hw8.py
[2025-11-24T01:49:18.919+0000] {processor.py:914} INFO - Processing file /opt/airflow/dags/hw8.py for tasks to queue
[2025-11-24T01:49:18.927+0000] {logging_mixin.py:190} INFO - [2025-11-24T01:49:18.926+0000] {dagbag.py:587} INFO - Filling up the DagBag from /opt/airflow/dags/hw8.py
[2025-11-24T01:49:18.939+0000] {logging_mixin.py:190} INFO - [2025-11-24T01:49:18.936+0000] {dagbag.py:386} ERROR - Failed to import: /opt/airflow/dags/hw8.py
Traceback (most recent call last):
  File "/home/airflow/.local/lib/python3.12/site-packages/airflow/models/dagbag.py", line 382, in parse
    loader.exec_module(new_module)
  File "<frozen importlib._bootstrap_external>", line 995, in exec_module
  File "<frozen importlib._bootstrap>", line 488, in _call_with_frames_removed
  File "/opt/airflow/dags/hw8.py", line 9, in <module>
    from sentence_transformers import SentenceTransformer
ModuleNotFoundError: No module named 'sentence_transformers'
[2025-11-24T01:49:18.940+0000] {processor.py:927} WARNING - No viable dags retrieved from /opt/airflow/dags/hw8.py
[2025-11-24T01:49:18.987+0000] {processor.py:208} INFO - Processing /opt/airflow/dags/hw8.py took 0.099 seconds
[2025-11-24T01:49:49.614+0000] {processor.py:186} INFO - Started process (PID=395) to work on /opt/airflow/dags/hw8.py
[2025-11-24T01:49:49.616+0000] {processor.py:914} INFO - Processing file /opt/airflow/dags/hw8.py for tasks to queue
[2025-11-24T01:49:49.620+0000] {logging_mixin.py:190} INFO - [2025-11-24T01:49:49.619+0000] {dagbag.py:587} INFO - Filling up the DagBag from /opt/airflow/dags/hw8.py
[2025-11-24T01:49:49.631+0000] {logging_mixin.py:190} INFO - [2025-11-24T01:49:49.627+0000] {dagbag.py:386} ERROR - Failed to import: /opt/airflow/dags/hw8.py
Traceback (most recent call last):
  File "/home/airflow/.local/lib/python3.12/site-packages/airflow/models/dagbag.py", line 382, in parse
    loader.exec_module(new_module)
  File "<frozen importlib._bootstrap_external>", line 995, in exec_module
  File "<frozen importlib._bootstrap>", line 488, in _call_with_frames_removed
  File "/opt/airflow/dags/hw8.py", line 9, in <module>
    from sentence_transformers import SentenceTransformer
ModuleNotFoundError: No module named 'sentence_transformers'
[2025-11-24T01:49:49.632+0000] {processor.py:927} WARNING - No viable dags retrieved from /opt/airflow/dags/hw8.py
[2025-11-24T01:49:49.660+0000] {processor.py:208} INFO - Processing /opt/airflow/dags/hw8.py took 0.062 seconds
[2025-11-24T01:50:19.817+0000] {processor.py:186} INFO - Started process (PID=426) to work on /opt/airflow/dags/hw8.py
[2025-11-24T01:50:19.818+0000] {processor.py:914} INFO - Processing file /opt/airflow/dags/hw8.py for tasks to queue
[2025-11-24T01:50:19.821+0000] {logging_mixin.py:190} INFO - [2025-11-24T01:50:19.821+0000] {dagbag.py:587} INFO - Filling up the DagBag from /opt/airflow/dags/hw8.py
[2025-11-24T01:50:19.829+0000] {logging_mixin.py:190} INFO - [2025-11-24T01:50:19.827+0000] {dagbag.py:386} ERROR - Failed to import: /opt/airflow/dags/hw8.py
Traceback (most recent call last):
  File "/home/airflow/.local/lib/python3.12/site-packages/airflow/models/dagbag.py", line 382, in parse
    loader.exec_module(new_module)
  File "<frozen importlib._bootstrap_external>", line 995, in exec_module
  File "<frozen importlib._bootstrap>", line 488, in _call_with_frames_removed
  File "/opt/airflow/dags/hw8.py", line 9, in <module>
    from sentence_transformers import SentenceTransformer
ModuleNotFoundError: No module named 'sentence_transformers'
[2025-11-24T01:50:19.829+0000] {processor.py:927} WARNING - No viable dags retrieved from /opt/airflow/dags/hw8.py
[2025-11-24T01:50:19.856+0000] {processor.py:208} INFO - Processing /opt/airflow/dags/hw8.py took 0.049 seconds
[2025-11-24T01:50:50.022+0000] {processor.py:186} INFO - Started process (PID=458) to work on /opt/airflow/dags/hw8.py
[2025-11-24T01:50:50.024+0000] {processor.py:914} INFO - Processing file /opt/airflow/dags/hw8.py for tasks to queue
[2025-11-24T01:50:50.029+0000] {logging_mixin.py:190} INFO - [2025-11-24T01:50:50.028+0000] {dagbag.py:587} INFO - Filling up the DagBag from /opt/airflow/dags/hw8.py
[2025-11-24T01:50:50.037+0000] {logging_mixin.py:190} INFO - [2025-11-24T01:50:50.035+0000] {dagbag.py:386} ERROR - Failed to import: /opt/airflow/dags/hw8.py
Traceback (most recent call last):
  File "/home/airflow/.local/lib/python3.12/site-packages/airflow/models/dagbag.py", line 382, in parse
    loader.exec_module(new_module)
  File "<frozen importlib._bootstrap_external>", line 995, in exec_module
  File "<frozen importlib._bootstrap>", line 488, in _call_with_frames_removed
  File "/opt/airflow/dags/hw8.py", line 9, in <module>
    from sentence_transformers import SentenceTransformer
ModuleNotFoundError: No module named 'sentence_transformers'
[2025-11-24T01:50:50.038+0000] {processor.py:927} WARNING - No viable dags retrieved from /opt/airflow/dags/hw8.py
[2025-11-24T01:50:50.074+0000] {processor.py:208} INFO - Processing /opt/airflow/dags/hw8.py took 0.062 seconds
[2025-11-24T01:51:20.289+0000] {processor.py:186} INFO - Started process (PID=489) to work on /opt/airflow/dags/hw8.py
[2025-11-24T01:51:20.291+0000] {processor.py:914} INFO - Processing file /opt/airflow/dags/hw8.py for tasks to queue
[2025-11-24T01:51:20.299+0000] {logging_mixin.py:190} INFO - [2025-11-24T01:51:20.298+0000] {dagbag.py:587} INFO - Filling up the DagBag from /opt/airflow/dags/hw8.py
[2025-11-24T01:51:20.313+0000] {logging_mixin.py:190} INFO - [2025-11-24T01:51:20.309+0000] {dagbag.py:386} ERROR - Failed to import: /opt/airflow/dags/hw8.py
Traceback (most recent call last):
  File "/home/airflow/.local/lib/python3.12/site-packages/airflow/models/dagbag.py", line 382, in parse
    loader.exec_module(new_module)
  File "<frozen importlib._bootstrap_external>", line 995, in exec_module
  File "<frozen importlib._bootstrap>", line 488, in _call_with_frames_removed
  File "/opt/airflow/dags/hw8.py", line 9, in <module>
    from sentence_transformers import SentenceTransformer
ModuleNotFoundError: No module named 'sentence_transformers'
[2025-11-24T01:51:20.314+0000] {processor.py:927} WARNING - No viable dags retrieved from /opt/airflow/dags/hw8.py
[2025-11-24T01:51:20.356+0000] {processor.py:208} INFO - Processing /opt/airflow/dags/hw8.py took 0.086 seconds
[2025-11-24T01:51:51.191+0000] {processor.py:186} INFO - Started process (PID=520) to work on /opt/airflow/dags/hw8.py
[2025-11-24T01:51:51.193+0000] {processor.py:914} INFO - Processing file /opt/airflow/dags/hw8.py for tasks to queue
[2025-11-24T01:51:51.196+0000] {logging_mixin.py:190} INFO - [2025-11-24T01:51:51.196+0000] {dagbag.py:587} INFO - Filling up the DagBag from /opt/airflow/dags/hw8.py
[2025-11-24T01:51:51.203+0000] {logging_mixin.py:190} INFO - [2025-11-24T01:51:51.202+0000] {dagbag.py:386} ERROR - Failed to import: /opt/airflow/dags/hw8.py
Traceback (most recent call last):
  File "/home/airflow/.local/lib/python3.12/site-packages/airflow/models/dagbag.py", line 382, in parse
    loader.exec_module(new_module)
  File "<frozen importlib._bootstrap_external>", line 995, in exec_module
  File "<frozen importlib._bootstrap>", line 488, in _call_with_frames_removed
  File "/opt/airflow/dags/hw8.py", line 9, in <module>
    from sentence_transformers import SentenceTransformer
ModuleNotFoundError: No module named 'sentence_transformers'
[2025-11-24T01:51:51.204+0000] {processor.py:927} WARNING - No viable dags retrieved from /opt/airflow/dags/hw8.py
[2025-11-24T01:51:51.228+0000] {processor.py:208} INFO - Processing /opt/airflow/dags/hw8.py took 0.047 seconds
[2025-11-24T01:52:21.314+0000] {processor.py:186} INFO - Started process (PID=551) to work on /opt/airflow/dags/hw8.py
[2025-11-24T01:52:21.315+0000] {processor.py:914} INFO - Processing file /opt/airflow/dags/hw8.py for tasks to queue
[2025-11-24T01:52:21.318+0000] {logging_mixin.py:190} INFO - [2025-11-24T01:52:21.318+0000] {dagbag.py:587} INFO - Filling up the DagBag from /opt/airflow/dags/hw8.py
[2025-11-24T01:52:21.325+0000] {logging_mixin.py:190} INFO - [2025-11-24T01:52:21.323+0000] {dagbag.py:386} ERROR - Failed to import: /opt/airflow/dags/hw8.py
Traceback (most recent call last):
  File "/home/airflow/.local/lib/python3.12/site-packages/airflow/models/dagbag.py", line 382, in parse
    loader.exec_module(new_module)
  File "<frozen importlib._bootstrap_external>", line 995, in exec_module
  File "<frozen importlib._bootstrap>", line 488, in _call_with_frames_removed
  File "/opt/airflow/dags/hw8.py", line 9, in <module>
    from sentence_transformers import SentenceTransformer
ModuleNotFoundError: No module named 'sentence_transformers'
[2025-11-24T01:52:21.326+0000] {processor.py:927} WARNING - No viable dags retrieved from /opt/airflow/dags/hw8.py
[2025-11-24T01:52:21.347+0000] {processor.py:208} INFO - Processing /opt/airflow/dags/hw8.py took 0.041 seconds
[2025-11-24T01:52:51.508+0000] {processor.py:186} INFO - Started process (PID=582) to work on /opt/airflow/dags/hw8.py
[2025-11-24T01:52:51.510+0000] {processor.py:914} INFO - Processing file /opt/airflow/dags/hw8.py for tasks to queue
[2025-11-24T01:52:51.513+0000] {logging_mixin.py:190} INFO - [2025-11-24T01:52:51.513+0000] {dagbag.py:587} INFO - Filling up the DagBag from /opt/airflow/dags/hw8.py
[2025-11-24T01:52:51.523+0000] {logging_mixin.py:190} INFO - [2025-11-24T01:52:51.521+0000] {dagbag.py:386} ERROR - Failed to import: /opt/airflow/dags/hw8.py
Traceback (most recent call last):
  File "/home/airflow/.local/lib/python3.12/site-packages/airflow/models/dagbag.py", line 382, in parse
    loader.exec_module(new_module)
  File "<frozen importlib._bootstrap_external>", line 995, in exec_module
  File "<frozen importlib._bootstrap>", line 488, in _call_with_frames_removed
  File "/opt/airflow/dags/hw8.py", line 9, in <module>
    from sentence_transformers import SentenceTransformer
ModuleNotFoundError: No module named 'sentence_transformers'
[2025-11-24T01:52:51.524+0000] {processor.py:927} WARNING - No viable dags retrieved from /opt/airflow/dags/hw8.py
[2025-11-24T01:52:51.554+0000] {processor.py:208} INFO - Processing /opt/airflow/dags/hw8.py took 0.053 seconds
[2025-11-24T01:53:22.052+0000] {processor.py:186} INFO - Started process (PID=613) to work on /opt/airflow/dags/hw8.py
[2025-11-24T01:53:22.054+0000] {processor.py:914} INFO - Processing file /opt/airflow/dags/hw8.py for tasks to queue
[2025-11-24T01:53:22.058+0000] {logging_mixin.py:190} INFO - [2025-11-24T01:53:22.057+0000] {dagbag.py:587} INFO - Filling up the DagBag from /opt/airflow/dags/hw8.py
[2025-11-24T01:53:22.067+0000] {logging_mixin.py:190} INFO - [2025-11-24T01:53:22.063+0000] {dagbag.py:386} ERROR - Failed to import: /opt/airflow/dags/hw8.py
Traceback (most recent call last):
  File "/home/airflow/.local/lib/python3.12/site-packages/airflow/models/dagbag.py", line 382, in parse
    loader.exec_module(new_module)
  File "<frozen importlib._bootstrap_external>", line 995, in exec_module
  File "<frozen importlib._bootstrap>", line 488, in _call_with_frames_removed
  File "/opt/airflow/dags/hw8.py", line 9, in <module>
    from sentence_transformers import SentenceTransformer
ModuleNotFoundError: No module named 'sentence_transformers'
[2025-11-24T01:53:22.069+0000] {processor.py:927} WARNING - No viable dags retrieved from /opt/airflow/dags/hw8.py
[2025-11-24T01:53:22.098+0000] {processor.py:208} INFO - Processing /opt/airflow/dags/hw8.py took 0.057 seconds
[2025-11-24T01:53:52.415+0000] {processor.py:186} INFO - Started process (PID=644) to work on /opt/airflow/dags/hw8.py
[2025-11-24T01:53:52.417+0000] {processor.py:914} INFO - Processing file /opt/airflow/dags/hw8.py for tasks to queue
[2025-11-24T01:53:52.422+0000] {logging_mixin.py:190} INFO - [2025-11-24T01:53:52.421+0000] {dagbag.py:587} INFO - Filling up the DagBag from /opt/airflow/dags/hw8.py
[2025-11-24T01:53:52.430+0000] {logging_mixin.py:190} INFO - [2025-11-24T01:53:52.427+0000] {dagbag.py:386} ERROR - Failed to import: /opt/airflow/dags/hw8.py
Traceback (most recent call last):
  File "/home/airflow/.local/lib/python3.12/site-packages/airflow/models/dagbag.py", line 382, in parse
    loader.exec_module(new_module)
  File "<frozen importlib._bootstrap_external>", line 995, in exec_module
  File "<frozen importlib._bootstrap>", line 488, in _call_with_frames_removed
  File "/opt/airflow/dags/hw8.py", line 9, in <module>
    from sentence_transformers import SentenceTransformer
ModuleNotFoundError: No module named 'sentence_transformers'
[2025-11-24T01:53:52.432+0000] {processor.py:927} WARNING - No viable dags retrieved from /opt/airflow/dags/hw8.py
[2025-11-24T01:53:52.469+0000] {processor.py:208} INFO - Processing /opt/airflow/dags/hw8.py took 0.066 seconds
