[2025-10-26T21:36:15.982+0000] {local_task_job_runner.py:123} INFO - ::group::Pre task execution logs
[2025-10-26T21:36:16.011+0000] {taskinstance.py:2612} INFO - Dependencies all met for dep_context=non-requeueable deps ti=<TaskInstance: stock_prices_dag_etl_lab1.transform__1 scheduled__2025-10-07T09:00:00+00:00 [queued]>
[2025-10-26T21:36:16.028+0000] {taskinstance.py:2612} INFO - Dependencies all met for dep_context=requeueable deps ti=<TaskInstance: stock_prices_dag_etl_lab1.transform__1 scheduled__2025-10-07T09:00:00+00:00 [queued]>
[2025-10-26T21:36:16.029+0000] {taskinstance.py:2865} INFO - Starting attempt 1 of 1
[2025-10-26T21:36:16.266+0000] {taskinstance.py:2888} INFO - Executing <Task(_PythonDecoratedOperator): transform__1> on 2025-10-07 09:00:00+00:00
[2025-10-26T21:36:16.286+0000] {logging_mixin.py:190} WARNING - /home/***/.local/lib/python3.12/site-packages/***/task/task_runner/standard_task_runner.py:70 DeprecationWarning: This process (pid=278) is multi-threaded, use of fork() may lead to deadlocks in the child.
[2025-10-26T21:36:16.291+0000] {standard_task_runner.py:72} INFO - Started process 292 to run task
[2025-10-26T21:36:16.284+0000] {standard_task_runner.py:104} INFO - Running: ['***', 'tasks', 'run', 'stock_prices_dag_etl_lab1', 'transform__1', 'scheduled__2025-10-07T09:00:00+00:00', '--job-id', '97', '--raw', '--subdir', 'DAGS_FOLDER/lab1_pipeline.py', '--cfg-path', '/tmp/tmp_ohfpiu_']
[2025-10-26T21:36:16.294+0000] {standard_task_runner.py:105} INFO - Job 97: Subtask transform__1
[2025-10-26T21:36:16.381+0000] {task_command.py:467} INFO - Running <TaskInstance: stock_prices_dag_etl_lab1.transform__1 scheduled__2025-10-07T09:00:00+00:00 [running]> on host 09b8d9c0c3f2
[2025-10-26T21:36:16.789+0000] {taskinstance.py:3131} INFO - Exporting env vars: AIRFLOW_CTX_DAG_OWNER='***' AIRFLOW_CTX_DAG_ID='stock_prices_dag_etl_lab1' AIRFLOW_CTX_TASK_ID='transform__1' AIRFLOW_CTX_EXECUTION_DATE='2025-10-07T09:00:00+00:00' AIRFLOW_CTX_TRY_NUMBER='1' AIRFLOW_CTX_DAG_RUN_ID='scheduled__2025-10-07T09:00:00+00:00'
[2025-10-26T21:36:16.793+0000] {taskinstance.py:731} INFO - ::endgroup::
[2025-10-26T21:36:16.802+0000] {python.py:240} INFO - Done. Returned value was:     symbol        date        open  ...         low        high     volume
0     NVDA  2025-02-07  129.191847  ...  124.972765  130.341590  228186300
1     NVDA  2025-02-10  130.061656  ...  129.931695  134.970590  216989100
2     NVDA  2025-02-11  132.551134  ...  130.991476  134.450715  178902400
3     NVDA  2025-02-12  129.991684  ...  129.051886  132.211201  160278600
4     NVDA  2025-02-13  131.531345  ...  131.141431  136.470272  197430000
..     ...         ...         ...  ...         ...         ...        ...
175   NVDA  2025-10-20  183.130005  ...  181.729996  185.199997  128544700
176   NVDA  2025-10-21  182.789993  ...  179.800003  182.789993  124240200
177   NVDA  2025-10-22  181.139999  ...  176.759995  183.440002  162249600
178   NVDA  2025-10-23  180.419998  ...  179.789993  183.029999  111363700
179   NVDA  2025-10-24  183.839996  ...  183.500000  187.470001  130942300

[180 rows x 7 columns]
[2025-10-26T21:36:16.873+0000] {taskinstance.py:340} INFO - ::group::Post task execution logs
[2025-10-26T21:36:16.874+0000] {taskinstance.py:352} INFO - Marking task as SUCCESS. dag_id=stock_prices_dag_etl_lab1, task_id=transform__1, run_id=scheduled__2025-10-07T09:00:00+00:00, execution_date=20251007T090000, start_date=20251026T213616, end_date=20251026T213616
[2025-10-26T21:36:16.931+0000] {local_task_job_runner.py:266} INFO - Task exited with return code 0
[2025-10-26T21:36:16.946+0000] {local_task_job_runner.py:245} INFO - ::endgroup::
