[2025-10-07T14:36:21.441+0000] {local_task_job_runner.py:123} INFO - ::group::Pre task execution logs
[2025-10-07T14:36:21.897+0000] {taskinstance.py:2612} INFO - Dependencies all met for dep_context=non-requeueable deps ti=<TaskInstance: stock_prices_dag_etl_lab1.extract manual__2025-10-07T14:36:01.850268+00:00 [queued]>
[2025-10-07T14:36:21.985+0000] {taskinstance.py:2612} INFO - Dependencies all met for dep_context=requeueable deps ti=<TaskInstance: stock_prices_dag_etl_lab1.extract manual__2025-10-07T14:36:01.850268+00:00 [queued]>
[2025-10-07T14:36:21.989+0000] {taskinstance.py:2865} INFO - Starting attempt 1 of 1
[2025-10-07T14:36:26.113+0000] {taskinstance.py:2888} INFO - Executing <Task(_PythonDecoratedOperator): extract> on 2025-10-07 14:36:01.850268+00:00
[2025-10-07T14:36:26.872+0000] {standard_task_runner.py:104} INFO - Running: ['***', 'tasks', 'run', 'stock_prices_dag_etl_lab1', 'extract', 'manual__2025-10-07T14:36:01.850268+00:00', '--job-id', '74', '--raw', '--subdir', 'DAGS_FOLDER/lab1_pipeline.py', '--cfg-path', '/tmp/tmpm3vhj07f']
[2025-10-07T14:36:26.948+0000] {standard_task_runner.py:105} INFO - Job 74: Subtask extract
[2025-10-07T14:36:27.416+0000] {logging_mixin.py:190} WARNING - /home/***/.local/lib/python3.12/site-packages/***/task/task_runner/standard_task_runner.py:70 DeprecationWarning: This process (pid=19338) is multi-threaded, use of fork() may lead to deadlocks in the child.
[2025-10-07T14:36:27.473+0000] {standard_task_runner.py:72} INFO - Started process 19359 to run task
[2025-10-07T14:36:29.684+0000] {task_command.py:467} INFO - Running <TaskInstance: stock_prices_dag_etl_lab1.extract manual__2025-10-07T14:36:01.850268+00:00 [running]> on host 09b8d9c0c3f2
[2025-10-07T14:36:31.800+0000] {taskinstance.py:3131} INFO - Exporting env vars: AIRFLOW_CTX_DAG_OWNER='***' AIRFLOW_CTX_DAG_ID='stock_prices_dag_etl_lab1' AIRFLOW_CTX_TASK_ID='extract' AIRFLOW_CTX_EXECUTION_DATE='2025-10-07T14:36:01.850268+00:00' AIRFLOW_CTX_TRY_NUMBER='1' AIRFLOW_CTX_DAG_RUN_ID='manual__2025-10-07T14:36:01.850268+00:00'
[2025-10-07T14:36:31.814+0000] {taskinstance.py:731} INFO - ::endgroup::
[2025-10-07T14:36:31.867+0000] {logging_mixin.py:190} WARNING - /opt/***/dags/lab1_pipeline.py:16 FutureWarning: YF.download() has changed argument auto_adjust default to True
[2025-10-07T14:36:33.086+0000] {job.py:229} INFO - Heartbeat recovered after 12.62 seconds
[2025-10-07T14:36:37.258+0000] {logging_mixin.py:190} WARNING - [*********************100%***********************]  1 of 1 completed
[2025-10-07T14:36:37.309+0000] {python.py:240} INFO - Done. Returned value was:           Date      Close       High        Low       Open     Volume
0   2025-01-21  17.900000  18.100000  16.889999  17.000000   67982600
1   2025-01-22  17.590000  18.059999  17.264999  18.059999   51349800
2   2025-01-23  18.030001  18.209999  17.280001  17.400000   43826700
3   2025-01-24  17.920000  18.420000  17.860001  18.150000   55232000
4   2025-01-27  16.080000  16.980000  15.550000  15.930000  107334200
..         ...        ...        ...        ...        ...        ...
175 2025-10-01  25.760000  27.330000  25.639999  26.730000   81148100
176 2025-10-02  25.969999  26.350000  25.450001  26.330000   65256700
177 2025-10-03  25.240000  26.180000  24.840000  26.100000   78751700
178 2025-10-06  26.360001  27.139999  25.309999  25.770000   97000800
179 2025-10-07  28.225000  28.840000  27.049999  27.080000   42217099

[180 rows x 6 columns]
[2025-10-07T14:36:38.128+0000] {taskinstance.py:340} INFO - ::group::Post task execution logs
[2025-10-07T14:36:38.130+0000] {taskinstance.py:352} INFO - Marking task as SUCCESS. dag_id=stock_prices_dag_etl_lab1, task_id=extract, run_id=manual__2025-10-07T14:36:01.850268+00:00, execution_date=20251007T143601, start_date=20251007T143621, end_date=20251007T143638
[2025-10-07T14:36:38.277+0000] {local_task_job_runner.py:266} INFO - Task exited with return code 0
[2025-10-07T14:36:38.489+0000] {taskinstance.py:3900} INFO - 1 downstream tasks scheduled from follow-on schedule check
[2025-10-07T14:36:38.502+0000] {local_task_job_runner.py:245} INFO - ::endgroup::
