[2025-11-25T06:06:21.412+0000] {local_task_job_runner.py:123} INFO - ::group::Pre task execution logs
[2025-11-25T06:06:21.428+0000] {taskinstance.py:2612} INFO - Dependencies all met for dep_context=non-requeueable deps ti=<TaskInstance: stock_prices_dag_etl_lab1.load__1 manual__2025-11-25T06:06:12.496597+00:00 [queued]>
[2025-11-25T06:06:21.437+0000] {taskinstance.py:2612} INFO - Dependencies all met for dep_context=requeueable deps ti=<TaskInstance: stock_prices_dag_etl_lab1.load__1 manual__2025-11-25T06:06:12.496597+00:00 [queued]>
[2025-11-25T06:06:21.438+0000] {taskinstance.py:2865} INFO - Starting attempt 1 of 1
[2025-11-25T06:06:21.452+0000] {taskinstance.py:2888} INFO - Executing <Task(_PythonDecoratedOperator): load__1> on 2025-11-25 06:06:12.496597+00:00
[2025-11-25T06:06:21.461+0000] {logging_mixin.py:190} WARNING - /home/***/.local/lib/python3.12/site-packages/***/task/task_runner/standard_task_runner.py:70 DeprecationWarning: This process (pid=45862) is multi-threaded, use of fork() may lead to deadlocks in the child.
[2025-11-25T06:06:21.462+0000] {standard_task_runner.py:72} INFO - Started process 45868 to run task
[2025-11-25T06:06:21.461+0000] {standard_task_runner.py:104} INFO - Running: ['***', 'tasks', 'run', 'stock_prices_dag_etl_lab1', 'load__1', 'manual__2025-11-25T06:06:12.496597+00:00', '--job-id', '199', '--raw', '--subdir', 'DAGS_FOLDER/lab1_pipeline.py', '--cfg-path', '/tmp/tmpb0ms04ea']
[2025-11-25T06:06:21.464+0000] {standard_task_runner.py:105} INFO - Job 199: Subtask load__1
[2025-11-25T06:06:21.513+0000] {task_command.py:467} INFO - Running <TaskInstance: stock_prices_dag_etl_lab1.load__1 manual__2025-11-25T06:06:12.496597+00:00 [running]> on host b29649a78690
[2025-11-25T06:06:21.906+0000] {taskinstance.py:3131} INFO - Exporting env vars: AIRFLOW_CTX_DAG_OWNER='***' AIRFLOW_CTX_DAG_ID='stock_prices_dag_etl_lab1' AIRFLOW_CTX_TASK_ID='load__1' AIRFLOW_CTX_EXECUTION_DATE='2025-11-25T06:06:12.496597+00:00' AIRFLOW_CTX_TRY_NUMBER='1' AIRFLOW_CTX_DAG_RUN_ID='manual__2025-11-25T06:06:12.496597+00:00'
[2025-11-25T06:06:21.908+0000] {taskinstance.py:731} INFO - ::endgroup::
[2025-11-25T06:06:21.920+0000] {base.py:84} INFO - Retrieving connection 'snowflake_conn'
[2025-11-25T06:06:21.921+0000] {connection.py:413} INFO - Snowflake Connector for Python Version: 3.12.1, Python Version: 3.12.5, Platform: Linux-6.12.54-linuxkit-x86_64-with-glibc2.36
[2025-11-25T06:06:21.922+0000] {connection.py:1196} INFO - Connecting to GLOBAL Snowflake domain
[2025-11-25T06:06:21.922+0000] {connection.py:1277} INFO - This connection is in OCSP Fail Open Mode. TLS Certificates would be checked for validity and revocation status. Any other Certificate Revocation related exceptions or OCSP Responder failures would be disregarded in favor of connectivity.
[2025-11-25T06:06:23.107+0000] {cursor.py:1156} INFO - Number of results in first chunk: 1
[2025-11-25T06:06:23.212+0000] {cursor.py:1156} INFO - Number of results in first chunk: 1
[2025-11-25T06:06:23.315+0000] {cursor.py:1156} INFO - Number of results in first chunk: 1
[2025-11-25T06:06:23.462+0000] {cursor.py:1156} INFO - Number of results in first chunk: 1
[2025-11-25T06:06:27.088+0000] {cursor.py:1156} INFO - Number of results in first chunk: 1
[2025-11-25T06:06:28.510+0000] {cursor.py:1156} INFO - Number of results in first chunk: 1
[2025-11-25T06:06:28.511+0000] {logging_mixin.py:190} INFO - Loaded 180 rows into STOCK_PRICES using 1 chunk(s).
[2025-11-25T06:06:29.270+0000] {cursor.py:1156} INFO - Number of results in first chunk: 1
[2025-11-25T06:06:29.271+0000] {connection.py:788} INFO - closed
[2025-11-25T06:06:29.422+0000] {connection.py:794} INFO - No async queries seem to be running, deleting session
[2025-11-25T06:06:29.523+0000] {python.py:240} INFO - Done. Returned value was: None
[2025-11-25T06:06:29.536+0000] {taskinstance.py:340} INFO - ::group::Post task execution logs
[2025-11-25T06:06:29.537+0000] {taskinstance.py:352} INFO - Marking task as SUCCESS. dag_id=stock_prices_dag_etl_lab1, task_id=load__1, run_id=manual__2025-11-25T06:06:12.496597+00:00, execution_date=20251125T060612, start_date=20251125T060621, end_date=20251125T060629
[2025-11-25T06:06:29.572+0000] {local_task_job_runner.py:266} INFO - Task exited with return code 0
[2025-11-25T06:06:29.757+0000] {taskinstance.py:3900} INFO - 0 downstream tasks scheduled from follow-on schedule check
[2025-11-25T06:06:29.759+0000] {local_task_job_runner.py:245} INFO - ::endgroup::
