[2025-10-06T02:22:21.437+0000] {local_task_job_runner.py:123} INFO - ::group::Pre task execution logs
[2025-10-06T02:22:21.524+0000] {taskinstance.py:2612} INFO - Dependencies all met for dep_context=non-requeueable deps ti=<TaskInstance: stock_prices_dag_etl_lab1.extract__1 scheduled__2025-10-04T09:00:00+00:00 [queued]>
[2025-10-06T02:22:21.554+0000] {taskinstance.py:2612} INFO - Dependencies all met for dep_context=requeueable deps ti=<TaskInstance: stock_prices_dag_etl_lab1.extract__1 scheduled__2025-10-04T09:00:00+00:00 [queued]>
[2025-10-06T02:22:21.555+0000] {taskinstance.py:2865} INFO - Starting attempt 1 of 1
[2025-10-06T02:22:21.837+0000] {taskinstance.py:2888} INFO - Executing <Task(_PythonDecoratedOperator): extract__1> on 2025-10-04 09:00:00+00:00
[2025-10-06T02:22:22.007+0000] {logging_mixin.py:190} WARNING - /home/***/.local/lib/python3.12/site-packages/***/task/task_runner/standard_task_runner.py:70 DeprecationWarning: This process (pid=2140) is multi-threaded, use of fork() may lead to deadlocks in the child.
[2025-10-06T02:22:22.021+0000] {standard_task_runner.py:72} INFO - Started process 2152 to run task
[2025-10-06T02:22:21.998+0000] {standard_task_runner.py:104} INFO - Running: ['***', 'tasks', 'run', 'stock_prices_dag_etl_lab1', 'extract__1', 'scheduled__2025-10-04T09:00:00+00:00', '--job-id', '26', '--raw', '--subdir', 'DAGS_FOLDER/lab1.py', '--cfg-path', '/tmp/tmp86z8vyjj']
[2025-10-06T02:22:22.148+0000] {standard_task_runner.py:105} INFO - Job 26: Subtask extract__1
[2025-10-06T02:22:32.371+0000] {job.py:229} INFO - Heartbeat recovered after 11.26 seconds
[2025-10-06T02:22:32.633+0000] {task_command.py:467} INFO - Running <TaskInstance: stock_prices_dag_etl_lab1.extract__1 scheduled__2025-10-04T09:00:00+00:00 [running]> on host 09b8d9c0c3f2
[2025-10-06T02:22:33.178+0000] {taskinstance.py:3131} INFO - Exporting env vars: AIRFLOW_CTX_DAG_OWNER='***' AIRFLOW_CTX_DAG_ID='stock_prices_dag_etl_lab1' AIRFLOW_CTX_TASK_ID='extract__1' AIRFLOW_CTX_EXECUTION_DATE='2025-10-04T09:00:00+00:00' AIRFLOW_CTX_TRY_NUMBER='1' AIRFLOW_CTX_DAG_RUN_ID='scheduled__2025-10-04T09:00:00+00:00'
[2025-10-06T02:22:33.189+0000] {taskinstance.py:731} INFO - ::endgroup::
[2025-10-06T02:22:33.217+0000] {logging_mixin.py:190} WARNING - /opt/***/dags/lab1.py:15 FutureWarning: YF.download() has changed argument auto_adjust default to True
[2025-10-06T02:22:34.689+0000] {logging_mixin.py:190} WARNING - [*********************100%***********************]  1 of 1 completed
[2025-10-06T02:22:34.733+0000] {python.py:240} INFO - Done. Returned value was:           Date       Close        High         Low        Open     Volume
0   2025-01-16  133.540909  138.719773  133.460924  138.609796  209235600
1   2025-01-17  137.680008  138.469829  135.430498  136.660226  201188800
2   2025-01-21  140.799332  141.799114  137.060141  139.129697  197749000
3   2025-01-22  147.037994  147.757824  143.638725  144.628515  237651400
4   2025-01-23  147.187943  147.197935  143.688705  145.018417  155915500
..         ...         ...         ...         ...         ...        ...
175 2025-09-29  181.850006  184.000000  180.320007  180.429993  193063500
176 2025-09-30  186.580002  187.350006  181.479996  182.080002  236981000
177 2025-10-01  187.240005  188.139999  183.899994  185.240005  173844900
178 2025-10-02  188.889999  191.050003  188.059998  189.600006  136805800
179 2025-10-03  187.619995  190.360001  185.380005  189.190002  137340500

[180 rows x 6 columns]
[2025-10-06T02:22:36.097+0000] {taskinstance.py:340} INFO - ::group::Post task execution logs
[2025-10-06T02:22:36.142+0000] {taskinstance.py:352} INFO - Marking task as SUCCESS. dag_id=stock_prices_dag_etl_lab1, task_id=extract__1, run_id=scheduled__2025-10-04T09:00:00+00:00, execution_date=20251004T090000, start_date=20251006T022221, end_date=20251006T022236
[2025-10-06T02:22:37.344+0000] {local_task_job_runner.py:266} INFO - Task exited with return code 0
[2025-10-06T02:22:37.455+0000] {standard_task_runner.py:217} INFO - Process not found (most likely exited), stop collecting metrics
[2025-10-06T02:22:37.693+0000] {local_task_job_runner.py:245} INFO - ::endgroup::
